2024-07-31 22:35:23.573 [info] Extension host with pid 594 started
2024-07-31 22:35:23.574 [info] Skipping acquiring lock for /home/will/.config/Code/User/workspaceStorage/2f4b4f09b0bdf581c238abfcf8a4e4ce.
2024-07-31 22:35:25.037 [info] ExtensionService#_doActivateExtension vscode.emmet, startup: false, activationEvent: 'onLanguage'
2024-07-31 22:35:25.156 [info] ExtensionService#_doActivateExtension vscode.extension-editing, startup: false, activationEvent: 'onLanguage:markdown'
2024-07-31 22:35:25.250 [info] ExtensionService#_doActivateExtension vscode.markdown-language-features, startup: false, activationEvent: 'onLanguage:markdown'
2024-07-31 22:35:26.016 [info] ExtensionService#_doActivateExtension vscode.git-base, startup: true, activationEvent: '*', root cause: vscode.git
2024-07-31 22:35:27.107 [info] ExtensionService#_doActivateExtension etmoffat.pip-packages, startup: true, activationEvent: '*'
2024-07-31 22:35:28.968 [info] ExtensionService#_doActivateExtension vscode.git, startup: true, activationEvent: '*'
2024-07-31 22:35:29.863 [info] ExtensionService#_doActivateExtension vscode.github, startup: true, activationEvent: '*'
2024-07-31 22:35:30.707 [info] ExtensionService#_doActivateExtension vscode.markdown-math, startup: false, activationEvent: 'api', root cause: vscode.markdown-language-features
2024-07-31 22:35:31.473 [info] Eager extensions activated
2024-07-31 22:35:32.110 [info] ExtensionService#_doActivateExtension vscode.debug-auto-launch, startup: false, activationEvent: 'onStartupFinished'
2024-07-31 22:35:32.162 [info] ExtensionService#_doActivateExtension vscode.merge-conflict, startup: false, activationEvent: 'onStartupFinished'
2024-07-31 22:35:32.325 [info] ExtensionService#_doActivateExtension ecmel.vscode-html-css, startup: false, activationEvent: 'onStartupFinished'
2024-07-31 22:35:32.490 [info] ExtensionService#_doActivateExtension formulahendry.code-runner, startup: false, activationEvent: 'onStartupFinished'
2024-07-31 22:35:33.610 [info] ExtensionService#_doActivateExtension usernamehw.errorlens, startup: false, activationEvent: 'onStartupFinished'
2024-07-31 22:35:38.008 [info] ExtensionService#_doActivateExtension vscode.github-authentication, startup: false, activationEvent: 'onAuthenticationRequest:github'
2024-07-31 22:45:11.457 [info] Extension host terminating: renderer closed the MessagePort
2024-07-31 22:45:12.066 [error] Canceled: Canceled
	at new A (/usr/share/code/resources/app/out/vs/workbench/api/node/extensionHostProcess.js:143:50615)
	at E.U (/usr/share/code/resources/app/out/vs/workbench/api/node/extensionHostProcess.js:150:6007)
	at z.<computed>.M.charCodeAt.R.CharCode.DollarSign.z.<computed> (/usr/share/code/resources/app/out/vs/workbench/api/node/extensionHostProcess.js:150:3091)
	at h.g (/usr/share/code/resources/app/out/vs/workbench/api/node/extensionHostProcess.js:153:199937)
	at h.executeCommand (/usr/share/code/resources/app/out/vs/workbench/api/node/extensionHostProcess.js:153:199375)
	at I.registerCommand.description (/usr/share/code/resources/app/out/vs/workbench/api/node/extensionHostProcess.js:153:198699)
	at h (/usr/share/code/resources/app/out/vs/workbench/api/node/extensionHostProcess.js:153:200476)
	at h.g (/usr/share/code/resources/app/out/vs/workbench/api/node/extensionHostProcess.js:153:199468)
	at h.executeCommand (/usr/share/code/resources/app/out/vs/workbench/api/node/extensionHostProcess.js:153:199375)
	at Object.executeCommand (/usr/share/code/resources/app/out/vs/workbench/api/node/extensionHostProcess.js:163:22742)
	at n.O [as value] (/usr/share/code/resources/app/extensions/git/dist/main.js:2:945191)
	at l.y (/usr/share/code/resources/app/out/vs/workbench/api/node/extensionHostProcess.js:82:664)
	at l.z (/usr/share/code/resources/app/out/vs/workbench/api/node/extensionHostProcess.js:82:734)
	at l.fire (/usr/share/code/resources/app/out/vs/workbench/api/node/extensionHostProcess.js:82:950)
	at Object.p [as dispose] (/usr/share/code/resources/app/extensions/git/dist/main.js:2:964275)
	at /usr/share/code/resources/app/extensions/git/dist/main.js:2:970313
	at Array.forEach (<anonymous>)
	at f.dispose (/usr/share/code/resources/app/extensions/git/dist/main.js:2:970299)
	at a.<anonymous> (/usr/share/code/resources/app/out/vs/workbench/api/node/extensionHostProcess.js:151:4032)
	at a.dispose (/usr/share/code/resources/app/out/vs/workbench/api/node/extensionHostProcess.js:151:4129)
	at a.<anonymous> (/usr/share/code/resources/app/extensions/git/dist/main.js:2:947448)
	at a.dispose (/usr/share/code/resources/app/out/vs/workbench/api/node/extensionHostProcess.js:151:4129)
	at f (/usr/share/code/resources/app/out/vs/workbench/api/node/extensionHostProcess.js:30:744)
	at u.eb (/usr/share/code/resources/app/out/vs/workbench/api/node/extensionHostProcess.js:159:9991)
	at /usr/share/code/resources/app/out/vs/workbench/api/node/extensionHostProcess.js:159:7867
	at Array.map (<anonymous>)
	at u.$ (/usr/share/code/resources/app/out/vs/workbench/api/node/extensionHostProcess.js:159:7854)
	at u.terminate (/usr/share/code/resources/app/out/vs/workbench/api/node/extensionHostProcess.js:159:8127)
	at f.terminate (/usr/share/code/resources/app/out/vs/workbench/api/node/extensionHostProcess.js:163:1513)
	at t (/usr/share/code/resources/app/out/vs/workbench/api/node/extensionHostProcess.js:176:10459)
	at MessagePortMain.<anonymous> (/usr/share/code/resources/app/out/vs/workbench/api/node/extensionHostProcess.js:176:6675)
	at MessagePortMain.emit (node:events:514:28)
	at MessagePortMain._internalPort.emit (node:electron/js2c/utility_init:2:2285) setContext undefined
2024-07-31 22:45:12.072 [error] Canceled: Canceled
	at new A (/usr/share/code/resources/app/out/vs/workbench/api/node/extensionHostProcess.js:143:50615)
	at E.U (/usr/share/code/resources/app/out/vs/workbench/api/node/extensionHostProcess.js:150:6007)
	at z.<computed>.M.charCodeAt.R.CharCode.DollarSign.z.<computed> (/usr/share/code/resources/app/out/vs/workbench/api/node/extensionHostProcess.js:150:3091)
	at h.g (/usr/share/code/resources/app/out/vs/workbench/api/node/extensionHostProcess.js:153:199937)
	at h.executeCommand (/usr/share/code/resources/app/out/vs/workbench/api/node/extensionHostProcess.js:153:199375)
	at I.registerCommand.description (/usr/share/code/resources/app/out/vs/workbench/api/node/extensionHostProcess.js:153:198699)
	at h (/usr/share/code/resources/app/out/vs/workbench/api/node/extensionHostProcess.js:153:200476)
	at h.g (/usr/share/code/resources/app/out/vs/workbench/api/node/extensionHostProcess.js:153:199468)
	at h.executeCommand (/usr/share/code/resources/app/out/vs/workbench/api/node/extensionHostProcess.js:153:199375)
	at Object.executeCommand (/usr/share/code/resources/app/out/vs/workbench/api/node/extensionHostProcess.js:163:22742)
	at set hasGitHubRepositories (/usr/share/code/resources/app/extensions/github/dist/extension.js:2:322969)
	at /usr/share/code/resources/app/extensions/github/dist/extension.js:2:323928
	at n.value (/usr/share/code/resources/app/extensions/git/dist/main.js:2:1050764)
	at l.y (/usr/share/code/resources/app/out/vs/workbench/api/node/extensionHostProcess.js:82:664)
	at l.z (/usr/share/code/resources/app/out/vs/workbench/api/node/extensionHostProcess.js:82:734)
	at l.fire (/usr/share/code/resources/app/out/vs/workbench/api/node/extensionHostProcess.js:82:950)
	at Object.p [as dispose] (/usr/share/code/resources/app/extensions/git/dist/main.js:2:964275)
	at /usr/share/code/resources/app/extensions/git/dist/main.js:2:970313
	at Array.forEach (<anonymous>)
	at f.dispose (/usr/share/code/resources/app/extensions/git/dist/main.js:2:970299)
	at a.<anonymous> (/usr/share/code/resources/app/out/vs/workbench/api/node/extensionHostProcess.js:151:4032)
	at a.dispose (/usr/share/code/resources/app/out/vs/workbench/api/node/extensionHostProcess.js:151:4129)
	at a.<anonymous> (/usr/share/code/resources/app/extensions/git/dist/main.js:2:947448)
	at a.dispose (/usr/share/code/resources/app/out/vs/workbench/api/node/extensionHostProcess.js:151:4129)
	at f (/usr/share/code/resources/app/out/vs/workbench/api/node/extensionHostProcess.js:30:744)
	at u.eb (/usr/share/code/resources/app/out/vs/workbench/api/node/extensionHostProcess.js:159:9991)
	at /usr/share/code/resources/app/out/vs/workbench/api/node/extensionHostProcess.js:159:7867
	at Array.map (<anonymous>)
	at u.$ (/usr/share/code/resources/app/out/vs/workbench/api/node/extensionHostProcess.js:159:7854)
	at u.terminate (/usr/share/code/resources/app/out/vs/workbench/api/node/extensionHostProcess.js:159:8127)
	at f.terminate (/usr/share/code/resources/app/out/vs/workbench/api/node/extensionHostProcess.js:163:1513)
	at t (/usr/share/code/resources/app/out/vs/workbench/api/node/extensionHostProcess.js:176:10459)
	at MessagePortMain.<anonymous> (/usr/share/code/resources/app/out/vs/workbench/api/node/extensionHostProcess.js:176:6675)
	at MessagePortMain.emit (node:events:514:28)
	at MessagePortMain._internalPort.emit (node:electron/js2c/utility_init:2:2285) setContext undefined
2024-07-31 22:45:12.073 [info] Extension host with pid 594 exiting with code 0
