2024-07-31 22:35:26.593 [warning] [cmake-tools]: Couldn't find message for key cmake-tools.configuration.cmake.deleteBuildDirOnCleanCconfigure.description.
2024-07-31 22:35:27.356 [warning] [cmake-tools]: Couldn't find message for key cmake-tools.configuration.cmake.deleteBuildDirOnCleanCconfigure.description.
2024-07-31 22:35:28.085 [warning] [cmake-tools]: Couldn't find message for key cmake-tools.configuration.cmake.deleteBuildDirOnCleanCconfigure.description.
2024-07-31 22:35:28.110 [warning] [cmake-tools]: Couldn't find message for key cmake-tools.configuration.cmake.deleteBuildDirOnCleanCconfigure.description.
2024-07-31 22:35:28.201 [warning] [cmake-tools]: Couldn't find message for key cmake-tools.configuration.cmake.deleteBuildDirOnCleanCconfigure.description.
2024-07-31 22:35:28.285 [warning] [cmake-tools]: Couldn't find message for key cmake-tools.configuration.cmake.deleteBuildDirOnCleanCconfigure.description.
2024-07-31 22:35:28.510 [warning] [cmake-tools]: Couldn't find message for key cmake-tools.configuration.cmake.deleteBuildDirOnCleanCconfigure.description.
2024-07-31 22:35:28.707 [warning] [cmake-tools]: Couldn't find message for key cmake-tools.configuration.cmake.deleteBuildDirOnCleanCconfigure.description.
2024-07-31 22:35:29.280 [warning] [cmake-tools]: Couldn't find message for key cmake-tools.configuration.cmake.deleteBuildDirOnCleanCconfigure.description.
2024-07-31 22:35:33.081 [warning] [cmake-tools]: Couldn't find message for key cmake-tools.configuration.cmake.deleteBuildDirOnCleanCconfigure.description.
2024-07-31 22:35:35.296 [warning] [cmake-tools]: Couldn't find message for key cmake-tools.configuration.cmake.deleteBuildDirOnCleanCconfigure.description.
2024-07-31 22:35:37.662 [warning] [cmake-tools]: Couldn't find message for key cmake-tools.configuration.cmake.deleteBuildDirOnCleanCconfigure.description.
2024-07-31 22:35:39.028 [warning] [cmake-tools]: Couldn't find message for key cmake-tools.configuration.cmake.deleteBuildDirOnCleanCconfigure.description.
2024-07-31 22:35:41.098 [info] Getting Manifest... ms-python.python
2024-07-31 22:35:41.355 [info] Getting Manifest... ms-vscode.cmake-tools
2024-07-31 22:35:41.371 [warning] [cmake-tools]: Couldn't find message for key cmake-tools.configuration.cmake.deleteBuildDirOnCleanCconfigure.description.
2024-07-31 22:35:41.532 [info] Installing extension: ms-python.python vscode-userdata:/home/will/.vscode/extensions/extensions.json
2024-07-31 22:35:42.692 [info] Installing extension: ms-vscode.cmake-tools vscode-userdata:/home/will/.vscode/extensions/extensions.json
2024-07-31 22:35:42.983 [warning] [cmake-tools]: Couldn't find message for key cmake-tools.configuration.cmake.deleteBuildDirOnCleanCconfigure.description.
2024-07-31 22:35:43.787 [warning] [cmake-tools]: Couldn't find message for key cmake-tools.configuration.cmake.deleteBuildDirOnCleanCconfigure.description.
2024-07-31 22:35:44.632 [warning] [cmake-tools]: Couldn't find message for key cmake-tools.configuration.cmake.deleteBuildDirOnCleanCconfigure.description.
2024-07-31 22:35:44.719 [warning] [cmake-tools]: Couldn't find message for key cmake-tools.configuration.cmake.deleteBuildDirOnCleanCconfigure.description.
2024-07-31 22:35:45.824 [warning] [cmake-tools]: Couldn't find message for key cmake-tools.configuration.cmake.deleteBuildDirOnCleanCconfigure.description.
2024-07-31 22:35:46.057 [warning] [cmake-tools]: Couldn't find message for key cmake-tools.configuration.cmake.deleteBuildDirOnCleanCconfigure.description.
2024-07-31 22:35:47.253 [warning] [cmake-tools]: Couldn't find message for key cmake-tools.configuration.cmake.deleteBuildDirOnCleanCconfigure.description.
2024-07-31 22:35:47.660 [warning] [cmake-tools]: Couldn't find message for key cmake-tools.configuration.cmake.deleteBuildDirOnCleanCconfigure.description.
2024-07-31 22:35:48.375 [warning] [cmake-tools]: Couldn't find message for key cmake-tools.configuration.cmake.deleteBuildDirOnCleanCconfigure.description.
2024-07-31 22:35:49.649 [warning] [cmake-tools]: Couldn't find message for key cmake-tools.configuration.cmake.deleteBuildDirOnCleanCconfigure.description.
2024-07-31 22:35:49.730 [warning] [cmake-tools]: Couldn't find message for key cmake-tools.configuration.cmake.deleteBuildDirOnCleanCconfigure.description.
2024-07-31 22:35:56.548 [info] Extension signature verification result for ms-python.python: Success. Executed: true. Duration: 6190ms.
2024-07-31 22:35:57.434 [info] Extension signature verification result for ms-vscode.cmake-tools: Success. Executed: true. Duration: 5487ms.
2024-07-31 22:36:03.546 [info] Extracted extension to file:///home/will/.vscode/extensions/ms-vscode.cmake-tools-1.18.44: ms-vscode.cmake-tools
2024-07-31 22:36:03.751 [info] Renamed to /home/will/.vscode/extensions/ms-vscode.cmake-tools-1.18.44
2024-07-31 22:36:03.796 [warning] [cmake-tools]: Couldn't find message for key cmake-tools.configuration.cmake.deleteBuildDirOnCleanCconfigure.description.
2024-07-31 22:36:04.825 [warning] [cmake-tools]: Couldn't find message for key cmake-tools.configuration.cmake.deleteBuildDirOnCleanCconfigure.description.
2024-07-31 22:36:05.085 [info] Marked extension as uninstalled ms-vscode.cmake-tools-1.18.43
2024-07-31 22:36:05.093 [warning] [cmake-tools]: Couldn't find message for key cmake-tools.configuration.cmake.deleteBuildDirOnCleanCconfigure.description.
2024-07-31 22:36:05.441 [info] Extension installed successfully: ms-vscode.cmake-tools vscode-userdata:/home/will/.vscode/extensions/extensions.json
2024-07-31 22:36:17.588 [info] Extracted extension to file:///home/will/.vscode/extensions/ms-python.python-2024.12.1-linux-x64: ms-python.python
2024-07-31 22:36:17.701 [info] Renamed to /home/will/.vscode/extensions/ms-python.python-2024.12.1-linux-x64
2024-07-31 22:36:17.992 [error] [uncaught exception in sharedProcess]: Error: ENOENT: no such file or directory, stat '/home/will/.vscode/extensions/extensions.json.vsctmp': EntryNotFound (FileSystemError): Error: ENOENT: no such file or directory, stat '/home/will/.vscode/extensions/extensions.json.vsctmp'
    at c.create (/usr/share/code/resources/app/out/vs/code/node/sharedProcess/sharedProcessMain.js:53:19235)
    at m (/usr/share/code/resources/app/out/vs/code/node/sharedProcess/sharedProcessMain.js:53:19345)
    at t.hb (/usr/share/code/resources/app/out/vs/code/node/sharedProcess/sharedProcessMain.js:58:36685)
    at t.stat (/usr/share/code/resources/app/out/vs/code/node/sharedProcess/sharedProcessMain.js:58:29033)
    at async b.stat (/usr/share/code/resources/app/out/vs/code/node/sharedProcess/sharedProcessMain.js:58:14899)
    at async H.vb (/usr/share/code/resources/app/out/vs/code/node/sharedProcess/sharedProcessMain.js:104:117665)
2024-07-31 22:36:18.256 [warning] [cmake-tools]: Couldn't find message for key cmake-tools.configuration.cmake.deleteBuildDirOnCleanCconfigure.description.
2024-07-31 22:36:18.262 [info] Marked extension as uninstalled ms-python.python-2024.10.0-linux-x64
2024-07-31 22:36:18.319 [info] Extension installed successfully: ms-python.python vscode-userdata:/home/will/.vscode/extensions/extensions.json
2024-07-31 22:40:49.901 [warning] [cmake-tools]: Couldn't find message for key cmake-tools.configuration.cmake.deleteBuildDirOnCleanCconfigure.description.
