2024-08-15 16:51:31.952 [info] Log level: Info
2024-08-15 16:51:31.952 [info] Validating found git in: "git"
2024-08-15 16:51:31.952 [info] Using git "2.39.2" from "git"
2024-08-15 16:51:31.993 [info] > git rev-parse --show-toplevel [59ms]
2024-08-15 16:51:32.016 [info] > git rev-parse --git-dir --git-common-dir [13ms]
2024-08-15 16:51:32.044 [info] Open repository: /home/will/holbertonschool-web_back_end
2024-08-15 16:51:32.074 [info] > git config --get commit.template [15ms]
2024-08-15 16:51:32.082 [info] > git rev-parse --show-toplevel [10ms]
2024-08-15 16:51:32.115 [info] > git for-each-ref --format=%(refname)%00%(upstream:short)%00%(objectname)%00%(upstream:track)%00%(upstream:remotename)%00%(upstream:remoteref) refs/heads/main refs/remotes/main [15ms]
2024-08-15 16:51:32.120 [info] > git rev-parse --show-toplevel [9ms]
2024-08-15 16:51:32.159 [info] > git status -z -uall [17ms]
2024-08-15 16:51:32.195 [info] > git merge-base refs/heads/main refs/remotes/origin/main [22ms]
2024-08-15 16:51:32.219 [info] > git config --get commit.template [24ms]
2024-08-15 16:51:32.231 [info] > git rev-list --count --left-right refs/heads/main...refs/remotes/origin/main [28ms]
2024-08-15 16:51:32.257 [info] > git diff --name-status -z --diff-filter=ADMR eb41ad4b89c5eaa5edec62b5ea218eca8fbb5b1b...refs/remotes/origin/main [14ms]
2024-08-15 16:51:32.261 [info] > git for-each-ref --format=%(refname)%00%(upstream:short)%00%(objectname)%00%(upstream:track)%00%(upstream:remotename)%00%(upstream:remoteref) refs/heads/main refs/remotes/main [6ms]
2024-08-15 16:51:32.276 [info] > git status -z -uall [6ms]
2024-08-15 16:51:33.151 [info] > git check-ignore -v -z --stdin [6ms]
2024-08-15 16:51:34.029 [info] > git ls-files --stage -- /home/will/holbertonschool-web_back_end/ES6_classes/README.md [8ms]
2024-08-15 16:51:34.037 [info] > git show --textconv :ES6_classes/README.md [22ms]
2024-08-15 16:51:34.039 [info] > git cat-file -s 5dd2eac2e98505c80d262d40fb5ff2ecf24c774a [3ms]
2024-08-15 17:00:20.446 [info] > git config --get commit.template [13ms]
2024-08-15 17:00:20.446 [info] > git for-each-ref --format=%(refname)%00%(upstream:short)%00%(objectname)%00%(upstream:track)%00%(upstream:remotename)%00%(upstream:remoteref) refs/heads/main refs/remotes/main [3ms]
2024-08-15 17:00:20.456 [info] > git status -z -uall [4ms]
2024-08-15 17:00:29.157 [info] > git config --get commit.template [3ms]
2024-08-15 17:00:29.168 [info] > git for-each-ref --format=%(refname)%00%(upstream:short)%00%(objectname)%00%(upstream:track)%00%(upstream:remotename)%00%(upstream:remoteref) refs/heads/main refs/remotes/main [4ms]
2024-08-15 17:00:29.177 [info] > git status -z -uall [4ms]
2024-08-15 17:00:34.206 [info] > git config --get commit.template [7ms]
2024-08-15 17:00:34.208 [info] > git for-each-ref --format=%(refname)%00%(upstream:short)%00%(objectname)%00%(upstream:track)%00%(upstream:remotename)%00%(upstream:remoteref) refs/heads/main refs/remotes/main [2ms]
2024-08-15 17:00:34.216 [info] > git status -z -uall [3ms]
2024-08-15 17:00:53.624 [info] > git config --get commit.template [13ms]
2024-08-15 17:00:53.625 [info] > git for-each-ref --format=%(refname)%00%(upstream:short)%00%(objectname)%00%(upstream:track)%00%(upstream:remotename)%00%(upstream:remoteref) refs/heads/main refs/remotes/main [6ms]
2024-08-15 17:00:53.635 [info] > git status -z -uall [4ms]
2024-08-15 17:01:09.039 [info] > git config --get commit.template [14ms]
2024-08-15 17:01:09.048 [info] > git for-each-ref --format=%(refname)%00%(upstream:short)%00%(objectname)%00%(upstream:track)%00%(upstream:remotename)%00%(upstream:remoteref) refs/heads/main refs/remotes/main [10ms]
2024-08-15 17:01:09.062 [info] > git status -z -uall [4ms]
2024-08-15 17:01:37.229 [info] > git config --get commit.template [9ms]
2024-08-15 17:01:37.230 [info] > git for-each-ref --format=%(refname)%00%(upstream:short)%00%(objectname)%00%(upstream:track)%00%(upstream:remotename)%00%(upstream:remoteref) refs/heads/main refs/remotes/main [2ms]
2024-08-15 17:01:37.239 [info] > git status -z -uall [4ms]
2024-08-15 17:01:42.434 [info] > git config --get commit.template [24ms]
2024-08-15 17:01:42.438 [info] > git for-each-ref --format=%(refname)%00%(upstream:short)%00%(objectname)%00%(upstream:track)%00%(upstream:remotename)%00%(upstream:remoteref) refs/heads/main refs/remotes/main [12ms]
2024-08-15 17:01:42.464 [info] > git status -z -uall [10ms]
2024-08-15 17:01:53.471 [info] > git config --get commit.template [4ms]
2024-08-15 17:01:53.485 [info] > git for-each-ref --format=%(refname)%00%(upstream:short)%00%(objectname)%00%(upstream:track)%00%(upstream:remotename)%00%(upstream:remoteref) refs/heads/main refs/remotes/main [6ms]
2024-08-15 17:01:53.497 [info] > git status -z -uall [3ms]
2024-08-15 17:01:53.511 [info] > git merge-base refs/heads/main refs/remotes/origin/main [7ms]
2024-08-15 17:01:53.527 [info] > git rev-list --count --left-right refs/heads/main...refs/remotes/origin/main [10ms]
2024-08-15 17:01:53.538 [info] > git diff --name-status -z --diff-filter=ADMR 64fb34a72d9598df31443d90dec5948201607868...refs/remotes/origin/main [4ms]
2024-08-15 17:01:53.542 [info] > git ls-files --stage -- /home/will/holbertonschool-web_back_end/ES6_classes/README.md [15ms]
2024-08-15 17:01:53.549 [info] > git cat-file -s 5dd2eac2e98505c80d262d40fb5ff2ecf24c774a [3ms]
2024-08-15 17:01:53.561 [info] > git show --textconv :ES6_classes/README.md [3ms]
2024-08-15 17:02:32.259 [info] > git config --get commit.template [8ms]
2024-08-15 17:02:32.272 [info] > git for-each-ref --format=%(refname)%00%(upstream:short)%00%(objectname)%00%(upstream:track)%00%(upstream:remotename)%00%(upstream:remoteref) refs/heads/main refs/remotes/main [5ms]
2024-08-15 17:02:32.288 [info] > git status -z -uall [7ms]
2024-08-15 17:02:37.966 [info] > git config --get commit.template [9ms]
2024-08-15 17:02:37.968 [info] > git for-each-ref --format=%(refname)%00%(upstream:short)%00%(objectname)%00%(upstream:track)%00%(upstream:remotename)%00%(upstream:remoteref) refs/heads/main refs/remotes/main [3ms]
2024-08-15 17:02:37.977 [info] > git status -z -uall [4ms]
2024-08-15 17:02:58.502 [info] > git ls-files --stage -- /home/will/holbertonschool-web_back_end/ES6_classes/README.md [12ms]
2024-08-15 17:02:58.520 [info] > git config --get commit.template [21ms]
2024-08-15 17:02:58.521 [info] > git cat-file -s 5dd2eac2e98505c80d262d40fb5ff2ecf24c774a [8ms]
2024-08-15 17:02:58.523 [info] > git for-each-ref --format=%(refname)%00%(upstream:short)%00%(objectname)%00%(upstream:track)%00%(upstream:remotename)%00%(upstream:remoteref) refs/heads/main refs/remotes/main [4ms]
2024-08-15 17:02:58.536 [info] > git show --textconv :ES6_classes/README.md [5ms]
2024-08-15 17:02:58.540 [info] > git status -z -uall [5ms]
2024-08-15 17:02:58.552 [info] > git merge-base refs/heads/main refs/remotes/origin/main [6ms]
2024-08-15 17:02:58.562 [info] > git rev-list --count --left-right refs/heads/main...refs/remotes/origin/main [4ms]
2024-08-15 17:02:58.573 [info] > git diff --name-status -z --diff-filter=ADMR e675e2772fd3394a7be4086ddc0e6f162d1f80f4...refs/remotes/origin/main [5ms]
2024-08-15 17:03:03.564 [info] > git config --get commit.template [6ms]
2024-08-15 17:03:03.565 [info] > git for-each-ref --format=%(refname)%00%(upstream:short)%00%(objectname)%00%(upstream:track)%00%(upstream:remotename)%00%(upstream:remoteref) refs/heads/main refs/remotes/main [2ms]
2024-08-15 17:03:03.575 [info] > git status -z -uall [3ms]
2024-08-15 17:03:05.596 [info] > git ls-files --stage -- /home/will/holbertonschool-web_back_end/ES6_classes/README.md [7ms]
2024-08-15 17:03:05.607 [info] > git cat-file -s 5dd2eac2e98505c80d262d40fb5ff2ecf24c774a [3ms]
2024-08-15 17:03:05.617 [info] > git show --textconv :ES6_classes/README.md [3ms]
2024-08-15 17:03:07.440 [info] > git ls-files --stage -- /home/will/holbertonschool-web_back_end/ES6_classes/README.md [6ms]
2024-08-15 17:03:07.449 [info] > git cat-file -s 5dd2eac2e98505c80d262d40fb5ff2ecf24c774a [2ms]
2024-08-15 17:03:07.459 [info] > git show --textconv :ES6_classes/README.md [3ms]
2024-08-15 17:03:43.233 [info] > git config --get commit.template [11ms]
2024-08-15 17:03:43.237 [info] > git for-each-ref --format=%(refname)%00%(upstream:short)%00%(objectname)%00%(upstream:track)%00%(upstream:remotename)%00%(upstream:remoteref) refs/heads/main refs/remotes/main [7ms]
2024-08-15 17:03:43.248 [info] > git status -z -uall [4ms]
2024-08-15 17:03:43.260 [info] > git merge-base refs/heads/main refs/remotes/origin/main [5ms]
2024-08-15 17:03:43.273 [info] > git rev-list --count --left-right refs/heads/main...refs/remotes/origin/main [7ms]
2024-08-15 17:03:43.284 [info] > git diff --name-status -z --diff-filter=ADMR 25dacc4fec7cb81ca857d7b75e763abe25b05213...refs/remotes/origin/main [5ms]
2024-08-15 17:03:48.293 [info] > git config --get commit.template [17ms]
2024-08-15 17:03:48.296 [info] > git for-each-ref --format=%(refname)%00%(upstream:short)%00%(objectname)%00%(upstream:track)%00%(upstream:remotename)%00%(upstream:remoteref) refs/heads/main refs/remotes/main [7ms]
2024-08-15 17:03:48.309 [info] > git status -z -uall [4ms]
2024-08-15 17:03:53.361 [info] > git config --get commit.template [20ms]
2024-08-15 17:03:53.363 [info] > git for-each-ref --format=%(refname)%00%(upstream:short)%00%(objectname)%00%(upstream:track)%00%(upstream:remotename)%00%(upstream:remoteref) refs/heads/main refs/remotes/main [6ms]
2024-08-15 17:03:53.378 [info] > git status -z -uall [7ms]
2024-08-15 17:03:58.421 [info] > git config --get commit.template [9ms]
2024-08-15 17:03:58.440 [info] > git for-each-ref --format=%(refname)%00%(upstream:short)%00%(objectname)%00%(upstream:track)%00%(upstream:remotename)%00%(upstream:remoteref) refs/heads/main refs/remotes/main [5ms]
2024-08-15 17:03:58.455 [info] > git status -z -uall [5ms]
2024-08-15 17:04:03.477 [info] > git config --get commit.template [6ms]
2024-08-15 17:04:03.479 [info] > git for-each-ref --format=%(refname)%00%(upstream:short)%00%(objectname)%00%(upstream:track)%00%(upstream:remotename)%00%(upstream:remoteref) refs/heads/main refs/remotes/main [2ms]
2024-08-15 17:04:03.486 [info] > git status -z -uall [3ms]
2024-08-15 17:04:08.508 [info] > git config --get commit.template [6ms]
2024-08-15 17:04:08.525 [info] > git for-each-ref --format=%(refname)%00%(upstream:short)%00%(objectname)%00%(upstream:track)%00%(upstream:remotename)%00%(upstream:remoteref) refs/heads/main refs/remotes/main [8ms]
2024-08-15 17:04:08.543 [info] > git status -z -uall [5ms]
2024-08-15 17:04:25.762 [info] > git config --get commit.template [2ms]
2024-08-15 17:04:25.790 [info] > git for-each-ref --format=%(refname)%00%(upstream:short)%00%(objectname)%00%(upstream:track)%00%(upstream:remotename)%00%(upstream:remoteref) refs/heads/main refs/remotes/main [17ms]
2024-08-15 17:04:25.792 [info] > git ls-files --stage -- /home/will/holbertonschool-web_back_end/ES6_classes/README.md [6ms]
2024-08-15 17:04:25.808 [info] > git cat-file -s 5dd2eac2e98505c80d262d40fb5ff2ecf24c774a [8ms]
2024-08-15 17:04:25.812 [info] > git status -z -uall [5ms]
2024-08-15 17:04:25.836 [info] > git merge-base refs/heads/main refs/remotes/origin/main [14ms]
2024-08-15 17:04:25.843 [info] > git show --textconv :ES6_classes/README.md [11ms]
2024-08-15 17:04:25.845 [info] > git rev-list --count --left-right refs/heads/main...refs/remotes/origin/main [4ms]
2024-08-15 17:04:25.856 [info] > git diff --name-status -z --diff-filter=ADMR beb1868f3e900809ccee484d5d9a14650b5f4b04...refs/remotes/origin/main [3ms]
2024-08-15 17:04:30.861 [info] > git config --get commit.template [14ms]
2024-08-15 17:04:30.863 [info] > git for-each-ref --format=%(refname)%00%(upstream:short)%00%(objectname)%00%(upstream:track)%00%(upstream:remotename)%00%(upstream:remoteref) refs/heads/main refs/remotes/main [4ms]
2024-08-15 17:04:30.872 [info] > git status -z -uall [3ms]
2024-08-15 17:04:35.916 [info] > git config --get commit.template [18ms]
2024-08-15 17:04:35.920 [info] > git for-each-ref --format=%(refname)%00%(upstream:short)%00%(objectname)%00%(upstream:track)%00%(upstream:remotename)%00%(upstream:remoteref) refs/heads/main refs/remotes/main [7ms]
2024-08-15 17:04:35.931 [info] > git status -z -uall [4ms]
2024-08-15 17:04:45.039 [info] > git config --get commit.template [14ms]
2024-08-15 17:04:45.041 [info] > git for-each-ref --format=%(refname)%00%(upstream:short)%00%(objectname)%00%(upstream:track)%00%(upstream:remotename)%00%(upstream:remoteref) refs/heads/main refs/remotes/main [4ms]
2024-08-15 17:04:45.050 [info] > git status -z -uall [3ms]
2024-08-15 17:05:03.125 [info] > git config --get commit.template [10ms]
2024-08-15 17:05:03.152 [info] > git for-each-ref --format=%(refname)%00%(upstream:short)%00%(objectname)%00%(upstream:track)%00%(upstream:remotename)%00%(upstream:remoteref) refs/heads/main refs/remotes/main [10ms]
2024-08-15 17:05:03.179 [info] > git status -z -uall [7ms]
2024-08-15 17:05:03.201 [info] > git merge-base refs/heads/main refs/remotes/origin/main [8ms]
2024-08-15 17:05:03.231 [info] > git rev-list --count --left-right refs/heads/main...refs/remotes/origin/main [17ms]
2024-08-15 17:05:03.246 [info] > git ls-files --stage -- /home/will/holbertonschool-web_back_end/ES6_classes/README.md [17ms]
2024-08-15 17:05:03.253 [info] > git diff --name-status -z --diff-filter=ADMR beb1868f3e900809ccee484d5d9a14650b5f4b04...refs/remotes/origin/main [8ms]
2024-08-15 17:05:03.256 [info] > git cat-file -s 5dd2eac2e98505c80d262d40fb5ff2ecf24c774a [5ms]
2024-08-15 17:05:03.277 [info] > git show --textconv :ES6_classes/README.md [5ms]
2024-08-15 17:05:22.163 [info] > git config --get commit.template [9ms]
2024-08-15 17:05:22.184 [info] > git ls-files --stage -- /home/will/holbertonschool-web_back_end/ES6_classes/README.md [13ms]
2024-08-15 17:05:22.191 [info] > git for-each-ref --format=%(refname)%00%(upstream:short)%00%(objectname)%00%(upstream:track)%00%(upstream:remotename)%00%(upstream:remoteref) refs/heads/main refs/remotes/main [8ms]
2024-08-15 17:05:22.193 [info] > git cat-file -s 5dd2eac2e98505c80d262d40fb5ff2ecf24c774a [4ms]
2024-08-15 17:05:22.206 [info] > git status -z -uall [6ms]
2024-08-15 17:05:22.217 [info] > git show --textconv :ES6_classes/README.md [13ms]
2024-08-15 17:05:22.218 [info] > git merge-base refs/heads/main refs/remotes/origin/main [5ms]
2024-08-15 17:05:22.233 [info] > git rev-list --count --left-right refs/heads/main...refs/remotes/origin/main [7ms]
2024-08-15 17:05:22.242 [info] > git diff --name-status -z --diff-filter=ADMR 2ff035322d58c6ab052c7ff7a012306f36724c02...refs/remotes/origin/main [2ms]
2024-08-15 17:06:41.130 [info] > git config --get commit.template [7ms]
2024-08-15 17:06:41.131 [info] > git for-each-ref --format=%(refname)%00%(upstream:short)%00%(objectname)%00%(upstream:track)%00%(upstream:remotename)%00%(upstream:remoteref) refs/heads/main refs/remotes/main [3ms]
2024-08-15 17:06:41.139 [info] > git status -z -uall [3ms]
2024-08-15 17:06:46.176 [info] > git config --get commit.template [13ms]
2024-08-15 17:06:46.178 [info] > git for-each-ref --format=%(refname)%00%(upstream:short)%00%(objectname)%00%(upstream:track)%00%(upstream:remotename)%00%(upstream:remoteref) refs/heads/main refs/remotes/main [4ms]
2024-08-15 17:06:46.186 [info] > git status -z -uall [4ms]
2024-08-15 17:06:51.222 [info] > git config --get commit.template [13ms]
2024-08-15 17:06:51.223 [info] > git for-each-ref --format=%(refname)%00%(upstream:short)%00%(objectname)%00%(upstream:track)%00%(upstream:remotename)%00%(upstream:remoteref) refs/heads/main refs/remotes/main [3ms]
2024-08-15 17:06:51.234 [info] > git status -z -uall [4ms]
2024-08-15 17:07:29.787 [info] > git config --get commit.template [5ms]
2024-08-15 17:07:29.788 [info] > git ls-files --stage -- /home/will/holbertonschool-web_back_end/ES6_classes/README.md [19ms]
2024-08-15 17:07:29.803 [info] > git cat-file -s 5dd2eac2e98505c80d262d40fb5ff2ecf24c774a [8ms]
2024-08-15 17:07:29.804 [info] > git for-each-ref --format=%(refname)%00%(upstream:short)%00%(objectname)%00%(upstream:track)%00%(upstream:remotename)%00%(upstream:remoteref) refs/heads/main refs/remotes/main [5ms]
2024-08-15 17:07:29.815 [info] > git status -z -uall [4ms]
2024-08-15 17:07:29.827 [info] > git merge-base refs/heads/main refs/remotes/origin/main [4ms]
2024-08-15 17:07:29.835 [info] > git rev-list --count --left-right refs/heads/main...refs/remotes/origin/main [4ms]
2024-08-15 17:07:29.844 [info] > git diff --name-status -z --diff-filter=ADMR fc8a57977470789f3315639f4273adf9a2114d67...refs/remotes/origin/main [3ms]
2024-08-15 17:07:29.869 [info] > git show --textconv :ES6_classes/README.md [6ms]
2024-08-15 17:07:34.859 [info] > git config --get commit.template [14ms]
2024-08-15 17:07:34.860 [info] > git for-each-ref --format=%(refname)%00%(upstream:short)%00%(objectname)%00%(upstream:track)%00%(upstream:remotename)%00%(upstream:remoteref) refs/heads/main refs/remotes/main [3ms]
2024-08-15 17:07:34.868 [info] > git status -z -uall [3ms]
2024-08-15 17:08:14.414 [info] > git config --get commit.template [18ms]
2024-08-15 17:08:14.422 [info] > git ls-files --stage -- /home/will/holbertonschool-web_back_end/ES6_classes/README.md [13ms]
2024-08-15 17:08:14.434 [info] > git for-each-ref --format=%(refname)%00%(upstream:short)%00%(objectname)%00%(upstream:track)%00%(upstream:remotename)%00%(upstream:remoteref) refs/heads/main refs/remotes/main [14ms]
2024-08-15 17:08:14.435 [info] > git cat-file -s 5dd2eac2e98505c80d262d40fb5ff2ecf24c774a [3ms]
2024-08-15 17:08:14.447 [info] > git status -z -uall [6ms]
2024-08-15 17:08:14.462 [info] > git show --textconv :ES6_classes/README.md [15ms]
2024-08-15 17:08:14.462 [info] > git merge-base refs/heads/main refs/remotes/origin/main [5ms]
2024-08-15 17:08:14.472 [info] > git rev-list --count --left-right refs/heads/main...refs/remotes/origin/main [4ms]
2024-08-15 17:08:14.482 [info] > git diff --name-status -z --diff-filter=ADMR 63aaf5f729812ea376ba567fb83656fb295082d2...refs/remotes/origin/main [3ms]
2024-08-15 17:08:19.470 [info] > git config --get commit.template [3ms]
2024-08-15 17:08:19.484 [info] > git for-each-ref --format=%(refname)%00%(upstream:short)%00%(objectname)%00%(upstream:track)%00%(upstream:remotename)%00%(upstream:remoteref) refs/heads/main refs/remotes/main [6ms]
2024-08-15 17:08:19.496 [info] > git status -z -uall [4ms]
2024-08-15 17:08:24.525 [info] > git config --get commit.template [4ms]
2024-08-15 17:08:24.537 [info] > git for-each-ref --format=%(refname)%00%(upstream:short)%00%(objectname)%00%(upstream:track)%00%(upstream:remotename)%00%(upstream:remoteref) refs/heads/main refs/remotes/main [4ms]
2024-08-15 17:08:24.554 [info] > git status -z -uall [6ms]
2024-08-15 17:08:38.667 [info] > git config --get commit.template [19ms]
2024-08-15 17:08:38.671 [info] > git ls-files --stage -- /home/will/holbertonschool-web_back_end/ES6_classes/README.md [5ms]
2024-08-15 17:08:38.683 [info] > git cat-file -s 5dd2eac2e98505c80d262d40fb5ff2ecf24c774a [6ms]
2024-08-15 17:08:38.686 [info] > git for-each-ref --format=%(refname)%00%(upstream:short)%00%(objectname)%00%(upstream:track)%00%(upstream:remotename)%00%(upstream:remoteref) refs/heads/main refs/remotes/main [4ms]
2024-08-15 17:08:38.697 [info] > git show --textconv :ES6_classes/README.md [5ms]
2024-08-15 17:08:38.701 [info] > git status -z -uall [5ms]
2024-08-15 17:08:38.712 [info] > git merge-base refs/heads/main refs/remotes/origin/main [3ms]
2024-08-15 17:08:38.733 [info] > git rev-list --count --left-right refs/heads/main...refs/remotes/origin/main [8ms]
2024-08-15 17:08:38.743 [info] > git diff --name-status -z --diff-filter=ADMR 4ccb3f473d6678205d03bc4ca01d5156e3f15960...refs/remotes/origin/main [3ms]
2024-08-15 17:08:43.740 [info] > git config --get commit.template [13ms]
2024-08-15 17:08:43.742 [info] > git for-each-ref --format=%(refname)%00%(upstream:short)%00%(objectname)%00%(upstream:track)%00%(upstream:remotename)%00%(upstream:remoteref) refs/heads/main refs/remotes/main [4ms]
2024-08-15 17:08:43.751 [info] > git status -z -uall [3ms]
2024-08-15 17:08:48.440 [info] > git ls-files --stage -- /home/will/holbertonschool-web_back_end/ES6_classes/README.md [7ms]
2024-08-15 17:08:48.454 [info] > git cat-file -s 5dd2eac2e98505c80d262d40fb5ff2ecf24c774a [4ms]
2024-08-15 17:08:48.465 [info] > git show --textconv :ES6_classes/README.md [3ms]
2024-08-15 17:08:48.774 [info] > git config --get commit.template [10ms]
2024-08-15 17:08:48.777 [info] > git for-each-ref --format=%(refname)%00%(upstream:short)%00%(objectname)%00%(upstream:track)%00%(upstream:remotename)%00%(upstream:remoteref) refs/heads/main refs/remotes/main [6ms]
2024-08-15 17:08:48.787 [info] > git status -z -uall [3ms]
2024-08-15 17:08:48.798 [info] > git merge-base refs/heads/main refs/remotes/origin/main [3ms]
2024-08-15 17:08:48.806 [info] > git rev-list --count --left-right refs/heads/main...refs/remotes/origin/main [2ms]
2024-08-15 17:08:48.814 [info] > git diff --name-status -z --diff-filter=ADMR 4ccb3f473d6678205d03bc4ca01d5156e3f15960...refs/remotes/origin/main [3ms]
2024-08-15 17:08:50.594 [info] > git ls-files --stage -- /home/will/holbertonschool-web_back_end/ES6_classes/README.md [7ms]
2024-08-15 17:08:50.607 [info] > git cat-file -s 5dd2eac2e98505c80d262d40fb5ff2ecf24c774a [5ms]
2024-08-15 17:08:50.618 [info] > git show --textconv :ES6_classes/README.md [2ms]
2024-08-15 17:09:20.413 [info] > git config --get commit.template [3ms]
2024-08-15 17:09:20.428 [info] > git for-each-ref --format=%(refname)%00%(upstream:short)%00%(objectname)%00%(upstream:track)%00%(upstream:remotename)%00%(upstream:remoteref) refs/heads/main refs/remotes/main [4ms]
2024-08-15 17:09:20.442 [info] > git status -z -uall [5ms]
2024-08-15 17:09:20.453 [info] > git merge-base refs/heads/main refs/remotes/origin/main [5ms]
2024-08-15 17:09:20.461 [info] > git rev-list --count --left-right refs/heads/main...refs/remotes/origin/main [3ms]
2024-08-15 17:09:20.470 [info] > git diff --name-status -z --diff-filter=ADMR e1675f32a7a756a8a757f5ee062bb835c84a15e5...refs/remotes/origin/main [3ms]
2024-08-15 17:09:27.700 [info] > git config --get commit.template [15ms]
2024-08-15 17:09:27.702 [info] > git for-each-ref --format=%(refname)%00%(upstream:short)%00%(objectname)%00%(upstream:track)%00%(upstream:remotename)%00%(upstream:remoteref) refs/heads/main refs/remotes/main [4ms]
2024-08-15 17:09:27.712 [info] > git status -z -uall [3ms]
2024-08-15 17:09:32.737 [info] > git config --get commit.template [6ms]
2024-08-15 17:09:32.745 [info] > git for-each-ref --format=%(refname)%00%(upstream:short)%00%(objectname)%00%(upstream:track)%00%(upstream:remotename)%00%(upstream:remoteref) refs/heads/main refs/remotes/main [2ms]
2024-08-15 17:09:32.754 [info] > git status -z -uall [4ms]
2024-08-15 17:09:53.410 [info] > git config --get commit.template [21ms]
2024-08-15 17:09:53.412 [info] > git ls-files --stage -- /home/will/holbertonschool-web_back_end/ES6_classes/README.md [12ms]
2024-08-15 17:09:53.418 [info] > git for-each-ref --format=%(refname)%00%(upstream:short)%00%(objectname)%00%(upstream:track)%00%(upstream:remotename)%00%(upstream:remoteref) refs/heads/main refs/remotes/main [10ms]
2024-08-15 17:09:53.426 [info] > git cat-file -s 5dd2eac2e98505c80d262d40fb5ff2ecf24c774a [9ms]
2024-08-15 17:09:53.433 [info] > git status -z -uall [9ms]
2024-08-15 17:09:53.446 [info] > git show --textconv :ES6_classes/README.md [13ms]
2024-08-15 17:09:53.446 [info] > git merge-base refs/heads/main refs/remotes/origin/main [6ms]
2024-08-15 17:09:53.456 [info] > git rev-list --count --left-right refs/heads/main...refs/remotes/origin/main [4ms]
2024-08-15 17:09:53.468 [info] > git diff --name-status -z --diff-filter=ADMR ed2e64cc231497a4a0a058f7f4cfb132fcb5f10e...refs/remotes/origin/main [3ms]
2024-08-15 17:09:58.477 [info] > git config --get commit.template [13ms]
2024-08-15 17:09:58.481 [info] > git for-each-ref --format=%(refname)%00%(upstream:short)%00%(objectname)%00%(upstream:track)%00%(upstream:remotename)%00%(upstream:remoteref) refs/heads/main refs/remotes/main [6ms]
2024-08-15 17:09:58.489 [info] > git status -z -uall [3ms]
2024-08-15 17:10:17.918 [info] > git config --get commit.template [17ms]
2024-08-15 17:10:17.919 [info] > git ls-files --stage -- /home/will/holbertonschool-web_back_end/ES6_classes/README.md [2ms]
2024-08-15 17:10:17.931 [info] > git cat-file -s 5dd2eac2e98505c80d262d40fb5ff2ecf24c774a [6ms]
2024-08-15 17:10:17.933 [info] > git for-each-ref --format=%(refname)%00%(upstream:short)%00%(objectname)%00%(upstream:track)%00%(upstream:remotename)%00%(upstream:remoteref) refs/heads/main refs/remotes/main [3ms]
2024-08-15 17:10:17.945 [info] > git status -z -uall [6ms]
2024-08-15 17:10:17.958 [info] > git show --textconv :ES6_classes/README.md [14ms]
2024-08-15 17:10:17.958 [info] > git merge-base refs/heads/main refs/remotes/origin/main [7ms]
2024-08-15 17:10:17.967 [info] > git rev-list --count --left-right refs/heads/main...refs/remotes/origin/main [4ms]
2024-08-15 17:10:17.977 [info] > git diff --name-status -z --diff-filter=ADMR c994959a63fe2091724f07a5f3c9a868905386dc...refs/remotes/origin/main [4ms]
2024-08-15 17:10:22.974 [info] > git config --get commit.template [5ms]
2024-08-15 17:10:22.976 [info] > git for-each-ref --format=%(refname)%00%(upstream:short)%00%(objectname)%00%(upstream:track)%00%(upstream:remotename)%00%(upstream:remoteref) refs/heads/main refs/remotes/main [3ms]
2024-08-15 17:10:22.984 [info] > git status -z -uall [3ms]
2024-08-15 17:10:44.288 [info] > git config --get commit.template [2ms]
2024-08-15 17:10:44.301 [info] > git for-each-ref --format=%(refname)%00%(upstream:short)%00%(objectname)%00%(upstream:track)%00%(upstream:remotename)%00%(upstream:remoteref) refs/heads/main refs/remotes/main [1ms]
2024-08-15 17:10:44.311 [info] > git status -z -uall [4ms]
2024-08-15 17:10:49.349 [info] > git config --get commit.template [16ms]
2024-08-15 17:10:49.353 [info] > git for-each-ref --format=%(refname)%00%(upstream:short)%00%(objectname)%00%(upstream:track)%00%(upstream:remotename)%00%(upstream:remoteref) refs/heads/main refs/remotes/main [6ms]
2024-08-15 17:10:49.366 [info] > git status -z -uall [4ms]
2024-08-15 17:10:54.409 [info] > git config --get commit.template [22ms]
2024-08-15 17:10:54.415 [info] > git for-each-ref --format=%(refname)%00%(upstream:short)%00%(objectname)%00%(upstream:track)%00%(upstream:remotename)%00%(upstream:remoteref) refs/heads/main refs/remotes/main [9ms]
2024-08-15 17:10:54.429 [info] > git status -z -uall [5ms]
2024-08-15 17:11:10.368 [info] > git config --get commit.template [3ms]
2024-08-15 17:11:10.382 [info] > git for-each-ref --format=%(refname)%00%(upstream:short)%00%(objectname)%00%(upstream:track)%00%(upstream:remotename)%00%(upstream:remoteref) refs/heads/main refs/remotes/main [4ms]
2024-08-15 17:11:10.396 [info] > git status -z -uall [5ms]
2024-08-15 17:11:15.436 [info] > git config --get commit.template [15ms]
2024-08-15 17:11:15.440 [info] > git for-each-ref --format=%(refname)%00%(upstream:short)%00%(objectname)%00%(upstream:track)%00%(upstream:remotename)%00%(upstream:remoteref) refs/heads/main refs/remotes/main [9ms]
2024-08-15 17:11:15.451 [info] > git status -z -uall [6ms]
2024-08-15 17:11:42.519 [info] > git config --get commit.template [21ms]
2024-08-15 17:11:42.526 [info] > git ls-files --stage -- /home/will/holbertonschool-web_back_end/ES6_classes/README.md [9ms]
2024-08-15 17:11:42.532 [info] > git for-each-ref --format=%(refname)%00%(upstream:short)%00%(objectname)%00%(upstream:track)%00%(upstream:remotename)%00%(upstream:remoteref) refs/heads/main refs/remotes/main [7ms]
2024-08-15 17:11:42.537 [info] > git cat-file -s 5dd2eac2e98505c80d262d40fb5ff2ecf24c774a [5ms]
2024-08-15 17:11:42.566 [info] > git status -z -uall [20ms]
2024-08-15 17:11:42.587 [info] > git show --textconv :ES6_classes/README.md [21ms]
2024-08-15 17:11:42.587 [info] > git merge-base refs/heads/main refs/remotes/origin/main [10ms]
2024-08-15 17:11:42.602 [info] > git rev-list --count --left-right refs/heads/main...refs/remotes/origin/main [6ms]
2024-08-15 17:11:42.614 [info] > git diff --name-status -z --diff-filter=ADMR edaf865aa48cfb62514a6fb9cba6b82050514475...refs/remotes/origin/main [3ms]
2024-08-15 17:12:13.354 [info] > git config --get commit.template [2ms]
2024-08-15 17:12:13.364 [info] > git for-each-ref --format=%(refname)%00%(upstream:short)%00%(objectname)%00%(upstream:track)%00%(upstream:remotename)%00%(upstream:remoteref) refs/heads/main refs/remotes/main [4ms]
2024-08-15 17:12:13.377 [info] > git status -z -uall [3ms]
2024-08-15 17:12:18.407 [info] > git config --get commit.template [5ms]
2024-08-15 17:12:18.426 [info] > git for-each-ref --format=%(refname)%00%(upstream:short)%00%(objectname)%00%(upstream:track)%00%(upstream:remotename)%00%(upstream:remoteref) refs/heads/main refs/remotes/main [3ms]
2024-08-15 17:12:18.448 [info] > git status -z -uall [7ms]
2024-08-15 17:12:42.769 [info] > git config --get commit.template [11ms]
2024-08-15 17:12:42.770 [info] > git ls-files --stage -- /home/will/holbertonschool-web_back_end/ES6_classes/README.md [4ms]
2024-08-15 17:12:42.784 [info] > git cat-file -s 5dd2eac2e98505c80d262d40fb5ff2ecf24c774a [7ms]
2024-08-15 17:12:42.786 [info] > git for-each-ref --format=%(refname)%00%(upstream:short)%00%(objectname)%00%(upstream:track)%00%(upstream:remotename)%00%(upstream:remoteref) refs/heads/main refs/remotes/main [4ms]
2024-08-15 17:12:42.798 [info] > git show --textconv :ES6_classes/README.md [6ms]
2024-08-15 17:12:42.802 [info] > git status -z -uall [4ms]
2024-08-15 17:12:42.814 [info] > git merge-base refs/heads/main refs/remotes/origin/main [4ms]
2024-08-15 17:12:42.827 [info] > git rev-list --count --left-right refs/heads/main...refs/remotes/origin/main [4ms]
2024-08-15 17:12:42.836 [info] > git diff --name-status -z --diff-filter=ADMR 1d05dad117985b10089a18ada3b263c5878449db...refs/remotes/origin/main [4ms]
2024-08-15 17:13:02.347 [info] > git config --get commit.template [4ms]
2024-08-15 17:13:02.360 [info] > git for-each-ref --format=%(refname)%00%(upstream:short)%00%(objectname)%00%(upstream:track)%00%(upstream:remotename)%00%(upstream:remoteref) refs/heads/main refs/remotes/main [3ms]
2024-08-15 17:13:02.373 [info] > git status -z -uall [4ms]
2024-08-15 17:13:07.393 [info] > git config --get commit.template [5ms]
2024-08-15 17:13:07.406 [info] > git for-each-ref --format=%(refname)%00%(upstream:short)%00%(objectname)%00%(upstream:track)%00%(upstream:remotename)%00%(upstream:remoteref) refs/heads/main refs/remotes/main [4ms]
2024-08-15 17:13:07.420 [info] > git status -z -uall [6ms]
2024-08-15 17:13:12.453 [info] > git config --get commit.template [14ms]
2024-08-15 17:13:12.456 [info] > git for-each-ref --format=%(refname)%00%(upstream:short)%00%(objectname)%00%(upstream:track)%00%(upstream:remotename)%00%(upstream:remoteref) refs/heads/main refs/remotes/main [5ms]
2024-08-15 17:13:12.465 [info] > git status -z -uall [4ms]
2024-08-15 17:15:19.913 [info] > git config --get commit.template [27ms]
2024-08-15 17:15:19.915 [info] > git ls-files --stage -- /home/will/holbertonschool-web_back_end/ES6_classes/README.md [18ms]
2024-08-15 17:15:19.927 [info] > git for-each-ref --format=%(refname)%00%(upstream:short)%00%(objectname)%00%(upstream:track)%00%(upstream:remotename)%00%(upstream:remoteref) refs/heads/main refs/remotes/main [15ms]
2024-08-15 17:15:19.931 [info] > git cat-file -s 5dd2eac2e98505c80d262d40fb5ff2ecf24c774a [6ms]
2024-08-15 17:15:19.948 [info] > git status -z -uall [8ms]
2024-08-15 17:15:19.961 [info] > git show --textconv :ES6_classes/README.md [15ms]
2024-08-15 17:15:19.962 [info] > git merge-base refs/heads/main refs/remotes/origin/main [4ms]
2024-08-15 17:15:19.971 [info] > git rev-list --count --left-right refs/heads/main...refs/remotes/origin/main [4ms]
2024-08-15 17:15:19.981 [info] > git diff --name-status -z --diff-filter=ADMR d3a219288682f1d49e5146705399f01a35048931...refs/remotes/origin/main [3ms]
2024-08-15 17:16:05.628 [info] > git config --get commit.template [20ms]
2024-08-15 17:16:05.630 [info] > git for-each-ref --format=%(refname)%00%(upstream:short)%00%(objectname)%00%(upstream:track)%00%(upstream:remotename)%00%(upstream:remoteref) refs/heads/main refs/remotes/main [4ms]
2024-08-15 17:16:05.640 [info] > git status -z -uall [4ms]
2024-08-15 17:16:13.491 [info] > git config --get commit.template [10ms]
2024-08-15 17:16:13.495 [info] > git for-each-ref --format=%(refname)%00%(upstream:short)%00%(objectname)%00%(upstream:track)%00%(upstream:remotename)%00%(upstream:remoteref) refs/heads/main refs/remotes/main [8ms]
2024-08-15 17:16:13.509 [info] > git status -z -uall [4ms]
2024-08-15 17:16:18.551 [info] > git config --get commit.template [18ms]
2024-08-15 17:16:18.551 [info] > git for-each-ref --format=%(refname)%00%(upstream:short)%00%(objectname)%00%(upstream:track)%00%(upstream:remotename)%00%(upstream:remoteref) refs/heads/main refs/remotes/main [4ms]
2024-08-15 17:16:18.559 [info] > git status -z -uall [3ms]
2024-08-15 17:16:43.127 [info] > git config --get commit.template [19ms]
2024-08-15 17:16:43.137 [info] > git ls-files --stage -- /home/will/holbertonschool-web_back_end/ES6_classes/README.md [13ms]
2024-08-15 17:16:43.143 [info] > git for-each-ref --format=%(refname)%00%(upstream:short)%00%(objectname)%00%(upstream:track)%00%(upstream:remotename)%00%(upstream:remoteref) refs/heads/main refs/remotes/main [7ms]
2024-08-15 17:16:43.145 [info] > git cat-file -s 5dd2eac2e98505c80d262d40fb5ff2ecf24c774a [3ms]
2024-08-15 17:16:43.156 [info] > git status -z -uall [6ms]
2024-08-15 17:16:43.168 [info] > git show --textconv :ES6_classes/README.md [13ms]
2024-08-15 17:16:43.168 [info] > git merge-base refs/heads/main refs/remotes/origin/main [6ms]
2024-08-15 17:16:43.177 [info] > git rev-list --count --left-right refs/heads/main...refs/remotes/origin/main [3ms]
2024-08-15 17:16:43.191 [info] > git diff --name-status -z --diff-filter=ADMR f06ceed9759e64ddc5f7720a94b76401d2cab39e...refs/remotes/origin/main [6ms]
2024-08-15 17:17:31.794 [info] > git config --get commit.template [2ms]
2024-08-15 17:17:31.808 [info] > git for-each-ref --format=%(refname)%00%(upstream:short)%00%(objectname)%00%(upstream:track)%00%(upstream:remotename)%00%(upstream:remoteref) refs/heads/main refs/remotes/main [4ms]
2024-08-15 17:17:31.819 [info] > git status -z -uall [4ms]
2024-08-15 17:17:40.084 [info] > git config --get commit.template [8ms]
2024-08-15 17:17:40.099 [info] > git for-each-ref --format=%(refname)%00%(upstream:short)%00%(objectname)%00%(upstream:track)%00%(upstream:remotename)%00%(upstream:remoteref) refs/heads/main refs/remotes/main [5ms]
2024-08-15 17:17:40.111 [info] > git status -z -uall [5ms]
2024-08-15 17:17:46.359 [info] > git config --get commit.template [14ms]
2024-08-15 17:17:46.361 [info] > git for-each-ref --format=%(refname)%00%(upstream:short)%00%(objectname)%00%(upstream:track)%00%(upstream:remotename)%00%(upstream:remoteref) refs/heads/main refs/remotes/main [4ms]
2024-08-15 17:17:46.369 [info] > git status -z -uall [3ms]
2024-08-15 17:18:00.484 [info] > git config --get commit.template [5ms]
2024-08-15 17:18:00.496 [info] > git for-each-ref --format=%(refname)%00%(upstream:short)%00%(objectname)%00%(upstream:track)%00%(upstream:remotename)%00%(upstream:remoteref) refs/heads/main refs/remotes/main [5ms]
2024-08-15 17:18:00.508 [info] > git status -z -uall [4ms]
2024-08-15 17:18:10.335 [info] > git config --get commit.template [15ms]
2024-08-15 17:18:10.337 [info] > git for-each-ref --format=%(refname)%00%(upstream:short)%00%(objectname)%00%(upstream:track)%00%(upstream:remotename)%00%(upstream:remoteref) refs/heads/main refs/remotes/main [4ms]
2024-08-15 17:18:10.345 [info] > git status -z -uall [3ms]
2024-08-15 17:18:22.945 [info] > git config --get commit.template [23ms]
2024-08-15 17:18:22.948 [info] > git for-each-ref --format=%(refname)%00%(upstream:short)%00%(objectname)%00%(upstream:track)%00%(upstream:remotename)%00%(upstream:remoteref) refs/heads/main refs/remotes/main [6ms]
2024-08-15 17:18:22.969 [info] > git status -z -uall [10ms]
2024-08-15 17:18:29.072 [info] > git config --get commit.template [6ms]
2024-08-15 17:18:29.081 [info] > git for-each-ref --format=%(refname)%00%(upstream:short)%00%(objectname)%00%(upstream:track)%00%(upstream:remotename)%00%(upstream:remoteref) refs/heads/main refs/remotes/main [3ms]
2024-08-15 17:18:29.090 [info] > git status -z -uall [3ms]
2024-08-15 17:18:47.662 [info] > git config --get commit.template [11ms]
2024-08-15 17:18:47.675 [info] > git ls-files --stage -- /home/will/holbertonschool-web_back_end/ES6_classes/README.md [13ms]
2024-08-15 17:18:47.682 [info] > git for-each-ref --format=%(refname)%00%(upstream:short)%00%(objectname)%00%(upstream:track)%00%(upstream:remotename)%00%(upstream:remoteref) refs/heads/main refs/remotes/main [10ms]
2024-08-15 17:18:47.688 [info] > git cat-file -s 5dd2eac2e98505c80d262d40fb5ff2ecf24c774a [7ms]
2024-08-15 17:18:47.691 [info] > git status -z -uall [5ms]
2024-08-15 17:18:47.711 [info] > git show --textconv :ES6_classes/README.md [3ms]
2024-08-15 17:18:47.711 [info] > git merge-base refs/heads/main refs/remotes/origin/main [13ms]
2024-08-15 17:18:47.722 [info] > git rev-list --count --left-right refs/heads/main...refs/remotes/origin/main [4ms]
2024-08-15 17:18:47.737 [info] > git diff --name-status -z --diff-filter=ADMR 51ddf7cb4c3a29fd78ea0751b8a96064f2470928...refs/remotes/origin/main [6ms]
2024-08-15 17:18:56.680 [info] > git config --get commit.template [23ms]
2024-08-15 17:18:56.685 [info] > git for-each-ref --format=%(refname)%00%(upstream:short)%00%(objectname)%00%(upstream:track)%00%(upstream:remotename)%00%(upstream:remoteref) refs/heads/main refs/remotes/main [9ms]
2024-08-15 17:18:56.708 [info] > git status -z -uall [8ms]
2024-08-15 17:19:01.734 [info] > git config --get commit.template [7ms]
2024-08-15 17:19:01.735 [info] > git for-each-ref --format=%(refname)%00%(upstream:short)%00%(objectname)%00%(upstream:track)%00%(upstream:remotename)%00%(upstream:remoteref) refs/heads/main refs/remotes/main [3ms]
2024-08-15 17:19:01.746 [info] > git status -z -uall [4ms]
2024-08-15 17:19:06.767 [info] > git config --get commit.template [7ms]
2024-08-15 17:19:06.768 [info] > git for-each-ref --format=%(refname)%00%(upstream:short)%00%(objectname)%00%(upstream:track)%00%(upstream:remotename)%00%(upstream:remoteref) refs/heads/main refs/remotes/main [2ms]
2024-08-15 17:19:06.776 [info] > git status -z -uall [3ms]
2024-08-15 17:19:20.643 [info] > git config --get commit.template [9ms]
2024-08-15 17:19:20.645 [info] > git for-each-ref --format=%(refname)%00%(upstream:short)%00%(objectname)%00%(upstream:track)%00%(upstream:remotename)%00%(upstream:remoteref) refs/heads/main refs/remotes/main [4ms]
2024-08-15 17:19:20.654 [info] > git status -z -uall [3ms]
2024-08-15 17:19:45.092 [info] > git config --get commit.template [5ms]
2024-08-15 17:19:45.113 [info] > git ls-files --stage -- /home/will/holbertonschool-web_back_end/ES6_classes/README.md [11ms]
2024-08-15 17:19:45.118 [info] > git for-each-ref --format=%(refname)%00%(upstream:short)%00%(objectname)%00%(upstream:track)%00%(upstream:remotename)%00%(upstream:remoteref) refs/heads/main refs/remotes/main [6ms]
2024-08-15 17:19:45.120 [info] > git cat-file -s 5dd2eac2e98505c80d262d40fb5ff2ecf24c774a [3ms]
2024-08-15 17:19:45.133 [info] > git status -z -uall [7ms]
2024-08-15 17:19:45.146 [info] > git show --textconv :ES6_classes/README.md [14ms]
2024-08-15 17:19:45.148 [info] > git merge-base refs/heads/main refs/remotes/origin/main [6ms]
2024-08-15 17:19:45.159 [info] > git rev-list --count --left-right refs/heads/main...refs/remotes/origin/main [5ms]
2024-08-15 17:19:45.173 [info] > git diff --name-status -z --diff-filter=ADMR 78d9adc89426606d50eaa268357694d210c90bcb...refs/remotes/origin/main [6ms]
2024-08-15 17:19:54.228 [info] > git config --get commit.template [10ms]
2024-08-15 17:19:54.250 [info] > git for-each-ref --format=%(refname)%00%(upstream:short)%00%(objectname)%00%(upstream:track)%00%(upstream:remotename)%00%(upstream:remoteref) refs/heads/main refs/remotes/main [7ms]
2024-08-15 17:19:54.269 [info] > git status -z -uall [7ms]
2024-08-15 17:19:59.294 [info] > git config --get commit.template [7ms]
2024-08-15 17:19:59.295 [info] > git for-each-ref --format=%(refname)%00%(upstream:short)%00%(objectname)%00%(upstream:track)%00%(upstream:remotename)%00%(upstream:remoteref) refs/heads/main refs/remotes/main [2ms]
2024-08-15 17:19:59.304 [info] > git status -z -uall [4ms]
2024-08-15 17:20:05.304 [info] > git config --get commit.template [9ms]
2024-08-15 17:20:05.305 [info] > git for-each-ref --format=%(refname)%00%(upstream:short)%00%(objectname)%00%(upstream:track)%00%(upstream:remotename)%00%(upstream:remoteref) refs/heads/main refs/remotes/main [3ms]
2024-08-15 17:20:05.313 [info] > git status -z -uall [3ms]
2024-08-15 17:20:23.252 [info] > git config --get commit.template [6ms]
2024-08-15 17:20:23.255 [info] > git for-each-ref --format=%(refname)%00%(upstream:short)%00%(objectname)%00%(upstream:track)%00%(upstream:remotename)%00%(upstream:remoteref) refs/heads/main refs/remotes/main [4ms]
2024-08-15 17:20:23.265 [info] > git status -z -uall [4ms]
2024-08-15 17:21:46.059 [info] > git ls-files --stage -- /home/will/holbertonschool-web_back_end/ES6_classes/README.md [2ms]
2024-08-15 17:21:46.066 [info] > git config --get commit.template [22ms]
2024-08-15 17:21:46.077 [info] > git cat-file -s 5dd2eac2e98505c80d262d40fb5ff2ecf24c774a [12ms]
2024-08-15 17:21:46.084 [info] > git for-each-ref --format=%(refname)%00%(upstream:short)%00%(objectname)%00%(upstream:track)%00%(upstream:remotename)%00%(upstream:remoteref) refs/heads/main refs/remotes/main [8ms]
2024-08-15 17:21:46.092 [info] > git show --textconv :ES6_classes/README.md [8ms]
2024-08-15 17:21:46.094 [info] > git status -z -uall [3ms]
2024-08-15 17:21:46.104 [info] > git merge-base refs/heads/main refs/remotes/origin/main [4ms]
2024-08-15 17:21:46.116 [info] > git rev-list --count --left-right refs/heads/main...refs/remotes/origin/main [4ms]
2024-08-15 17:21:46.132 [info] > git diff --name-status -z --diff-filter=ADMR c4aac1eaa028b5a5ebf82a62b8ea8a11fc706e37...refs/remotes/origin/main [7ms]
2024-08-15 17:22:13.661 [info] > git config --get commit.template [15ms]
2024-08-15 17:22:13.665 [info] > git for-each-ref --format=%(refname)%00%(upstream:short)%00%(objectname)%00%(upstream:track)%00%(upstream:remotename)%00%(upstream:remoteref) refs/heads/main refs/remotes/main [5ms]
2024-08-15 17:22:13.680 [info] > git status -z -uall [6ms]
2024-08-15 17:22:21.819 [info] > git config --get commit.template [12ms]
2024-08-15 17:22:21.821 [info] > git for-each-ref --format=%(refname)%00%(upstream:short)%00%(objectname)%00%(upstream:track)%00%(upstream:remotename)%00%(upstream:remoteref) refs/heads/main refs/remotes/main [3ms]
2024-08-15 17:22:21.829 [info] > git status -z -uall [3ms]
2024-08-15 17:22:26.861 [info] > git config --get commit.template [9ms]
2024-08-15 17:22:26.863 [info] > git for-each-ref --format=%(refname)%00%(upstream:short)%00%(objectname)%00%(upstream:track)%00%(upstream:remotename)%00%(upstream:remoteref) refs/heads/main refs/remotes/main [3ms]
2024-08-15 17:22:26.870 [info] > git status -z -uall [3ms]
2024-08-15 17:29:54.116 [info] > git config --get commit.template [6ms]
2024-08-15 17:29:54.128 [info] > git for-each-ref --format=%(refname)%00%(upstream:short)%00%(objectname)%00%(upstream:track)%00%(upstream:remotename)%00%(upstream:remoteref) refs/heads/main refs/remotes/main [5ms]
2024-08-15 17:29:54.138 [info] > git status -z -uall [3ms]
2024-08-15 17:30:13.908 [info] > git config --get commit.template [3ms]
2024-08-15 17:30:13.923 [info] > git for-each-ref --format=%(refname)%00%(upstream:short)%00%(objectname)%00%(upstream:track)%00%(upstream:remotename)%00%(upstream:remoteref) refs/heads/main refs/remotes/main [3ms]
2024-08-15 17:30:13.934 [info] > git status -z -uall [3ms]
2024-08-15 17:30:18.972 [info] > git config --get commit.template [14ms]
2024-08-15 17:30:18.974 [info] > git for-each-ref --format=%(refname)%00%(upstream:short)%00%(objectname)%00%(upstream:track)%00%(upstream:remotename)%00%(upstream:remoteref) refs/heads/main refs/remotes/main [4ms]
2024-08-15 17:30:18.983 [info] > git status -z -uall [4ms]
2024-08-15 17:30:25.296 [info] > git config --get commit.template [7ms]
2024-08-15 17:30:25.297 [info] > git for-each-ref --format=%(refname)%00%(upstream:short)%00%(objectname)%00%(upstream:track)%00%(upstream:remotename)%00%(upstream:remoteref) refs/heads/main refs/remotes/main [2ms]
2024-08-15 17:30:25.306 [info] > git status -z -uall [3ms]
2024-08-15 17:30:30.325 [info] > git config --get commit.template [6ms]
2024-08-15 17:30:30.326 [info] > git for-each-ref --format=%(refname)%00%(upstream:short)%00%(objectname)%00%(upstream:track)%00%(upstream:remotename)%00%(upstream:remoteref) refs/heads/main refs/remotes/main [2ms]
2024-08-15 17:30:30.335 [info] > git status -z -uall [4ms]
2024-08-15 17:32:03.296 [info] > git config --get commit.template [5ms]
2024-08-15 17:32:03.298 [info] > git for-each-ref --format=%(refname)%00%(upstream:short)%00%(objectname)%00%(upstream:track)%00%(upstream:remotename)%00%(upstream:remoteref) refs/heads/main refs/remotes/main [3ms]
2024-08-15 17:32:03.305 [info] > git status -z -uall [3ms]
2024-08-15 17:32:13.412 [info] > git config --get commit.template [1ms]
2024-08-15 17:32:13.422 [info] > git for-each-ref --format=%(refname)%00%(upstream:short)%00%(objectname)%00%(upstream:track)%00%(upstream:remotename)%00%(upstream:remoteref) refs/heads/main refs/remotes/main [1ms]
2024-08-15 17:32:13.432 [info] > git status -z -uall [4ms]
2024-08-15 17:32:29.123 [info] > git config --get commit.template [22ms]
2024-08-15 17:32:29.126 [info] > git for-each-ref --format=%(refname)%00%(upstream:short)%00%(objectname)%00%(upstream:track)%00%(upstream:remotename)%00%(upstream:remoteref) refs/heads/main refs/remotes/main [9ms]
2024-08-15 17:32:29.148 [info] > git status -z -uall [8ms]
2024-08-15 17:34:45.658 [info] > git config --get commit.template [2ms]
2024-08-15 17:34:45.684 [info] > git ls-files --stage -- /home/will/holbertonschool-web_back_end/ES6_classes/README.md [10ms]
2024-08-15 17:34:45.690 [info] > git for-each-ref --format=%(refname)%00%(upstream:short)%00%(objectname)%00%(upstream:track)%00%(upstream:remotename)%00%(upstream:remoteref) refs/heads/main refs/remotes/main [8ms]
2024-08-15 17:34:45.693 [info] > git cat-file -s 5dd2eac2e98505c80d262d40fb5ff2ecf24c774a [4ms]
2024-08-15 17:34:45.706 [info] > git status -z -uall [8ms]
2024-08-15 17:34:45.719 [info] > git show --textconv :ES6_classes/README.md [14ms]
2024-08-15 17:34:45.719 [info] > git merge-base refs/heads/main refs/remotes/origin/main [6ms]
2024-08-15 17:34:45.727 [info] > git rev-list --count --left-right refs/heads/main...refs/remotes/origin/main [3ms]
2024-08-15 17:34:45.736 [info] > git diff --name-status -z --diff-filter=ADMR ed1a1da38ba0e5f562c37b01fc2d45619660c0aa...refs/remotes/origin/main [4ms]
2024-08-15 17:35:56.954 [info] > git config --get commit.template [12ms]
2024-08-15 17:35:56.959 [info] > git for-each-ref --format=%(refname)%00%(upstream:short)%00%(objectname)%00%(upstream:track)%00%(upstream:remotename)%00%(upstream:remoteref) refs/heads/main refs/remotes/main [7ms]
2024-08-15 17:35:56.970 [info] > git status -z -uall [3ms]
2024-08-15 17:36:02.016 [info] > git config --get commit.template [14ms]
2024-08-15 17:36:02.019 [info] > git for-each-ref --format=%(refname)%00%(upstream:short)%00%(objectname)%00%(upstream:track)%00%(upstream:remotename)%00%(upstream:remoteref) refs/heads/main refs/remotes/main [5ms]
2024-08-15 17:36:02.033 [info] > git status -z -uall [5ms]
2024-08-15 17:36:12.646 [info] > git config --get commit.template [12ms]
2024-08-15 17:36:12.663 [info] > git for-each-ref --format=%(refname)%00%(upstream:short)%00%(objectname)%00%(upstream:track)%00%(upstream:remotename)%00%(upstream:remoteref) refs/heads/main refs/remotes/main [4ms]
2024-08-15 17:36:12.677 [info] > git status -z -uall [6ms]
2024-08-15 17:36:23.806 [info] > git config --get commit.template [6ms]
2024-08-15 17:36:23.808 [info] > git for-each-ref --format=%(refname)%00%(upstream:short)%00%(objectname)%00%(upstream:track)%00%(upstream:remotename)%00%(upstream:remoteref) refs/heads/main refs/remotes/main [3ms]
2024-08-15 17:36:23.816 [info] > git status -z -uall [3ms]
2024-08-15 17:36:33.172 [info] > git config --get commit.template [20ms]
2024-08-15 17:36:33.175 [info] > git for-each-ref --format=%(refname)%00%(upstream:short)%00%(objectname)%00%(upstream:track)%00%(upstream:remotename)%00%(upstream:remoteref) refs/heads/main refs/remotes/main [8ms]
2024-08-15 17:36:33.202 [info] > git status -z -uall [11ms]
2024-08-15 17:36:52.668 [info] > git config --get commit.template [2ms]
2024-08-15 17:36:52.696 [info] > git ls-files --stage -- /home/will/holbertonschool-web_back_end/ES6_classes/README.md [16ms]
2024-08-15 17:36:52.704 [info] > git for-each-ref --format=%(refname)%00%(upstream:short)%00%(objectname)%00%(upstream:track)%00%(upstream:remotename)%00%(upstream:remoteref) refs/heads/main refs/remotes/main [11ms]
2024-08-15 17:36:52.712 [info] > git cat-file -s 5dd2eac2e98505c80d262d40fb5ff2ecf24c774a [9ms]
2024-08-15 17:36:52.715 [info] > git status -z -uall [4ms]
2024-08-15 17:36:52.732 [info] > git merge-base refs/heads/main refs/remotes/origin/main [10ms]
2024-08-15 17:36:52.741 [info] > git show --textconv :ES6_classes/README.md [11ms]
2024-08-15 17:36:52.744 [info] > git rev-list --count --left-right refs/heads/main...refs/remotes/origin/main [6ms]
2024-08-15 17:36:52.752 [info] > git diff --name-status -z --diff-filter=ADMR 0a7244ca11eddab74a827ba9b0cdce7937256274...refs/remotes/origin/main [3ms]
2024-08-15 17:36:57.744 [info] > git config --get commit.template [8ms]
2024-08-15 17:36:57.747 [info] > git for-each-ref --format=%(refname)%00%(upstream:short)%00%(objectname)%00%(upstream:track)%00%(upstream:remotename)%00%(upstream:remoteref) refs/heads/main refs/remotes/main [4ms]
2024-08-15 17:36:57.756 [info] > git status -z -uall [4ms]
2024-08-15 17:37:02.789 [info] > git config --get commit.template [11ms]
2024-08-15 17:37:02.791 [info] > git for-each-ref --format=%(refname)%00%(upstream:short)%00%(objectname)%00%(upstream:track)%00%(upstream:remotename)%00%(upstream:remoteref) refs/heads/main refs/remotes/main [4ms]
2024-08-15 17:37:02.799 [info] > git status -z -uall [4ms]
2024-08-15 17:37:07.829 [info] > git config --get commit.template [14ms]
2024-08-15 17:37:07.831 [info] > git for-each-ref --format=%(refname)%00%(upstream:short)%00%(objectname)%00%(upstream:track)%00%(upstream:remotename)%00%(upstream:remoteref) refs/heads/main refs/remotes/main [5ms]
2024-08-15 17:37:07.841 [info] > git status -z -uall [3ms]
2024-08-15 17:37:12.853 [info] > git config --get commit.template [2ms]
2024-08-15 17:37:12.860 [info] > git for-each-ref --format=%(refname)%00%(upstream:short)%00%(objectname)%00%(upstream:track)%00%(upstream:remotename)%00%(upstream:remoteref) refs/heads/main refs/remotes/main [3ms]
2024-08-15 17:37:12.868 [info] > git status -z -uall [3ms]
2024-08-15 17:37:18.976 [info] > git config --get commit.template [18ms]
2024-08-15 17:37:18.980 [info] > git for-each-ref --format=%(refname)%00%(upstream:short)%00%(objectname)%00%(upstream:track)%00%(upstream:remotename)%00%(upstream:remoteref) refs/heads/main refs/remotes/main [8ms]
2024-08-15 17:37:18.997 [info] > git status -z -uall [6ms]
2024-08-15 17:37:45.023 [info] > git config --get commit.template [13ms]
2024-08-15 17:37:45.025 [info] > git for-each-ref --format=%(refname)%00%(upstream:short)%00%(objectname)%00%(upstream:track)%00%(upstream:remotename)%00%(upstream:remoteref) refs/heads/main refs/remotes/main [3ms]
2024-08-15 17:37:45.033 [info] > git status -z -uall [3ms]
2024-08-15 17:37:55.469 [info] > git config --get commit.template [16ms]
2024-08-15 17:37:55.474 [info] > git for-each-ref --format=%(refname)%00%(upstream:short)%00%(objectname)%00%(upstream:track)%00%(upstream:remotename)%00%(upstream:remoteref) refs/heads/main refs/remotes/main [6ms]
2024-08-15 17:37:55.490 [info] > git status -z -uall [7ms]
2024-08-15 17:38:00.543 [info] > git config --get commit.template [30ms]
2024-08-15 17:38:00.546 [info] > git for-each-ref --format=%(refname)%00%(upstream:short)%00%(objectname)%00%(upstream:track)%00%(upstream:remotename)%00%(upstream:remoteref) refs/heads/main refs/remotes/main [10ms]
2024-08-15 17:38:00.562 [info] > git status -z -uall [6ms]
2024-08-15 17:38:05.619 [info] > git config --get commit.template [27ms]
2024-08-15 17:38:05.622 [info] > git for-each-ref --format=%(refname)%00%(upstream:short)%00%(objectname)%00%(upstream:track)%00%(upstream:remotename)%00%(upstream:remoteref) refs/heads/main refs/remotes/main [5ms]
2024-08-15 17:38:05.643 [info] > git status -z -uall [9ms]
2024-08-15 17:38:10.680 [info] > git config --get commit.template [13ms]
2024-08-15 17:38:10.683 [info] > git for-each-ref --format=%(refname)%00%(upstream:short)%00%(objectname)%00%(upstream:track)%00%(upstream:remotename)%00%(upstream:remoteref) refs/heads/main refs/remotes/main [5ms]
2024-08-15 17:38:10.698 [info] > git status -z -uall [4ms]
2024-08-15 17:38:15.728 [info] > git config --get commit.template [8ms]
2024-08-15 17:38:15.730 [info] > git for-each-ref --format=%(refname)%00%(upstream:short)%00%(objectname)%00%(upstream:track)%00%(upstream:remotename)%00%(upstream:remoteref) refs/heads/main refs/remotes/main [3ms]
2024-08-15 17:38:15.738 [info] > git status -z -uall [3ms]
2024-08-15 17:38:56.001 [info] > git config --get commit.template [4ms]
2024-08-15 17:38:56.011 [info] > git for-each-ref --format=%(refname)%00%(upstream:short)%00%(objectname)%00%(upstream:track)%00%(upstream:remotename)%00%(upstream:remoteref) refs/heads/main refs/remotes/main [4ms]
2024-08-15 17:38:56.020 [info] > git status -z -uall [4ms]
2024-08-15 17:38:56.030 [info] > git merge-base refs/heads/main refs/remotes/origin/main [3ms]
2024-08-15 17:38:56.038 [info] > git rev-list --count --left-right refs/heads/main...refs/remotes/origin/main [3ms]
2024-08-15 17:38:56.047 [info] > git diff --name-status -z --diff-filter=ADMR 5a70e7c58038a4f16af8903a6862ee3072c3db42...refs/remotes/origin/main [3ms]
2024-08-15 17:38:56.070 [info] > git ls-files --stage -- /home/will/holbertonschool-web_back_end/ES6_classes/README.md [5ms]
2024-08-15 17:38:56.078 [info] > git cat-file -s 5dd2eac2e98505c80d262d40fb5ff2ecf24c774a [3ms]
2024-08-15 17:38:56.094 [info] > git show --textconv :ES6_classes/README.md [3ms]
2024-08-15 17:40:14.036 [info] > git config --get commit.template [8ms]
2024-08-15 17:40:14.037 [info] > git for-each-ref --format=%(refname)%00%(upstream:short)%00%(objectname)%00%(upstream:track)%00%(upstream:remotename)%00%(upstream:remoteref) refs/heads/main refs/remotes/main [4ms]
2024-08-15 17:40:14.056 [info] > git status -z -uall [12ms]
2024-08-15 17:41:01.211 [info] > git config --get commit.template [8ms]
2024-08-15 17:41:01.249 [info] > git for-each-ref --format=%(refname)%00%(upstream:short)%00%(objectname)%00%(upstream:track)%00%(upstream:remotename)%00%(upstream:remoteref) refs/heads/main refs/remotes/main [10ms]
2024-08-15 17:41:01.268 [info] > git status -z -uall [6ms]
2024-08-15 17:41:30.118 [info] > git config --get commit.template [10ms]
2024-08-15 17:41:30.128 [info] > git ls-files --stage -- /home/will/holbertonschool-web_back_end/ES6_classes/README.md [12ms]
2024-08-15 17:41:30.134 [info] > git for-each-ref --format=%(refname)%00%(upstream:short)%00%(objectname)%00%(upstream:track)%00%(upstream:remotename)%00%(upstream:remoteref) refs/heads/main refs/remotes/main [7ms]
2024-08-15 17:41:30.141 [info] > git cat-file -s 5dd2eac2e98505c80d262d40fb5ff2ecf24c774a [8ms]
2024-08-15 17:41:30.149 [info] > git status -z -uall [9ms]
2024-08-15 17:41:30.163 [info] > git show --textconv :ES6_classes/README.md [15ms]
2024-08-15 17:41:30.163 [info] > git merge-base refs/heads/main refs/remotes/origin/main [5ms]
2024-08-15 17:41:30.175 [info] > git rev-list --count --left-right refs/heads/main...refs/remotes/origin/main [4ms]
2024-08-15 17:41:30.187 [info] > git diff --name-status -z --diff-filter=ADMR 112a4a4635711e20cbeed5865a02789c4c5c858d...refs/remotes/origin/main [5ms]
2024-08-15 17:41:45.525 [info] > git config --get commit.template [19ms]
2024-08-15 17:41:45.532 [info] > git for-each-ref --format=%(refname)%00%(upstream:short)%00%(objectname)%00%(upstream:track)%00%(upstream:remotename)%00%(upstream:remoteref) refs/heads/main refs/remotes/main [9ms]
2024-08-15 17:41:45.546 [info] > git status -z -uall [5ms]
2024-08-15 17:42:15.210 [info] > git config --get commit.template [18ms]
2024-08-15 17:42:15.220 [info] > git ls-files --stage -- /home/will/holbertonschool-web_back_end/ES6_classes/README.md [12ms]
2024-08-15 17:42:15.227 [info] > git for-each-ref --format=%(refname)%00%(upstream:short)%00%(objectname)%00%(upstream:track)%00%(upstream:remotename)%00%(upstream:remoteref) refs/heads/main refs/remotes/main [8ms]
2024-08-15 17:42:15.235 [info] > git cat-file -s 5dd2eac2e98505c80d262d40fb5ff2ecf24c774a [9ms]
2024-08-15 17:42:15.243 [info] > git status -z -uall [9ms]
2024-08-15 17:42:15.255 [info] > git show --textconv :ES6_classes/README.md [13ms]
2024-08-15 17:42:15.255 [info] > git merge-base refs/heads/main refs/remotes/origin/main [6ms]
2024-08-15 17:42:15.264 [info] > git rev-list --count --left-right refs/heads/main...refs/remotes/origin/main [3ms]
2024-08-15 17:42:15.273 [info] > git diff --name-status -z --diff-filter=ADMR 7809f525a26e6e987a428f5e55f4f79d8dba18a1...refs/remotes/origin/main [3ms]
2024-08-15 17:42:32.342 [info] > git config --get commit.template [29ms]
2024-08-15 17:42:32.343 [info] > git for-each-ref --format=%(refname)%00%(upstream:short)%00%(objectname)%00%(upstream:track)%00%(upstream:remotename)%00%(upstream:remoteref) refs/heads/main refs/remotes/main [14ms]
2024-08-15 17:42:32.367 [info] > git status -z -uall [9ms]
2024-08-15 17:42:37.403 [info] > git config --get commit.template [2ms]
2024-08-15 17:42:37.419 [info] > git for-each-ref --format=%(refname)%00%(upstream:short)%00%(objectname)%00%(upstream:track)%00%(upstream:remotename)%00%(upstream:remoteref) refs/heads/main refs/remotes/main [5ms]
2024-08-15 17:42:37.446 [info] > git status -z -uall [9ms]
2024-08-15 17:42:44.045 [info] > git config --get commit.template [30ms]
2024-08-15 17:42:44.049 [info] > git for-each-ref --format=%(refname)%00%(upstream:short)%00%(objectname)%00%(upstream:track)%00%(upstream:remotename)%00%(upstream:remoteref) refs/heads/main refs/remotes/main [7ms]
2024-08-15 17:42:44.066 [info] > git status -z -uall [4ms]
2024-08-15 17:42:49.110 [info] > git config --get commit.template [20ms]
2024-08-15 17:42:49.112 [info] > git for-each-ref --format=%(refname)%00%(upstream:short)%00%(objectname)%00%(upstream:track)%00%(upstream:remotename)%00%(upstream:remoteref) refs/heads/main refs/remotes/main [4ms]
2024-08-15 17:42:49.128 [info] > git status -z -uall [6ms]
2024-08-15 17:42:58.169 [info] > git config --get commit.template [22ms]
2024-08-15 17:42:58.170 [info] > git for-each-ref --format=%(refname)%00%(upstream:short)%00%(objectname)%00%(upstream:track)%00%(upstream:remotename)%00%(upstream:remoteref) refs/heads/main refs/remotes/main [11ms]
2024-08-15 17:42:58.185 [info] > git status -z -uall [7ms]
2024-08-15 17:43:03.219 [info] > git config --get commit.template [12ms]
2024-08-15 17:43:03.221 [info] > git for-each-ref --format=%(refname)%00%(upstream:short)%00%(objectname)%00%(upstream:track)%00%(upstream:remotename)%00%(upstream:remoteref) refs/heads/main refs/remotes/main [3ms]
2024-08-15 17:43:03.230 [info] > git status -z -uall [4ms]
2024-08-15 17:43:09.063 [info] > git config --get commit.template [10ms]
2024-08-15 17:43:09.064 [info] > git for-each-ref --format=%(refname)%00%(upstream:short)%00%(objectname)%00%(upstream:track)%00%(upstream:remotename)%00%(upstream:remoteref) refs/heads/main refs/remotes/main [3ms]
2024-08-15 17:43:09.073 [info] > git status -z -uall [4ms]
2024-08-15 17:43:14.110 [info] > git config --get commit.template [14ms]
2024-08-15 17:43:14.113 [info] > git for-each-ref --format=%(refname)%00%(upstream:short)%00%(objectname)%00%(upstream:track)%00%(upstream:remotename)%00%(upstream:remoteref) refs/heads/main refs/remotes/main [6ms]
2024-08-15 17:43:14.125 [info] > git status -z -uall [4ms]
2024-08-15 17:43:15.504 [info] > git ls-files --stage -- /home/will/holbertonschool-web_back_end/ES6_classes/README.md [5ms]
2024-08-15 17:43:15.520 [info] > git cat-file -s 5dd2eac2e98505c80d262d40fb5ff2ecf24c774a [7ms]
2024-08-15 17:43:15.546 [info] > git show --textconv :ES6_classes/README.md [2ms]
