2024-11-11 15:26:14.422 [error] [/home/will/.vscode/extensions/ms-python.debugpy-2024.10.0-linux-x64]: Extension is not compatible with Code 1.90.1. Extension requires: ^1.92.0.
2024-11-11 15:26:14.439 [error] [/home/will/.vscode/extensions/ms-python.python-2024.14.1-linux-x64]: Extension is not compatible with Code 1.90.1. Extension requires: ^1.91.0.
2024-11-11 15:26:14.877 [error] [/home/will/.vscode/extensions/ms-python.debugpy-2024.10.0-linux-x64]: Extension is not compatible with Code 1.90.1. Extension requires: ^1.92.0.
2024-11-11 15:26:14.877 [error] [/home/will/.vscode/extensions/ms-python.python-2024.14.1-linux-x64]: Extension is not compatible with Code 1.90.1. Extension requires: ^1.91.0.
2024-11-11 15:26:14.881 [error] [/home/will/.vscode/extensions/ms-python.debugpy-2024.10.0-linux-x64]: Extension is not compatible with Code 1.90.1. Extension requires: ^1.92.0.
2024-11-11 15:26:14.884 [error] [/home/will/.vscode/extensions/ms-python.python-2024.14.1-linux-x64]: Extension is not compatible with Code 1.90.1. Extension requires: ^1.91.0.
2024-11-11 15:26:15.260 [info] Deleted uninstalled extension from disk ms-vscode.cmake-tools /home/will/.vscode/extensions/ms-vscode.cmake-tools-1.19.51
2024-11-11 15:26:15.377 [error] [/home/will/.vscode/extensions/ms-python.debugpy-2024.10.0-linux-x64]: Extension is not compatible with Code 1.90.1. Extension requires: ^1.92.0.
2024-11-11 15:26:15.379 [error] [/home/will/.vscode/extensions/ms-python.python-2024.14.1-linux-x64]: Extension is not compatible with Code 1.90.1. Extension requires: ^1.91.0.
2024-11-11 15:26:15.474 [error] [/home/will/.vscode/extensions/ms-python.debugpy-2024.10.0-linux-x64]: Extension is not compatible with Code 1.90.1. Extension requires: ^1.92.0.
2024-11-11 15:26:15.479 [error] [/home/will/.vscode/extensions/ms-python.python-2024.14.1-linux-x64]: Extension is not compatible with Code 1.90.1. Extension requires: ^1.91.0.
2024-11-11 15:26:15.524 [error] [/home/will/.vscode/extensions/ms-python.debugpy-2024.10.0-linux-x64]: Extension is not compatible with Code 1.90.1. Extension requires: ^1.92.0.
2024-11-11 15:26:15.530 [error] [/home/will/.vscode/extensions/ms-python.python-2024.14.1-linux-x64]: Extension is not compatible with Code 1.90.1. Extension requires: ^1.91.0.
2024-11-11 15:26:15.552 [error] [/home/will/.vscode/extensions/ms-python.debugpy-2024.10.0-linux-x64]: Extension is not compatible with Code 1.90.1. Extension requires: ^1.92.0.
2024-11-11 15:26:15.556 [error] [/home/will/.vscode/extensions/ms-python.python-2024.14.1-linux-x64]: Extension is not compatible with Code 1.90.1. Extension requires: ^1.91.0.
2024-11-11 15:26:16.585 [error] [/home/will/.vscode/extensions/ms-python.debugpy-2024.10.0-linux-x64]: Extension is not compatible with Code 1.90.1. Extension requires: ^1.92.0.
2024-11-11 15:26:16.586 [error] [/home/will/.vscode/extensions/ms-python.python-2024.14.1-linux-x64]: Extension is not compatible with Code 1.90.1. Extension requires: ^1.91.0.
2024-11-11 15:26:17.288 [error] [/home/will/.vscode/extensions/ms-python.debugpy-2024.10.0-linux-x64]: Extension is not compatible with Code 1.90.1. Extension requires: ^1.92.0.
2024-11-11 15:26:17.331 [error] [/home/will/.vscode/extensions/ms-python.python-2024.14.1-linux-x64]: Extension is not compatible with Code 1.90.1. Extension requires: ^1.91.0.
2024-11-11 15:26:17.622 [error] [/home/will/.vscode/extensions/ms-python.debugpy-2024.10.0-linux-x64]: Extension is not compatible with Code 1.90.1. Extension requires: ^1.92.0.
2024-11-11 15:26:17.626 [error] [/home/will/.vscode/extensions/ms-python.python-2024.14.1-linux-x64]: Extension is not compatible with Code 1.90.1. Extension requires: ^1.91.0.
2024-11-11 15:26:18.349 [error] [/home/will/.vscode/extensions/ms-python.debugpy-2024.10.0-linux-x64]: Extension is not compatible with Code 1.90.1. Extension requires: ^1.92.0.
2024-11-11 15:26:18.372 [error] [/home/will/.vscode/extensions/ms-python.python-2024.14.1-linux-x64]: Extension is not compatible with Code 1.90.1. Extension requires: ^1.91.0.
2024-11-11 15:26:19.819 [error] [/home/will/.vscode/extensions/ms-python.debugpy-2024.10.0-linux-x64]: Extension is not compatible with Code 1.90.1. Extension requires: ^1.92.0.
2024-11-11 15:26:19.827 [error] [/home/will/.vscode/extensions/ms-python.python-2024.14.1-linux-x64]: Extension is not compatible with Code 1.90.1. Extension requires: ^1.91.0.
2024-11-11 15:26:21.392 [error] [/home/will/.vscode/extensions/ms-python.debugpy-2024.10.0-linux-x64]: Extension is not compatible with Code 1.90.1. Extension requires: ^1.92.0.
2024-11-11 15:26:21.398 [error] [/home/will/.vscode/extensions/ms-python.python-2024.14.1-linux-x64]: Extension is not compatible with Code 1.90.1. Extension requires: ^1.91.0.
2024-11-11 15:26:22.881 [error] [/home/will/.vscode/extensions/ms-python.debugpy-2024.10.0-linux-x64]: Extension is not compatible with Code 1.90.1. Extension requires: ^1.92.0.
2024-11-11 15:26:22.886 [error] [/home/will/.vscode/extensions/ms-python.python-2024.14.1-linux-x64]: Extension is not compatible with Code 1.90.1. Extension requires: ^1.91.0.
2024-11-11 15:26:23.174 [error] [/home/will/.vscode/extensions/ms-python.python-2024.14.1-linux-x64]: Extension is not compatible with Code 1.90.1. Extension requires: ^1.91.0.
2024-11-11 15:26:23.175 [error] [/home/will/.vscode/extensions/ms-python.debugpy-2024.10.0-linux-x64]: Extension is not compatible with Code 1.90.1. Extension requires: ^1.92.0.
2024-11-11 15:26:24.065 [error] [/home/will/.vscode/extensions/ms-python.debugpy-2024.10.0-linux-x64]: Extension is not compatible with Code 1.90.1. Extension requires: ^1.92.0.
2024-11-11 15:26:24.082 [error] [/home/will/.vscode/extensions/ms-python.python-2024.14.1-linux-x64]: Extension is not compatible with Code 1.90.1. Extension requires: ^1.91.0.
2024-11-11 15:26:24.929 [error] [/home/will/.vscode/extensions/ms-python.debugpy-2024.10.0-linux-x64]: Extension is not compatible with Code 1.90.1. Extension requires: ^1.92.0.
2024-11-11 15:26:24.933 [error] [/home/will/.vscode/extensions/ms-python.python-2024.14.1-linux-x64]: Extension is not compatible with Code 1.90.1. Extension requires: ^1.91.0.
2024-11-11 15:26:26.195 [info] Getting Manifest... ecmel.vscode-html-css
2024-11-11 15:26:26.495 [info] Installing extension: ecmel.vscode-html-css vscode-userdata:/home/will/.vscode/extensions/extensions.json
2024-11-11 15:26:26.985 [error] [/home/will/.vscode/extensions/ms-python.debugpy-2024.10.0-linux-x64]: Extension is not compatible with Code 1.90.1. Extension requires: ^1.92.0.
2024-11-11 15:26:26.992 [error] [/home/will/.vscode/extensions/ms-python.python-2024.14.1-linux-x64]: Extension is not compatible with Code 1.90.1. Extension requires: ^1.91.0.
2024-11-11 15:26:27.019 [error] [/home/will/.vscode/extensions/ms-python.debugpy-2024.10.0-linux-x64]: Extension is not compatible with Code 1.90.1. Extension requires: ^1.92.0.
2024-11-11 15:26:27.022 [error] [/home/will/.vscode/extensions/ms-python.python-2024.14.1-linux-x64]: Extension is not compatible with Code 1.90.1. Extension requires: ^1.91.0.
2024-11-11 15:26:27.397 [error] [/home/will/.vscode/extensions/ms-python.debugpy-2024.10.0-linux-x64]: Extension is not compatible with Code 1.90.1. Extension requires: ^1.92.0.
2024-11-11 15:26:27.399 [error] [/home/will/.vscode/extensions/ms-python.python-2024.14.1-linux-x64]: Extension is not compatible with Code 1.90.1. Extension requires: ^1.91.0.
2024-11-11 15:26:27.424 [error] [/home/will/.vscode/extensions/ms-python.debugpy-2024.10.0-linux-x64]: Extension is not compatible with Code 1.90.1. Extension requires: ^1.92.0.
2024-11-11 15:26:27.425 [error] [/home/will/.vscode/extensions/ms-python.python-2024.14.1-linux-x64]: Extension is not compatible with Code 1.90.1. Extension requires: ^1.91.0.
2024-11-11 15:26:27.451 [error] [/home/will/.vscode/extensions/ms-python.debugpy-2024.10.0-linux-x64]: Extension is not compatible with Code 1.90.1. Extension requires: ^1.92.0.
2024-11-11 15:26:27.454 [error] [/home/will/.vscode/extensions/ms-python.python-2024.14.1-linux-x64]: Extension is not compatible with Code 1.90.1. Extension requires: ^1.91.0.
2024-11-11 15:26:27.669 [error] [/home/will/.vscode/extensions/ms-python.debugpy-2024.10.0-linux-x64]: Extension is not compatible with Code 1.90.1. Extension requires: ^1.92.0.
2024-11-11 15:26:27.674 [error] [/home/will/.vscode/extensions/ms-python.python-2024.14.1-linux-x64]: Extension is not compatible with Code 1.90.1. Extension requires: ^1.91.0.
2024-11-11 15:26:34.025 [info] Extension signature verification result for ecmel.vscode-html-css: Success. Executed: true. Duration: 5100ms.
2024-11-11 15:26:34.056 [info] Extracted extension to file:///home/will/.vscode/extensions/ecmel.vscode-html-css-2.0.11: ecmel.vscode-html-css
2024-11-11 15:26:34.112 [info] Renamed to /home/will/.vscode/extensions/ecmel.vscode-html-css-2.0.11
2024-11-11 15:26:34.237 [info] Marked extension as uninstalled ecmel.vscode-html-css-2.0.10
2024-11-11 15:26:34.245 [error] [uncaught exception in sharedProcess]: Error: ENOENT: no such file or directory, stat '/home/will/.vscode/extensions/extensions.json.vsctmp': EntryNotFound (FileSystemError): Error: ENOENT: no such file or directory, stat '/home/will/.vscode/extensions/extensions.json.vsctmp'
    at c.create (/usr/share/code/resources/app/out/vs/code/node/sharedProcess/sharedProcessMain.js:53:19235)
    at m (/usr/share/code/resources/app/out/vs/code/node/sharedProcess/sharedProcessMain.js:53:19345)
    at t.hb (/usr/share/code/resources/app/out/vs/code/node/sharedProcess/sharedProcessMain.js:58:36685)
    at t.stat (/usr/share/code/resources/app/out/vs/code/node/sharedProcess/sharedProcessMain.js:58:29033)
    at async b.stat (/usr/share/code/resources/app/out/vs/code/node/sharedProcess/sharedProcessMain.js:58:14899)
    at async H.vb (/usr/share/code/resources/app/out/vs/code/node/sharedProcess/sharedProcessMain.js:104:117665)
2024-11-11 15:26:34.270 [error] [/home/will/.vscode/extensions/ms-python.debugpy-2024.10.0-linux-x64]: Extension is not compatible with Code 1.90.1. Extension requires: ^1.92.0.
2024-11-11 15:26:34.272 [error] [/home/will/.vscode/extensions/ms-python.python-2024.14.1-linux-x64]: Extension is not compatible with Code 1.90.1. Extension requires: ^1.91.0.
2024-11-11 15:26:34.322 [info] Extension installed successfully: ecmel.vscode-html-css vscode-userdata:/home/will/.vscode/extensions/extensions.json
2024-11-11 15:26:36.406 [info] Getting Manifest... ms-python.debugpy
2024-11-11 15:26:36.412 [info] Getting Manifest... ms-python.python
2024-11-11 15:26:36.517 [info] Installing extension: ms-python.python vscode-userdata:/home/will/.vscode/extensions/extensions.json
2024-11-11 15:26:36.525 [info] Installing extension: ms-python.debugpy vscode-userdata:/home/will/.vscode/extensions/extensions.json
2024-11-11 15:26:37.828 [info] Getting Manifest... ms-python.python
2024-11-11 15:26:38.113 [info] Waiting for already requested installing extension ms-python.python ms-python.debugpy vscode-userdata:/home/will/.vscode/extensions/extensions.json
2024-11-11 15:26:43.495 [info] Extension signature verification result for ms-python.python: Success. Executed: true. Duration: 4889ms.
2024-11-11 15:26:44.019 [info] Extension signature verification result for ms-python.debugpy: Success. Executed: true. Duration: 4499ms.
2024-11-11 15:26:47.252 [info] Extracted extension to file:///home/will/.vscode/extensions/ms-python.debugpy-2024.12.0-linux-x64: ms-python.debugpy
2024-11-11 15:26:47.346 [info] Renamed to /home/will/.vscode/extensions/ms-python.debugpy-2024.12.0-linux-x64
2024-11-11 15:26:47.354 [error] [/home/will/.vscode/extensions/ms-python.debugpy-2024.12.0-linux-x64]: Extension is not compatible with Code 1.90.1. Extension requires: ^1.92.0.
2024-11-11 15:26:47.497 [error] [uncaught exception in sharedProcess]: Error: ENOENT: no such file or directory, stat '/home/will/.vscode/extensions/extensions.json.vsctmp': EntryNotFound (FileSystemError): Error: ENOENT: no such file or directory, stat '/home/will/.vscode/extensions/extensions.json.vsctmp'
    at c.create (/usr/share/code/resources/app/out/vs/code/node/sharedProcess/sharedProcessMain.js:53:19235)
    at m (/usr/share/code/resources/app/out/vs/code/node/sharedProcess/sharedProcessMain.js:53:19345)
    at t.hb (/usr/share/code/resources/app/out/vs/code/node/sharedProcess/sharedProcessMain.js:58:36685)
    at t.stat (/usr/share/code/resources/app/out/vs/code/node/sharedProcess/sharedProcessMain.js:58:29033)
    at async b.stat (/usr/share/code/resources/app/out/vs/code/node/sharedProcess/sharedProcessMain.js:58:14899)
    at async H.vb (/usr/share/code/resources/app/out/vs/code/node/sharedProcess/sharedProcessMain.js:104:117665)
2024-11-11 15:26:52.130 [info] Extracted extension to file:///home/will/.vscode/extensions/ms-python.python-2024.18.1-linux-x64: ms-python.python
2024-11-11 15:26:52.142 [info] Renamed to /home/will/.vscode/extensions/ms-python.python-2024.18.1-linux-x64
2024-11-11 15:26:52.151 [error] [/home/will/.vscode/extensions/ms-python.python-2024.18.1-linux-x64]: Extension is not compatible with Code 1.90.1. Extension requires: ^1.94.0-20240918.
2024-11-11 15:26:52.320 [error] [uncaught exception in sharedProcess]: Error: ENOENT: no such file or directory, stat '/home/will/.vscode/extensions/extensions.json.vsctmp': EntryNotFound (FileSystemError): Error: ENOENT: no such file or directory, stat '/home/will/.vscode/extensions/extensions.json.vsctmp'
    at c.create (/usr/share/code/resources/app/out/vs/code/node/sharedProcess/sharedProcessMain.js:53:19235)
    at m (/usr/share/code/resources/app/out/vs/code/node/sharedProcess/sharedProcessMain.js:53:19345)
    at t.hb (/usr/share/code/resources/app/out/vs/code/node/sharedProcess/sharedProcessMain.js:58:36685)
    at t.stat (/usr/share/code/resources/app/out/vs/code/node/sharedProcess/sharedProcessMain.js:58:29033)
    at async b.stat (/usr/share/code/resources/app/out/vs/code/node/sharedProcess/sharedProcessMain.js:58:14899)
    at async H.vb (/usr/share/code/resources/app/out/vs/code/node/sharedProcess/sharedProcessMain.js:104:117665)
2024-11-11 15:26:52.453 [info] Extension installed successfully: ms-python.python vscode-userdata:/home/will/.vscode/extensions/extensions.json
2024-11-11 15:26:52.455 [info] Finished waiting for already requested installing extension ms-python.python ms-python.debugpy vscode-userdata:/home/will/.vscode/extensions/extensions.json
2024-11-11 15:26:52.462 [info] Extension installed successfully: ms-python.debugpy vscode-userdata:/home/will/.vscode/extensions/extensions.json
