2024-08-15 16:51:29.080 [warning] [cmake-tools]: Couldn't find message for key cmake-tools.configuration.cmake.deleteBuildDirOnCleanCconfigure.description.
2024-08-15 16:51:29.085 [error] [/home/will/.vscode/extensions/ms-python.debugpy-2024.10.0-linux-x64]: Extension is not compatible with Code 1.90.1. Extension requires: ^1.92.0.
2024-08-15 16:51:29.122 [warning] [cmake-tools]: Couldn't find message for key cmake-tools.configuration.cmake.deleteBuildDirOnCleanCconfigure.description.
2024-08-15 16:51:29.127 [error] [/home/will/.vscode/extensions/ms-python.debugpy-2024.10.0-linux-x64]: Extension is not compatible with Code 1.90.1. Extension requires: ^1.92.0.
2024-08-15 16:51:29.413 [error] [/home/will/.vscode/extensions/ms-python.debugpy-2024.10.0-linux-x64]: Extension is not compatible with Code 1.90.1. Extension requires: ^1.92.0.
2024-08-15 16:51:29.416 [warning] [cmake-tools]: Couldn't find message for key cmake-tools.configuration.cmake.deleteBuildDirOnCleanCconfigure.description.
2024-08-15 16:51:29.528 [error] [/home/will/.vscode/extensions/ms-python.debugpy-2024.10.0-linux-x64]: Extension is not compatible with Code 1.90.1. Extension requires: ^1.92.0.
2024-08-15 16:51:29.532 [warning] [cmake-tools]: Couldn't find message for key cmake-tools.configuration.cmake.deleteBuildDirOnCleanCconfigure.description.
2024-08-15 16:51:29.640 [warning] [cmake-tools]: Couldn't find message for key cmake-tools.configuration.cmake.deleteBuildDirOnCleanCconfigure.description.
2024-08-15 16:51:29.641 [error] [/home/will/.vscode/extensions/ms-python.debugpy-2024.10.0-linux-x64]: Extension is not compatible with Code 1.90.1. Extension requires: ^1.92.0.
2024-08-15 16:51:29.668 [info] Deleted uninstalled extension from disk ms-python.python /home/will/.vscode/extensions/ms-python.python-2024.12.1-linux-x64
2024-08-15 16:51:29.710 [warning] [cmake-tools]: Couldn't find message for key cmake-tools.configuration.cmake.deleteBuildDirOnCleanCconfigure.description.
2024-08-15 16:51:29.710 [error] [/home/will/.vscode/extensions/ms-python.debugpy-2024.10.0-linux-x64]: Extension is not compatible with Code 1.90.1. Extension requires: ^1.92.0.
2024-08-15 16:51:30.284 [warning] [cmake-tools]: Couldn't find message for key cmake-tools.configuration.cmake.deleteBuildDirOnCleanCconfigure.description.
2024-08-15 16:51:30.287 [error] [/home/will/.vscode/extensions/ms-python.debugpy-2024.10.0-linux-x64]: Extension is not compatible with Code 1.90.1. Extension requires: ^1.92.0.
2024-08-15 16:51:30.350 [warning] [cmake-tools]: Couldn't find message for key cmake-tools.configuration.cmake.deleteBuildDirOnCleanCconfigure.description.
2024-08-15 16:51:30.352 [error] [/home/will/.vscode/extensions/ms-python.debugpy-2024.10.0-linux-x64]: Extension is not compatible with Code 1.90.1. Extension requires: ^1.92.0.
2024-08-15 16:51:30.604 [warning] [cmake-tools]: Couldn't find message for key cmake-tools.configuration.cmake.deleteBuildDirOnCleanCconfigure.description.
2024-08-15 16:51:30.605 [error] [/home/will/.vscode/extensions/ms-python.debugpy-2024.10.0-linux-x64]: Extension is not compatible with Code 1.90.1. Extension requires: ^1.92.0.
2024-08-15 16:51:31.149 [error] [/home/will/.vscode/extensions/ms-python.debugpy-2024.10.0-linux-x64]: Extension is not compatible with Code 1.90.1. Extension requires: ^1.92.0.
2024-08-15 16:51:31.159 [warning] [cmake-tools]: Couldn't find message for key cmake-tools.configuration.cmake.deleteBuildDirOnCleanCconfigure.description.
2024-08-15 16:51:31.803 [warning] [cmake-tools]: Couldn't find message for key cmake-tools.configuration.cmake.deleteBuildDirOnCleanCconfigure.description.
2024-08-15 16:51:31.803 [error] [/home/will/.vscode/extensions/ms-python.debugpy-2024.10.0-linux-x64]: Extension is not compatible with Code 1.90.1. Extension requires: ^1.92.0.
2024-08-15 16:51:32.090 [error] [/home/will/.vscode/extensions/ms-python.debugpy-2024.10.0-linux-x64]: Extension is not compatible with Code 1.90.1. Extension requires: ^1.92.0.
2024-08-15 16:51:32.096 [warning] [cmake-tools]: Couldn't find message for key cmake-tools.configuration.cmake.deleteBuildDirOnCleanCconfigure.description.
2024-08-15 16:51:32.371 [warning] [cmake-tools]: Couldn't find message for key cmake-tools.configuration.cmake.deleteBuildDirOnCleanCconfigure.description.
2024-08-15 16:51:32.383 [error] [/home/will/.vscode/extensions/ms-python.debugpy-2024.10.0-linux-x64]: Extension is not compatible with Code 1.90.1. Extension requires: ^1.92.0.
2024-08-15 16:51:32.387 [warning] [cmake-tools]: Couldn't find message for key cmake-tools.configuration.cmake.deleteBuildDirOnCleanCconfigure.description.
2024-08-15 16:51:32.388 [error] [/home/will/.vscode/extensions/ms-python.debugpy-2024.10.0-linux-x64]: Extension is not compatible with Code 1.90.1. Extension requires: ^1.92.0.
2024-08-15 16:51:32.732 [warning] [cmake-tools]: Couldn't find message for key cmake-tools.configuration.cmake.deleteBuildDirOnCleanCconfigure.description.
2024-08-15 16:51:32.735 [error] [/home/will/.vscode/extensions/ms-python.debugpy-2024.10.0-linux-x64]: Extension is not compatible with Code 1.90.1. Extension requires: ^1.92.0.
2024-08-15 16:51:33.355 [error] [/home/will/.vscode/extensions/ms-python.debugpy-2024.10.0-linux-x64]: Extension is not compatible with Code 1.90.1. Extension requires: ^1.92.0.
2024-08-15 16:51:33.357 [warning] [cmake-tools]: Couldn't find message for key cmake-tools.configuration.cmake.deleteBuildDirOnCleanCconfigure.description.
2024-08-15 16:51:33.782 [error] [/home/will/.vscode/extensions/ms-python.debugpy-2024.10.0-linux-x64]: Extension is not compatible with Code 1.90.1. Extension requires: ^1.92.0.
2024-08-15 16:51:33.785 [warning] [cmake-tools]: Couldn't find message for key cmake-tools.configuration.cmake.deleteBuildDirOnCleanCconfigure.description.
2024-08-15 16:51:34.230 [warning] [cmake-tools]: Couldn't find message for key cmake-tools.configuration.cmake.deleteBuildDirOnCleanCconfigure.description.
2024-08-15 16:51:34.233 [error] [/home/will/.vscode/extensions/ms-python.debugpy-2024.10.0-linux-x64]: Extension is not compatible with Code 1.90.1. Extension requires: ^1.92.0.
2024-08-15 16:51:34.692 [warning] [cmake-tools]: Couldn't find message for key cmake-tools.configuration.cmake.deleteBuildDirOnCleanCconfigure.description.
2024-08-15 16:51:34.693 [error] [/home/will/.vscode/extensions/ms-python.debugpy-2024.10.0-linux-x64]: Extension is not compatible with Code 1.90.1. Extension requires: ^1.92.0.
2024-08-15 16:51:34.696 [error] [/home/will/.vscode/extensions/ms-python.debugpy-2024.10.0-linux-x64]: Extension is not compatible with Code 1.90.1. Extension requires: ^1.92.0.
2024-08-15 16:51:34.697 [warning] [cmake-tools]: Couldn't find message for key cmake-tools.configuration.cmake.deleteBuildDirOnCleanCconfigure.description.
2024-08-15 16:51:35.293 [info] Getting Manifest... elltg.elltg-npm-script-run
2024-08-15 16:51:35.302 [info] Getting Manifest... ms-python.python
2024-08-15 16:51:35.694 [info] Installing extension: elltg.elltg-npm-script-run vscode-userdata:/home/will/.vscode/extensions/extensions.json
2024-08-15 16:51:35.698 [info] Installing extension: ms-python.python vscode-userdata:/home/will/.vscode/extensions/extensions.json
2024-08-15 16:51:35.901 [error] [/home/will/.vscode/extensions/ms-python.debugpy-2024.10.0-linux-x64]: Extension is not compatible with Code 1.90.1. Extension requires: ^1.92.0.
2024-08-15 16:51:35.904 [warning] [cmake-tools]: Couldn't find message for key cmake-tools.configuration.cmake.deleteBuildDirOnCleanCconfigure.description.
2024-08-15 16:51:35.913 [warning] [cmake-tools]: Couldn't find message for key cmake-tools.configuration.cmake.deleteBuildDirOnCleanCconfigure.description.
2024-08-15 16:51:35.915 [error] [/home/will/.vscode/extensions/ms-python.debugpy-2024.10.0-linux-x64]: Extension is not compatible with Code 1.90.1. Extension requires: ^1.92.0.
2024-08-15 16:51:36.110 [warning] [cmake-tools]: Couldn't find message for key cmake-tools.configuration.cmake.deleteBuildDirOnCleanCconfigure.description.
2024-08-15 16:51:36.110 [error] [/home/will/.vscode/extensions/ms-python.debugpy-2024.10.0-linux-x64]: Extension is not compatible with Code 1.90.1. Extension requires: ^1.92.0.
2024-08-15 16:51:36.176 [warning] [cmake-tools]: Couldn't find message for key cmake-tools.configuration.cmake.deleteBuildDirOnCleanCconfigure.description.
2024-08-15 16:51:36.179 [error] [/home/will/.vscode/extensions/ms-python.debugpy-2024.10.0-linux-x64]: Extension is not compatible with Code 1.90.1. Extension requires: ^1.92.0.
2024-08-15 16:51:36.349 [warning] [cmake-tools]: Couldn't find message for key cmake-tools.configuration.cmake.deleteBuildDirOnCleanCconfigure.description.
2024-08-15 16:51:36.350 [error] [/home/will/.vscode/extensions/ms-python.debugpy-2024.10.0-linux-x64]: Extension is not compatible with Code 1.90.1. Extension requires: ^1.92.0.
2024-08-15 16:51:36.381 [error] [/home/will/.vscode/extensions/ms-python.debugpy-2024.10.0-linux-x64]: Extension is not compatible with Code 1.90.1. Extension requires: ^1.92.0.
2024-08-15 16:51:36.383 [warning] [cmake-tools]: Couldn't find message for key cmake-tools.configuration.cmake.deleteBuildDirOnCleanCconfigure.description.
2024-08-15 16:51:41.840 [info] Extension signature verification result for elltg.elltg-npm-script-run: Success. Executed: true. Duration: 2125ms.
2024-08-15 16:51:41.944 [info] Extracted extension to file:///home/will/.vscode/extensions/elltg.elltg-npm-script-run-1.0.8: elltg.elltg-npm-script-run
2024-08-15 16:51:42.004 [info] Renamed to /home/will/.vscode/extensions/elltg.elltg-npm-script-run-1.0.8
2024-08-15 16:51:42.055 [error] [uncaught exception in sharedProcess]: Error: ENOENT: no such file or directory, stat '/home/will/.vscode/extensions/extensions.json.vsctmp': EntryNotFound (FileSystemError): Error: ENOENT: no such file or directory, stat '/home/will/.vscode/extensions/extensions.json.vsctmp'
    at c.create (/usr/share/code/resources/app/out/vs/code/node/sharedProcess/sharedProcessMain.js:53:19235)
    at m (/usr/share/code/resources/app/out/vs/code/node/sharedProcess/sharedProcessMain.js:53:19345)
    at t.hb (/usr/share/code/resources/app/out/vs/code/node/sharedProcess/sharedProcessMain.js:58:36685)
    at t.stat (/usr/share/code/resources/app/out/vs/code/node/sharedProcess/sharedProcessMain.js:58:29033)
    at async b.stat (/usr/share/code/resources/app/out/vs/code/node/sharedProcess/sharedProcessMain.js:58:14899)
    at async H.vb (/usr/share/code/resources/app/out/vs/code/node/sharedProcess/sharedProcessMain.js:104:117665)
2024-08-15 16:51:42.113 [info] Marked extension as uninstalled elltg.elltg-npm-script-run-1.0.7
2024-08-15 16:51:42.144 [warning] [cmake-tools]: Couldn't find message for key cmake-tools.configuration.cmake.deleteBuildDirOnCleanCconfigure.description.
2024-08-15 16:51:42.146 [error] [/home/will/.vscode/extensions/ms-python.debugpy-2024.10.0-linux-x64]: Extension is not compatible with Code 1.90.1. Extension requires: ^1.92.0.
2024-08-15 16:51:42.185 [info] Extension installed successfully: elltg.elltg-npm-script-run vscode-userdata:/home/will/.vscode/extensions/extensions.json
2024-08-15 16:51:46.931 [info] Extension signature verification result for ms-python.python: Success. Executed: true. Duration: 1362ms.
2024-08-15 16:51:49.633 [info] Extracted extension to file:///home/will/.vscode/extensions/ms-python.python-2024.12.3-linux-x64: ms-python.python
2024-08-15 16:51:49.787 [info] Renamed to /home/will/.vscode/extensions/ms-python.python-2024.12.3-linux-x64
2024-08-15 16:51:49.922 [error] [uncaught exception in sharedProcess]: Error: ENOENT: no such file or directory, stat '/home/will/.vscode/extensions/extensions.json.vsctmp': EntryNotFound (FileSystemError): Error: ENOENT: no such file or directory, stat '/home/will/.vscode/extensions/extensions.json.vsctmp'
    at c.create (/usr/share/code/resources/app/out/vs/code/node/sharedProcess/sharedProcessMain.js:53:19235)
    at m (/usr/share/code/resources/app/out/vs/code/node/sharedProcess/sharedProcessMain.js:53:19345)
    at t.hb (/usr/share/code/resources/app/out/vs/code/node/sharedProcess/sharedProcessMain.js:58:36685)
    at t.stat (/usr/share/code/resources/app/out/vs/code/node/sharedProcess/sharedProcessMain.js:58:29033)
    at async b.stat (/usr/share/code/resources/app/out/vs/code/node/sharedProcess/sharedProcessMain.js:58:14899)
    at async H.vb (/usr/share/code/resources/app/out/vs/code/node/sharedProcess/sharedProcessMain.js:104:117665)
2024-08-15 16:51:49.941 [error] [/home/will/.vscode/extensions/ms-python.debugpy-2024.10.0-linux-x64]: Extension is not compatible with Code 1.90.1. Extension requires: ^1.92.0.
2024-08-15 16:51:49.945 [warning] [cmake-tools]: Couldn't find message for key cmake-tools.configuration.cmake.deleteBuildDirOnCleanCconfigure.description.
2024-08-15 16:51:49.947 [info] Marked extension as uninstalled ms-python.python-2024.12.2-linux-x64
2024-08-15 16:51:49.971 [info] Extension installed successfully: ms-python.python vscode-userdata:/home/will/.vscode/extensions/extensions.json
2024-08-15 16:51:58.860 [info] Getting Manifest... ms-python.debugpy
2024-08-15 16:51:58.871 [info] Installing extension: ms-python.debugpy vscode-userdata:/home/will/.vscode/extensions/extensions.json
2024-08-15 16:51:58.944 [warning] [cmake-tools]: Couldn't find message for key cmake-tools.configuration.cmake.deleteBuildDirOnCleanCconfigure.description.
2024-08-15 16:51:59.732 [info] Getting Manifest... ms-python.python
2024-08-15 16:51:59.823 [warning] [cmake-tools]: Couldn't find message for key cmake-tools.configuration.cmake.deleteBuildDirOnCleanCconfigure.description.
2024-08-15 16:51:59.932 [warning] [cmake-tools]: Couldn't find message for key cmake-tools.configuration.cmake.deleteBuildDirOnCleanCconfigure.description.
2024-08-15 16:51:59.973 [error] [/home/will/.vscode/extensions/ms-python.debugpy-2024.10.0-linux-x64]: Extension is not compatible with Code 1.90.1. Extension requires: ^1.92.0.
2024-08-15 16:52:00.059 [warning] [cmake-tools]: Couldn't find message for key cmake-tools.configuration.cmake.deleteBuildDirOnCleanCconfigure.description.
2024-08-15 16:52:00.063 [error] [uncaught exception in sharedProcess]: Error: ENOENT: no such file or directory, stat '/home/will/.vscode/extensions/extensions.json.vsctmp': EntryNotFound (FileSystemError): Error: ENOENT: no such file or directory, stat '/home/will/.vscode/extensions/extensions.json.vsctmp'
    at c.create (/usr/share/code/resources/app/out/vs/code/node/sharedProcess/sharedProcessMain.js:53:19235)
    at m (/usr/share/code/resources/app/out/vs/code/node/sharedProcess/sharedProcessMain.js:53:19345)
    at t.hb (/usr/share/code/resources/app/out/vs/code/node/sharedProcess/sharedProcessMain.js:58:36685)
    at t.stat (/usr/share/code/resources/app/out/vs/code/node/sharedProcess/sharedProcessMain.js:58:29033)
    at async b.stat (/usr/share/code/resources/app/out/vs/code/node/sharedProcess/sharedProcessMain.js:58:14899)
    at async H.vb (/usr/share/code/resources/app/out/vs/code/node/sharedProcess/sharedProcessMain.js:104:117665)
2024-08-15 16:52:00.084 [info] Extension installed successfully: ms-python.debugpy vscode-userdata:/home/will/.vscode/extensions/extensions.json
2024-08-15 16:56:34.834 [error] [/home/will/.vscode/extensions/ms-python.debugpy-2024.10.0-linux-x64]: Extension is not compatible with Code 1.90.1. Extension requires: ^1.92.0.
2024-08-15 16:56:34.842 [warning] [cmake-tools]: Couldn't find message for key cmake-tools.configuration.cmake.deleteBuildDirOnCleanCconfigure.description.
2024-08-15 17:01:35.457 [error] [/home/will/.vscode/extensions/ms-python.debugpy-2024.10.0-linux-x64]: Extension is not compatible with Code 1.90.1. Extension requires: ^1.92.0.
2024-08-15 17:01:35.461 [warning] [cmake-tools]: Couldn't find message for key cmake-tools.configuration.cmake.deleteBuildDirOnCleanCconfigure.description.
2024-08-15 17:06:35.525 [error] [/home/will/.vscode/extensions/ms-python.debugpy-2024.10.0-linux-x64]: Extension is not compatible with Code 1.90.1. Extension requires: ^1.92.0.
2024-08-15 17:06:35.527 [warning] [cmake-tools]: Couldn't find message for key cmake-tools.configuration.cmake.deleteBuildDirOnCleanCconfigure.description.
2024-08-15 17:11:35.586 [warning] [cmake-tools]: Couldn't find message for key cmake-tools.configuration.cmake.deleteBuildDirOnCleanCconfigure.description.
2024-08-15 17:11:35.587 [error] [/home/will/.vscode/extensions/ms-python.debugpy-2024.10.0-linux-x64]: Extension is not compatible with Code 1.90.1. Extension requires: ^1.92.0.
2024-08-15 17:16:35.639 [warning] [cmake-tools]: Couldn't find message for key cmake-tools.configuration.cmake.deleteBuildDirOnCleanCconfigure.description.
2024-08-15 17:16:35.640 [error] [/home/will/.vscode/extensions/ms-python.debugpy-2024.10.0-linux-x64]: Extension is not compatible with Code 1.90.1. Extension requires: ^1.92.0.
2024-08-15 17:21:35.763 [error] [/home/will/.vscode/extensions/ms-python.debugpy-2024.10.0-linux-x64]: Extension is not compatible with Code 1.90.1. Extension requires: ^1.92.0.
2024-08-15 17:21:35.766 [warning] [cmake-tools]: Couldn't find message for key cmake-tools.configuration.cmake.deleteBuildDirOnCleanCconfigure.description.
2024-08-15 17:26:35.820 [error] [/home/will/.vscode/extensions/ms-python.debugpy-2024.10.0-linux-x64]: Extension is not compatible with Code 1.90.1. Extension requires: ^1.92.0.
2024-08-15 17:26:35.824 [warning] [cmake-tools]: Couldn't find message for key cmake-tools.configuration.cmake.deleteBuildDirOnCleanCconfigure.description.
2024-08-15 17:31:35.874 [error] [/home/will/.vscode/extensions/ms-python.debugpy-2024.10.0-linux-x64]: Extension is not compatible with Code 1.90.1. Extension requires: ^1.92.0.
2024-08-15 17:31:35.875 [warning] [cmake-tools]: Couldn't find message for key cmake-tools.configuration.cmake.deleteBuildDirOnCleanCconfigure.description.
2024-08-15 17:36:35.943 [error] [/home/will/.vscode/extensions/ms-python.debugpy-2024.10.0-linux-x64]: Extension is not compatible with Code 1.90.1. Extension requires: ^1.92.0.
2024-08-15 17:36:35.944 [warning] [cmake-tools]: Couldn't find message for key cmake-tools.configuration.cmake.deleteBuildDirOnCleanCconfigure.description.
2024-08-15 17:41:36.024 [error] [/home/will/.vscode/extensions/ms-python.debugpy-2024.10.0-linux-x64]: Extension is not compatible with Code 1.90.1. Extension requires: ^1.92.0.
2024-08-15 17:41:36.027 [warning] [cmake-tools]: Couldn't find message for key cmake-tools.configuration.cmake.deleteBuildDirOnCleanCconfigure.description.
