2024-08-21 17:54:09.992 [info] Log level: Info
2024-08-21 17:54:09.992 [info] Validating found git in: "git"
2024-08-21 17:54:09.992 [info] Using git "2.39.2" from "git"
2024-08-21 17:54:09.992 [info] > git rev-parse --show-toplevel [84ms]
2024-08-21 17:54:09.992 [info] > git rev-parse --git-dir --git-common-dir [50ms]
2024-08-21 17:54:09.992 [info] Open repository: /home/will/holbertonschool-web_back_end
2024-08-21 17:54:09.992 [info] > git rev-parse --show-toplevel [512ms]
2024-08-21 17:54:09.992 [info] > git config --get commit.template [570ms]
2024-08-21 17:54:09.992 [info] > git rev-parse --show-toplevel [52ms]
2024-08-21 17:54:09.997 [info] > git for-each-ref --format=%(refname)%00%(upstream:short)%00%(objectname)%00%(upstream:track)%00%(upstream:remotename)%00%(upstream:remoteref) refs/heads/main refs/remotes/main [26ms]
2024-08-21 17:54:10.076 [info] > git status -z -uall [61ms]
2024-08-21 17:54:10.153 [info] > git merge-base refs/heads/main refs/remotes/origin/main [49ms]
2024-08-21 17:54:10.187 [info] > git config --get commit.template [36ms]
2024-08-21 17:54:10.212 [info] > git rev-list --count --left-right refs/heads/main...refs/remotes/origin/main [32ms]
2024-08-21 17:54:10.232 [info] > git for-each-ref --format=%(refname)%00%(upstream:short)%00%(objectname)%00%(upstream:track)%00%(upstream:remotename)%00%(upstream:remoteref) refs/heads/main refs/remotes/main [22ms]
2024-08-21 17:54:10.241 [info] > git diff --name-status -z --diff-filter=ADMR 7e00052345058b4722b50b2a1511fe9f5a1b8b35...refs/remotes/origin/main [15ms]
2024-08-21 17:54:10.272 [info] > git status -z -uall [15ms]
2024-08-21 17:54:10.417 [info] > git check-ignore -v -z --stdin [11ms]
2024-08-21 17:54:13.247 [info] > git show --textconv :ES6_classes/README.md [10ms]
2024-08-21 17:54:13.250 [info] > git ls-files --stage -- /home/will/holbertonschool-web_back_end/ES6_classes/README.md [6ms]
2024-08-21 17:54:13.265 [info] > git cat-file -s 5dd2eac2e98505c80d262d40fb5ff2ecf24c774a [5ms]
2024-08-21 18:14:40.004 [info] > git config --get commit.template [9ms]
2024-08-21 18:14:40.004 [info] > git for-each-ref --format=%(refname)%00%(upstream:short)%00%(objectname)%00%(upstream:track)%00%(upstream:remotename)%00%(upstream:remoteref) refs/heads/main refs/remotes/main [3ms]
2024-08-21 18:14:40.013 [info] > git status -z -uall [4ms]
2024-08-21 18:14:50.201 [info] > git config --get commit.template [6ms]
2024-08-21 18:14:50.202 [info] > git for-each-ref --format=%(refname)%00%(upstream:short)%00%(objectname)%00%(upstream:track)%00%(upstream:remotename)%00%(upstream:remoteref) refs/heads/main refs/remotes/main [3ms]
2024-08-21 18:14:50.211 [info] > git status -z -uall [3ms]
2024-08-21 18:14:55.623 [info] > git config --get commit.template [4ms]
2024-08-21 18:14:55.636 [info] > git for-each-ref --format=%(refname)%00%(upstream:short)%00%(objectname)%00%(upstream:track)%00%(upstream:remotename)%00%(upstream:remoteref) refs/heads/main refs/remotes/main [6ms]
2024-08-21 18:14:55.645 [info] > git status -z -uall [4ms]
2024-08-21 18:16:02.629 [info] > git config --get commit.template [7ms]
2024-08-21 18:16:02.641 [info] > git for-each-ref --format=%(refname)%00%(upstream:short)%00%(objectname)%00%(upstream:track)%00%(upstream:remotename)%00%(upstream:remoteref) refs/heads/main refs/remotes/main [3ms]
2024-08-21 18:16:02.652 [info] > git status -z -uall [4ms]
2024-08-21 18:16:18.865 [info] > git config --get commit.template [2ms]
2024-08-21 18:16:18.881 [info] > git for-each-ref --format=%(refname)%00%(upstream:short)%00%(objectname)%00%(upstream:track)%00%(upstream:remotename)%00%(upstream:remoteref) refs/heads/main refs/remotes/main [4ms]
2024-08-21 18:16:18.909 [info] > git status -z -uall [6ms]
2024-08-21 18:16:23.938 [info] > git config --get commit.template [4ms]
2024-08-21 18:16:23.946 [info] > git for-each-ref --format=%(refname)%00%(upstream:short)%00%(objectname)%00%(upstream:track)%00%(upstream:remotename)%00%(upstream:remoteref) refs/heads/main refs/remotes/main [3ms]
2024-08-21 18:16:23.955 [info] > git status -z -uall [3ms]
2024-08-21 18:16:33.848 [info] > git config --get commit.template [5ms]
2024-08-21 18:16:33.864 [info] > git for-each-ref --format=%(refname)%00%(upstream:short)%00%(objectname)%00%(upstream:track)%00%(upstream:remotename)%00%(upstream:remoteref) refs/heads/main refs/remotes/main [6ms]
2024-08-21 18:16:33.877 [info] > git status -z -uall [3ms]
2024-08-21 18:16:43.357 [info] > git config --get commit.template [3ms]
2024-08-21 18:16:43.371 [info] > git for-each-ref --format=%(refname)%00%(upstream:short)%00%(objectname)%00%(upstream:track)%00%(upstream:remotename)%00%(upstream:remoteref) refs/heads/main refs/remotes/main [5ms]
2024-08-21 18:16:43.382 [info] > git status -z -uall [4ms]
2024-08-21 18:16:48.400 [info] > git config --get commit.template [6ms]
2024-08-21 18:16:48.401 [info] > git for-each-ref --format=%(refname)%00%(upstream:short)%00%(objectname)%00%(upstream:track)%00%(upstream:remotename)%00%(upstream:remoteref) refs/heads/main refs/remotes/main [2ms]
2024-08-21 18:16:48.409 [info] > git status -z -uall [3ms]
2024-08-21 18:17:37.938 [info] > git config --get commit.template [2ms]
2024-08-21 18:17:37.949 [info] > git for-each-ref --format=%(refname)%00%(upstream:short)%00%(objectname)%00%(upstream:track)%00%(upstream:remotename)%00%(upstream:remoteref) refs/heads/main refs/remotes/main [2ms]
2024-08-21 18:17:37.960 [info] > git status -z -uall [6ms]
2024-08-21 18:17:37.973 [info] > git merge-base refs/heads/main refs/remotes/origin/main [5ms]
2024-08-21 18:17:37.981 [info] > git rev-list --count --left-right refs/heads/main...refs/remotes/origin/main [3ms]
2024-08-21 18:17:37.989 [info] > git diff --name-status -z --diff-filter=ADMR 858ca516d842c25acd4308bceb479e48d39aed1e...refs/remotes/origin/main [3ms]
2024-08-21 18:17:38.006 [info] > git ls-files --stage -- /home/will/holbertonschool-web_back_end/ES6_classes/README.md [1ms]
2024-08-21 18:17:38.021 [info] > git cat-file -s 5dd2eac2e98505c80d262d40fb5ff2ecf24c774a [3ms]
2024-08-21 18:17:38.049 [info] > git show --textconv :ES6_classes/README.md [5ms]
2024-08-21 18:17:43.840 [info] > git config --get commit.template [12ms]
2024-08-21 18:17:43.842 [info] > git for-each-ref --format=%(refname)%00%(upstream:short)%00%(objectname)%00%(upstream:track)%00%(upstream:remotename)%00%(upstream:remoteref) refs/heads/main refs/remotes/main [4ms]
2024-08-21 18:17:43.852 [info] > git status -z -uall [4ms]
2024-08-21 18:17:50.860 [info] > git config --get commit.template [18ms]
2024-08-21 18:17:50.862 [info] > git for-each-ref --format=%(refname)%00%(upstream:short)%00%(objectname)%00%(upstream:track)%00%(upstream:remotename)%00%(upstream:remoteref) refs/heads/main refs/remotes/main [7ms]
2024-08-21 18:17:50.875 [info] > git status -z -uall [4ms]
2024-08-21 18:17:55.917 [info] > git config --get commit.template [23ms]
2024-08-21 18:17:55.922 [info] > git for-each-ref --format=%(refname)%00%(upstream:short)%00%(objectname)%00%(upstream:track)%00%(upstream:remotename)%00%(upstream:remoteref) refs/heads/main refs/remotes/main [9ms]
2024-08-21 18:17:55.936 [info] > git status -z -uall [4ms]
2024-08-21 18:18:00.962 [info] > git config --get commit.template [8ms]
2024-08-21 18:18:00.964 [info] > git for-each-ref --format=%(refname)%00%(upstream:short)%00%(objectname)%00%(upstream:track)%00%(upstream:remotename)%00%(upstream:remoteref) refs/heads/main refs/remotes/main [3ms]
2024-08-21 18:18:00.972 [info] > git status -z -uall [3ms]
2024-08-21 18:18:07.454 [info] > git config --get commit.template [7ms]
2024-08-21 18:18:07.456 [info] > git for-each-ref --format=%(refname)%00%(upstream:short)%00%(objectname)%00%(upstream:track)%00%(upstream:remotename)%00%(upstream:remoteref) refs/heads/main refs/remotes/main [3ms]
2024-08-21 18:18:07.464 [info] > git status -z -uall [4ms]
2024-08-21 18:19:52.037 [info] > git config --get commit.template [2ms]
2024-08-21 18:19:52.060 [info] > git ls-files --stage -- /home/will/holbertonschool-web_back_end/ES6_classes/README.md [11ms]
2024-08-21 18:19:52.068 [info] > git for-each-ref --format=%(refname)%00%(upstream:short)%00%(objectname)%00%(upstream:track)%00%(upstream:remotename)%00%(upstream:remoteref) refs/heads/main refs/remotes/main [9ms]
2024-08-21 18:19:52.075 [info] > git cat-file -s 5dd2eac2e98505c80d262d40fb5ff2ecf24c774a [8ms]
2024-08-21 18:19:52.079 [info] > git status -z -uall [5ms]
2024-08-21 18:19:52.095 [info] > git merge-base refs/heads/main refs/remotes/origin/main [6ms]
2024-08-21 18:19:52.116 [info] > git rev-list --count --left-right refs/heads/main...refs/remotes/origin/main [12ms]
2024-08-21 18:19:52.126 [info] > git show --textconv :ES6_classes/README.md [12ms]
2024-08-21 18:19:52.127 [info] > git diff --name-status -z --diff-filter=ADMR 7f4b6ae60587b28f9bb607604d84334b64b0ebf7...refs/remotes/origin/main [4ms]
2024-08-21 18:20:09.097 [info] > git config --get commit.template [9ms]
2024-08-21 18:20:09.100 [info] > git for-each-ref --format=%(refname)%00%(upstream:short)%00%(objectname)%00%(upstream:track)%00%(upstream:remotename)%00%(upstream:remoteref) refs/heads/main refs/remotes/main [4ms]
2024-08-21 18:20:09.112 [info] > git status -z -uall [5ms]
2024-08-21 18:20:20.379 [info] > git config --get commit.template [13ms]
2024-08-21 18:20:20.382 [info] > git for-each-ref --format=%(refname)%00%(upstream:short)%00%(objectname)%00%(upstream:track)%00%(upstream:remotename)%00%(upstream:remoteref) refs/heads/main refs/remotes/main [7ms]
2024-08-21 18:20:20.398 [info] > git status -z -uall [8ms]
2024-08-21 18:20:25.441 [info] > git config --get commit.template [18ms]
2024-08-21 18:20:25.447 [info] > git for-each-ref --format=%(refname)%00%(upstream:short)%00%(objectname)%00%(upstream:track)%00%(upstream:remotename)%00%(upstream:remoteref) refs/heads/main refs/remotes/main [10ms]
2024-08-21 18:20:25.465 [info] > git status -z -uall [7ms]
2024-08-21 18:20:25.479 [info] > git merge-base refs/heads/main refs/remotes/origin/main [5ms]
2024-08-21 18:20:25.487 [info] > git rev-list --count --left-right refs/heads/main...refs/remotes/origin/main [3ms]
2024-08-21 18:20:25.498 [info] > git diff --name-status -z --diff-filter=ADMR 7f4b6ae60587b28f9bb607604d84334b64b0ebf7...refs/remotes/origin/main [4ms]
2024-08-21 18:20:25.613 [info] > git ls-files --stage -- /home/will/holbertonschool-web_back_end/ES6_classes/README.md [8ms]
2024-08-21 18:20:25.634 [info] > git cat-file -s 5dd2eac2e98505c80d262d40fb5ff2ecf24c774a [7ms]
2024-08-21 18:20:25.659 [info] > git show --textconv :ES6_classes/README.md [6ms]
2024-08-21 18:20:28.373 [info] > git ls-files --stage -- /home/will/holbertonschool-web_back_end/ES6_classes/README.md [7ms]
2024-08-21 18:20:28.385 [info] > git cat-file -s 5dd2eac2e98505c80d262d40fb5ff2ecf24c774a [4ms]
2024-08-21 18:20:28.396 [info] > git show --textconv :ES6_classes/README.md [3ms]
2024-08-21 18:20:30.512 [info] > git config --get commit.template [15ms]
2024-08-21 18:20:30.514 [info] > git for-each-ref --format=%(refname)%00%(upstream:short)%00%(objectname)%00%(upstream:track)%00%(upstream:remotename)%00%(upstream:remoteref) refs/heads/main refs/remotes/main [4ms]
2024-08-21 18:20:30.523 [info] > git status -z -uall [4ms]
2024-08-21 18:20:30.534 [info] > git merge-base refs/heads/main refs/remotes/origin/main [5ms]
2024-08-21 18:20:30.542 [info] > git rev-list --count --left-right refs/heads/main...refs/remotes/origin/main [3ms]
2024-08-21 18:20:30.551 [info] > git diff --name-status -z --diff-filter=ADMR 2e935986c35c6eb5f0273a443b219dea2deb8ba7...refs/remotes/origin/main [3ms]
2024-08-21 18:25:18.022 [info] > git config --get commit.template [6ms]
2024-08-21 18:25:18.024 [info] > git for-each-ref --format=%(refname)%00%(upstream:short)%00%(objectname)%00%(upstream:track)%00%(upstream:remotename)%00%(upstream:remoteref) refs/heads/main refs/remotes/main [3ms]
2024-08-21 18:25:18.032 [info] > git status -z -uall [3ms]
2024-08-21 18:25:26.143 [info] > git config --get commit.template [14ms]
2024-08-21 18:25:26.144 [info] > git for-each-ref --format=%(refname)%00%(upstream:short)%00%(objectname)%00%(upstream:track)%00%(upstream:remotename)%00%(upstream:remoteref) refs/heads/main refs/remotes/main [6ms]
2024-08-21 18:25:26.159 [info] > git status -z -uall [6ms]
2024-08-21 18:25:31.206 [info] > git config --get commit.template [13ms]
2024-08-21 18:25:31.208 [info] > git for-each-ref --format=%(refname)%00%(upstream:short)%00%(objectname)%00%(upstream:track)%00%(upstream:remotename)%00%(upstream:remoteref) refs/heads/main refs/remotes/main [4ms]
2024-08-21 18:25:31.221 [info] > git status -z -uall [5ms]
2024-08-21 18:27:54.494 [info] > git for-each-ref --format=%(refname)%00%(upstream:short)%00%(objectname)%00%(upstream:track)%00%(upstream:remotename)%00%(upstream:remoteref) refs/heads/main refs/remotes/main [2ms]
2024-08-21 18:27:54.495 [info] > git config --get commit.template [13ms]
2024-08-21 18:27:54.506 [info] > git status -z -uall [5ms]
2024-08-21 18:27:59.535 [info] > git config --get commit.template [8ms]
2024-08-21 18:27:59.537 [info] > git for-each-ref --format=%(refname)%00%(upstream:short)%00%(objectname)%00%(upstream:track)%00%(upstream:remotename)%00%(upstream:remoteref) refs/heads/main refs/remotes/main [4ms]
2024-08-21 18:27:59.550 [info] > git status -z -uall [5ms]
2024-08-21 18:28:04.567 [info] > git config --get commit.template [4ms]
2024-08-21 18:28:04.575 [info] > git for-each-ref --format=%(refname)%00%(upstream:short)%00%(objectname)%00%(upstream:track)%00%(upstream:remotename)%00%(upstream:remoteref) refs/heads/main refs/remotes/main [3ms]
2024-08-21 18:28:04.584 [info] > git status -z -uall [3ms]
2024-08-21 18:28:13.355 [info] > git config --get commit.template [18ms]
2024-08-21 18:28:13.361 [info] > git for-each-ref --format=%(refname)%00%(upstream:short)%00%(objectname)%00%(upstream:track)%00%(upstream:remotename)%00%(upstream:remoteref) refs/heads/main refs/remotes/main [8ms]
2024-08-21 18:28:13.384 [info] > git status -z -uall [8ms]
2024-08-21 18:28:21.998 [info] > git config --get commit.template [19ms]
2024-08-21 18:28:22.005 [info] > git for-each-ref --format=%(refname)%00%(upstream:short)%00%(objectname)%00%(upstream:track)%00%(upstream:remotename)%00%(upstream:remoteref) refs/heads/main refs/remotes/main [11ms]
2024-08-21 18:28:22.041 [info] > git status -z -uall [17ms]
2024-08-21 18:28:23.451 [info] > git ls-files --stage -- /home/will/holbertonschool-web_back_end/ES6_classes/README.md [3ms]
2024-08-21 18:28:23.458 [info] > git cat-file -s 5dd2eac2e98505c80d262d40fb5ff2ecf24c774a [3ms]
2024-08-21 18:28:23.467 [info] > git show --textconv :ES6_classes/README.md [2ms]
2024-08-21 18:28:45.870 [info] > git config --get commit.template [35ms]
2024-08-21 18:28:45.871 [info] > git ls-files --stage -- /home/will/holbertonschool-web_back_end/ES6_classes/README.md [17ms]
2024-08-21 18:28:45.889 [info] > git cat-file -s 5dd2eac2e98505c80d262d40fb5ff2ecf24c774a [9ms]
2024-08-21 18:28:45.892 [info] > git for-each-ref --format=%(refname)%00%(upstream:short)%00%(objectname)%00%(upstream:track)%00%(upstream:remotename)%00%(upstream:remoteref) refs/heads/main refs/remotes/main [4ms]
2024-08-21 18:28:45.908 [info] > git status -z -uall [9ms]
2024-08-21 18:28:45.923 [info] > git show --textconv :ES6_classes/README.md [16ms]
2024-08-21 18:28:45.924 [info] > git merge-base refs/heads/main refs/remotes/origin/main [6ms]
2024-08-21 18:28:45.937 [info] > git rev-list --count --left-right refs/heads/main...refs/remotes/origin/main [6ms]
2024-08-21 18:28:45.947 [info] > git diff --name-status -z --diff-filter=ADMR 339d0cb187b6a22fdd0dc5cebf5dfc83a22e87de...refs/remotes/origin/main [3ms]
2024-08-21 18:57:08.158 [info] > git config --get commit.template [7ms]
2024-08-21 18:57:08.159 [info] > git for-each-ref --format=%(refname)%00%(upstream:short)%00%(objectname)%00%(upstream:track)%00%(upstream:remotename)%00%(upstream:remoteref) refs/heads/main refs/remotes/main [2ms]
2024-08-21 18:57:08.168 [info] > git status -z -uall [4ms]
2024-08-21 18:57:15.141 [info] > git config --get commit.template [8ms]
2024-08-21 18:57:15.143 [info] > git for-each-ref --format=%(refname)%00%(upstream:short)%00%(objectname)%00%(upstream:track)%00%(upstream:remotename)%00%(upstream:remoteref) refs/heads/main refs/remotes/main [3ms]
2024-08-21 18:57:15.151 [info] > git status -z -uall [4ms]
2024-08-21 18:57:22.500 [info] > git config --get commit.template [3ms]
2024-08-21 18:57:22.507 [info] > git for-each-ref --format=%(refname)%00%(upstream:short)%00%(objectname)%00%(upstream:track)%00%(upstream:remotename)%00%(upstream:remoteref) refs/heads/main refs/remotes/main [3ms]
2024-08-21 18:57:22.515 [info] > git status -z -uall [3ms]
2024-08-21 18:59:07.859 [info] > git config --get commit.template [24ms]
2024-08-21 18:59:07.860 [info] > git ls-files --stage -- /home/will/holbertonschool-web_back_end/ES6_classes/README.md [4ms]
2024-08-21 18:59:07.888 [info] > git cat-file -s 5dd2eac2e98505c80d262d40fb5ff2ecf24c774a [17ms]
2024-08-21 18:59:07.894 [info] > git for-each-ref --format=%(refname)%00%(upstream:short)%00%(objectname)%00%(upstream:track)%00%(upstream:remotename)%00%(upstream:remoteref) refs/heads/main refs/remotes/main [13ms]
2024-08-21 18:59:07.949 [info] > git show --textconv :ES6_classes/README.md [23ms]
2024-08-21 18:59:07.956 [info] > git status -z -uall [9ms]
2024-08-21 18:59:07.978 [info] > git merge-base refs/heads/main refs/remotes/origin/main [13ms]
2024-08-21 18:59:08.001 [info] > git rev-list --count --left-right refs/heads/main...refs/remotes/origin/main [10ms]
2024-08-21 18:59:08.016 [info] > git diff --name-status -z --diff-filter=ADMR 471da3e583396114137798a86a3183ad520e3003...refs/remotes/origin/main [4ms]
2024-08-21 19:00:30.134 [info] > git config --get commit.template [12ms]
2024-08-21 19:00:30.136 [info] > git for-each-ref --format=%(refname)%00%(upstream:short)%00%(objectname)%00%(upstream:track)%00%(upstream:remotename)%00%(upstream:remoteref) refs/heads/main refs/remotes/main [5ms]
2024-08-21 19:00:30.148 [info] > git status -z -uall [6ms]
2024-08-21 19:00:36.674 [info] > git config --get commit.template [22ms]
2024-08-21 19:00:36.676 [info] > git for-each-ref --format=%(refname)%00%(upstream:short)%00%(objectname)%00%(upstream:track)%00%(upstream:remotename)%00%(upstream:remoteref) refs/heads/main refs/remotes/main [4ms]
2024-08-21 19:00:36.689 [info] > git status -z -uall [6ms]
2024-08-21 19:00:41.724 [info] > git config --get commit.template [8ms]
2024-08-21 19:00:41.735 [info] > git for-each-ref --format=%(refname)%00%(upstream:short)%00%(objectname)%00%(upstream:track)%00%(upstream:remotename)%00%(upstream:remoteref) refs/heads/main refs/remotes/main [3ms]
2024-08-21 19:00:41.744 [info] > git status -z -uall [4ms]
2024-08-21 19:00:46.782 [info] > git config --get commit.template [13ms]
2024-08-21 19:00:46.783 [info] > git for-each-ref --format=%(refname)%00%(upstream:short)%00%(objectname)%00%(upstream:track)%00%(upstream:remotename)%00%(upstream:remoteref) refs/heads/main refs/remotes/main [3ms]
2024-08-21 19:00:46.793 [info] > git status -z -uall [4ms]
2024-08-21 19:00:51.823 [info] > git config --get commit.template [8ms]
2024-08-21 19:00:51.834 [info] > git for-each-ref --format=%(refname)%00%(upstream:short)%00%(objectname)%00%(upstream:track)%00%(upstream:remotename)%00%(upstream:remoteref) refs/heads/main refs/remotes/main [4ms]
2024-08-21 19:00:51.842 [info] > git status -z -uall [3ms]
2024-08-21 19:00:57.520 [info] > git config --get commit.template [21ms]
2024-08-21 19:00:57.523 [info] > git for-each-ref --format=%(refname)%00%(upstream:short)%00%(objectname)%00%(upstream:track)%00%(upstream:remotename)%00%(upstream:remoteref) refs/heads/main refs/remotes/main [6ms]
2024-08-21 19:00:57.541 [info] > git status -z -uall [6ms]
2024-08-21 19:01:05.083 [info] > git config --get commit.template [19ms]
2024-08-21 19:01:05.087 [info] > git for-each-ref --format=%(refname)%00%(upstream:short)%00%(objectname)%00%(upstream:track)%00%(upstream:remotename)%00%(upstream:remoteref) refs/heads/main refs/remotes/main [8ms]
2024-08-21 19:01:05.103 [info] > git status -z -uall [5ms]
2024-08-21 19:01:14.324 [info] > git config --get commit.template [18ms]
2024-08-21 19:01:14.325 [info] > git for-each-ref --format=%(refname)%00%(upstream:short)%00%(objectname)%00%(upstream:track)%00%(upstream:remotename)%00%(upstream:remoteref) refs/heads/main refs/remotes/main [5ms]
2024-08-21 19:01:14.338 [info] > git status -z -uall [4ms]
2024-08-21 19:01:19.390 [info] > git config --get commit.template [9ms]
2024-08-21 19:01:19.392 [info] > git for-each-ref --format=%(refname)%00%(upstream:short)%00%(objectname)%00%(upstream:track)%00%(upstream:remotename)%00%(upstream:remoteref) refs/heads/main refs/remotes/main [3ms]
2024-08-21 19:01:19.400 [info] > git status -z -uall [4ms]
2024-08-21 19:01:25.866 [info] > git config --get commit.template [7ms]
2024-08-21 19:01:25.867 [info] > git for-each-ref --format=%(refname)%00%(upstream:short)%00%(objectname)%00%(upstream:track)%00%(upstream:remotename)%00%(upstream:remoteref) refs/heads/main refs/remotes/main [2ms]
2024-08-21 19:01:25.875 [info] > git status -z -uall [3ms]
2024-08-21 19:01:30.892 [info] > git config --get commit.template [7ms]
2024-08-21 19:01:30.893 [info] > git for-each-ref --format=%(refname)%00%(upstream:short)%00%(objectname)%00%(upstream:track)%00%(upstream:remotename)%00%(upstream:remoteref) refs/heads/main refs/remotes/main [3ms]
2024-08-21 19:01:30.903 [info] > git status -z -uall [4ms]
2024-08-21 19:01:34.079 [info] > git ls-files --stage -- /home/will/holbertonschool-web_back_end/ES6_classes/README.md [6ms]
2024-08-21 19:01:34.092 [info] > git cat-file -s 5dd2eac2e98505c80d262d40fb5ff2ecf24c774a [4ms]
2024-08-21 19:01:34.105 [info] > git show --textconv :ES6_classes/README.md [3ms]
2024-08-21 19:01:35.927 [info] > git config --get commit.template [4ms]
2024-08-21 19:01:35.935 [info] > git for-each-ref --format=%(refname)%00%(upstream:short)%00%(objectname)%00%(upstream:track)%00%(upstream:remotename)%00%(upstream:remoteref) refs/heads/main refs/remotes/main [3ms]
2024-08-21 19:01:35.944 [info] > git status -z -uall [4ms]
2024-08-21 19:01:37.501 [info] > git ls-files --stage -- /home/will/holbertonschool-web_back_end/ES6_classes/README.md [4ms]
2024-08-21 19:01:37.512 [info] > git cat-file -s 5dd2eac2e98505c80d262d40fb5ff2ecf24c774a [4ms]
2024-08-21 19:01:37.522 [info] > git show --textconv :ES6_classes/README.md [3ms]
2024-08-21 19:10:34.162 [info] > git config --get commit.template [10ms]
2024-08-21 19:10:34.171 [info] > git ls-files --stage -- /home/will/holbertonschool-web_back_end/ES6_classes/README.md [11ms]
2024-08-21 19:10:34.176 [info] > git for-each-ref --format=%(refname)%00%(upstream:short)%00%(objectname)%00%(upstream:track)%00%(upstream:remotename)%00%(upstream:remoteref) refs/heads/main refs/remotes/main [6ms]
2024-08-21 19:10:34.183 [info] > git cat-file -s 5dd2eac2e98505c80d262d40fb5ff2ecf24c774a [8ms]
2024-08-21 19:10:34.186 [info] > git status -z -uall [5ms]
2024-08-21 19:10:34.198 [info] > git merge-base refs/heads/main refs/remotes/origin/main [7ms]
2024-08-21 19:10:34.206 [info] > git rev-list --count --left-right refs/heads/main...refs/remotes/origin/main [3ms]
2024-08-21 19:10:34.223 [info] > git diff --name-status -z --diff-filter=ADMR a4917c87da2c7624633c2548e07bb25a1c1e629b...refs/remotes/origin/main [8ms]
2024-08-21 19:10:34.226 [info] > git show --textconv :ES6_classes/README.md [5ms]
2024-08-21 19:10:39.633 [info] > git config --get commit.template [18ms]
2024-08-21 19:10:39.639 [info] > git for-each-ref --format=%(refname)%00%(upstream:short)%00%(objectname)%00%(upstream:track)%00%(upstream:remotename)%00%(upstream:remoteref) refs/heads/main refs/remotes/main [9ms]
2024-08-21 19:10:39.664 [info] > git status -z -uall [11ms]
2024-08-21 19:10:48.903 [info] > git config --get commit.template [10ms]
2024-08-21 19:10:48.904 [info] > git for-each-ref --format=%(refname)%00%(upstream:short)%00%(objectname)%00%(upstream:track)%00%(upstream:remotename)%00%(upstream:remoteref) refs/heads/main refs/remotes/main [4ms]
2024-08-21 19:10:48.913 [info] > git status -z -uall [3ms]
2024-08-21 19:12:34.261 [info] > git config --get commit.template [3ms]
2024-08-21 19:12:34.281 [info] > git ls-files --stage -- /home/will/holbertonschool-web_back_end/ES6_classes/README.md [11ms]
2024-08-21 19:12:34.287 [info] > git for-each-ref --format=%(refname)%00%(upstream:short)%00%(objectname)%00%(upstream:track)%00%(upstream:remotename)%00%(upstream:remoteref) refs/heads/main refs/remotes/main [7ms]
2024-08-21 19:12:34.289 [info] > git cat-file -s 5dd2eac2e98505c80d262d40fb5ff2ecf24c774a [3ms]
2024-08-21 19:12:34.307 [info] > git status -z -uall [10ms]
2024-08-21 19:12:34.322 [info] > git show --textconv :ES6_classes/README.md [16ms]
2024-08-21 19:12:34.323 [info] > git merge-base refs/heads/main refs/remotes/origin/main [8ms]
2024-08-21 19:12:34.335 [info] > git rev-list --count --left-right refs/heads/main...refs/remotes/origin/main [4ms]
2024-08-21 19:12:34.351 [info] > git diff --name-status -z --diff-filter=ADMR a7ed8a76f08145033033d485bba9ffdaaf0d1268...refs/remotes/origin/main [3ms]
2024-08-21 19:12:53.765 [info] > git config --get commit.template [2ms]
2024-08-21 19:12:53.780 [info] > git for-each-ref --format=%(refname)%00%(upstream:short)%00%(objectname)%00%(upstream:track)%00%(upstream:remotename)%00%(upstream:remoteref) refs/heads/main refs/remotes/main [4ms]
2024-08-21 19:12:53.795 [info] > git status -z -uall [7ms]
2024-08-21 19:16:06.905 [info] > git config --get commit.template [12ms]
2024-08-21 19:16:06.906 [info] > git for-each-ref --format=%(refname)%00%(upstream:short)%00%(objectname)%00%(upstream:track)%00%(upstream:remotename)%00%(upstream:remoteref) refs/heads/main refs/remotes/main [3ms]
2024-08-21 19:16:06.922 [info] > git status -z -uall [7ms]
2024-08-21 19:18:18.295 [info] > git config --get commit.template [15ms]
2024-08-21 19:18:18.297 [info] > git for-each-ref --format=%(refname)%00%(upstream:short)%00%(objectname)%00%(upstream:track)%00%(upstream:remotename)%00%(upstream:remoteref) refs/heads/main refs/remotes/main [5ms]
2024-08-21 19:18:18.349 [info] > git status -z -uall [10ms]
2024-08-21 19:18:23.378 [info] > git config --get commit.template [11ms]
2024-08-21 19:18:23.379 [info] > git for-each-ref --format=%(refname)%00%(upstream:short)%00%(objectname)%00%(upstream:track)%00%(upstream:remotename)%00%(upstream:remoteref) refs/heads/main refs/remotes/main [3ms]
2024-08-21 19:18:23.393 [info] > git status -z -uall [6ms]
2024-08-21 19:19:55.788 [info] > git config --get commit.template [17ms]
2024-08-21 19:19:55.791 [info] > git for-each-ref --format=%(refname)%00%(upstream:short)%00%(objectname)%00%(upstream:track)%00%(upstream:remotename)%00%(upstream:remoteref) refs/heads/main refs/remotes/main [5ms]
2024-08-21 19:19:55.808 [info] > git status -z -uall [12ms]
2024-08-21 19:20:00.829 [info] > git config --get commit.template [5ms]
2024-08-21 19:20:00.831 [info] > git for-each-ref --format=%(refname)%00%(upstream:short)%00%(objectname)%00%(upstream:track)%00%(upstream:remotename)%00%(upstream:remoteref) refs/heads/main refs/remotes/main [3ms]
2024-08-21 19:20:00.839 [info] > git status -z -uall [4ms]
2024-08-21 19:21:28.746 [info] > git config --get commit.template [6ms]
2024-08-21 19:21:28.754 [info] > git for-each-ref --format=%(refname)%00%(upstream:short)%00%(objectname)%00%(upstream:track)%00%(upstream:remotename)%00%(upstream:remoteref) refs/heads/main refs/remotes/main [3ms]
2024-08-21 19:21:28.765 [info] > git status -z -uall [5ms]
2024-08-21 19:23:25.573 [info] > git config --get commit.template [9ms]
2024-08-21 19:23:25.575 [info] > git for-each-ref --format=%(refname)%00%(upstream:short)%00%(objectname)%00%(upstream:track)%00%(upstream:remotename)%00%(upstream:remoteref) refs/heads/main refs/remotes/main [4ms]
2024-08-21 19:23:25.590 [info] > git status -z -uall [5ms]
2024-08-21 19:23:30.628 [info] > git config --get commit.template [18ms]
2024-08-21 19:23:30.632 [info] > git for-each-ref --format=%(refname)%00%(upstream:short)%00%(objectname)%00%(upstream:track)%00%(upstream:remotename)%00%(upstream:remoteref) refs/heads/main refs/remotes/main [8ms]
2024-08-21 19:23:30.656 [info] > git status -z -uall [13ms]
2024-08-21 19:23:35.702 [info] > git config --get commit.template [6ms]
2024-08-21 19:23:35.726 [info] > git for-each-ref --format=%(refname)%00%(upstream:short)%00%(objectname)%00%(upstream:track)%00%(upstream:remotename)%00%(upstream:remoteref) refs/heads/main refs/remotes/main [12ms]
2024-08-21 19:23:35.742 [info] > git status -z -uall [7ms]
2024-08-21 19:23:40.770 [info] > git config --get commit.template [10ms]
2024-08-21 19:23:40.771 [info] > git for-each-ref --format=%(refname)%00%(upstream:short)%00%(objectname)%00%(upstream:track)%00%(upstream:remotename)%00%(upstream:remoteref) refs/heads/main refs/remotes/main [3ms]
2024-08-21 19:23:40.784 [info] > git status -z -uall [6ms]
2024-08-21 19:23:45.831 [info] > git config --get commit.template [20ms]
2024-08-21 19:23:45.835 [info] > git for-each-ref --format=%(refname)%00%(upstream:short)%00%(objectname)%00%(upstream:track)%00%(upstream:remotename)%00%(upstream:remoteref) refs/heads/main refs/remotes/main [7ms]
2024-08-21 19:23:45.849 [info] > git status -z -uall [5ms]
2024-08-21 19:23:57.698 [info] > git config --get commit.template [20ms]
2024-08-21 19:23:57.700 [info] > git for-each-ref --format=%(refname)%00%(upstream:short)%00%(objectname)%00%(upstream:track)%00%(upstream:remotename)%00%(upstream:remoteref) refs/heads/main refs/remotes/main [6ms]
2024-08-21 19:23:57.719 [info] > git status -z -uall [7ms]
2024-08-21 19:24:04.488 [info] > git config --get commit.template [20ms]
2024-08-21 19:24:04.494 [info] > git for-each-ref --format=%(refname)%00%(upstream:short)%00%(objectname)%00%(upstream:track)%00%(upstream:remotename)%00%(upstream:remoteref) refs/heads/main refs/remotes/main [8ms]
2024-08-21 19:24:04.510 [info] > git status -z -uall [6ms]
2024-08-21 19:24:15.020 [info] > git config --get commit.template [11ms]
2024-08-21 19:24:15.036 [info] > git for-each-ref --format=%(refname)%00%(upstream:short)%00%(objectname)%00%(upstream:track)%00%(upstream:remotename)%00%(upstream:remoteref) refs/heads/main refs/remotes/main [5ms]
2024-08-21 19:24:15.050 [info] > git status -z -uall [5ms]
2024-08-21 19:24:20.107 [info] > git config --get commit.template [29ms]
2024-08-21 19:24:20.110 [info] > git for-each-ref --format=%(refname)%00%(upstream:short)%00%(objectname)%00%(upstream:track)%00%(upstream:remotename)%00%(upstream:remoteref) refs/heads/main refs/remotes/main [11ms]
2024-08-21 19:24:20.128 [info] > git status -z -uall [7ms]
2024-08-21 19:24:25.172 [info] > git config --get commit.template [16ms]
2024-08-21 19:24:25.181 [info] > git for-each-ref --format=%(refname)%00%(upstream:short)%00%(objectname)%00%(upstream:track)%00%(upstream:remotename)%00%(upstream:remoteref) refs/heads/main refs/remotes/main [11ms]
2024-08-21 19:24:25.200 [info] > git status -z -uall [5ms]
2024-08-21 19:24:30.932 [info] > git config --get commit.template [6ms]
2024-08-21 19:24:30.934 [info] > git for-each-ref --format=%(refname)%00%(upstream:short)%00%(objectname)%00%(upstream:track)%00%(upstream:remotename)%00%(upstream:remoteref) refs/heads/main refs/remotes/main [3ms]
2024-08-21 19:24:30.942 [info] > git status -z -uall [3ms]
2024-08-21 19:24:38.072 [info] > git config --get commit.template [6ms]
2024-08-21 19:24:38.074 [info] > git for-each-ref --format=%(refname)%00%(upstream:short)%00%(objectname)%00%(upstream:track)%00%(upstream:remotename)%00%(upstream:remoteref) refs/heads/main refs/remotes/main [3ms]
2024-08-21 19:24:38.082 [info] > git status -z -uall [2ms]
2024-08-21 19:24:48.739 [info] > git config --get commit.template [14ms]
2024-08-21 19:24:48.756 [info] > git for-each-ref --format=%(refname)%00%(upstream:short)%00%(objectname)%00%(upstream:track)%00%(upstream:remotename)%00%(upstream:remoteref) refs/heads/main refs/remotes/main [7ms]
2024-08-21 19:24:48.772 [info] > git status -z -uall [6ms]
2024-08-25 14:21:11.934 [info] > git ls-files --stage -- /home/will/holbertonschool-web_back_end/ES6_classes/README.md [2ms]
2024-08-25 14:21:11.943 [info] > git config --get commit.template [43ms]
2024-08-25 14:21:11.945 [info] > git cat-file -s 5dd2eac2e98505c80d262d40fb5ff2ecf24c774a [3ms]
2024-08-25 14:21:11.990 [info] > git for-each-ref --format=%(refname)%00%(upstream:short)%00%(objectname)%00%(upstream:track)%00%(upstream:remotename)%00%(upstream:remoteref) refs/heads/main refs/remotes/main [32ms]
2024-08-25 14:21:12.000 [info] > git show --textconv :ES6_classes/README.md [24ms]
2024-08-25 14:21:12.019 [info] > git status -z -uall [2ms]
2024-08-25 14:21:12.038 [info] > git merge-base refs/heads/main refs/remotes/origin/main [8ms]
2024-08-25 14:21:12.052 [info] > git rev-list --count --left-right refs/heads/main...refs/remotes/origin/main [7ms]
2024-08-25 14:21:12.066 [info] > git diff --name-status -z --diff-filter=ADMR e9fd8f43a8cdfbb38d9c8c40869d65d625f0ce3a...refs/remotes/origin/main [6ms]
2024-08-25 14:21:40.477 [info] > git config --get commit.template [4ms]
2024-08-25 14:21:40.493 [info] > git for-each-ref --format=%(refname)%00%(upstream:short)%00%(objectname)%00%(upstream:track)%00%(upstream:remotename)%00%(upstream:remoteref) refs/heads/main refs/remotes/main [3ms]
2024-08-25 14:21:40.517 [info] > git status -z -uall [4ms]
2024-08-25 14:21:52.250 [info] > git config --get commit.template [2ms]
2024-08-25 14:21:52.262 [info] > git for-each-ref --format=%(refname)%00%(upstream:short)%00%(objectname)%00%(upstream:track)%00%(upstream:remotename)%00%(upstream:remoteref) refs/heads/main refs/remotes/main [2ms]
2024-08-25 14:21:52.278 [info] > git status -z -uall [5ms]
2024-08-25 14:22:08.988 [info] > git config --get commit.template [3ms]
2024-08-25 14:22:09.003 [info] > git for-each-ref --format=%(refname)%00%(upstream:short)%00%(objectname)%00%(upstream:track)%00%(upstream:remotename)%00%(upstream:remoteref) refs/heads/main refs/remotes/main [2ms]
2024-08-25 14:22:09.022 [info] > git status -z -uall [6ms]
2024-08-25 14:22:14.745 [info] > git config --get commit.template [17ms]
2024-08-25 14:22:14.748 [info] > git for-each-ref --format=%(refname)%00%(upstream:short)%00%(objectname)%00%(upstream:track)%00%(upstream:remotename)%00%(upstream:remoteref) refs/heads/main refs/remotes/main [5ms]
2024-08-25 14:22:14.763 [info] > git status -z -uall [6ms]
2024-08-25 14:22:23.054 [info] > git config --get commit.template [8ms]
2024-08-25 14:22:23.066 [info] > git for-each-ref --format=%(refname)%00%(upstream:short)%00%(objectname)%00%(upstream:track)%00%(upstream:remotename)%00%(upstream:remoteref) refs/heads/main refs/remotes/main [5ms]
2024-08-25 14:22:23.086 [info] > git status -z -uall [4ms]
2024-08-25 14:22:28.116 [info] > git config --get commit.template [7ms]
2024-08-25 14:22:28.127 [info] > git for-each-ref --format=%(refname)%00%(upstream:short)%00%(objectname)%00%(upstream:track)%00%(upstream:remotename)%00%(upstream:remoteref) refs/heads/main refs/remotes/main [4ms]
2024-08-25 14:22:28.135 [info] > git status -z -uall [3ms]
2024-08-25 14:22:28.146 [info] > git merge-base refs/heads/main refs/remotes/origin/main [4ms]
2024-08-25 14:22:28.157 [info] > git rev-list --count --left-right refs/heads/main...refs/remotes/origin/main [5ms]
2024-08-25 14:22:28.167 [info] > git diff --name-status -z --diff-filter=ADMR e9fd8f43a8cdfbb38d9c8c40869d65d625f0ce3a...refs/remotes/origin/main [3ms]
2024-08-25 14:22:28.228 [info] > git ls-files --stage -- /home/will/holbertonschool-web_back_end/ES6_classes/README.md [3ms]
2024-08-25 14:22:28.239 [info] > git cat-file -s 5dd2eac2e98505c80d262d40fb5ff2ecf24c774a [3ms]
2024-08-25 14:22:28.255 [info] > git show --textconv :ES6_classes/README.md [4ms]
2024-08-25 14:27:32.775 [info] > git config --get commit.template [14ms]
2024-08-25 14:27:32.776 [info] > git ls-files --stage -- /home/will/holbertonschool-web_back_end/ES6_classes/README.md [4ms]
2024-08-25 14:27:32.795 [info] > git cat-file -s 5dd2eac2e98505c80d262d40fb5ff2ecf24c774a [13ms]
2024-08-25 14:27:32.798 [info] > git for-each-ref --format=%(refname)%00%(upstream:short)%00%(objectname)%00%(upstream:track)%00%(upstream:remotename)%00%(upstream:remoteref) refs/heads/main refs/remotes/main [6ms]
2024-08-25 14:27:32.815 [info] > git status -z -uall [10ms]
2024-08-25 14:27:32.826 [info] > git show --textconv :ES6_classes/README.md [13ms]
2024-08-25 14:27:32.827 [info] > git merge-base refs/heads/main refs/remotes/origin/main [4ms]
2024-08-25 14:27:32.835 [info] > git rev-list --count --left-right refs/heads/main...refs/remotes/origin/main [3ms]
2024-08-25 14:27:32.851 [info] > git diff --name-status -z --diff-filter=ADMR f51aa3ef1f2dc3ca29dd2494053d804d869f0ff6...refs/remotes/origin/main [3ms]
2024-08-25 14:27:38.699 [info] > git config --get commit.template [23ms]
2024-08-25 14:27:38.700 [info] > git for-each-ref --format=%(refname)%00%(upstream:short)%00%(objectname)%00%(upstream:track)%00%(upstream:remotename)%00%(upstream:remoteref) refs/heads/main refs/remotes/main [6ms]
2024-08-25 14:27:38.710 [info] > git status -z -uall [4ms]
2024-08-25 14:27:43.765 [info] > git config --get commit.template [17ms]
2024-08-25 14:27:43.771 [info] > git for-each-ref --format=%(refname)%00%(upstream:short)%00%(objectname)%00%(upstream:track)%00%(upstream:remotename)%00%(upstream:remoteref) refs/heads/main refs/remotes/main [10ms]
2024-08-25 14:27:43.788 [info] > git status -z -uall [7ms]
2024-08-25 14:28:09.006 [info] > git config --get commit.template [19ms]
2024-08-25 14:28:09.013 [info] > git ls-files --stage -- /home/will/holbertonschool-web_back_end/ES6_classes/README.md [11ms]
2024-08-25 14:28:09.021 [info] > git for-each-ref --format=%(refname)%00%(upstream:short)%00%(objectname)%00%(upstream:track)%00%(upstream:remotename)%00%(upstream:remoteref) refs/heads/main refs/remotes/main [9ms]
2024-08-25 14:28:09.023 [info] > git cat-file -s 5dd2eac2e98505c80d262d40fb5ff2ecf24c774a [3ms]
2024-08-25 14:28:09.035 [info] > git status -z -uall [4ms]
2024-08-25 14:28:09.064 [info] > git merge-base refs/heads/main refs/remotes/origin/main [17ms]
2024-08-25 14:28:09.076 [info] > git show --textconv :ES6_classes/README.md [14ms]
2024-08-25 14:28:09.080 [info] > git rev-list --count --left-right refs/heads/main...refs/remotes/origin/main [8ms]
2024-08-25 14:28:09.092 [info] > git diff --name-status -z --diff-filter=ADMR 97eac275ed9a3f94fe39f1ad8967b60b43ee153f...refs/remotes/origin/main [6ms]
2024-08-25 14:28:24.096 [info] > git config --get commit.template [20ms]
2024-08-25 14:28:24.104 [info] > git for-each-ref --format=%(refname)%00%(upstream:short)%00%(objectname)%00%(upstream:track)%00%(upstream:remotename)%00%(upstream:remoteref) refs/heads/main refs/remotes/main [12ms]
2024-08-25 14:28:24.124 [info] > git status -z -uall [8ms]
2024-08-25 14:28:31.925 [info] > git config --get commit.template [6ms]
2024-08-25 14:28:31.926 [info] > git for-each-ref --format=%(refname)%00%(upstream:short)%00%(objectname)%00%(upstream:track)%00%(upstream:remotename)%00%(upstream:remoteref) refs/heads/main refs/remotes/main [2ms]
2024-08-25 14:28:31.935 [info] > git status -z -uall [4ms]
2024-08-25 14:28:36.969 [info] > git config --get commit.template [13ms]
2024-08-25 14:28:36.971 [info] > git for-each-ref --format=%(refname)%00%(upstream:short)%00%(objectname)%00%(upstream:track)%00%(upstream:remotename)%00%(upstream:remoteref) refs/heads/main refs/remotes/main [4ms]
2024-08-25 14:28:36.980 [info] > git status -z -uall [3ms]
2024-08-25 14:29:18.664 [info] > git config --get commit.template [16ms]
2024-08-25 14:29:18.673 [info] > git ls-files --stage -- /home/will/holbertonschool-web_back_end/ES6_classes/README.md [11ms]
2024-08-25 14:29:18.685 [info] > git for-each-ref --format=%(refname)%00%(upstream:short)%00%(objectname)%00%(upstream:track)%00%(upstream:remotename)%00%(upstream:remoteref) refs/heads/main refs/remotes/main [13ms]
2024-08-25 14:29:18.689 [info] > git cat-file -s 5dd2eac2e98505c80d262d40fb5ff2ecf24c774a [5ms]
2024-08-25 14:29:18.707 [info] > git status -z -uall [10ms]
2024-08-25 14:29:18.722 [info] > git show --textconv :ES6_classes/README.md [17ms]
2024-08-25 14:29:18.723 [info] > git merge-base refs/heads/main refs/remotes/origin/main [6ms]
2024-08-25 14:29:18.739 [info] > git rev-list --count --left-right refs/heads/main...refs/remotes/origin/main [6ms]
2024-08-25 14:29:18.756 [info] > git diff --name-status -z --diff-filter=ADMR 55e5d2b9d754471f3712217204ff2b80e64100a5...refs/remotes/origin/main [5ms]
2024-08-25 14:32:28.477 [info] > git config --get commit.template [11ms]
2024-08-25 14:32:28.488 [info] > git ls-files --stage -- /home/will/holbertonschool-web_back_end/ES6_classes/README.md [13ms]
2024-08-25 14:32:28.496 [info] > git for-each-ref --format=%(refname)%00%(upstream:short)%00%(objectname)%00%(upstream:track)%00%(upstream:remotename)%00%(upstream:remoteref) refs/heads/main refs/remotes/main [11ms]
2024-08-25 14:32:28.507 [info] > git cat-file -s 5dd2eac2e98505c80d262d40fb5ff2ecf24c774a [11ms]
2024-08-25 14:32:28.509 [info] > git status -z -uall [6ms]
2024-08-25 14:32:28.522 [info] > git merge-base refs/heads/main refs/remotes/origin/main [4ms]
2024-08-25 14:32:28.536 [info] > git rev-list --count --left-right refs/heads/main...refs/remotes/origin/main [9ms]
2024-08-25 14:32:28.547 [info] > git show --textconv :ES6_classes/README.md [13ms]
2024-08-25 14:32:28.550 [info] > git diff --name-status -z --diff-filter=ADMR f325132d96b3c385bce1c66cc2b1afc92ed84336...refs/remotes/origin/main [4ms]
2024-08-25 14:32:33.554 [info] > git config --get commit.template [12ms]
2024-08-25 14:32:33.557 [info] > git for-each-ref --format=%(refname)%00%(upstream:short)%00%(objectname)%00%(upstream:track)%00%(upstream:remotename)%00%(upstream:remoteref) refs/heads/main refs/remotes/main [5ms]
2024-08-25 14:32:33.572 [info] > git status -z -uall [5ms]
2024-08-25 14:36:26.373 [info] > git config --get commit.template [3ms]
2024-08-25 14:36:26.398 [info] > git for-each-ref --format=%(refname)%00%(upstream:short)%00%(objectname)%00%(upstream:track)%00%(upstream:remotename)%00%(upstream:remoteref) refs/heads/main refs/remotes/main [15ms]
2024-08-25 14:36:26.420 [info] > git status -z -uall [10ms]
2024-08-25 14:36:31.458 [info] > git config --get commit.template [15ms]
2024-08-25 14:36:31.459 [info] > git for-each-ref --format=%(refname)%00%(upstream:short)%00%(objectname)%00%(upstream:track)%00%(upstream:remotename)%00%(upstream:remoteref) refs/heads/main refs/remotes/main [4ms]
2024-08-25 14:36:31.467 [info] > git status -z -uall [3ms]
2024-08-25 14:36:41.713 [info] > git config --get commit.template [4ms]
2024-08-25 14:36:41.725 [info] > git for-each-ref --format=%(refname)%00%(upstream:short)%00%(objectname)%00%(upstream:track)%00%(upstream:remotename)%00%(upstream:remoteref) refs/heads/main refs/remotes/main [5ms]
2024-08-25 14:36:41.741 [info] > git status -z -uall [7ms]
2024-08-25 14:36:47.530 [info] > git config --get commit.template [21ms]
2024-08-25 14:36:47.535 [info] > git for-each-ref --format=%(refname)%00%(upstream:short)%00%(objectname)%00%(upstream:track)%00%(upstream:remotename)%00%(upstream:remoteref) refs/heads/main refs/remotes/main [8ms]
2024-08-25 14:36:47.558 [info] > git status -z -uall [6ms]
2024-08-25 14:36:54.609 [info] > git config --get commit.template [10ms]
2024-08-25 14:36:54.611 [info] > git for-each-ref --format=%(refname)%00%(upstream:short)%00%(objectname)%00%(upstream:track)%00%(upstream:remotename)%00%(upstream:remoteref) refs/heads/main refs/remotes/main [5ms]
2024-08-25 14:36:54.623 [info] > git status -z -uall [6ms]
2024-08-25 14:54:18.727 [info] > git config --get commit.template [12ms]
2024-08-25 14:54:18.730 [info] > git for-each-ref --format=%(refname)%00%(upstream:short)%00%(objectname)%00%(upstream:track)%00%(upstream:remotename)%00%(upstream:remoteref) refs/heads/main refs/remotes/main [4ms]
2024-08-25 14:54:18.743 [info] > git status -z -uall [4ms]
2024-08-25 14:54:23.775 [info] > git config --get commit.template [10ms]
2024-08-25 14:54:23.777 [info] > git for-each-ref --format=%(refname)%00%(upstream:short)%00%(objectname)%00%(upstream:track)%00%(upstream:remotename)%00%(upstream:remoteref) refs/heads/main refs/remotes/main [2ms]
2024-08-25 14:54:23.785 [info] > git status -z -uall [4ms]
2024-08-25 14:54:46.047 [info] > git config --get commit.template [6ms]
2024-08-25 14:54:46.062 [info] > git for-each-ref --format=%(refname)%00%(upstream:short)%00%(objectname)%00%(upstream:track)%00%(upstream:remotename)%00%(upstream:remoteref) refs/heads/main refs/remotes/main [3ms]
2024-08-25 14:54:46.075 [info] > git status -z -uall [6ms]
2024-08-25 14:54:46.084 [info] > git merge-base refs/heads/main refs/remotes/origin/main [3ms]
2024-08-25 14:54:46.094 [info] > git rev-list --count --left-right refs/heads/main...refs/remotes/origin/main [4ms]
2024-08-25 14:54:46.110 [info] > git diff --name-status -z --diff-filter=ADMR 0f19aa8bee807fdfe7ea9bc1a78b5c32cbb46b9e...refs/remotes/origin/main [9ms]
2024-08-25 14:54:46.112 [info] > git ls-files --stage -- /home/will/holbertonschool-web_back_end/ES6_classes/README.md [3ms]
2024-08-25 14:54:46.126 [info] > git cat-file -s 5dd2eac2e98505c80d262d40fb5ff2ecf24c774a [8ms]
2024-08-25 14:54:46.154 [info] > git show --textconv :ES6_classes/README.md [3ms]
2024-08-25 14:55:11.670 [info] > git config --get commit.template [1ms]
2024-08-25 14:55:11.684 [info] > git for-each-ref --format=%(refname)%00%(upstream:short)%00%(objectname)%00%(upstream:track)%00%(upstream:remotename)%00%(upstream:remoteref) refs/heads/main refs/remotes/main [3ms]
2024-08-25 14:55:11.701 [info] > git status -z -uall [5ms]
2024-08-25 14:55:29.933 [info] > git config --get commit.template [11ms]
2024-08-25 14:55:29.934 [info] > git for-each-ref --format=%(refname)%00%(upstream:short)%00%(objectname)%00%(upstream:track)%00%(upstream:remotename)%00%(upstream:remoteref) refs/heads/main refs/remotes/main [4ms]
2024-08-25 14:55:29.943 [info] > git status -z -uall [4ms]
2024-08-25 14:55:34.985 [info] > git config --get commit.template [18ms]
2024-08-25 14:55:34.991 [info] > git for-each-ref --format=%(refname)%00%(upstream:short)%00%(objectname)%00%(upstream:track)%00%(upstream:remotename)%00%(upstream:remoteref) refs/heads/main refs/remotes/main [9ms]
2024-08-25 14:55:35.019 [info] > git status -z -uall [12ms]
2024-08-25 14:55:41.148 [info] > git config --get commit.template [15ms]
2024-08-25 14:55:41.152 [info] > git for-each-ref --format=%(refname)%00%(upstream:short)%00%(objectname)%00%(upstream:track)%00%(upstream:remotename)%00%(upstream:remoteref) refs/heads/main refs/remotes/main [6ms]
2024-08-25 14:55:41.164 [info] > git status -z -uall [4ms]
2024-08-25 14:55:43.394 [info] > git ls-files --stage -- /home/will/holbertonschool-web_back_end/ES6_classes/README.md [7ms]
2024-08-25 14:55:43.406 [info] > git cat-file -s 5dd2eac2e98505c80d262d40fb5ff2ecf24c774a [3ms]
2024-08-25 14:55:43.416 [info] > git show --textconv :ES6_classes/README.md [3ms]
2024-08-25 14:55:45.068 [info] > git ls-files --stage -- /home/will/holbertonschool-web_back_end/ES6_classes/README.md [2ms]
2024-08-25 14:55:45.075 [info] > git cat-file -s 5dd2eac2e98505c80d262d40fb5ff2ecf24c774a [2ms]
2024-08-25 14:55:45.084 [info] > git show --textconv :ES6_classes/README.md [2ms]
2024-08-25 14:55:58.866 [info] > git config --get commit.template [8ms]
2024-08-25 14:55:58.878 [info] > git for-each-ref --format=%(refname)%00%(upstream:short)%00%(objectname)%00%(upstream:track)%00%(upstream:remotename)%00%(upstream:remoteref) refs/heads/main refs/remotes/main [3ms]
2024-08-25 14:55:58.891 [info] > git status -z -uall [5ms]
2024-08-25 14:55:58.907 [info] > git merge-base refs/heads/main refs/remotes/origin/main [8ms]
2024-08-25 14:55:58.916 [info] > git rev-list --count --left-right refs/heads/main...refs/remotes/origin/main [3ms]
2024-08-25 14:55:58.926 [info] > git diff --name-status -z --diff-filter=ADMR d03cd0ed6a965b23b89d303a9ad9e99988c026b4...refs/remotes/origin/main [3ms]
2024-08-25 14:56:14.275 [info] > git config --get commit.template [17ms]
2024-08-25 14:56:14.282 [info] > git for-each-ref --format=%(refname)%00%(upstream:short)%00%(objectname)%00%(upstream:track)%00%(upstream:remotename)%00%(upstream:remoteref) refs/heads/main refs/remotes/main [10ms]
2024-08-25 14:56:14.300 [info] > git status -z -uall [6ms]
2024-08-25 14:56:29.038 [info] > git config --get commit.template [8ms]
2024-08-25 14:56:29.040 [info] > git for-each-ref --format=%(refname)%00%(upstream:short)%00%(objectname)%00%(upstream:track)%00%(upstream:remotename)%00%(upstream:remoteref) refs/heads/main refs/remotes/main [4ms]
2024-08-25 14:56:29.048 [info] > git status -z -uall [3ms]
2024-08-25 14:56:34.079 [info] > git config --get commit.template [14ms]
2024-08-25 14:56:34.080 [info] > git for-each-ref --format=%(refname)%00%(upstream:short)%00%(objectname)%00%(upstream:track)%00%(upstream:remotename)%00%(upstream:remoteref) refs/heads/main refs/remotes/main [2ms]
2024-08-25 14:56:34.088 [info] > git status -z -uall [3ms]
2024-08-25 14:56:39.145 [info] > git config --get commit.template [15ms]
2024-08-25 14:56:39.152 [info] > git for-each-ref --format=%(refname)%00%(upstream:short)%00%(objectname)%00%(upstream:track)%00%(upstream:remotename)%00%(upstream:remoteref) refs/heads/main refs/remotes/main [9ms]
2024-08-25 14:56:39.165 [info] > git status -z -uall [4ms]
2024-08-25 14:56:47.266 [info] > git config --get commit.template [6ms]
2024-08-25 14:56:47.268 [info] > git for-each-ref --format=%(refname)%00%(upstream:short)%00%(objectname)%00%(upstream:track)%00%(upstream:remotename)%00%(upstream:remoteref) refs/heads/main refs/remotes/main [2ms]
2024-08-25 14:56:47.276 [info] > git status -z -uall [3ms]
2024-08-25 14:56:52.757 [info] > git config --get commit.template [16ms]
2024-08-25 14:56:52.761 [info] > git for-each-ref --format=%(refname)%00%(upstream:short)%00%(objectname)%00%(upstream:track)%00%(upstream:remotename)%00%(upstream:remoteref) refs/heads/main refs/remotes/main [7ms]
2024-08-25 14:56:52.780 [info] > git status -z -uall [7ms]
2024-08-25 14:56:57.160 [info] > git ls-files --stage -- /home/will/holbertonschool-web_back_end/ES6_classes/README.md [3ms]
2024-08-25 14:56:57.168 [info] > git cat-file -s 5dd2eac2e98505c80d262d40fb5ff2ecf24c774a [3ms]
2024-08-25 14:56:57.179 [info] > git show --textconv :ES6_classes/README.md [3ms]
2024-08-25 14:56:57.823 [info] > git config --get commit.template [19ms]
2024-08-25 14:56:57.829 [info] > git for-each-ref --format=%(refname)%00%(upstream:short)%00%(objectname)%00%(upstream:track)%00%(upstream:remotename)%00%(upstream:remoteref) refs/heads/main refs/remotes/main [9ms]
2024-08-25 14:56:57.849 [info] > git status -z -uall [7ms]
2024-08-25 14:56:57.860 [info] > git merge-base refs/heads/main refs/remotes/origin/main [4ms]
2024-08-25 14:56:57.868 [info] > git rev-list --count --left-right refs/heads/main...refs/remotes/origin/main [3ms]
2024-08-25 14:56:57.876 [info] > git diff --name-status -z --diff-filter=ADMR 9f60f80fa3f2e916f1ceefff74f02bea2b89ec14...refs/remotes/origin/main [3ms]
2024-08-25 14:57:10.337 [info] > git config --get commit.template [14ms]
2024-08-25 14:57:10.347 [info] > git ls-files --stage -- /home/will/holbertonschool-web_back_end/ES6_classes/README.md [15ms]
2024-08-25 14:57:10.355 [info] > git for-each-ref --format=%(refname)%00%(upstream:short)%00%(objectname)%00%(upstream:track)%00%(upstream:remotename)%00%(upstream:remoteref) refs/heads/main refs/remotes/main [9ms]
2024-08-25 14:57:10.357 [info] > git cat-file -s 5dd2eac2e98505c80d262d40fb5ff2ecf24c774a [4ms]
2024-08-25 14:57:10.374 [info] > git status -z -uall [9ms]
2024-08-25 14:57:10.379 [info] > git show --textconv :ES6_classes/README.md [5ms]
2024-08-25 14:57:15.409 [info] > git config --get commit.template [13ms]
2024-08-25 14:57:15.411 [info] > git for-each-ref --format=%(refname)%00%(upstream:short)%00%(objectname)%00%(upstream:track)%00%(upstream:remotename)%00%(upstream:remoteref) refs/heads/main refs/remotes/main [4ms]
2024-08-25 14:57:15.419 [info] > git status -z -uall [3ms]
2024-08-25 14:57:23.583 [info] > git config --get commit.template [19ms]
2024-08-25 14:57:23.589 [info] > git for-each-ref --format=%(refname)%00%(upstream:short)%00%(objectname)%00%(upstream:track)%00%(upstream:remotename)%00%(upstream:remoteref) refs/heads/main refs/remotes/main [9ms]
2024-08-25 14:57:23.616 [info] > git status -z -uall [11ms]
2024-08-25 14:57:27.446 [info] > git ls-files --stage -- /home/will/holbertonschool-web_back_end/ES6_classes/README.md [8ms]
2024-08-25 14:57:27.456 [info] > git cat-file -s 5dd2eac2e98505c80d262d40fb5ff2ecf24c774a [3ms]
2024-08-25 14:57:27.474 [info] > git show --textconv :ES6_classes/README.md [3ms]
2024-08-25 14:57:28.665 [info] > git config --get commit.template [16ms]
2024-08-25 14:57:28.669 [info] > git for-each-ref --format=%(refname)%00%(upstream:short)%00%(objectname)%00%(upstream:track)%00%(upstream:remotename)%00%(upstream:remoteref) refs/heads/main refs/remotes/main [8ms]
2024-08-25 14:57:28.698 [info] > git status -z -uall [12ms]
2024-08-25 14:57:28.720 [info] > git merge-base refs/heads/main refs/remotes/origin/main [6ms]
2024-08-25 14:57:28.730 [info] > git rev-list --count --left-right refs/heads/main...refs/remotes/origin/main [3ms]
2024-08-25 14:57:28.740 [info] > git diff --name-status -z --diff-filter=ADMR 075d8dc99200174fe460910d39b676b6a0eea9d5...refs/remotes/origin/main [3ms]
2024-08-25 14:57:29.017 [info] > git ls-files --stage -- /home/will/holbertonschool-web_back_end/ES6_classes/README.md [8ms]
2024-08-25 14:57:29.040 [info] > git cat-file -s 5dd2eac2e98505c80d262d40fb5ff2ecf24c774a [9ms]
2024-08-25 14:57:29.076 [info] > git show --textconv :ES6_classes/README.md [14ms]
2024-08-25 14:57:33.753 [info] > git config --get commit.template [12ms]
2024-08-25 14:57:33.758 [info] > git for-each-ref --format=%(refname)%00%(upstream:short)%00%(objectname)%00%(upstream:track)%00%(upstream:remotename)%00%(upstream:remoteref) refs/heads/main refs/remotes/main [7ms]
2024-08-25 14:57:33.780 [info] > git status -z -uall [11ms]
2024-08-25 15:06:59.960 [info] > git config --get commit.template [8ms]
2024-08-25 15:06:59.981 [info] > git for-each-ref --format=%(refname)%00%(upstream:short)%00%(objectname)%00%(upstream:track)%00%(upstream:remotename)%00%(upstream:remoteref) refs/heads/main refs/remotes/main [11ms]
2024-08-25 15:07:00.000 [info] > git status -z -uall [10ms]
2024-08-25 15:07:00.028 [info] > git merge-base refs/heads/main refs/remotes/origin/main [9ms]
2024-08-25 15:07:00.043 [info] > git rev-list --count --left-right refs/heads/main...refs/remotes/origin/main [5ms]
2024-08-25 15:07:00.063 [info] > git diff --name-status -z --diff-filter=ADMR 075d8dc99200174fe460910d39b676b6a0eea9d5...refs/remotes/origin/main [5ms]
2024-08-25 15:07:00.346 [info] > git ls-files --stage -- /home/will/holbertonschool-web_back_end/ES6_classes/README.md [7ms]
2024-08-25 15:07:00.367 [info] > git cat-file -s 5dd2eac2e98505c80d262d40fb5ff2ecf24c774a [8ms]
2024-08-25 15:07:00.394 [info] > git show --textconv :ES6_classes/README.md [7ms]
2024-08-25 15:07:02.875 [info] > git ls-files --stage -- /home/will/holbertonschool-web_back_end/ES6_classes/README.md [3ms]
2024-08-25 15:07:02.882 [info] > git cat-file -s 5dd2eac2e98505c80d262d40fb5ff2ecf24c774a [2ms]
2024-08-25 15:07:02.894 [info] > git show --textconv :ES6_classes/README.md [3ms]
2024-08-25 15:07:05.058 [info] > git config --get commit.template [11ms]
2024-08-25 15:07:05.060 [info] > git for-each-ref --format=%(refname)%00%(upstream:short)%00%(objectname)%00%(upstream:track)%00%(upstream:remotename)%00%(upstream:remoteref) refs/heads/main refs/remotes/main [3ms]
2024-08-25 15:07:05.068 [info] > git status -z -uall [4ms]
2024-08-25 15:07:05.078 [info] > git merge-base refs/heads/main refs/remotes/origin/main [3ms]
2024-08-25 15:07:05.086 [info] > git rev-list --count --left-right refs/heads/main...refs/remotes/origin/main [3ms]
2024-08-25 15:07:05.096 [info] > git diff --name-status -z --diff-filter=ADMR 82bb285ac405cadd2202f150e42f3fa837db4343...refs/remotes/origin/main [4ms]
2024-08-25 15:09:14.563 [info] > git config --get commit.template [11ms]
2024-08-25 15:09:14.566 [info] > git for-each-ref --format=%(refname)%00%(upstream:short)%00%(objectname)%00%(upstream:track)%00%(upstream:remotename)%00%(upstream:remoteref) refs/heads/main refs/remotes/main [4ms]
2024-08-25 15:09:14.584 [info] > git status -z -uall [9ms]
2024-08-25 15:09:19.626 [info] > git config --get commit.template [19ms]
2024-08-25 15:09:19.632 [info] > git for-each-ref --format=%(refname)%00%(upstream:short)%00%(objectname)%00%(upstream:track)%00%(upstream:remotename)%00%(upstream:remoteref) refs/heads/main refs/remotes/main [8ms]
2024-08-25 15:09:19.658 [info] > git status -z -uall [11ms]
2024-08-25 15:09:24.705 [info] > git config --get commit.template [20ms]
2024-08-25 15:09:24.711 [info] > git for-each-ref --format=%(refname)%00%(upstream:short)%00%(objectname)%00%(upstream:track)%00%(upstream:remotename)%00%(upstream:remoteref) refs/heads/main refs/remotes/main [11ms]
2024-08-25 15:09:24.737 [info] > git status -z -uall [11ms]
2024-08-25 15:09:24.755 [info] > git merge-base refs/heads/main refs/remotes/origin/main [5ms]
2024-08-25 15:09:24.771 [info] > git rev-list --count --left-right refs/heads/main...refs/remotes/origin/main [8ms]
2024-08-25 15:09:24.788 [info] > git diff --name-status -z --diff-filter=ADMR 82bb285ac405cadd2202f150e42f3fa837db4343...refs/remotes/origin/main [5ms]
2024-08-25 15:09:24.913 [info] > git ls-files --stage -- /home/will/holbertonschool-web_back_end/ES6_classes/README.md [7ms]
2024-08-25 15:09:24.934 [info] > git cat-file -s 5dd2eac2e98505c80d262d40fb5ff2ecf24c774a [8ms]
2024-08-25 15:09:24.967 [info] > git show --textconv :ES6_classes/README.md [9ms]
2024-08-25 15:09:26.645 [info] > git ls-files --stage -- /home/will/holbertonschool-web_back_end/ES6_classes/README.md [7ms]
2024-08-25 15:09:26.655 [info] > git cat-file -s 5dd2eac2e98505c80d262d40fb5ff2ecf24c774a [3ms]
2024-08-25 15:09:26.664 [info] > git show --textconv :ES6_classes/README.md [3ms]
2024-08-25 15:09:29.790 [info] > git config --get commit.template [13ms]
2024-08-25 15:09:29.792 [info] > git for-each-ref --format=%(refname)%00%(upstream:short)%00%(objectname)%00%(upstream:track)%00%(upstream:remotename)%00%(upstream:remoteref) refs/heads/main refs/remotes/main [5ms]
2024-08-25 15:09:29.800 [info] > git status -z -uall [3ms]
2024-08-25 15:09:29.811 [info] > git merge-base refs/heads/main refs/remotes/origin/main [4ms]
2024-08-25 15:09:29.819 [info] > git rev-list --count --left-right refs/heads/main...refs/remotes/origin/main [3ms]
2024-08-25 15:09:29.828 [info] > git diff --name-status -z --diff-filter=ADMR 1ad24dc2f1ec5986672c3f4d1b97ff8c7591793f...refs/remotes/origin/main [3ms]
2024-08-25 15:11:24.724 [info] > git config --get commit.template [3ms]
2024-08-25 15:11:24.760 [info] > git for-each-ref --format=%(refname)%00%(upstream:short)%00%(objectname)%00%(upstream:track)%00%(upstream:remotename)%00%(upstream:remoteref) refs/heads/main refs/remotes/main [12ms]
2024-08-25 15:11:24.785 [info] > git status -z -uall [4ms]
2024-08-25 15:11:29.826 [info] > git config --get commit.template [14ms]
2024-08-25 15:11:29.828 [info] > git for-each-ref --format=%(refname)%00%(upstream:short)%00%(objectname)%00%(upstream:track)%00%(upstream:remotename)%00%(upstream:remoteref) refs/heads/main refs/remotes/main [3ms]
2024-08-25 15:11:29.837 [info] > git status -z -uall [3ms]
2024-08-25 15:11:35.130 [info] > git config --get commit.template [18ms]
2024-08-25 15:11:35.135 [info] > git for-each-ref --format=%(refname)%00%(upstream:short)%00%(objectname)%00%(upstream:track)%00%(upstream:remotename)%00%(upstream:remoteref) refs/heads/main refs/remotes/main [9ms]
2024-08-25 15:11:35.161 [info] > git status -z -uall [12ms]
2024-08-25 15:11:37.637 [info] > git ls-files --stage -- /home/will/holbertonschool-web_back_end/ES6_classes/README.md [8ms]
2024-08-25 15:11:37.660 [info] > git cat-file -s 5dd2eac2e98505c80d262d40fb5ff2ecf24c774a [9ms]
2024-08-25 15:11:37.710 [info] > git show --textconv :ES6_classes/README.md [5ms]
2024-08-25 15:12:05.296 [info] > git config --get commit.template [19ms]
2024-08-25 15:12:05.310 [info] > git ls-files --stage -- /home/will/holbertonschool-web_back_end/ES6_classes/README.md [18ms]
2024-08-25 15:12:05.322 [info] > git for-each-ref --format=%(refname)%00%(upstream:short)%00%(objectname)%00%(upstream:track)%00%(upstream:remotename)%00%(upstream:remoteref) refs/heads/main refs/remotes/main [15ms]
2024-08-25 15:12:05.325 [info] > git cat-file -s 5dd2eac2e98505c80d262d40fb5ff2ecf24c774a [4ms]
2024-08-25 15:12:05.341 [info] > git status -z -uall [9ms]
2024-08-25 15:12:05.355 [info] > git show --textconv :ES6_classes/README.md [15ms]
2024-08-25 15:12:05.355 [info] > git merge-base refs/heads/main refs/remotes/origin/main [6ms]
2024-08-25 15:12:05.372 [info] > git rev-list --count --left-right refs/heads/main...refs/remotes/origin/main [4ms]
2024-08-25 15:12:05.385 [info] > git diff --name-status -z --diff-filter=ADMR 85ddaad6c34b548f17a83633cad4f6006d2808e7...refs/remotes/origin/main [7ms]
2024-08-25 15:12:13.412 [info] > git config --get commit.template [7ms]
2024-08-25 15:12:13.413 [info] > git for-each-ref --format=%(refname)%00%(upstream:short)%00%(objectname)%00%(upstream:track)%00%(upstream:remotename)%00%(upstream:remoteref) refs/heads/main refs/remotes/main [2ms]
2024-08-25 15:12:13.423 [info] > git status -z -uall [3ms]
2024-08-25 15:12:20.300 [info] > git config --get commit.template [13ms]
2024-08-25 15:12:20.303 [info] > git for-each-ref --format=%(refname)%00%(upstream:short)%00%(objectname)%00%(upstream:track)%00%(upstream:remotename)%00%(upstream:remoteref) refs/heads/main refs/remotes/main [5ms]
2024-08-25 15:12:20.312 [info] > git status -z -uall [3ms]
2024-08-25 15:12:55.100 [info] > git config --get commit.template [17ms]
2024-08-25 15:12:55.106 [info] > git for-each-ref --format=%(refname)%00%(upstream:short)%00%(objectname)%00%(upstream:track)%00%(upstream:remotename)%00%(upstream:remoteref) refs/heads/main refs/remotes/main [8ms]
2024-08-25 15:12:55.126 [info] > git status -z -uall [8ms]
2024-08-25 15:12:58.069 [info] > git ls-files --stage -- /home/will/holbertonschool-web_back_end/ES6_classes/README.md [7ms]
2024-08-25 15:12:58.080 [info] > git cat-file -s 5dd2eac2e98505c80d262d40fb5ff2ecf24c774a [3ms]
2024-08-25 15:12:58.089 [info] > git show --textconv :ES6_classes/README.md [3ms]
2024-08-25 15:12:59.806 [info] > git ls-files --stage -- /home/will/holbertonschool-web_back_end/ES6_classes/README.md [9ms]
2024-08-25 15:12:59.833 [info] > git cat-file -s 5dd2eac2e98505c80d262d40fb5ff2ecf24c774a [12ms]
2024-08-25 15:12:59.857 [info] > git show --textconv :ES6_classes/README.md [6ms]
2024-08-25 15:13:00.154 [info] > git config --get commit.template [12ms]
2024-08-25 15:13:00.159 [info] > git for-each-ref --format=%(refname)%00%(upstream:short)%00%(objectname)%00%(upstream:track)%00%(upstream:remotename)%00%(upstream:remoteref) refs/heads/main refs/remotes/main [7ms]
2024-08-25 15:13:00.175 [info] > git status -z -uall [5ms]
2024-08-25 15:13:00.188 [info] > git merge-base refs/heads/main refs/remotes/origin/main [4ms]
2024-08-25 15:13:00.197 [info] > git rev-list --count --left-right refs/heads/main...refs/remotes/origin/main [4ms]
2024-08-25 15:13:00.206 [info] > git diff --name-status -z --diff-filter=ADMR 051da59aa412ddf48857a4809dfd2e0b863b69d6...refs/remotes/origin/main [3ms]
2024-08-25 15:13:47.993 [info] > git config --get commit.template [13ms]
2024-08-25 15:13:47.997 [info] > git for-each-ref --format=%(refname)%00%(upstream:short)%00%(objectname)%00%(upstream:track)%00%(upstream:remotename)%00%(upstream:remoteref) refs/heads/main refs/remotes/main [5ms]
2024-08-25 15:13:48.008 [info] > git status -z -uall [4ms]
2024-08-25 15:13:57.198 [info] > git config --get commit.template [1ms]
2024-08-25 15:13:57.209 [info] > git for-each-ref --format=%(refname)%00%(upstream:short)%00%(objectname)%00%(upstream:track)%00%(upstream:remotename)%00%(upstream:remoteref) refs/heads/main refs/remotes/main [3ms]
2024-08-25 15:13:57.228 [info] > git status -z -uall [12ms]
2024-08-25 15:14:02.259 [info] > git config --get commit.template [10ms]
2024-08-25 15:14:02.260 [info] > git for-each-ref --format=%(refname)%00%(upstream:short)%00%(objectname)%00%(upstream:track)%00%(upstream:remotename)%00%(upstream:remoteref) refs/heads/main refs/remotes/main [3ms]
2024-08-25 15:14:02.268 [info] > git status -z -uall [3ms]
2024-08-25 15:14:15.944 [info] > git config --get commit.template [21ms]
2024-08-25 15:14:15.946 [info] > git for-each-ref --format=%(refname)%00%(upstream:short)%00%(objectname)%00%(upstream:track)%00%(upstream:remotename)%00%(upstream:remoteref) refs/heads/main refs/remotes/main [3ms]
2024-08-25 15:14:15.958 [info] > git status -z -uall [5ms]
2024-08-25 15:14:20.974 [info] > git config --get commit.template [2ms]
2024-08-25 15:14:20.983 [info] > git for-each-ref --format=%(refname)%00%(upstream:short)%00%(objectname)%00%(upstream:track)%00%(upstream:remotename)%00%(upstream:remoteref) refs/heads/main refs/remotes/main [3ms]
2024-08-25 15:14:20.993 [info] > git status -z -uall [4ms]
2024-08-25 15:14:25.966 [info] > git ls-files --stage -- /home/will/holbertonschool-web_back_end/ES6_classes/README.md [3ms]
2024-08-25 15:14:25.978 [info] > git cat-file -s 5dd2eac2e98505c80d262d40fb5ff2ecf24c774a [4ms]
2024-08-25 15:14:25.993 [info] > git show --textconv :ES6_classes/README.md [3ms]
2024-08-25 15:14:26.013 [info] > git config --get commit.template [7ms]
2024-08-25 15:14:26.015 [info] > git for-each-ref --format=%(refname)%00%(upstream:short)%00%(objectname)%00%(upstream:track)%00%(upstream:remotename)%00%(upstream:remoteref) refs/heads/main refs/remotes/main [3ms]
2024-08-25 15:14:26.024 [info] > git status -z -uall [3ms]
2024-08-25 15:14:26.034 [info] > git merge-base refs/heads/main refs/remotes/origin/main [4ms]
2024-08-25 15:14:26.045 [info] > git rev-list --count --left-right refs/heads/main...refs/remotes/origin/main [5ms]
2024-08-25 15:14:26.056 [info] > git diff --name-status -z --diff-filter=ADMR 051da59aa412ddf48857a4809dfd2e0b863b69d6...refs/remotes/origin/main [4ms]
