2024-09-26 11:39:36.464 [info] Log level: Info
2024-09-26 11:39:36.464 [info] Validating found git in: "git"
2024-09-26 11:39:36.464 [info] Using git "2.39.5" from "git"
2024-09-26 11:39:36.464 [info] > git rev-parse --show-toplevel [29ms]
2024-09-26 11:39:36.464 [info] > git rev-parse --git-dir --git-common-dir [12ms]
2024-09-26 11:39:36.464 [info] Open repository: /home/will/holbertonschool-web_back_end
2024-09-26 11:39:36.464 [info] > git config --get commit.template [123ms]
2024-09-26 11:39:36.464 [info] > git rev-parse --show-toplevel [134ms]
2024-09-26 11:39:36.464 [info] > git for-each-ref --format=%(refname)%00%(upstream:short)%00%(objectname)%00%(upstream:track)%00%(upstream:remotename)%00%(upstream:remoteref) refs/heads/main refs/remotes/main [59ms]
2024-09-26 11:39:36.809 [info] > git status -z -uall [299ms]
2024-09-26 11:39:37.023 [info] > git merge-base refs/heads/main refs/remotes/origin/main [164ms]
2024-09-26 11:39:37.136 [info] > git rev-list --count --left-right refs/heads/main...refs/remotes/origin/main [45ms]
2024-09-26 11:39:37.167 [info] > git config --get commit.template [181ms]
2024-09-26 11:39:37.188 [info] > git diff --name-status -z --diff-filter=ADMR a14239c36491eda0b794bdd562256d3bf2937bac...refs/remotes/origin/main [24ms]
2024-09-26 11:39:38.197 [info] > git for-each-ref --format=%(refname)%00%(upstream:short)%00%(objectname)%00%(upstream:track)%00%(upstream:remotename)%00%(upstream:remoteref) refs/heads/main refs/remotes/main [979ms]
2024-09-26 11:39:38.259 [info] > git status -z -uall [14ms]
2024-09-26 11:39:38.771 [info] > git check-ignore -v -z --stdin [37ms]
2024-09-26 11:39:43.511 [info] > git show --textconv :ES6_classes/README.md [35ms]
2024-09-26 11:39:43.514 [info] > git ls-files --stage -- /home/will/holbertonschool-web_back_end/ES6_classes/README.md [7ms]
2024-09-26 11:39:43.542 [info] > git cat-file -s 5dd2eac2e98505c80d262d40fb5ff2ecf24c774a [13ms]
2024-09-26 15:20:35.869 [info] > git show --textconv :ES6_classes/9-hoisting.js [43ms]
2024-09-26 15:20:35.870 [info] > git ls-files --stage -- /home/will/holbertonschool-web_back_end/ES6_classes/9-hoisting.js [28ms]
2024-09-26 15:20:35.937 [info] > git cat-file -s f6992e2fca7fe743a5622c27f2e6cf05f972de7a [53ms]
2024-09-27 14:16:46.016 [info] > git config --get commit.template [8ms]
2024-09-27 14:16:46.016 [info] > git for-each-ref --format=%(refname)%00%(upstream:short)%00%(objectname)%00%(upstream:track)%00%(upstream:remotename)%00%(upstream:remoteref) refs/heads/main refs/remotes/main [3ms]
2024-09-27 14:16:46.034 [info] > git status -z -uall [11ms]
2024-09-27 14:17:35.120 [info] > git config --get commit.template [4ms]
2024-09-27 14:17:35.131 [info] > git for-each-ref --format=%(refname)%00%(upstream:short)%00%(objectname)%00%(upstream:track)%00%(upstream:remotename)%00%(upstream:remoteref) refs/heads/main refs/remotes/main [4ms]
2024-09-27 14:17:35.146 [info] > git status -z -uall [6ms]
2024-09-27 14:17:40.168 [info] > git config --get commit.template [6ms]
2024-09-27 14:17:40.170 [info] > git for-each-ref --format=%(refname)%00%(upstream:short)%00%(objectname)%00%(upstream:track)%00%(upstream:remotename)%00%(upstream:remoteref) refs/heads/main refs/remotes/main [2ms]
2024-09-27 14:17:40.178 [info] > git status -z -uall [3ms]
2024-09-27 14:17:47.038 [info] > git config --get commit.template [16ms]
2024-09-27 14:17:47.042 [info] > git for-each-ref --format=%(refname)%00%(upstream:short)%00%(objectname)%00%(upstream:track)%00%(upstream:remotename)%00%(upstream:remoteref) refs/heads/main refs/remotes/main [5ms]
2024-09-27 14:17:47.060 [info] > git status -z -uall [6ms]
2024-09-27 14:17:55.097 [info] > git config --get commit.template [9ms]
2024-09-27 14:17:55.102 [info] > git for-each-ref --format=%(refname)%00%(upstream:short)%00%(objectname)%00%(upstream:track)%00%(upstream:remotename)%00%(upstream:remoteref) refs/heads/main refs/remotes/main [6ms]
2024-09-27 14:17:55.118 [info] > git status -z -uall [6ms]
2024-09-27 14:18:09.144 [info] > git config --get commit.template [3ms]
2024-09-27 14:18:09.154 [info] > git for-each-ref --format=%(refname)%00%(upstream:short)%00%(objectname)%00%(upstream:track)%00%(upstream:remotename)%00%(upstream:remoteref) refs/heads/main refs/remotes/main [4ms]
2024-09-27 14:18:09.164 [info] > git status -z -uall [3ms]
2024-09-27 14:18:09.179 [info] > git merge-base refs/heads/main refs/remotes/origin/main [8ms]
2024-09-27 14:18:09.189 [info] > git rev-list --count --left-right refs/heads/main...refs/remotes/origin/main [3ms]
2024-09-27 14:18:09.211 [info] > git ls-files --stage -- /home/will/holbertonschool-web_back_end/ES6_classes/9-hoisting.js [6ms]
2024-09-27 14:18:09.217 [info] > git diff --name-status -z --diff-filter=ADMR 42fed7c25828860925a7eb0d762aca2513cf86b1...refs/remotes/origin/main [20ms]
2024-09-27 14:18:09.223 [info] > git cat-file -s f6992e2fca7fe743a5622c27f2e6cf05f972de7a [6ms]
2024-09-27 14:18:09.248 [info] > git show --textconv :ES6_classes/9-hoisting.js [3ms]
2024-09-27 14:18:14.198 [info] > git config --get commit.template [7ms]
2024-09-27 14:18:14.199 [info] > git for-each-ref --format=%(refname)%00%(upstream:short)%00%(objectname)%00%(upstream:track)%00%(upstream:remotename)%00%(upstream:remoteref) refs/heads/main refs/remotes/main [3ms]
2024-09-27 14:18:14.208 [info] > git status -z -uall [4ms]
2024-09-27 14:18:20.407 [info] > git config --get commit.template [4ms]
2024-09-27 14:18:20.421 [info] > git for-each-ref --format=%(refname)%00%(upstream:short)%00%(objectname)%00%(upstream:track)%00%(upstream:remotename)%00%(upstream:remoteref) refs/heads/main refs/remotes/main [6ms]
2024-09-27 14:18:20.432 [info] > git status -z -uall [4ms]
2024-09-27 14:18:25.453 [info] > git config --get commit.template [6ms]
2024-09-27 14:18:25.455 [info] > git for-each-ref --format=%(refname)%00%(upstream:short)%00%(objectname)%00%(upstream:track)%00%(upstream:remotename)%00%(upstream:remoteref) refs/heads/main refs/remotes/main [3ms]
2024-09-27 14:18:25.463 [info] > git status -z -uall [3ms]
2024-09-27 14:18:30.489 [info] > git config --get commit.template [8ms]
2024-09-27 14:18:30.491 [info] > git for-each-ref --format=%(refname)%00%(upstream:short)%00%(objectname)%00%(upstream:track)%00%(upstream:remotename)%00%(upstream:remoteref) refs/heads/main refs/remotes/main [3ms]
2024-09-27 14:18:30.499 [info] > git status -z -uall [3ms]
2024-09-27 14:18:30.513 [info] > git merge-base refs/heads/main refs/remotes/origin/main [6ms]
2024-09-27 14:18:30.523 [info] > git rev-list --count --left-right refs/heads/main...refs/remotes/origin/main [5ms]
2024-09-27 14:18:30.533 [info] > git diff --name-status -z --diff-filter=ADMR 42fed7c25828860925a7eb0d762aca2513cf86b1...refs/remotes/origin/main [3ms]
2024-09-27 14:18:31.104 [info] > git ls-files --stage -- /home/will/holbertonschool-web_back_end/ES6_classes/9-hoisting.js [3ms]
2024-09-27 14:18:31.114 [info] > git cat-file -s f6992e2fca7fe743a5622c27f2e6cf05f972de7a [2ms]
2024-09-27 14:18:31.131 [info] > git show --textconv :ES6_classes/9-hoisting.js [4ms]
2024-09-27 14:22:07.992 [info] > git config --get commit.template [14ms]
2024-09-27 14:22:08.003 [info] > git ls-files --stage -- /home/will/holbertonschool-web_back_end/ES6_classes/9-hoisting.js [13ms]
2024-09-27 14:22:08.012 [info] > git for-each-ref --format=%(refname)%00%(upstream:short)%00%(objectname)%00%(upstream:track)%00%(upstream:remotename)%00%(upstream:remoteref) refs/heads/main refs/remotes/main [11ms]
2024-09-27 14:22:08.014 [info] > git cat-file -s f6992e2fca7fe743a5622c27f2e6cf05f972de7a [3ms]
2024-09-27 14:22:08.028 [info] > git status -z -uall [6ms]
2024-09-27 14:22:08.050 [info] > git merge-base refs/heads/main refs/remotes/origin/main [13ms]
2024-09-27 14:22:08.062 [info] > git show --textconv :ES6_classes/9-hoisting.js [15ms]
2024-09-27 14:22:08.065 [info] > git rev-list --count --left-right refs/heads/main...refs/remotes/origin/main [7ms]
2024-09-27 14:22:08.076 [info] > git diff --name-status -z --diff-filter=ADMR 8c14e78ce02cb53ce55d366b942510b01d628dec...refs/remotes/origin/main [4ms]
2024-09-27 14:22:32.316 [info] > git for-each-ref --format=%(refname)%00%(upstream:short)%00%(objectname)%00%(upstream:track)%00%(upstream:remotename)%00%(upstream:remoteref) refs/heads/main refs/remotes/main [1ms]
2024-09-27 14:22:32.316 [info] > git config --get commit.template [24ms]
2024-09-27 14:22:32.338 [info] > git status -z -uall [12ms]
2024-09-27 14:22:37.458 [info] > git config --get commit.template [17ms]
2024-09-27 14:22:37.471 [info] > git for-each-ref --format=%(refname)%00%(upstream:short)%00%(objectname)%00%(upstream:track)%00%(upstream:remotename)%00%(upstream:remoteref) refs/heads/main refs/remotes/main [2ms]
2024-09-27 14:22:37.483 [info] > git status -z -uall [3ms]
2024-09-27 14:22:42.513 [info] > git config --get commit.template [8ms]
2024-09-27 14:22:42.514 [info] > git for-each-ref --format=%(refname)%00%(upstream:short)%00%(objectname)%00%(upstream:track)%00%(upstream:remotename)%00%(upstream:remoteref) refs/heads/main refs/remotes/main [3ms]
2024-09-27 14:22:42.522 [info] > git status -z -uall [3ms]
2024-09-27 14:22:47.579 [info] > git for-each-ref --format=%(refname)%00%(upstream:short)%00%(objectname)%00%(upstream:track)%00%(upstream:remotename)%00%(upstream:remoteref) refs/heads/main refs/remotes/main [10ms]
2024-09-27 14:22:47.580 [info] > git config --get commit.template [33ms]
2024-09-27 14:22:47.601 [info] > git status -z -uall [8ms]
2024-09-27 14:24:42.725 [info] > git config --get commit.template [19ms]
2024-09-27 14:24:42.734 [info] > git ls-files --stage -- /home/will/holbertonschool-web_back_end/ES6_classes/9-hoisting.js [11ms]
2024-09-27 14:24:42.747 [info] > git for-each-ref --format=%(refname)%00%(upstream:short)%00%(objectname)%00%(upstream:track)%00%(upstream:remotename)%00%(upstream:remoteref) refs/heads/main refs/remotes/main [15ms]
2024-09-27 14:24:42.749 [info] > git cat-file -s f6992e2fca7fe743a5622c27f2e6cf05f972de7a [5ms]
2024-09-27 14:24:42.762 [info] > git status -z -uall [4ms]
2024-09-27 14:24:42.780 [info] > git merge-base refs/heads/main refs/remotes/origin/main [7ms]
2024-09-27 14:24:42.799 [info] > git rev-list --count --left-right refs/heads/main...refs/remotes/origin/main [12ms]
2024-09-27 14:24:42.815 [info] > git show --textconv :ES6_classes/9-hoisting.js [19ms]
2024-09-27 14:24:42.815 [info] > git diff --name-status -z --diff-filter=ADMR 26107095e44cd5e7ffbeb3ec29dfb3921efc727b...refs/remotes/origin/main [5ms]
2024-09-27 14:24:47.829 [info] > git config --get commit.template [26ms]
2024-09-27 14:24:47.830 [info] > git for-each-ref --format=%(refname)%00%(upstream:short)%00%(objectname)%00%(upstream:track)%00%(upstream:remotename)%00%(upstream:remoteref) refs/heads/main refs/remotes/main [5ms]
2024-09-27 14:24:47.843 [info] > git status -z -uall [4ms]
2024-09-27 14:24:52.869 [info] > git config --get commit.template [7ms]
2024-09-27 14:24:52.871 [info] > git for-each-ref --format=%(refname)%00%(upstream:short)%00%(objectname)%00%(upstream:track)%00%(upstream:remotename)%00%(upstream:remoteref) refs/heads/main refs/remotes/main [3ms]
2024-09-27 14:24:52.884 [info] > git status -z -uall [5ms]
2024-09-27 14:24:57.937 [info] > git config --get commit.template [24ms]
2024-09-27 14:24:57.944 [info] > git for-each-ref --format=%(refname)%00%(upstream:short)%00%(objectname)%00%(upstream:track)%00%(upstream:remotename)%00%(upstream:remoteref) refs/heads/main refs/remotes/main [10ms]
2024-09-27 14:24:57.965 [info] > git status -z -uall [7ms]
2024-09-27 14:25:03.013 [info] > git config --get commit.template [20ms]
2024-09-27 14:25:03.017 [info] > git for-each-ref --format=%(refname)%00%(upstream:short)%00%(objectname)%00%(upstream:track)%00%(upstream:remotename)%00%(upstream:remoteref) refs/heads/main refs/remotes/main [7ms]
2024-09-27 14:25:03.039 [info] > git status -z -uall [7ms]
2024-09-27 14:25:08.097 [info] > git config --get commit.template [20ms]
2024-09-27 14:25:08.098 [info] > git for-each-ref --format=%(refname)%00%(upstream:short)%00%(objectname)%00%(upstream:track)%00%(upstream:remotename)%00%(upstream:remoteref) refs/heads/main refs/remotes/main [2ms]
2024-09-27 14:25:08.108 [info] > git status -z -uall [4ms]
2024-09-27 14:25:13.168 [info] > git config --get commit.template [25ms]
2024-09-27 14:25:13.174 [info] > git for-each-ref --format=%(refname)%00%(upstream:short)%00%(objectname)%00%(upstream:track)%00%(upstream:remotename)%00%(upstream:remoteref) refs/heads/main refs/remotes/main [9ms]
2024-09-27 14:25:13.196 [info] > git status -z -uall [4ms]
2024-09-27 14:25:18.626 [info] > git config --get commit.template [8ms]
2024-09-27 14:25:18.655 [info] > git for-each-ref --format=%(refname)%00%(upstream:short)%00%(objectname)%00%(upstream:track)%00%(upstream:remotename)%00%(upstream:remoteref) refs/heads/main refs/remotes/main [5ms]
2024-09-27 14:25:18.666 [info] > git status -z -uall [3ms]
2024-09-27 14:25:23.693 [info] > git config --get commit.template [2ms]
2024-09-27 14:25:23.701 [info] > git for-each-ref --format=%(refname)%00%(upstream:short)%00%(objectname)%00%(upstream:track)%00%(upstream:remotename)%00%(upstream:remoteref) refs/heads/main refs/remotes/main [3ms]
2024-09-27 14:25:23.712 [info] > git status -z -uall [4ms]
2024-09-27 14:27:28.284 [info] > git config --get commit.template [39ms]
2024-09-27 14:27:28.300 [info] > git for-each-ref --format=%(refname)%00%(upstream:short)%00%(objectname)%00%(upstream:track)%00%(upstream:remotename)%00%(upstream:remoteref) refs/heads/main refs/remotes/main [18ms]
2024-09-27 14:27:28.300 [info] > git ls-files --stage -- /home/will/holbertonschool-web_back_end/ES6_classes/9-hoisting.js [34ms]
2024-09-27 14:27:28.333 [info] > git cat-file -s f6992e2fca7fe743a5622c27f2e6cf05f972de7a [8ms]
2024-09-27 14:27:28.353 [info] > git status -z -uall [6ms]
2024-09-27 14:27:28.382 [info] > git merge-base refs/heads/main refs/remotes/origin/main [19ms]
2024-09-27 14:27:28.391 [info] > git show --textconv :ES6_classes/9-hoisting.js [12ms]
2024-09-27 14:27:28.394 [info] > git rev-list --count --left-right refs/heads/main...refs/remotes/origin/main [5ms]
2024-09-27 14:27:28.405 [info] > git diff --name-status -z --diff-filter=ADMR c0f176d9fd8a6c5354ba449c6c2009bf1b02d548...refs/remotes/origin/main [4ms]
2024-09-27 14:27:33.400 [info] > git config --get commit.template [5ms]
2024-09-27 14:27:33.408 [info] > git for-each-ref --format=%(refname)%00%(upstream:short)%00%(objectname)%00%(upstream:track)%00%(upstream:remotename)%00%(upstream:remoteref) refs/heads/main refs/remotes/main [2ms]
2024-09-27 14:27:33.418 [info] > git status -z -uall [3ms]
2024-09-27 14:29:06.006 [info] > git config --get commit.template [21ms]
2024-09-27 14:29:06.012 [info] > git for-each-ref --format=%(refname)%00%(upstream:short)%00%(objectname)%00%(upstream:track)%00%(upstream:remotename)%00%(upstream:remoteref) refs/heads/main refs/remotes/main [9ms]
2024-09-27 14:29:06.040 [info] > git status -z -uall [11ms]
2024-09-27 14:29:11.079 [info] > git config --get commit.template [14ms]
2024-09-27 14:29:11.081 [info] > git for-each-ref --format=%(refname)%00%(upstream:short)%00%(objectname)%00%(upstream:track)%00%(upstream:remotename)%00%(upstream:remoteref) refs/heads/main refs/remotes/main [4ms]
2024-09-27 14:29:11.090 [info] > git status -z -uall [3ms]
2024-09-27 14:30:01.519 [info] > git config --get commit.template [15ms]
2024-09-27 14:30:01.521 [info] > git for-each-ref --format=%(refname)%00%(upstream:short)%00%(objectname)%00%(upstream:track)%00%(upstream:remotename)%00%(upstream:remoteref) refs/heads/main refs/remotes/main [4ms]
2024-09-27 14:30:01.535 [info] > git status -z -uall [5ms]
2024-09-27 14:30:06.559 [info] > git config --get commit.template [9ms]
2024-09-27 14:30:06.561 [info] > git for-each-ref --format=%(refname)%00%(upstream:short)%00%(objectname)%00%(upstream:track)%00%(upstream:remotename)%00%(upstream:remoteref) refs/heads/main refs/remotes/main [4ms]
2024-09-27 14:30:06.572 [info] > git status -z -uall [4ms]
2024-09-27 14:30:13.821 [info] > git config --get commit.template [11ms]
2024-09-27 14:30:13.834 [info] > git for-each-ref --format=%(refname)%00%(upstream:short)%00%(objectname)%00%(upstream:track)%00%(upstream:remotename)%00%(upstream:remoteref) refs/heads/main refs/remotes/main [5ms]
2024-09-27 14:30:13.843 [info] > git status -z -uall [4ms]
2024-09-27 14:30:24.147 [info] > git config --get commit.template [5ms]
2024-09-27 14:30:24.163 [info] > git for-each-ref --format=%(refname)%00%(upstream:short)%00%(objectname)%00%(upstream:track)%00%(upstream:remotename)%00%(upstream:remoteref) refs/heads/main refs/remotes/main [10ms]
2024-09-27 14:30:24.182 [info] > git status -z -uall [7ms]
2024-09-27 14:30:28.463 [info] > git ls-files --stage -- /home/will/holbertonschool-web_back_end/ES6_classes/9-hoisting.js [9ms]
2024-09-27 14:30:28.487 [info] > git cat-file -s f6992e2fca7fe743a5622c27f2e6cf05f972de7a [6ms]
2024-09-27 14:30:28.501 [info] > git show --textconv :ES6_classes/9-hoisting.js [3ms]
2024-09-27 14:30:29.209 [info] > git config --get commit.template [8ms]
2024-09-27 14:30:29.211 [info] > git for-each-ref --format=%(refname)%00%(upstream:short)%00%(objectname)%00%(upstream:track)%00%(upstream:remotename)%00%(upstream:remoteref) refs/heads/main refs/remotes/main [3ms]
2024-09-27 14:30:29.220 [info] > git status -z -uall [4ms]
2024-09-27 14:30:29.249 [info] > git merge-base refs/heads/main refs/remotes/origin/main [21ms]
2024-09-27 14:30:29.279 [info] > git rev-list --count --left-right refs/heads/main...refs/remotes/origin/main [6ms]
2024-09-27 14:30:29.291 [info] > git diff --name-status -z --diff-filter=ADMR c0f176d9fd8a6c5354ba449c6c2009bf1b02d548...refs/remotes/origin/main [4ms]
2024-09-27 14:30:30.994 [info] > git ls-files --stage -- /home/will/holbertonschool-web_back_end/ES6_classes/9-hoisting.js [2ms]
2024-09-27 14:30:31.002 [info] > git cat-file -s f6992e2fca7fe743a5622c27f2e6cf05f972de7a [2ms]
2024-09-27 14:30:31.013 [info] > git show --textconv :ES6_classes/9-hoisting.js [4ms]
2024-09-27 14:30:34.273 [info] > git config --get commit.template [9ms]
2024-09-27 14:30:34.274 [info] > git for-each-ref --format=%(refname)%00%(upstream:short)%00%(objectname)%00%(upstream:track)%00%(upstream:remotename)%00%(upstream:remoteref) refs/heads/main refs/remotes/main [3ms]
2024-09-27 14:30:34.283 [info] > git status -z -uall [3ms]
2024-09-27 14:30:34.295 [info] > git merge-base refs/heads/main refs/remotes/origin/main [4ms]
2024-09-27 14:30:34.304 [info] > git rev-list --count --left-right refs/heads/main...refs/remotes/origin/main [3ms]
2024-09-27 14:30:34.312 [info] > git diff --name-status -z --diff-filter=ADMR 6c96b95ee09973451bb37385f9619978b065ba4d...refs/remotes/origin/main [3ms]
2024-09-27 14:31:24.592 [info] > git config --get commit.template [12ms]
2024-09-27 14:31:24.593 [info] > git for-each-ref --format=%(refname)%00%(upstream:short)%00%(objectname)%00%(upstream:track)%00%(upstream:remotename)%00%(upstream:remoteref) refs/heads/main refs/remotes/main [3ms]
2024-09-27 14:31:24.601 [info] > git status -z -uall [3ms]
2024-09-27 14:32:04.179 [info] > git config --get commit.template [6ms]
2024-09-27 14:32:04.201 [info] > git for-each-ref --format=%(refname)%00%(upstream:short)%00%(objectname)%00%(upstream:track)%00%(upstream:remotename)%00%(upstream:remoteref) refs/heads/main refs/remotes/main [5ms]
2024-09-27 14:32:04.247 [info] > git status -z -uall [24ms]
2024-09-27 14:32:09.290 [info] > git config --get commit.template [11ms]
2024-09-27 14:32:09.291 [info] > git for-each-ref --format=%(refname)%00%(upstream:short)%00%(objectname)%00%(upstream:track)%00%(upstream:remotename)%00%(upstream:remoteref) refs/heads/main refs/remotes/main [3ms]
2024-09-27 14:32:09.299 [info] > git status -z -uall [3ms]
2024-09-27 14:32:14.335 [info] > git config --get commit.template [13ms]
2024-09-27 14:32:14.336 [info] > git for-each-ref --format=%(refname)%00%(upstream:short)%00%(objectname)%00%(upstream:track)%00%(upstream:remotename)%00%(upstream:remoteref) refs/heads/main refs/remotes/main [3ms]
2024-09-27 14:32:14.346 [info] > git status -z -uall [5ms]
2024-09-27 14:32:17.635 [info] > git ls-files --stage -- /home/will/holbertonschool-web_back_end/ES6_classes/9-hoisting.js [2ms]
2024-09-27 14:32:17.645 [info] > git cat-file -s f6992e2fca7fe743a5622c27f2e6cf05f972de7a [3ms]
2024-09-27 14:32:17.659 [info] > git show --textconv :ES6_classes/9-hoisting.js [4ms]
2024-09-27 14:32:19.377 [info] > git config --get commit.template [6ms]
2024-09-27 14:32:19.388 [info] > git for-each-ref --format=%(refname)%00%(upstream:short)%00%(objectname)%00%(upstream:track)%00%(upstream:remotename)%00%(upstream:remoteref) refs/heads/main refs/remotes/main [3ms]
2024-09-27 14:32:19.398 [info] > git status -z -uall [4ms]
2024-09-27 14:32:19.412 [info] > git merge-base refs/heads/main refs/remotes/origin/main [6ms]
2024-09-27 14:32:19.421 [info] > git rev-list --count --left-right refs/heads/main...refs/remotes/origin/main [4ms]
2024-09-27 14:32:19.430 [info] > git diff --name-status -z --diff-filter=ADMR 6c96b95ee09973451bb37385f9619978b065ba4d...refs/remotes/origin/main [3ms]
2024-09-27 14:32:20.907 [info] > git ls-files --stage -- /home/will/holbertonschool-web_back_end/ES6_classes/9-hoisting.js [2ms]
2024-09-27 14:32:20.915 [info] > git cat-file -s f6992e2fca7fe743a5622c27f2e6cf05f972de7a [3ms]
2024-09-27 14:32:20.925 [info] > git show --textconv :ES6_classes/9-hoisting.js [2ms]
2024-09-27 14:32:24.446 [info] > git config --get commit.template [12ms]
2024-09-27 14:32:24.448 [info] > git for-each-ref --format=%(refname)%00%(upstream:short)%00%(objectname)%00%(upstream:track)%00%(upstream:remotename)%00%(upstream:remoteref) refs/heads/main refs/remotes/main [3ms]
2024-09-27 14:32:24.457 [info] > git status -z -uall [4ms]
2024-09-27 14:32:24.468 [info] > git merge-base refs/heads/main refs/remotes/origin/main [4ms]
2024-09-27 14:32:24.481 [info] > git rev-list --count --left-right refs/heads/main...refs/remotes/origin/main [7ms]
2024-09-27 14:32:24.491 [info] > git diff --name-status -z --diff-filter=ADMR 83bc0c2e49b74636142dd1a38ddd5ebc76508b31...refs/remotes/origin/main [3ms]
2024-09-27 14:34:37.430 [info] > git config --get commit.template [3ms]
2024-09-27 14:34:37.449 [info] > git for-each-ref --format=%(refname)%00%(upstream:short)%00%(objectname)%00%(upstream:track)%00%(upstream:remotename)%00%(upstream:remoteref) refs/heads/main refs/remotes/main [6ms]
2024-09-27 14:34:37.466 [info] > git status -z -uall [5ms]
2024-09-27 14:35:53.831 [info] > git config --get commit.template [29ms]
2024-09-27 14:35:53.833 [info] > git for-each-ref --format=%(refname)%00%(upstream:short)%00%(objectname)%00%(upstream:track)%00%(upstream:remotename)%00%(upstream:remoteref) refs/heads/main refs/remotes/main [6ms]
2024-09-27 14:35:53.833 [info] > git ls-files --stage -- /home/will/holbertonschool-web_back_end/ES6_classes/9-hoisting.js [16ms]
2024-09-27 14:35:53.847 [info] > git cat-file -s f6992e2fca7fe743a5622c27f2e6cf05f972de7a [8ms]
2024-09-27 14:35:53.851 [info] > git status -z -uall [5ms]
2024-09-27 14:35:53.873 [info] > git merge-base refs/heads/main refs/remotes/origin/main [13ms]
2024-09-27 14:35:53.883 [info] > git show --textconv :ES6_classes/9-hoisting.js [12ms]
2024-09-27 14:35:53.885 [info] > git rev-list --count --left-right refs/heads/main...refs/remotes/origin/main [5ms]
2024-09-27 14:35:53.898 [info] > git diff --name-status -z --diff-filter=ADMR afa869d9d530cbce8e0af5c7945c28251946f7dd...refs/remotes/origin/main [5ms]
2024-09-27 14:36:13.053 [info] > git for-each-ref --format=%(refname)%00%(upstream:short)%00%(objectname)%00%(upstream:track)%00%(upstream:remotename)%00%(upstream:remoteref) refs/heads/main refs/remotes/main [4ms]
2024-09-27 14:36:13.054 [info] > git config --get commit.template [31ms]
2024-09-27 14:36:13.088 [info] > git status -z -uall [2ms]
2024-09-27 14:36:18.124 [info] > git config --get commit.template [13ms]
2024-09-27 14:36:18.127 [info] > git for-each-ref --format=%(refname)%00%(upstream:short)%00%(objectname)%00%(upstream:track)%00%(upstream:remotename)%00%(upstream:remoteref) refs/heads/main refs/remotes/main [4ms]
2024-09-27 14:36:18.136 [info] > git status -z -uall [4ms]
2024-09-27 14:36:18.148 [info] > git merge-base refs/heads/main refs/remotes/origin/main [5ms]
2024-09-27 14:36:18.157 [info] > git rev-list --count --left-right refs/heads/main...refs/remotes/origin/main [3ms]
2024-09-27 14:36:18.167 [info] > git diff --name-status -z --diff-filter=ADMR afa869d9d530cbce8e0af5c7945c28251946f7dd...refs/remotes/origin/main [4ms]
2024-09-27 14:36:18.601 [info] > git ls-files --stage -- /home/will/holbertonschool-web_back_end/ES6_classes/9-hoisting.js [7ms]
2024-09-27 14:36:18.616 [info] > git cat-file -s f6992e2fca7fe743a5622c27f2e6cf05f972de7a [3ms]
2024-09-27 14:36:18.627 [info] > git show --textconv :ES6_classes/9-hoisting.js [3ms]
2024-09-27 14:37:16.807 [info] > git for-each-ref --format=%(refname)%00%(upstream:short)%00%(objectname)%00%(upstream:track)%00%(upstream:remotename)%00%(upstream:remoteref) refs/heads/main refs/remotes/main [26ms]
2024-09-27 14:37:16.810 [info] > git config --get commit.template [4ms]
2024-09-27 14:37:16.810 [info] > git ls-files --stage -- /home/will/holbertonschool-web_back_end/ES6_classes/9-hoisting.js [15ms]
2024-09-27 14:37:16.827 [info] > git cat-file -s f6992e2fca7fe743a5622c27f2e6cf05f972de7a [8ms]
2024-09-27 14:37:16.832 [info] > git status -z -uall [6ms]
2024-09-27 14:37:16.846 [info] > git merge-base refs/heads/main refs/remotes/origin/main [7ms]
2024-09-27 14:37:16.864 [info] > git rev-list --count --left-right refs/heads/main...refs/remotes/origin/main [9ms]
2024-09-27 14:37:16.878 [info] > git show --textconv :ES6_classes/9-hoisting.js [17ms]
2024-09-27 14:37:16.879 [info] > git diff --name-status -z --diff-filter=ADMR 425b0fe8a09ee9554991fec96cfccd1bde4f37db...refs/remotes/origin/main [5ms]
2024-09-27 14:37:41.494 [info] > git config --get commit.template [12ms]
2024-09-27 14:37:41.543 [info] > git for-each-ref --format=%(refname)%00%(upstream:short)%00%(objectname)%00%(upstream:track)%00%(upstream:remotename)%00%(upstream:remoteref) refs/heads/main refs/remotes/main [10ms]
2024-09-27 14:37:41.574 [info] > git status -z -uall [9ms]
2024-09-27 14:37:52.049 [info] > git config --get commit.template [12ms]
2024-09-27 14:37:52.051 [info] > git for-each-ref --format=%(refname)%00%(upstream:short)%00%(objectname)%00%(upstream:track)%00%(upstream:remotename)%00%(upstream:remoteref) refs/heads/main refs/remotes/main [3ms]
2024-09-27 14:37:52.062 [info] > git status -z -uall [5ms]
2024-09-27 14:38:35.141 [info] > git for-each-ref --format=%(refname)%00%(upstream:short)%00%(objectname)%00%(upstream:track)%00%(upstream:remotename)%00%(upstream:remoteref) refs/heads/main refs/remotes/main [11ms]
2024-09-27 14:38:35.142 [info] > git config --get commit.template [4ms]
2024-09-27 14:38:35.154 [info] > git status -z -uall [4ms]
2024-09-27 14:38:40.196 [info] > git config --get commit.template [16ms]
2024-09-27 14:38:40.198 [info] > git for-each-ref --format=%(refname)%00%(upstream:short)%00%(objectname)%00%(upstream:track)%00%(upstream:remotename)%00%(upstream:remoteref) refs/heads/main refs/remotes/main [4ms]
2024-09-27 14:38:40.207 [info] > git status -z -uall [3ms]
2024-09-27 14:38:45.371 [info] > git config --get commit.template [5ms]
2024-09-27 14:38:45.382 [info] > git for-each-ref --format=%(refname)%00%(upstream:short)%00%(objectname)%00%(upstream:track)%00%(upstream:remotename)%00%(upstream:remoteref) refs/heads/main refs/remotes/main [3ms]
2024-09-27 14:38:45.391 [info] > git status -z -uall [4ms]
2024-09-27 14:38:54.916 [info] > git config --get commit.template [2ms]
2024-09-27 14:38:54.931 [info] > git for-each-ref --format=%(refname)%00%(upstream:short)%00%(objectname)%00%(upstream:track)%00%(upstream:remotename)%00%(upstream:remoteref) refs/heads/main refs/remotes/main [6ms]
2024-09-27 14:38:54.949 [info] > git status -z -uall [6ms]
2024-09-27 14:39:17.679 [info] > git config --get commit.template [22ms]
2024-09-27 14:39:17.683 [info] > git for-each-ref --format=%(refname)%00%(upstream:short)%00%(objectname)%00%(upstream:track)%00%(upstream:remotename)%00%(upstream:remoteref) refs/heads/main refs/remotes/main [7ms]
2024-09-27 14:39:17.698 [info] > git status -z -uall [8ms]
2024-09-27 14:39:49.492 [info] > git config --get commit.template [15ms]
2024-09-27 14:39:49.497 [info] > git for-each-ref --format=%(refname)%00%(upstream:short)%00%(objectname)%00%(upstream:track)%00%(upstream:remotename)%00%(upstream:remoteref) refs/heads/main refs/remotes/main [6ms]
2024-09-27 14:39:49.514 [info] > git status -z -uall [8ms]
2024-09-27 14:39:54.548 [info] > git config --get commit.template [10ms]
2024-09-27 14:39:54.551 [info] > git for-each-ref --format=%(refname)%00%(upstream:short)%00%(objectname)%00%(upstream:track)%00%(upstream:remotename)%00%(upstream:remoteref) refs/heads/main refs/remotes/main [4ms]
2024-09-27 14:39:54.560 [info] > git status -z -uall [3ms]
2024-09-27 14:39:59.588 [info] > git config --get commit.template [6ms]
2024-09-27 14:39:59.605 [info] > git for-each-ref --format=%(refname)%00%(upstream:short)%00%(objectname)%00%(upstream:track)%00%(upstream:remotename)%00%(upstream:remoteref) refs/heads/main refs/remotes/main [4ms]
2024-09-27 14:39:59.618 [info] > git status -z -uall [6ms]
2024-09-27 14:40:04.661 [info] > git config --get commit.template [20ms]
2024-09-27 14:40:04.666 [info] > git for-each-ref --format=%(refname)%00%(upstream:short)%00%(objectname)%00%(upstream:track)%00%(upstream:remotename)%00%(upstream:remoteref) refs/heads/main refs/remotes/main [8ms]
2024-09-27 14:40:04.692 [info] > git status -z -uall [10ms]
2024-09-27 14:40:16.490 [info] > git config --get commit.template [17ms]
2024-09-27 14:40:16.494 [info] > git for-each-ref --format=%(refname)%00%(upstream:short)%00%(objectname)%00%(upstream:track)%00%(upstream:remotename)%00%(upstream:remoteref) refs/heads/main refs/remotes/main [5ms]
2024-09-27 14:40:16.508 [info] > git status -z -uall [5ms]
2024-09-27 14:40:21.440 [info] > git ls-files --stage -- /home/will/holbertonschool-web_back_end/ES6_classes/9-hoisting.js [2ms]
2024-09-27 14:40:21.446 [info] > git cat-file -s f6992e2fca7fe743a5622c27f2e6cf05f972de7a [2ms]
2024-09-27 14:40:21.456 [info] > git show --textconv :ES6_classes/9-hoisting.js [2ms]
2024-09-27 14:40:21.543 [info] > git for-each-ref --format=%(refname)%00%(upstream:short)%00%(objectname)%00%(upstream:track)%00%(upstream:remotename)%00%(upstream:remoteref) refs/heads/main refs/remotes/main [4ms]
2024-09-27 14:40:21.543 [info] > git config --get commit.template [12ms]
2024-09-27 14:40:21.552 [info] > git status -z -uall [4ms]
2024-09-27 14:40:21.564 [info] > git merge-base refs/heads/main refs/remotes/origin/main [4ms]
2024-09-27 14:40:21.574 [info] > git rev-list --count --left-right refs/heads/main...refs/remotes/origin/main [5ms]
2024-09-27 14:40:21.588 [info] > git diff --name-status -z --diff-filter=ADMR 425b0fe8a09ee9554991fec96cfccd1bde4f37db...refs/remotes/origin/main [5ms]
2024-09-27 14:43:29.606 [info] > git config --get commit.template [3ms]
2024-09-27 14:43:29.606 [info] > git ls-files --stage -- /home/will/holbertonschool-web_back_end/ES6_classes/9-hoisting.js [12ms]
2024-09-27 14:43:29.619 [info] > git cat-file -s f6992e2fca7fe743a5622c27f2e6cf05f972de7a [8ms]
2024-09-27 14:43:29.621 [info] > git for-each-ref --format=%(refname)%00%(upstream:short)%00%(objectname)%00%(upstream:track)%00%(upstream:remotename)%00%(upstream:remoteref) refs/heads/main refs/remotes/main [3ms]
2024-09-27 14:43:29.640 [info] > git status -z -uall [9ms]
2024-09-27 14:43:29.656 [info] > git show --textconv :ES6_classes/9-hoisting.js [17ms]
2024-09-27 14:43:29.657 [info] > git merge-base refs/heads/main refs/remotes/origin/main [3ms]
2024-09-27 14:43:29.671 [info] > git rev-list --count --left-right refs/heads/main...refs/remotes/origin/main [6ms]
2024-09-27 14:43:29.687 [info] > git diff --name-status -z --diff-filter=ADMR b63a3173c8aef7c51fe415b5b5fd56903b01df4b...refs/remotes/origin/main [4ms]
