2024-09-26 11:39:32.269 [error] [/home/will/.vscode/extensions/ms-python.debugpy-2024.10.0-linux-x64]: Extension is not compatible with Code 1.90.1. Extension requires: ^1.92.0.
2024-09-26 11:39:32.278 [error] [/home/will/.vscode/extensions/ms-python.python-2024.14.1-linux-x64]: Extension is not compatible with Code 1.90.1. Extension requires: ^1.91.0.
2024-09-26 11:39:32.473 [error] [/home/will/.vscode/extensions/ms-python.debugpy-2024.10.0-linux-x64]: Extension is not compatible with Code 1.90.1. Extension requires: ^1.92.0.
2024-09-26 11:39:32.475 [error] [/home/will/.vscode/extensions/ms-python.python-2024.14.1-linux-x64]: Extension is not compatible with Code 1.90.1. Extension requires: ^1.91.0.
2024-09-26 11:39:32.662 [error] [/home/will/.vscode/extensions/ms-python.debugpy-2024.10.0-linux-x64]: Extension is not compatible with Code 1.90.1. Extension requires: ^1.92.0.
2024-09-26 11:39:32.672 [error] [/home/will/.vscode/extensions/ms-python.python-2024.14.1-linux-x64]: Extension is not compatible with Code 1.90.1. Extension requires: ^1.91.0.
2024-09-26 11:39:32.723 [error] [/home/will/.vscode/extensions/ms-python.debugpy-2024.10.0-linux-x64]: Extension is not compatible with Code 1.90.1. Extension requires: ^1.92.0.
2024-09-26 11:39:32.726 [error] [/home/will/.vscode/extensions/ms-python.python-2024.14.1-linux-x64]: Extension is not compatible with Code 1.90.1. Extension requires: ^1.91.0.
2024-09-26 11:39:32.758 [error] [/home/will/.vscode/extensions/ms-python.python-2024.14.1-linux-x64]: Extension is not compatible with Code 1.90.1. Extension requires: ^1.91.0.
2024-09-26 11:39:32.762 [error] [/home/will/.vscode/extensions/ms-python.debugpy-2024.10.0-linux-x64]: Extension is not compatible with Code 1.90.1. Extension requires: ^1.92.0.
2024-09-26 11:39:33.163 [error] [/home/will/.vscode/extensions/ms-python.debugpy-2024.10.0-linux-x64]: Extension is not compatible with Code 1.90.1. Extension requires: ^1.92.0.
2024-09-26 11:39:33.168 [error] [/home/will/.vscode/extensions/ms-python.python-2024.14.1-linux-x64]: Extension is not compatible with Code 1.90.1. Extension requires: ^1.91.0.
2024-09-26 11:39:33.235 [error] [/home/will/.vscode/extensions/ms-python.debugpy-2024.10.0-linux-x64]: Extension is not compatible with Code 1.90.1. Extension requires: ^1.92.0.
2024-09-26 11:39:33.241 [error] [/home/will/.vscode/extensions/ms-python.python-2024.14.1-linux-x64]: Extension is not compatible with Code 1.90.1. Extension requires: ^1.91.0.
2024-09-26 11:39:33.453 [error] [/home/will/.vscode/extensions/ms-python.debugpy-2024.10.0-linux-x64]: Extension is not compatible with Code 1.90.1. Extension requires: ^1.92.0.
2024-09-26 11:39:33.456 [error] [/home/will/.vscode/extensions/ms-python.python-2024.14.1-linux-x64]: Extension is not compatible with Code 1.90.1. Extension requires: ^1.91.0.
2024-09-26 11:39:33.856 [error] [/home/will/.vscode/extensions/ms-python.debugpy-2024.10.0-linux-x64]: Extension is not compatible with Code 1.90.1. Extension requires: ^1.92.0.
2024-09-26 11:39:33.862 [error] [/home/will/.vscode/extensions/ms-python.python-2024.14.1-linux-x64]: Extension is not compatible with Code 1.90.1. Extension requires: ^1.91.0.
2024-09-26 11:39:34.978 [error] [/home/will/.vscode/extensions/ms-python.debugpy-2024.10.0-linux-x64]: Extension is not compatible with Code 1.90.1. Extension requires: ^1.92.0.
2024-09-26 11:39:35.000 [error] [/home/will/.vscode/extensions/ms-python.python-2024.14.1-linux-x64]: Extension is not compatible with Code 1.90.1. Extension requires: ^1.91.0.
2024-09-26 11:39:35.114 [error] [/home/will/.vscode/extensions/ms-python.debugpy-2024.10.0-linux-x64]: Extension is not compatible with Code 1.90.1. Extension requires: ^1.92.0.
2024-09-26 11:39:35.119 [error] [/home/will/.vscode/extensions/ms-python.python-2024.14.1-linux-x64]: Extension is not compatible with Code 1.90.1. Extension requires: ^1.91.0.
2024-09-26 11:39:37.443 [error] [/home/will/.vscode/extensions/ms-python.debugpy-2024.10.0-linux-x64]: Extension is not compatible with Code 1.90.1. Extension requires: ^1.92.0.
2024-09-26 11:39:37.548 [error] [/home/will/.vscode/extensions/ms-python.python-2024.14.1-linux-x64]: Extension is not compatible with Code 1.90.1. Extension requires: ^1.91.0.
2024-09-26 11:39:39.254 [error] [/home/will/.vscode/extensions/ms-python.debugpy-2024.10.0-linux-x64]: Extension is not compatible with Code 1.90.1. Extension requires: ^1.92.0.
2024-09-26 11:39:39.275 [error] [/home/will/.vscode/extensions/ms-python.python-2024.14.1-linux-x64]: Extension is not compatible with Code 1.90.1. Extension requires: ^1.91.0.
2024-09-26 11:39:40.853 [error] [/home/will/.vscode/extensions/ms-python.python-2024.14.1-linux-x64]: Extension is not compatible with Code 1.90.1. Extension requires: ^1.91.0.
2024-09-26 11:39:40.865 [error] [/home/will/.vscode/extensions/ms-python.debugpy-2024.10.0-linux-x64]: Extension is not compatible with Code 1.90.1. Extension requires: ^1.92.0.
2024-09-26 11:39:42.834 [info] Getting Manifest... ms-vscode.cmake-tools
2024-09-26 11:39:42.849 [error] [/home/will/.vscode/extensions/ms-python.debugpy-2024.10.0-linux-x64]: Extension is not compatible with Code 1.90.1. Extension requires: ^1.92.0.
2024-09-26 11:39:42.850 [error] [/home/will/.vscode/extensions/ms-python.python-2024.14.1-linux-x64]: Extension is not compatible with Code 1.90.1. Extension requires: ^1.91.0.
2024-09-26 11:39:43.019 [error] [/home/will/.vscode/extensions/ms-python.debugpy-2024.10.0-linux-x64]: Extension is not compatible with Code 1.90.1. Extension requires: ^1.92.0.
2024-09-26 11:39:43.029 [error] [/home/will/.vscode/extensions/ms-python.python-2024.14.1-linux-x64]: Extension is not compatible with Code 1.90.1. Extension requires: ^1.91.0.
2024-09-26 11:39:43.201 [info] Installing extension: ms-vscode.cmake-tools vscode-userdata:/home/will/.vscode/extensions/extensions.json
2024-09-26 11:39:43.820 [error] [/home/will/.vscode/extensions/ms-python.debugpy-2024.10.0-linux-x64]: Extension is not compatible with Code 1.90.1. Extension requires: ^1.92.0.
2024-09-26 11:39:43.834 [error] [/home/will/.vscode/extensions/ms-python.python-2024.14.1-linux-x64]: Extension is not compatible with Code 1.90.1. Extension requires: ^1.91.0.
2024-09-26 11:39:44.279 [error] [/home/will/.vscode/extensions/ms-python.debugpy-2024.10.0-linux-x64]: Extension is not compatible with Code 1.90.1. Extension requires: ^1.92.0.
2024-09-26 11:39:44.288 [error] [/home/will/.vscode/extensions/ms-python.python-2024.14.1-linux-x64]: Extension is not compatible with Code 1.90.1. Extension requires: ^1.91.0.
2024-09-26 11:39:44.743 [error] [/home/will/.vscode/extensions/ms-python.debugpy-2024.10.0-linux-x64]: Extension is not compatible with Code 1.90.1. Extension requires: ^1.92.0.
2024-09-26 11:39:44.749 [error] [/home/will/.vscode/extensions/ms-python.python-2024.14.1-linux-x64]: Extension is not compatible with Code 1.90.1. Extension requires: ^1.91.0.
2024-09-26 11:39:45.248 [error] [/home/will/.vscode/extensions/ms-python.debugpy-2024.10.0-linux-x64]: Extension is not compatible with Code 1.90.1. Extension requires: ^1.92.0.
2024-09-26 11:39:45.251 [error] [/home/will/.vscode/extensions/ms-python.python-2024.14.1-linux-x64]: Extension is not compatible with Code 1.90.1. Extension requires: ^1.91.0.
2024-09-26 11:39:45.290 [error] [/home/will/.vscode/extensions/ms-python.debugpy-2024.10.0-linux-x64]: Extension is not compatible with Code 1.90.1. Extension requires: ^1.92.0.
2024-09-26 11:39:45.294 [error] [/home/will/.vscode/extensions/ms-python.python-2024.14.1-linux-x64]: Extension is not compatible with Code 1.90.1. Extension requires: ^1.91.0.
2024-09-26 11:39:45.374 [error] [/home/will/.vscode/extensions/ms-python.debugpy-2024.10.0-linux-x64]: Extension is not compatible with Code 1.90.1. Extension requires: ^1.92.0.
2024-09-26 11:39:45.379 [error] [/home/will/.vscode/extensions/ms-python.python-2024.14.1-linux-x64]: Extension is not compatible with Code 1.90.1. Extension requires: ^1.91.0.
2024-09-26 11:39:50.655 [info] Extension signature verification result for ms-vscode.cmake-tools: Success. Executed: true. Duration: 2128ms.
2024-09-26 11:39:51.195 [info] Extracted extension to file:///home/will/.vscode/extensions/ms-vscode.cmake-tools-1.19.52: ms-vscode.cmake-tools
2024-09-26 11:39:51.303 [info] Renamed to /home/will/.vscode/extensions/ms-vscode.cmake-tools-1.19.52
2024-09-26 11:39:51.488 [error] [uncaught exception in sharedProcess]: Error: ENOENT: no such file or directory, stat '/home/will/.vscode/extensions/extensions.json.vsctmp': EntryNotFound (FileSystemError): Error: ENOENT: no such file or directory, stat '/home/will/.vscode/extensions/extensions.json.vsctmp'
    at c.create (/usr/share/code/resources/app/out/vs/code/node/sharedProcess/sharedProcessMain.js:53:19235)
    at m (/usr/share/code/resources/app/out/vs/code/node/sharedProcess/sharedProcessMain.js:53:19345)
    at t.hb (/usr/share/code/resources/app/out/vs/code/node/sharedProcess/sharedProcessMain.js:58:36685)
    at t.stat (/usr/share/code/resources/app/out/vs/code/node/sharedProcess/sharedProcessMain.js:58:29033)
    at async b.stat (/usr/share/code/resources/app/out/vs/code/node/sharedProcess/sharedProcessMain.js:58:14899)
    at async H.vb (/usr/share/code/resources/app/out/vs/code/node/sharedProcess/sharedProcessMain.js:104:117665)
2024-09-26 11:39:51.519 [info] Marked extension as uninstalled ms-vscode.cmake-tools-1.19.51
2024-09-26 11:39:51.520 [error] [/home/will/.vscode/extensions/ms-python.debugpy-2024.10.0-linux-x64]: Extension is not compatible with Code 1.90.1. Extension requires: ^1.92.0.
2024-09-26 11:39:51.522 [error] [/home/will/.vscode/extensions/ms-python.python-2024.14.1-linux-x64]: Extension is not compatible with Code 1.90.1. Extension requires: ^1.91.0.
2024-09-26 11:39:51.565 [info] Extension installed successfully: ms-vscode.cmake-tools vscode-userdata:/home/will/.vscode/extensions/extensions.json
2024-09-26 11:40:02.231 [info] Getting Manifest... ms-python.debugpy
2024-09-26 11:40:02.238 [info] Getting Manifest... ms-python.python
2024-09-26 11:40:02.260 [info] Installing extension: ms-python.debugpy vscode-userdata:/home/will/.vscode/extensions/extensions.json
2024-09-26 11:40:02.264 [info] Installing extension: ms-python.python vscode-userdata:/home/will/.vscode/extensions/extensions.json
2024-09-26 11:40:02.922 [error] [/home/will/.vscode/extensions/ms-python.python-2024.14.1-linux-x64]: Extension is not compatible with Code 1.90.1. Extension requires: ^1.91.0.
2024-09-26 11:40:03.034 [error] [uncaught exception in sharedProcess]: Error: ENOENT: no such file or directory, stat '/home/will/.vscode/extensions/extensions.json.vsctmp': EntryNotFound (FileSystemError): Error: ENOENT: no such file or directory, stat '/home/will/.vscode/extensions/extensions.json.vsctmp'
    at c.create (/usr/share/code/resources/app/out/vs/code/node/sharedProcess/sharedProcessMain.js:53:19235)
    at m (/usr/share/code/resources/app/out/vs/code/node/sharedProcess/sharedProcessMain.js:53:19345)
    at t.hb (/usr/share/code/resources/app/out/vs/code/node/sharedProcess/sharedProcessMain.js:58:36685)
    at t.stat (/usr/share/code/resources/app/out/vs/code/node/sharedProcess/sharedProcessMain.js:58:29033)
    at async b.stat (/usr/share/code/resources/app/out/vs/code/node/sharedProcess/sharedProcessMain.js:58:14899)
    at async H.vb (/usr/share/code/resources/app/out/vs/code/node/sharedProcess/sharedProcessMain.js:104:117665)
2024-09-26 11:40:03.085 [info] Extension installed successfully: ms-python.python vscode-userdata:/home/will/.vscode/extensions/extensions.json
2024-09-26 11:40:03.517 [info] Getting Manifest... ms-python.python
2024-09-26 11:40:03.766 [error] [/home/will/.vscode/extensions/ms-python.debugpy-2024.10.0-linux-x64]: Extension is not compatible with Code 1.90.1. Extension requires: ^1.92.0.
2024-09-26 11:40:03.862 [error] [uncaught exception in sharedProcess]: Error: ENOENT: no such file or directory, stat '/home/will/.vscode/extensions/extensions.json.vsctmp': EntryNotFound (FileSystemError): Error: ENOENT: no such file or directory, stat '/home/will/.vscode/extensions/extensions.json.vsctmp'
    at c.create (/usr/share/code/resources/app/out/vs/code/node/sharedProcess/sharedProcessMain.js:53:19235)
    at m (/usr/share/code/resources/app/out/vs/code/node/sharedProcess/sharedProcessMain.js:53:19345)
    at t.hb (/usr/share/code/resources/app/out/vs/code/node/sharedProcess/sharedProcessMain.js:58:36685)
    at t.stat (/usr/share/code/resources/app/out/vs/code/node/sharedProcess/sharedProcessMain.js:58:29033)
    at async b.stat (/usr/share/code/resources/app/out/vs/code/node/sharedProcess/sharedProcessMain.js:58:14899)
    at async H.vb (/usr/share/code/resources/app/out/vs/code/node/sharedProcess/sharedProcessMain.js:104:117665)
2024-09-26 11:40:03.908 [info] Extension installed successfully: ms-python.debugpy vscode-userdata:/home/will/.vscode/extensions/extensions.json
2024-09-26 13:33:48.460 [error] [/home/will/.vscode/extensions/ms-python.debugpy-2024.10.0-linux-x64]: Extension is not compatible with Code 1.90.1. Extension requires: ^1.92.0.
2024-09-26 13:33:48.479 [error] [/home/will/.vscode/extensions/ms-python.python-2024.14.1-linux-x64]: Extension is not compatible with Code 1.90.1. Extension requires: ^1.91.0.
2024-09-26 15:04:19.250 [error] [/home/will/.vscode/extensions/ms-python.debugpy-2024.10.0-linux-x64]: Extension is not compatible with Code 1.90.1. Extension requires: ^1.92.0.
2024-09-26 15:04:19.253 [error] [/home/will/.vscode/extensions/ms-python.python-2024.14.1-linux-x64]: Extension is not compatible with Code 1.90.1. Extension requires: ^1.91.0.
2024-09-26 15:09:20.013 [error] [/home/will/.vscode/extensions/ms-python.debugpy-2024.10.0-linux-x64]: Extension is not compatible with Code 1.90.1. Extension requires: ^1.92.0.
2024-09-26 15:09:20.014 [error] [/home/will/.vscode/extensions/ms-python.python-2024.14.1-linux-x64]: Extension is not compatible with Code 1.90.1. Extension requires: ^1.91.0.
2024-09-26 15:14:20.087 [error] [/home/will/.vscode/extensions/ms-python.debugpy-2024.10.0-linux-x64]: Extension is not compatible with Code 1.90.1. Extension requires: ^1.92.0.
2024-09-26 15:14:20.088 [error] [/home/will/.vscode/extensions/ms-python.python-2024.14.1-linux-x64]: Extension is not compatible with Code 1.90.1. Extension requires: ^1.91.0.
2024-09-26 15:19:20.136 [error] [/home/will/.vscode/extensions/ms-python.debugpy-2024.10.0-linux-x64]: Extension is not compatible with Code 1.90.1. Extension requires: ^1.92.0.
2024-09-26 15:19:20.137 [error] [/home/will/.vscode/extensions/ms-python.python-2024.14.1-linux-x64]: Extension is not compatible with Code 1.90.1. Extension requires: ^1.91.0.
2024-09-26 15:24:20.215 [error] [/home/will/.vscode/extensions/ms-python.debugpy-2024.10.0-linux-x64]: Extension is not compatible with Code 1.90.1. Extension requires: ^1.92.0.
2024-09-26 15:24:20.216 [error] [/home/will/.vscode/extensions/ms-python.python-2024.14.1-linux-x64]: Extension is not compatible with Code 1.90.1. Extension requires: ^1.91.0.
2024-09-26 15:29:20.304 [error] [/home/will/.vscode/extensions/ms-python.debugpy-2024.10.0-linux-x64]: Extension is not compatible with Code 1.90.1. Extension requires: ^1.92.0.
2024-09-26 15:29:20.309 [error] [/home/will/.vscode/extensions/ms-python.python-2024.14.1-linux-x64]: Extension is not compatible with Code 1.90.1. Extension requires: ^1.91.0.
2024-09-26 15:34:20.368 [error] [/home/will/.vscode/extensions/ms-python.debugpy-2024.10.0-linux-x64]: Extension is not compatible with Code 1.90.1. Extension requires: ^1.92.0.
2024-09-26 15:34:20.371 [error] [/home/will/.vscode/extensions/ms-python.python-2024.14.1-linux-x64]: Extension is not compatible with Code 1.90.1. Extension requires: ^1.91.0.
2024-09-26 15:39:20.446 [error] [/home/will/.vscode/extensions/ms-python.debugpy-2024.10.0-linux-x64]: Extension is not compatible with Code 1.90.1. Extension requires: ^1.92.0.
2024-09-26 15:39:20.450 [error] [/home/will/.vscode/extensions/ms-python.python-2024.14.1-linux-x64]: Extension is not compatible with Code 1.90.1. Extension requires: ^1.91.0.
2024-09-26 15:44:20.511 [error] [/home/will/.vscode/extensions/ms-python.debugpy-2024.10.0-linux-x64]: Extension is not compatible with Code 1.90.1. Extension requires: ^1.92.0.
2024-09-26 15:44:20.511 [error] [/home/will/.vscode/extensions/ms-python.python-2024.14.1-linux-x64]: Extension is not compatible with Code 1.90.1. Extension requires: ^1.91.0.
2024-09-26 16:03:55.831 [error] [/home/will/.vscode/extensions/ms-python.debugpy-2024.10.0-linux-x64]: Extension is not compatible with Code 1.90.1. Extension requires: ^1.92.0.
2024-09-26 16:03:55.832 [error] [/home/will/.vscode/extensions/ms-python.python-2024.14.1-linux-x64]: Extension is not compatible with Code 1.90.1. Extension requires: ^1.91.0.
2024-09-27 13:58:51.788 [error] [/home/will/.vscode/extensions/ms-python.debugpy-2024.10.0-linux-x64]: Extension is not compatible with Code 1.90.1. Extension requires: ^1.92.0.
2024-09-27 13:58:51.789 [error] [/home/will/.vscode/extensions/ms-python.python-2024.14.1-linux-x64]: Extension is not compatible with Code 1.90.1. Extension requires: ^1.91.0.
2024-09-27 14:03:51.952 [error] [/home/will/.vscode/extensions/ms-python.debugpy-2024.10.0-linux-x64]: Extension is not compatible with Code 1.90.1. Extension requires: ^1.92.0.
2024-09-27 14:03:51.953 [error] [/home/will/.vscode/extensions/ms-python.python-2024.14.1-linux-x64]: Extension is not compatible with Code 1.90.1. Extension requires: ^1.91.0.
2024-09-27 14:08:52.039 [error] [/home/will/.vscode/extensions/ms-python.debugpy-2024.10.0-linux-x64]: Extension is not compatible with Code 1.90.1. Extension requires: ^1.92.0.
2024-09-27 14:08:52.044 [error] [/home/will/.vscode/extensions/ms-python.python-2024.14.1-linux-x64]: Extension is not compatible with Code 1.90.1. Extension requires: ^1.91.0.
2024-09-27 14:13:52.188 [error] [/home/will/.vscode/extensions/ms-python.debugpy-2024.10.0-linux-x64]: Extension is not compatible with Code 1.90.1. Extension requires: ^1.92.0.
2024-09-27 14:13:52.191 [error] [/home/will/.vscode/extensions/ms-python.python-2024.14.1-linux-x64]: Extension is not compatible with Code 1.90.1. Extension requires: ^1.91.0.
2024-09-27 14:18:52.257 [error] [/home/will/.vscode/extensions/ms-python.debugpy-2024.10.0-linux-x64]: Extension is not compatible with Code 1.90.1. Extension requires: ^1.92.0.
2024-09-27 14:18:52.259 [error] [/home/will/.vscode/extensions/ms-python.python-2024.14.1-linux-x64]: Extension is not compatible with Code 1.90.1. Extension requires: ^1.91.0.
2024-09-27 14:23:52.312 [error] [/home/will/.vscode/extensions/ms-python.debugpy-2024.10.0-linux-x64]: Extension is not compatible with Code 1.90.1. Extension requires: ^1.92.0.
2024-09-27 14:23:52.316 [error] [/home/will/.vscode/extensions/ms-python.python-2024.14.1-linux-x64]: Extension is not compatible with Code 1.90.1. Extension requires: ^1.91.0.
2024-09-27 14:28:52.366 [error] [/home/will/.vscode/extensions/ms-python.debugpy-2024.10.0-linux-x64]: Extension is not compatible with Code 1.90.1. Extension requires: ^1.92.0.
2024-09-27 14:28:52.368 [error] [/home/will/.vscode/extensions/ms-python.python-2024.14.1-linux-x64]: Extension is not compatible with Code 1.90.1. Extension requires: ^1.91.0.
2024-09-27 14:33:52.453 [error] [/home/will/.vscode/extensions/ms-python.debugpy-2024.10.0-linux-x64]: Extension is not compatible with Code 1.90.1. Extension requires: ^1.92.0.
2024-09-27 14:33:52.453 [error] [/home/will/.vscode/extensions/ms-python.python-2024.14.1-linux-x64]: Extension is not compatible with Code 1.90.1. Extension requires: ^1.91.0.
2024-09-27 14:38:52.516 [error] [/home/will/.vscode/extensions/ms-python.debugpy-2024.10.0-linux-x64]: Extension is not compatible with Code 1.90.1. Extension requires: ^1.92.0.
2024-09-27 14:38:52.520 [error] [/home/will/.vscode/extensions/ms-python.python-2024.14.1-linux-x64]: Extension is not compatible with Code 1.90.1. Extension requires: ^1.91.0.
2024-09-27 14:43:52.596 [error] [/home/will/.vscode/extensions/ms-python.debugpy-2024.10.0-linux-x64]: Extension is not compatible with Code 1.90.1. Extension requires: ^1.92.0.
2024-09-27 14:43:52.598 [error] [/home/will/.vscode/extensions/ms-python.python-2024.14.1-linux-x64]: Extension is not compatible with Code 1.90.1. Extension requires: ^1.91.0.
2024-09-27 14:48:52.652 [error] [/home/will/.vscode/extensions/ms-python.debugpy-2024.10.0-linux-x64]: Extension is not compatible with Code 1.90.1. Extension requires: ^1.92.0.
2024-09-27 14:48:52.654 [error] [/home/will/.vscode/extensions/ms-python.python-2024.14.1-linux-x64]: Extension is not compatible with Code 1.90.1. Extension requires: ^1.91.0.
2024-09-27 14:53:53.423 [error] [/home/will/.vscode/extensions/ms-python.debugpy-2024.10.0-linux-x64]: Extension is not compatible with Code 1.90.1. Extension requires: ^1.92.0.
2024-09-27 14:53:53.425 [error] [/home/will/.vscode/extensions/ms-python.python-2024.14.1-linux-x64]: Extension is not compatible with Code 1.90.1. Extension requires: ^1.91.0.
2024-09-27 15:02:49.880 [error] [/home/will/.vscode/extensions/ms-python.debugpy-2024.10.0-linux-x64]: Extension is not compatible with Code 1.90.1. Extension requires: ^1.92.0.
2024-09-27 15:02:49.882 [error] [/home/will/.vscode/extensions/ms-python.python-2024.14.1-linux-x64]: Extension is not compatible with Code 1.90.1. Extension requires: ^1.91.0.
