2024-07-11 15:30:25.837 [info] Getting Manifest... ms-python.debugpy
2024-07-11 15:30:25.841 [info] Getting Manifest... ms-python.python
2024-07-11 15:30:25.843 [info] Getting Manifest... ms-vscode.cmake-tools
2024-07-11 15:30:26.408 [info] Installing extension: ms-python.python vscode-userdata:/home/will/.vscode/extensions/extensions.json
2024-07-11 15:30:26.411 [info] Installing extension: ms-python.debugpy vscode-userdata:/home/will/.vscode/extensions/extensions.json
2024-07-11 15:30:26.412 [info] Installing extension: ms-vscode.cmake-tools vscode-userdata:/home/will/.vscode/extensions/extensions.json
2024-07-11 15:30:28.950 [info] Getting Manifest... ms-python.python
2024-07-11 15:30:29.268 [info] Waiting for already requested installing extension ms-python.python ms-python.debugpy vscode-userdata:/home/will/.vscode/extensions/extensions.json
2024-07-11 15:30:34.586 [info] Extension signature verification result for ms-vscode.cmake-tools: Success. Executed: true. Duration: 2634ms.
2024-07-11 15:30:35.356 [info] Extracted extension to file:///home/will/.vscode/extensions/ms-vscode.cmake-tools-1.18.43: ms-vscode.cmake-tools
2024-07-11 15:30:35.507 [info] Renamed to /home/will/.vscode/extensions/ms-vscode.cmake-tools-1.18.43
2024-07-11 15:30:35.533 [warning] [cmake-tools]: Couldn't find message for key cmake-tools.configuration.cmake.deleteBuildDirOnCleanCconfigure.description.
2024-07-11 15:30:35.659 [error] [uncaught exception in sharedProcess]: Error: ENOENT: no such file or directory, stat '/home/will/.vscode/extensions/extensions.json.vsctmp': EntryNotFound (FileSystemError): Error: ENOENT: no such file or directory, stat '/home/will/.vscode/extensions/extensions.json.vsctmp'
    at c.create (/usr/share/code/resources/app/out/vs/code/node/sharedProcess/sharedProcessMain.js:53:19235)
    at m (/usr/share/code/resources/app/out/vs/code/node/sharedProcess/sharedProcessMain.js:53:19345)
    at t.hb (/usr/share/code/resources/app/out/vs/code/node/sharedProcess/sharedProcessMain.js:58:36685)
    at t.stat (/usr/share/code/resources/app/out/vs/code/node/sharedProcess/sharedProcessMain.js:58:29033)
    at async b.stat (/usr/share/code/resources/app/out/vs/code/node/sharedProcess/sharedProcessMain.js:58:14899)
    at async H.vb (/usr/share/code/resources/app/out/vs/code/node/sharedProcess/sharedProcessMain.js:104:117665)
2024-07-11 15:30:35.681 [warning] [cmake-tools]: Couldn't find message for key cmake-tools.configuration.cmake.deleteBuildDirOnCleanCconfigure.description.
2024-07-11 15:30:35.683 [info] Marked extension as uninstalled ms-vscode.cmake-tools-1.18.42
2024-07-11 15:30:35.716 [info] Extension installed successfully: ms-vscode.cmake-tools vscode-userdata:/home/will/.vscode/extensions/extensions.json
2024-07-11 15:30:38.373 [info] Extension signature verification result for ms-python.debugpy: Success. Executed: true. Duration: 2220ms.
2024-07-11 15:30:39.180 [info] Extension signature verification result for ms-python.python: Success. Executed: true. Duration: 1854ms.
2024-07-11 15:30:39.662 [info] Extracted extension to file:///home/will/.vscode/extensions/ms-python.debugpy-2024.8.0-linux-x64: ms-python.debugpy
2024-07-11 15:30:39.752 [info] Renamed to /home/will/.vscode/extensions/ms-python.debugpy-2024.8.0-linux-x64
2024-07-11 15:30:39.855 [error] [uncaught exception in sharedProcess]: Error: ENOENT: no such file or directory, stat '/home/will/.vscode/extensions/extensions.json.vsctmp': EntryNotFound (FileSystemError): Error: ENOENT: no such file or directory, stat '/home/will/.vscode/extensions/extensions.json.vsctmp'
    at c.create (/usr/share/code/resources/app/out/vs/code/node/sharedProcess/sharedProcessMain.js:53:19235)
    at m (/usr/share/code/resources/app/out/vs/code/node/sharedProcess/sharedProcessMain.js:53:19345)
    at t.hb (/usr/share/code/resources/app/out/vs/code/node/sharedProcess/sharedProcessMain.js:58:36685)
    at t.stat (/usr/share/code/resources/app/out/vs/code/node/sharedProcess/sharedProcessMain.js:58:29033)
    at async b.stat (/usr/share/code/resources/app/out/vs/code/node/sharedProcess/sharedProcessMain.js:58:14899)
    at async H.vb (/usr/share/code/resources/app/out/vs/code/node/sharedProcess/sharedProcessMain.js:104:117665)
2024-07-11 15:30:39.885 [warning] [cmake-tools]: Couldn't find message for key cmake-tools.configuration.cmake.deleteBuildDirOnCleanCconfigure.description.
2024-07-11 15:30:39.887 [info] Marked extension as uninstalled ms-python.debugpy-2024.6.0-linux-x64
2024-07-11 15:30:43.164 [info] Extracted extension to file:///home/will/.vscode/extensions/ms-python.python-2024.10.0-linux-x64: ms-python.python
2024-07-11 15:30:43.326 [info] Renamed to /home/will/.vscode/extensions/ms-python.python-2024.10.0-linux-x64
2024-07-11 15:30:43.472 [error] [uncaught exception in sharedProcess]: Error: ENOENT: no such file or directory, stat '/home/will/.vscode/extensions/extensions.json.vsctmp': EntryNotFound (FileSystemError): Error: ENOENT: no such file or directory, stat '/home/will/.vscode/extensions/extensions.json.vsctmp'
    at c.create (/usr/share/code/resources/app/out/vs/code/node/sharedProcess/sharedProcessMain.js:53:19235)
    at m (/usr/share/code/resources/app/out/vs/code/node/sharedProcess/sharedProcessMain.js:53:19345)
    at t.hb (/usr/share/code/resources/app/out/vs/code/node/sharedProcess/sharedProcessMain.js:58:36685)
    at t.stat (/usr/share/code/resources/app/out/vs/code/node/sharedProcess/sharedProcessMain.js:58:29033)
    at async b.stat (/usr/share/code/resources/app/out/vs/code/node/sharedProcess/sharedProcessMain.js:58:14899)
    at async H.vb (/usr/share/code/resources/app/out/vs/code/node/sharedProcess/sharedProcessMain.js:104:117665)
2024-07-11 15:30:43.600 [warning] [cmake-tools]: Couldn't find message for key cmake-tools.configuration.cmake.deleteBuildDirOnCleanCconfigure.description.
2024-07-11 15:30:43.610 [info] Marked extension as uninstalled ms-python.python-2024.8.1
2024-07-11 15:30:43.657 [info] Extension installed successfully: ms-python.python vscode-userdata:/home/will/.vscode/extensions/extensions.json
2024-07-11 15:30:43.657 [info] Finished waiting for already requested installing extension ms-python.python ms-python.debugpy vscode-userdata:/home/will/.vscode/extensions/extensions.json
2024-07-11 15:30:43.659 [info] Extension installed successfully: ms-python.debugpy vscode-userdata:/home/will/.vscode/extensions/extensions.json
