2024-08-21 17:54:04.504 [error] [/home/will/.vscode/extensions/ms-python.debugpy-2024.10.0-linux-x64]: Extension is not compatible with Code 1.90.1. Extension requires: ^1.92.0.
2024-08-21 17:54:04.522 [warning] [cmake-tools]: Couldn't find message for key cmake-tools.configuration.cmake.deleteBuildDirOnCleanCconfigure.description.
2024-08-21 17:54:04.610 [warning] [cmake-tools]: Couldn't find message for key cmake-tools.configuration.cmake.deleteBuildDirOnCleanCconfigure.description.
2024-08-21 17:54:04.612 [error] [/home/will/.vscode/extensions/ms-python.debugpy-2024.10.0-linux-x64]: Extension is not compatible with Code 1.90.1. Extension requires: ^1.92.0.
2024-08-21 17:54:04.911 [error] [/home/will/.vscode/extensions/ms-python.debugpy-2024.10.0-linux-x64]: Extension is not compatible with Code 1.90.1. Extension requires: ^1.92.0.
2024-08-21 17:54:04.915 [warning] [cmake-tools]: Couldn't find message for key cmake-tools.configuration.cmake.deleteBuildDirOnCleanCconfigure.description.
2024-08-21 17:54:04.991 [warning] [cmake-tools]: Couldn't find message for key cmake-tools.configuration.cmake.deleteBuildDirOnCleanCconfigure.description.
2024-08-21 17:54:04.992 [error] [/home/will/.vscode/extensions/ms-python.debugpy-2024.10.0-linux-x64]: Extension is not compatible with Code 1.90.1. Extension requires: ^1.92.0.
2024-08-21 17:54:05.103 [error] [/home/will/.vscode/extensions/ms-python.debugpy-2024.10.0-linux-x64]: Extension is not compatible with Code 1.90.1. Extension requires: ^1.92.0.
2024-08-21 17:54:05.108 [warning] [cmake-tools]: Couldn't find message for key cmake-tools.configuration.cmake.deleteBuildDirOnCleanCconfigure.description.
2024-08-21 17:54:05.186 [info] Deleted uninstalled extension from disk elltg.elltg-npm-script-run /home/will/.vscode/extensions/elltg.elltg-npm-script-run-1.0.7
2024-08-21 17:54:05.188 [info] Deleted uninstalled extension from disk ms-python.python /home/will/.vscode/extensions/ms-python.python-2024.12.2-linux-x64
2024-08-21 17:54:05.191 [warning] [cmake-tools]: Couldn't find message for key cmake-tools.configuration.cmake.deleteBuildDirOnCleanCconfigure.description.
2024-08-21 17:54:05.193 [error] [/home/will/.vscode/extensions/ms-python.debugpy-2024.10.0-linux-x64]: Extension is not compatible with Code 1.90.1. Extension requires: ^1.92.0.
2024-08-21 17:54:05.257 [error] [/home/will/.vscode/extensions/ms-python.debugpy-2024.10.0-linux-x64]: Extension is not compatible with Code 1.90.1. Extension requires: ^1.92.0.
2024-08-21 17:54:05.263 [warning] [cmake-tools]: Couldn't find message for key cmake-tools.configuration.cmake.deleteBuildDirOnCleanCconfigure.description.
2024-08-21 17:54:06.023 [warning] [cmake-tools]: Couldn't find message for key cmake-tools.configuration.cmake.deleteBuildDirOnCleanCconfigure.description.
2024-08-21 17:54:06.027 [error] [/home/will/.vscode/extensions/ms-python.debugpy-2024.10.0-linux-x64]: Extension is not compatible with Code 1.90.1. Extension requires: ^1.92.0.
2024-08-21 17:54:06.311 [error] [/home/will/.vscode/extensions/ms-python.debugpy-2024.10.0-linux-x64]: Extension is not compatible with Code 1.90.1. Extension requires: ^1.92.0.
2024-08-21 17:54:06.312 [warning] [cmake-tools]: Couldn't find message for key cmake-tools.configuration.cmake.deleteBuildDirOnCleanCconfigure.description.
2024-08-21 17:54:07.444 [warning] [cmake-tools]: Couldn't find message for key cmake-tools.configuration.cmake.deleteBuildDirOnCleanCconfigure.description.
2024-08-21 17:54:07.448 [error] [/home/will/.vscode/extensions/ms-python.debugpy-2024.10.0-linux-x64]: Extension is not compatible with Code 1.90.1. Extension requires: ^1.92.0.
2024-08-21 17:54:07.915 [warning] [cmake-tools]: Couldn't find message for key cmake-tools.configuration.cmake.deleteBuildDirOnCleanCconfigure.description.
2024-08-21 17:54:07.916 [error] [/home/will/.vscode/extensions/ms-python.debugpy-2024.10.0-linux-x64]: Extension is not compatible with Code 1.90.1. Extension requires: ^1.92.0.
2024-08-21 17:54:09.114 [warning] [cmake-tools]: Couldn't find message for key cmake-tools.configuration.cmake.deleteBuildDirOnCleanCconfigure.description.
2024-08-21 17:54:09.115 [error] [/home/will/.vscode/extensions/ms-python.debugpy-2024.10.0-linux-x64]: Extension is not compatible with Code 1.90.1. Extension requires: ^1.92.0.
2024-08-21 17:54:10.449 [error] [/home/will/.vscode/extensions/ms-python.debugpy-2024.10.0-linux-x64]: Extension is not compatible with Code 1.90.1. Extension requires: ^1.92.0.
2024-08-21 17:54:10.451 [warning] [cmake-tools]: Couldn't find message for key cmake-tools.configuration.cmake.deleteBuildDirOnCleanCconfigure.description.
2024-08-21 17:54:11.291 [warning] [cmake-tools]: Couldn't find message for key cmake-tools.configuration.cmake.deleteBuildDirOnCleanCconfigure.description.
2024-08-21 17:54:11.292 [error] [/home/will/.vscode/extensions/ms-python.debugpy-2024.10.0-linux-x64]: Extension is not compatible with Code 1.90.1. Extension requires: ^1.92.0.
2024-08-21 17:54:12.114 [warning] [cmake-tools]: Couldn't find message for key cmake-tools.configuration.cmake.deleteBuildDirOnCleanCconfigure.description.
2024-08-21 17:54:12.118 [error] [/home/will/.vscode/extensions/ms-python.debugpy-2024.10.0-linux-x64]: Extension is not compatible with Code 1.90.1. Extension requires: ^1.92.0.
2024-08-21 17:54:12.749 [error] [/home/will/.vscode/extensions/ms-python.debugpy-2024.10.0-linux-x64]: Extension is not compatible with Code 1.90.1. Extension requires: ^1.92.0.
2024-08-21 17:54:12.750 [warning] [cmake-tools]: Couldn't find message for key cmake-tools.configuration.cmake.deleteBuildDirOnCleanCconfigure.description.
2024-08-21 17:54:12.817 [warning] [cmake-tools]: Couldn't find message for key cmake-tools.configuration.cmake.deleteBuildDirOnCleanCconfigure.description.
2024-08-21 17:54:12.818 [error] [/home/will/.vscode/extensions/ms-python.debugpy-2024.10.0-linux-x64]: Extension is not compatible with Code 1.90.1. Extension requires: ^1.92.0.
2024-08-21 17:54:13.723 [error] [/home/will/.vscode/extensions/ms-python.debugpy-2024.10.0-linux-x64]: Extension is not compatible with Code 1.90.1. Extension requires: ^1.92.0.
2024-08-21 17:54:13.728 [warning] [cmake-tools]: Couldn't find message for key cmake-tools.configuration.cmake.deleteBuildDirOnCleanCconfigure.description.
2024-08-21 17:54:14.027 [error] [/home/will/.vscode/extensions/ms-python.debugpy-2024.10.0-linux-x64]: Extension is not compatible with Code 1.90.1. Extension requires: ^1.92.0.
2024-08-21 17:54:14.029 [warning] [cmake-tools]: Couldn't find message for key cmake-tools.configuration.cmake.deleteBuildDirOnCleanCconfigure.description.
2024-08-21 17:54:14.040 [error] [/home/will/.vscode/extensions/ms-python.debugpy-2024.10.0-linux-x64]: Extension is not compatible with Code 1.90.1. Extension requires: ^1.92.0.
2024-08-21 17:54:14.042 [warning] [cmake-tools]: Couldn't find message for key cmake-tools.configuration.cmake.deleteBuildDirOnCleanCconfigure.description.
2024-08-21 17:54:32.101 [info] Getting Manifest... ms-python.debugpy
2024-08-21 17:54:32.129 [info] Installing extension: ms-python.debugpy vscode-userdata:/home/will/.vscode/extensions/extensions.json
2024-08-21 17:54:32.207 [warning] [cmake-tools]: Couldn't find message for key cmake-tools.configuration.cmake.deleteBuildDirOnCleanCconfigure.description.
2024-08-21 17:54:33.162 [info] Getting Manifest... ms-python.python
2024-08-21 17:54:33.303 [warning] [cmake-tools]: Couldn't find message for key cmake-tools.configuration.cmake.deleteBuildDirOnCleanCconfigure.description.
2024-08-21 17:54:33.443 [warning] [cmake-tools]: Couldn't find message for key cmake-tools.configuration.cmake.deleteBuildDirOnCleanCconfigure.description.
2024-08-21 17:54:33.489 [error] [/home/will/.vscode/extensions/ms-python.debugpy-2024.10.0-linux-x64]: Extension is not compatible with Code 1.90.1. Extension requires: ^1.92.0.
2024-08-21 17:54:33.597 [error] [uncaught exception in sharedProcess]: Error: ENOENT: no such file or directory, stat '/home/will/.vscode/extensions/extensions.json.vsctmp': EntryNotFound (FileSystemError): Error: ENOENT: no such file or directory, stat '/home/will/.vscode/extensions/extensions.json.vsctmp'
    at c.create (/usr/share/code/resources/app/out/vs/code/node/sharedProcess/sharedProcessMain.js:53:19235)
    at m (/usr/share/code/resources/app/out/vs/code/node/sharedProcess/sharedProcessMain.js:53:19345)
    at t.hb (/usr/share/code/resources/app/out/vs/code/node/sharedProcess/sharedProcessMain.js:58:36685)
    at t.stat (/usr/share/code/resources/app/out/vs/code/node/sharedProcess/sharedProcessMain.js:58:29033)
    at async b.stat (/usr/share/code/resources/app/out/vs/code/node/sharedProcess/sharedProcessMain.js:58:14899)
    at async H.vb (/usr/share/code/resources/app/out/vs/code/node/sharedProcess/sharedProcessMain.js:104:117665)
2024-08-21 17:54:33.616 [warning] [cmake-tools]: Couldn't find message for key cmake-tools.configuration.cmake.deleteBuildDirOnCleanCconfigure.description.
2024-08-21 17:54:33.649 [info] Extension installed successfully: ms-python.debugpy vscode-userdata:/home/will/.vscode/extensions/extensions.json
2024-08-21 17:59:14.135 [error] [/home/will/.vscode/extensions/ms-python.debugpy-2024.10.0-linux-x64]: Extension is not compatible with Code 1.90.1. Extension requires: ^1.92.0.
2024-08-21 17:59:14.142 [warning] [cmake-tools]: Couldn't find message for key cmake-tools.configuration.cmake.deleteBuildDirOnCleanCconfigure.description.
2024-08-21 18:04:15.064 [warning] [cmake-tools]: Couldn't find message for key cmake-tools.configuration.cmake.deleteBuildDirOnCleanCconfigure.description.
2024-08-21 18:04:15.064 [error] [/home/will/.vscode/extensions/ms-python.debugpy-2024.10.0-linux-x64]: Extension is not compatible with Code 1.90.1. Extension requires: ^1.92.0.
2024-08-21 18:09:15.120 [warning] [cmake-tools]: Couldn't find message for key cmake-tools.configuration.cmake.deleteBuildDirOnCleanCconfigure.description.
2024-08-21 18:09:15.121 [error] [/home/will/.vscode/extensions/ms-python.debugpy-2024.10.0-linux-x64]: Extension is not compatible with Code 1.90.1. Extension requires: ^1.92.0.
2024-08-21 18:14:15.177 [warning] [cmake-tools]: Couldn't find message for key cmake-tools.configuration.cmake.deleteBuildDirOnCleanCconfigure.description.
2024-08-21 18:14:15.178 [error] [/home/will/.vscode/extensions/ms-python.debugpy-2024.10.0-linux-x64]: Extension is not compatible with Code 1.90.1. Extension requires: ^1.92.0.
2024-08-21 18:19:15.277 [error] [/home/will/.vscode/extensions/ms-python.debugpy-2024.10.0-linux-x64]: Extension is not compatible with Code 1.90.1. Extension requires: ^1.92.0.
2024-08-21 18:19:15.281 [warning] [cmake-tools]: Couldn't find message for key cmake-tools.configuration.cmake.deleteBuildDirOnCleanCconfigure.description.
2024-08-21 18:24:15.357 [warning] [cmake-tools]: Couldn't find message for key cmake-tools.configuration.cmake.deleteBuildDirOnCleanCconfigure.description.
2024-08-21 18:24:15.357 [error] [/home/will/.vscode/extensions/ms-python.debugpy-2024.10.0-linux-x64]: Extension is not compatible with Code 1.90.1. Extension requires: ^1.92.0.
2024-08-21 18:29:15.409 [error] [/home/will/.vscode/extensions/ms-python.debugpy-2024.10.0-linux-x64]: Extension is not compatible with Code 1.90.1. Extension requires: ^1.92.0.
2024-08-21 18:29:15.414 [warning] [cmake-tools]: Couldn't find message for key cmake-tools.configuration.cmake.deleteBuildDirOnCleanCconfigure.description.
2024-08-21 18:34:15.484 [error] [/home/will/.vscode/extensions/ms-python.debugpy-2024.10.0-linux-x64]: Extension is not compatible with Code 1.90.1. Extension requires: ^1.92.0.
2024-08-21 18:34:15.487 [warning] [cmake-tools]: Couldn't find message for key cmake-tools.configuration.cmake.deleteBuildDirOnCleanCconfigure.description.
2024-08-21 18:39:15.562 [error] [/home/will/.vscode/extensions/ms-python.debugpy-2024.10.0-linux-x64]: Extension is not compatible with Code 1.90.1. Extension requires: ^1.92.0.
2024-08-21 18:39:15.562 [warning] [cmake-tools]: Couldn't find message for key cmake-tools.configuration.cmake.deleteBuildDirOnCleanCconfigure.description.
2024-08-21 18:45:39.154 [error] [/home/will/.vscode/extensions/ms-python.debugpy-2024.10.0-linux-x64]: Extension is not compatible with Code 1.90.1. Extension requires: ^1.92.0.
2024-08-21 18:45:39.161 [warning] [cmake-tools]: Couldn't find message for key cmake-tools.configuration.cmake.deleteBuildDirOnCleanCconfigure.description.
2024-08-21 18:50:39.226 [warning] [cmake-tools]: Couldn't find message for key cmake-tools.configuration.cmake.deleteBuildDirOnCleanCconfigure.description.
2024-08-21 18:50:39.227 [error] [/home/will/.vscode/extensions/ms-python.debugpy-2024.10.0-linux-x64]: Extension is not compatible with Code 1.90.1. Extension requires: ^1.92.0.
2024-08-21 18:55:39.284 [warning] [cmake-tools]: Couldn't find message for key cmake-tools.configuration.cmake.deleteBuildDirOnCleanCconfigure.description.
2024-08-21 18:55:39.285 [error] [/home/will/.vscode/extensions/ms-python.debugpy-2024.10.0-linux-x64]: Extension is not compatible with Code 1.90.1. Extension requires: ^1.92.0.
2024-08-21 19:00:40.277 [warning] [cmake-tools]: Couldn't find message for key cmake-tools.configuration.cmake.deleteBuildDirOnCleanCconfigure.description.
2024-08-21 19:00:40.278 [error] [/home/will/.vscode/extensions/ms-python.debugpy-2024.10.0-linux-x64]: Extension is not compatible with Code 1.90.1. Extension requires: ^1.92.0.
2024-08-21 19:05:40.348 [warning] [cmake-tools]: Couldn't find message for key cmake-tools.configuration.cmake.deleteBuildDirOnCleanCconfigure.description.
2024-08-21 19:05:40.348 [error] [/home/will/.vscode/extensions/ms-python.debugpy-2024.10.0-linux-x64]: Extension is not compatible with Code 1.90.1. Extension requires: ^1.92.0.
2024-08-21 19:10:40.437 [error] [/home/will/.vscode/extensions/ms-python.debugpy-2024.10.0-linux-x64]: Extension is not compatible with Code 1.90.1. Extension requires: ^1.92.0.
2024-08-21 19:10:40.440 [warning] [cmake-tools]: Couldn't find message for key cmake-tools.configuration.cmake.deleteBuildDirOnCleanCconfigure.description.
2024-08-21 19:15:40.483 [warning] [cmake-tools]: Couldn't find message for key cmake-tools.configuration.cmake.deleteBuildDirOnCleanCconfigure.description.
2024-08-21 19:15:40.484 [error] [/home/will/.vscode/extensions/ms-python.debugpy-2024.10.0-linux-x64]: Extension is not compatible with Code 1.90.1. Extension requires: ^1.92.0.
2024-08-21 19:20:40.557 [error] [/home/will/.vscode/extensions/ms-python.debugpy-2024.10.0-linux-x64]: Extension is not compatible with Code 1.90.1. Extension requires: ^1.92.0.
2024-08-21 19:20:40.558 [warning] [cmake-tools]: Couldn't find message for key cmake-tools.configuration.cmake.deleteBuildDirOnCleanCconfigure.description.
2024-08-23 11:29:55.690 [warning] [cmake-tools]: Couldn't find message for key cmake-tools.configuration.cmake.deleteBuildDirOnCleanCconfigure.description.
2024-08-23 11:29:55.692 [error] [/home/will/.vscode/extensions/ms-python.debugpy-2024.10.0-linux-x64]: Extension is not compatible with Code 1.90.1. Extension requires: ^1.92.0.
2024-08-23 11:34:55.848 [error] [/home/will/.vscode/extensions/ms-python.debugpy-2024.10.0-linux-x64]: Extension is not compatible with Code 1.90.1. Extension requires: ^1.92.0.
2024-08-23 11:34:55.850 [warning] [cmake-tools]: Couldn't find message for key cmake-tools.configuration.cmake.deleteBuildDirOnCleanCconfigure.description.
2024-08-23 11:39:56.020 [error] [/home/will/.vscode/extensions/ms-python.debugpy-2024.10.0-linux-x64]: Extension is not compatible with Code 1.90.1. Extension requires: ^1.92.0.
2024-08-23 11:39:56.028 [warning] [cmake-tools]: Couldn't find message for key cmake-tools.configuration.cmake.deleteBuildDirOnCleanCconfigure.description.
2024-08-23 11:44:56.194 [error] [/home/will/.vscode/extensions/ms-python.debugpy-2024.10.0-linux-x64]: Extension is not compatible with Code 1.90.1. Extension requires: ^1.92.0.
2024-08-23 11:44:56.200 [warning] [cmake-tools]: Couldn't find message for key cmake-tools.configuration.cmake.deleteBuildDirOnCleanCconfigure.description.
2024-08-23 11:49:56.339 [error] [/home/will/.vscode/extensions/ms-python.debugpy-2024.10.0-linux-x64]: Extension is not compatible with Code 1.90.1. Extension requires: ^1.92.0.
2024-08-23 11:49:56.348 [warning] [cmake-tools]: Couldn't find message for key cmake-tools.configuration.cmake.deleteBuildDirOnCleanCconfigure.description.
2024-08-23 11:54:56.513 [error] [/home/will/.vscode/extensions/ms-python.debugpy-2024.10.0-linux-x64]: Extension is not compatible with Code 1.90.1. Extension requires: ^1.92.0.
2024-08-23 11:54:56.525 [warning] [cmake-tools]: Couldn't find message for key cmake-tools.configuration.cmake.deleteBuildDirOnCleanCconfigure.description.
2024-08-25 14:19:48.726 [warning] [cmake-tools]: Couldn't find message for key cmake-tools.configuration.cmake.deleteBuildDirOnCleanCconfigure.description.
2024-08-25 14:19:48.729 [error] [/home/will/.vscode/extensions/ms-python.debugpy-2024.10.0-linux-x64]: Extension is not compatible with Code 1.90.1. Extension requires: ^1.92.0.
2024-08-25 14:24:49.190 [warning] [cmake-tools]: Couldn't find message for key cmake-tools.configuration.cmake.deleteBuildDirOnCleanCconfigure.description.
2024-08-25 14:24:49.190 [error] [/home/will/.vscode/extensions/ms-python.debugpy-2024.10.0-linux-x64]: Extension is not compatible with Code 1.90.1. Extension requires: ^1.92.0.
2024-08-25 14:29:49.273 [error] [/home/will/.vscode/extensions/ms-python.debugpy-2024.10.0-linux-x64]: Extension is not compatible with Code 1.90.1. Extension requires: ^1.92.0.
2024-08-25 14:29:49.276 [warning] [cmake-tools]: Couldn't find message for key cmake-tools.configuration.cmake.deleteBuildDirOnCleanCconfigure.description.
2024-08-25 14:34:49.351 [error] [/home/will/.vscode/extensions/ms-python.debugpy-2024.10.0-linux-x64]: Extension is not compatible with Code 1.90.1. Extension requires: ^1.92.0.
2024-08-25 14:34:49.354 [warning] [cmake-tools]: Couldn't find message for key cmake-tools.configuration.cmake.deleteBuildDirOnCleanCconfigure.description.
2024-08-25 14:39:49.421 [error] [/home/will/.vscode/extensions/ms-python.debugpy-2024.10.0-linux-x64]: Extension is not compatible with Code 1.90.1. Extension requires: ^1.92.0.
2024-08-25 14:39:49.422 [warning] [cmake-tools]: Couldn't find message for key cmake-tools.configuration.cmake.deleteBuildDirOnCleanCconfigure.description.
2024-08-25 14:44:49.495 [error] [/home/will/.vscode/extensions/ms-python.debugpy-2024.10.0-linux-x64]: Extension is not compatible with Code 1.90.1. Extension requires: ^1.92.0.
2024-08-25 14:44:49.497 [warning] [cmake-tools]: Couldn't find message for key cmake-tools.configuration.cmake.deleteBuildDirOnCleanCconfigure.description.
2024-08-25 14:49:49.569 [warning] [cmake-tools]: Couldn't find message for key cmake-tools.configuration.cmake.deleteBuildDirOnCleanCconfigure.description.
2024-08-25 14:49:49.569 [error] [/home/will/.vscode/extensions/ms-python.debugpy-2024.10.0-linux-x64]: Extension is not compatible with Code 1.90.1. Extension requires: ^1.92.0.
2024-08-25 14:54:49.622 [warning] [cmake-tools]: Couldn't find message for key cmake-tools.configuration.cmake.deleteBuildDirOnCleanCconfigure.description.
2024-08-25 14:54:49.623 [error] [/home/will/.vscode/extensions/ms-python.debugpy-2024.10.0-linux-x64]: Extension is not compatible with Code 1.90.1. Extension requires: ^1.92.0.
2024-08-25 14:59:49.680 [warning] [cmake-tools]: Couldn't find message for key cmake-tools.configuration.cmake.deleteBuildDirOnCleanCconfigure.description.
2024-08-25 14:59:49.680 [error] [/home/will/.vscode/extensions/ms-python.debugpy-2024.10.0-linux-x64]: Extension is not compatible with Code 1.90.1. Extension requires: ^1.92.0.
2024-08-25 15:04:50.224 [error] [/home/will/.vscode/extensions/ms-python.debugpy-2024.10.0-linux-x64]: Extension is not compatible with Code 1.90.1. Extension requires: ^1.92.0.
2024-08-25 15:04:50.226 [warning] [cmake-tools]: Couldn't find message for key cmake-tools.configuration.cmake.deleteBuildDirOnCleanCconfigure.description.
2024-08-25 15:09:50.295 [warning] [cmake-tools]: Couldn't find message for key cmake-tools.configuration.cmake.deleteBuildDirOnCleanCconfigure.description.
2024-08-25 15:09:50.295 [error] [/home/will/.vscode/extensions/ms-python.debugpy-2024.10.0-linux-x64]: Extension is not compatible with Code 1.90.1. Extension requires: ^1.92.0.
2024-08-25 15:14:50.361 [warning] [cmake-tools]: Couldn't find message for key cmake-tools.configuration.cmake.deleteBuildDirOnCleanCconfigure.description.
2024-08-25 15:14:50.362 [error] [/home/will/.vscode/extensions/ms-python.debugpy-2024.10.0-linux-x64]: Extension is not compatible with Code 1.90.1. Extension requires: ^1.92.0.
