2024-07-23 13:16:51.365 [info] Log level: Info
2024-07-23 13:16:51.365 [info] Validating found git in: "git"
2024-07-23 13:16:51.365 [info] Using git "2.39.2" from "git"
2024-07-23 13:16:51.365 [info] > git rev-parse --show-toplevel [12ms]
2024-07-23 13:16:51.380 [info] > git rev-parse --git-dir --git-common-dir [5ms]
2024-07-23 13:16:51.413 [info] Open repository: /home/will/holbertonschool-web_back_end
2024-07-23 13:16:51.442 [info] > git rev-parse --show-toplevel [7ms]
2024-07-23 13:16:51.449 [info] > git config --get commit.template [21ms]
2024-07-23 13:16:51.468 [info] > git for-each-ref --format=%(refname)%00%(upstream:short)%00%(objectname)%00%(upstream:track)%00%(upstream:remotename)%00%(upstream:remoteref) refs/heads/main refs/remotes/main [10ms]
2024-07-23 13:16:51.512 [info] > git status -z -uall [20ms]
2024-07-23 13:16:51.572 [info] > git merge-base refs/heads/main refs/remotes/origin/main [40ms]
2024-07-23 13:16:51.591 [info] > git config --get commit.template [22ms]
2024-07-23 13:16:51.605 [info] > git rev-list --count --left-right refs/heads/main...refs/remotes/origin/main [19ms]
2024-07-23 13:16:51.622 [info] > git for-each-ref --format=%(refname)%00%(upstream:short)%00%(objectname)%00%(upstream:track)%00%(upstream:remotename)%00%(upstream:remoteref) refs/heads/main refs/remotes/main [23ms]
2024-07-23 13:16:51.624 [info] > git diff --name-status -z --diff-filter=ADMR 79a714bb0ae89b10dd84ebeee87f5090766a8b38...refs/remotes/origin/main [9ms]
2024-07-23 13:16:51.664 [info] > git status -z -uall [16ms]
2024-07-23 13:16:52.518 [info] > git check-ignore -v -z --stdin [7ms]
2024-07-23 13:16:54.406 [info] > git show --textconv :ES6_classes/README.md [19ms]
2024-07-23 13:16:54.413 [info] > git ls-files --stage -- /home/will/holbertonschool-web_back_end/ES6_classes/README.md [9ms]
2024-07-23 13:16:54.426 [info] > git cat-file -s 5dd2eac2e98505c80d262d40fb5ff2ecf24c774a [4ms]
2024-07-23 13:17:04.389 [info] > git config --get commit.template [19ms]
2024-07-23 13:17:04.394 [info] > git for-each-ref --format=%(refname)%00%(upstream:short)%00%(objectname)%00%(upstream:track)%00%(upstream:remotename)%00%(upstream:remoteref) refs/heads/main refs/remotes/main [9ms]
2024-07-23 13:17:04.419 [info] > git status -z -uall [10ms]
2024-07-23 13:17:16.648 [info] > git config --get commit.template [15ms]
2024-07-23 13:17:16.650 [info] > git for-each-ref --format=%(refname)%00%(upstream:short)%00%(objectname)%00%(upstream:track)%00%(upstream:remotename)%00%(upstream:remoteref) refs/heads/main refs/remotes/main [4ms]
2024-07-23 13:17:16.659 [info] > git status -z -uall [4ms]
2024-07-23 13:17:21.699 [info] > git config --get commit.template [11ms]
2024-07-23 13:17:21.700 [info] > git for-each-ref --format=%(refname)%00%(upstream:short)%00%(objectname)%00%(upstream:track)%00%(upstream:remotename)%00%(upstream:remoteref) refs/heads/main refs/remotes/main [3ms]
2024-07-23 13:17:21.708 [info] > git status -z -uall [3ms]
2024-07-23 13:17:27.045 [info] > git config --get commit.template [9ms]
2024-07-23 13:17:27.046 [info] > git for-each-ref --format=%(refname)%00%(upstream:short)%00%(objectname)%00%(upstream:track)%00%(upstream:remotename)%00%(upstream:remoteref) refs/heads/main refs/remotes/main [3ms]
2024-07-23 13:17:27.056 [info] > git status -z -uall [4ms]
2024-07-23 13:23:20.242 [info] > git config --get commit.template [4ms]
2024-07-23 13:23:20.261 [info] > git for-each-ref --format=%(refname)%00%(upstream:short)%00%(objectname)%00%(upstream:track)%00%(upstream:remotename)%00%(upstream:remoteref) refs/heads/main refs/remotes/main [7ms]
2024-07-23 13:23:20.284 [info] > git status -z -uall [6ms]
2024-07-23 13:28:39.307 [info] > git config --get commit.template [5ms]
2024-07-23 13:28:39.318 [info] > git for-each-ref --format=%(refname)%00%(upstream:short)%00%(objectname)%00%(upstream:track)%00%(upstream:remotename)%00%(upstream:remoteref) refs/heads/main refs/remotes/main [2ms]
2024-07-23 13:28:39.342 [info] > git status -z -uall [6ms]
2024-07-23 13:28:44.386 [info] > git config --get commit.template [12ms]
2024-07-23 13:28:44.388 [info] > git for-each-ref --format=%(refname)%00%(upstream:short)%00%(objectname)%00%(upstream:track)%00%(upstream:remotename)%00%(upstream:remoteref) refs/heads/main refs/remotes/main [4ms]
2024-07-23 13:28:44.396 [info] > git status -z -uall [3ms]
2024-07-23 13:28:47.230 [info] > git ls-files --stage -- /home/will/holbertonschool-web_back_end/ES6_classes/README.md [2ms]
2024-07-23 13:28:47.237 [info] > git cat-file -s 5dd2eac2e98505c80d262d40fb5ff2ecf24c774a [2ms]
2024-07-23 13:28:47.248 [info] > git show --textconv :ES6_classes/README.md [3ms]
2024-07-23 13:28:49.379 [info] > git ls-files --stage -- /home/will/holbertonschool-web_back_end/ES6_classes/README.md [7ms]
2024-07-23 13:28:49.390 [info] > git cat-file -s 5dd2eac2e98505c80d262d40fb5ff2ecf24c774a [3ms]
2024-07-23 13:28:49.399 [info] > git show --textconv :ES6_classes/README.md [2ms]
2024-07-23 13:28:49.409 [info] > git config --get commit.template [3ms]
2024-07-23 13:28:49.416 [info] > git for-each-ref --format=%(refname)%00%(upstream:short)%00%(objectname)%00%(upstream:track)%00%(upstream:remotename)%00%(upstream:remoteref) refs/heads/main refs/remotes/main [3ms]
2024-07-23 13:28:49.424 [info] > git status -z -uall [3ms]
2024-07-23 13:28:49.434 [info] > git merge-base refs/heads/main refs/remotes/origin/main [4ms]
2024-07-23 13:28:49.443 [info] > git rev-list --count --left-right refs/heads/main...refs/remotes/origin/main [4ms]
2024-07-23 13:28:49.452 [info] > git diff --name-status -z --diff-filter=ADMR 30e422cb79f57aebe7bcab0bf70e38e9a1613d35...refs/remotes/origin/main [3ms]
2024-07-23 13:38:14.881 [info] > git config --get commit.template [2ms]
2024-07-23 13:38:14.888 [info] > git for-each-ref --format=%(refname)%00%(upstream:short)%00%(objectname)%00%(upstream:track)%00%(upstream:remotename)%00%(upstream:remoteref) refs/heads/main refs/remotes/main [2ms]
2024-07-23 13:38:14.896 [info] > git status -z -uall [3ms]
2024-07-23 13:38:27.064 [info] > git config --get commit.template [2ms]
2024-07-23 13:38:27.076 [info] > git for-each-ref --format=%(refname)%00%(upstream:short)%00%(objectname)%00%(upstream:track)%00%(upstream:remotename)%00%(upstream:remoteref) refs/heads/main refs/remotes/main [3ms]
2024-07-23 13:38:27.088 [info] > git status -z -uall [5ms]
2024-07-23 13:38:38.341 [info] > git config --get commit.template [21ms]
2024-07-23 13:38:38.346 [info] > git for-each-ref --format=%(refname)%00%(upstream:short)%00%(objectname)%00%(upstream:track)%00%(upstream:remotename)%00%(upstream:remoteref) refs/heads/main refs/remotes/main [9ms]
2024-07-23 13:38:38.369 [info] > git status -z -uall [9ms]
2024-07-23 13:41:43.291 [info] > git config --get commit.template [20ms]
2024-07-23 13:41:43.300 [info] > git ls-files --stage -- /home/will/holbertonschool-web_back_end/ES6_classes/README.md [17ms]
2024-07-23 13:41:43.308 [info] > git for-each-ref --format=%(refname)%00%(upstream:short)%00%(objectname)%00%(upstream:track)%00%(upstream:remotename)%00%(upstream:remoteref) refs/heads/main refs/remotes/main [10ms]
2024-07-23 13:41:43.315 [info] > git cat-file -s 5dd2eac2e98505c80d262d40fb5ff2ecf24c774a [8ms]
2024-07-23 13:41:43.319 [info] > git status -z -uall [5ms]
2024-07-23 13:41:43.332 [info] > git merge-base refs/heads/main refs/remotes/origin/main [6ms]
2024-07-23 13:41:43.348 [info] > git rev-list --count --left-right refs/heads/main...refs/remotes/origin/main [9ms]
2024-07-23 13:41:43.360 [info] > git show --textconv :ES6_classes/README.md [13ms]
2024-07-23 13:41:43.362 [info] > git diff --name-status -z --diff-filter=ADMR 97356d010d9c726b9902e26286c1cc59955a712f...refs/remotes/origin/main [6ms]
2024-07-23 13:46:19.922 [info] > git config --get commit.template [6ms]
2024-07-23 13:46:19.946 [info] > git ls-files --stage -- /home/will/holbertonschool-web_back_end/ES6_classes/README.md [12ms]
2024-07-23 13:46:19.956 [info] > git for-each-ref --format=%(refname)%00%(upstream:short)%00%(objectname)%00%(upstream:track)%00%(upstream:remotename)%00%(upstream:remoteref) refs/heads/main refs/remotes/main [11ms]
2024-07-23 13:46:19.966 [info] > git cat-file -s 5dd2eac2e98505c80d262d40fb5ff2ecf24c774a [13ms]
2024-07-23 13:46:19.978 [info] > git status -z -uall [15ms]
2024-07-23 13:46:19.997 [info] > git show --textconv :ES6_classes/README.md [20ms]
2024-07-23 13:46:19.997 [info] > git merge-base refs/heads/main refs/remotes/origin/main [10ms]
2024-07-23 13:46:20.008 [info] > git rev-list --count --left-right refs/heads/main...refs/remotes/origin/main [4ms]
2024-07-23 13:46:20.019 [info] > git diff --name-status -z --diff-filter=ADMR 04168de54896b1dd1b5c3c03dcf3803a550abb48...refs/remotes/origin/main [3ms]
2024-07-23 13:46:25.028 [info] > git config --get commit.template [14ms]
2024-07-23 13:46:25.030 [info] > git for-each-ref --format=%(refname)%00%(upstream:short)%00%(objectname)%00%(upstream:track)%00%(upstream:remotename)%00%(upstream:remoteref) refs/heads/main refs/remotes/main [4ms]
2024-07-23 13:46:25.038 [info] > git status -z -uall [4ms]
2024-07-23 13:46:30.085 [info] > git config --get commit.template [21ms]
2024-07-23 13:46:30.094 [info] > git for-each-ref --format=%(refname)%00%(upstream:short)%00%(objectname)%00%(upstream:track)%00%(upstream:remotename)%00%(upstream:remoteref) refs/heads/main refs/remotes/main [12ms]
2024-07-23 13:46:30.119 [info] > git status -z -uall [10ms]
2024-07-23 13:46:43.012 [info] > git config --get commit.template [6ms]
2024-07-23 13:46:43.033 [info] > git for-each-ref --format=%(refname)%00%(upstream:short)%00%(objectname)%00%(upstream:track)%00%(upstream:remotename)%00%(upstream:remoteref) refs/heads/main refs/remotes/main [8ms]
2024-07-23 13:46:43.046 [info] > git status -z -uall [3ms]
2024-07-23 13:46:48.074 [info] > git config --get commit.template [7ms]
2024-07-23 13:46:48.075 [info] > git for-each-ref --format=%(refname)%00%(upstream:short)%00%(objectname)%00%(upstream:track)%00%(upstream:remotename)%00%(upstream:remoteref) refs/heads/main refs/remotes/main [2ms]
2024-07-23 13:46:48.083 [info] > git status -z -uall [3ms]
2024-07-23 13:47:13.469 [info] > git config --get commit.template [2ms]
2024-07-23 13:47:13.481 [info] > git for-each-ref --format=%(refname)%00%(upstream:short)%00%(objectname)%00%(upstream:track)%00%(upstream:remotename)%00%(upstream:remoteref) refs/heads/main refs/remotes/main [3ms]
2024-07-23 13:47:13.512 [info] > git status -z -uall [9ms]
2024-07-23 13:47:18.555 [info] > git config --get commit.template [9ms]
2024-07-23 13:47:18.557 [info] > git for-each-ref --format=%(refname)%00%(upstream:short)%00%(objectname)%00%(upstream:track)%00%(upstream:remotename)%00%(upstream:remoteref) refs/heads/main refs/remotes/main [3ms]
2024-07-23 13:47:18.567 [info] > git status -z -uall [5ms]
2024-07-23 13:47:23.615 [info] > git config --get commit.template [21ms]
2024-07-23 13:47:23.622 [info] > git for-each-ref --format=%(refname)%00%(upstream:short)%00%(objectname)%00%(upstream:track)%00%(upstream:remotename)%00%(upstream:remoteref) refs/heads/main refs/remotes/main [13ms]
2024-07-23 13:47:23.641 [info] > git status -z -uall [4ms]
2024-07-23 13:47:28.658 [info] > git config --get commit.template [2ms]
2024-07-23 13:47:28.665 [info] > git for-each-ref --format=%(refname)%00%(upstream:short)%00%(objectname)%00%(upstream:track)%00%(upstream:remotename)%00%(upstream:remoteref) refs/heads/main refs/remotes/main [3ms]
2024-07-23 13:47:28.675 [info] > git status -z -uall [3ms]
2024-07-23 13:49:01.072 [info] > git ls-files --stage -- /home/will/holbertonschool-web_back_end/ES6_classes/README.md [15ms]
2024-07-23 13:49:01.093 [info] > git config --get commit.template [24ms]
2024-07-23 13:49:01.096 [info] > git cat-file -s 5dd2eac2e98505c80d262d40fb5ff2ecf24c774a [14ms]
2024-07-23 13:49:01.098 [info] > git for-each-ref --format=%(refname)%00%(upstream:short)%00%(objectname)%00%(upstream:track)%00%(upstream:remotename)%00%(upstream:remoteref) refs/heads/main refs/remotes/main [7ms]
2024-07-23 13:49:01.109 [info] > git status -z -uall [5ms]
2024-07-23 13:49:01.133 [info] > git merge-base refs/heads/main refs/remotes/origin/main [14ms]
2024-07-23 13:49:01.143 [info] > git show --textconv :ES6_classes/README.md [12ms]
2024-07-23 13:49:01.146 [info] > git rev-list --count --left-right refs/heads/main...refs/remotes/origin/main [5ms]
2024-07-23 13:49:01.156 [info] > git diff --name-status -z --diff-filter=ADMR 858bdb91bfaa31ecafc8646436a02f7d6dc706e7...refs/remotes/origin/main [3ms]
2024-07-23 13:52:48.474 [info] > git config --get commit.template [15ms]
2024-07-23 13:52:48.479 [info] > git for-each-ref --format=%(refname)%00%(upstream:short)%00%(objectname)%00%(upstream:track)%00%(upstream:remotename)%00%(upstream:remoteref) refs/heads/main refs/remotes/main [9ms]
2024-07-23 13:52:48.494 [info] > git status -z -uall [7ms]
2024-07-23 13:53:13.556 [info] > git config --get commit.template [1ms]
2024-07-23 13:53:13.578 [info] > git for-each-ref --format=%(refname)%00%(upstream:short)%00%(objectname)%00%(upstream:track)%00%(upstream:remotename)%00%(upstream:remoteref) refs/heads/main refs/remotes/main [8ms]
2024-07-23 13:53:13.591 [info] > git status -z -uall [5ms]
2024-07-23 13:53:18.650 [info] > git config --get commit.template [15ms]
2024-07-23 13:53:18.660 [info] > git for-each-ref --format=%(refname)%00%(upstream:short)%00%(objectname)%00%(upstream:track)%00%(upstream:remotename)%00%(upstream:remoteref) refs/heads/main refs/remotes/main [10ms]
2024-07-23 13:53:18.675 [info] > git status -z -uall [6ms]
2024-07-23 13:53:26.773 [info] > git config --get commit.template [9ms]
2024-07-23 13:53:26.788 [info] > git for-each-ref --format=%(refname)%00%(upstream:short)%00%(objectname)%00%(upstream:track)%00%(upstream:remotename)%00%(upstream:remoteref) refs/heads/main refs/remotes/main [6ms]
2024-07-23 13:53:26.806 [info] > git status -z -uall [6ms]
2024-07-23 13:53:31.830 [info] > git config --get commit.template [6ms]
2024-07-23 13:53:31.832 [info] > git for-each-ref --format=%(refname)%00%(upstream:short)%00%(objectname)%00%(upstream:track)%00%(upstream:remotename)%00%(upstream:remoteref) refs/heads/main refs/remotes/main [3ms]
2024-07-23 13:53:31.840 [info] > git status -z -uall [3ms]
2024-07-23 13:53:36.879 [info] > git config --get commit.template [18ms]
2024-07-23 13:53:36.886 [info] > git for-each-ref --format=%(refname)%00%(upstream:short)%00%(objectname)%00%(upstream:track)%00%(upstream:remotename)%00%(upstream:remoteref) refs/heads/main refs/remotes/main [10ms]
2024-07-23 13:53:36.910 [info] > git status -z -uall [9ms]
2024-07-23 13:53:36.933 [info] > git merge-base refs/heads/main refs/remotes/origin/main [6ms]
2024-07-23 13:53:36.947 [info] > git rev-list --count --left-right refs/heads/main...refs/remotes/origin/main [6ms]
2024-07-23 13:53:36.957 [info] > git diff --name-status -z --diff-filter=ADMR 858bdb91bfaa31ecafc8646436a02f7d6dc706e7...refs/remotes/origin/main [3ms]
2024-07-23 13:53:37.011 [info] > git ls-files --stage -- /home/will/holbertonschool-web_back_end/ES6_classes/README.md [3ms]
2024-07-23 13:53:37.023 [info] > git cat-file -s 5dd2eac2e98505c80d262d40fb5ff2ecf24c774a [4ms]
2024-07-23 13:53:37.036 [info] > git show --textconv :ES6_classes/README.md [4ms]
2024-07-23 13:54:21.687 [info] > git config --get commit.template [18ms]
2024-07-23 13:54:21.690 [info] > git ls-files --stage -- /home/will/holbertonschool-web_back_end/ES6_classes/README.md [7ms]
2024-07-23 13:54:21.703 [info] > git cat-file -s 5dd2eac2e98505c80d262d40fb5ff2ecf24c774a [7ms]
2024-07-23 13:54:21.714 [info] > git for-each-ref --format=%(refname)%00%(upstream:short)%00%(objectname)%00%(upstream:track)%00%(upstream:remotename)%00%(upstream:remoteref) refs/heads/main refs/remotes/main [12ms]
2024-07-23 13:54:21.725 [info] > git show --textconv :ES6_classes/README.md [11ms]
2024-07-23 13:54:21.725 [info] > git status -z -uall [3ms]
2024-07-23 13:54:21.739 [info] > git merge-base refs/heads/main refs/remotes/origin/main [5ms]
2024-07-23 13:54:21.753 [info] > git rev-list --count --left-right refs/heads/main...refs/remotes/origin/main [5ms]
2024-07-23 13:54:21.767 [info] > git diff --name-status -z --diff-filter=ADMR 14c23140a268c71f9f76bc9750ddc285b1399011...refs/remotes/origin/main [5ms]
2024-07-23 13:54:46.244 [info] > git config --get commit.template [6ms]
2024-07-23 13:54:46.263 [info] > git for-each-ref --format=%(refname)%00%(upstream:short)%00%(objectname)%00%(upstream:track)%00%(upstream:remotename)%00%(upstream:remoteref) refs/heads/main refs/remotes/main [5ms]
2024-07-23 13:54:46.280 [info] > git status -z -uall [5ms]
2024-07-23 13:54:51.315 [info] > git config --get commit.template [5ms]
2024-07-23 13:54:51.323 [info] > git for-each-ref --format=%(refname)%00%(upstream:short)%00%(objectname)%00%(upstream:track)%00%(upstream:remotename)%00%(upstream:remoteref) refs/heads/main refs/remotes/main [2ms]
2024-07-23 13:54:51.332 [info] > git status -z -uall [3ms]
2024-07-23 13:54:57.118 [info] > git config --get commit.template [16ms]
2024-07-23 13:54:57.121 [info] > git for-each-ref --format=%(refname)%00%(upstream:short)%00%(objectname)%00%(upstream:track)%00%(upstream:remotename)%00%(upstream:remoteref) refs/heads/main refs/remotes/main [12ms]
2024-07-23 13:54:57.145 [info] > git status -z -uall [9ms]
2024-07-23 13:55:02.181 [info] > git config --get commit.template [12ms]
2024-07-23 13:55:02.184 [info] > git for-each-ref --format=%(refname)%00%(upstream:short)%00%(objectname)%00%(upstream:track)%00%(upstream:remotename)%00%(upstream:remoteref) refs/heads/main refs/remotes/main [4ms]
2024-07-23 13:55:02.192 [info] > git status -z -uall [3ms]
2024-07-23 13:55:07.215 [info] > git config --get commit.template [6ms]
2024-07-23 13:55:07.217 [info] > git for-each-ref --format=%(refname)%00%(upstream:short)%00%(objectname)%00%(upstream:track)%00%(upstream:remotename)%00%(upstream:remoteref) refs/heads/main refs/remotes/main [3ms]
2024-07-23 13:55:07.224 [info] > git status -z -uall [3ms]
2024-07-23 13:57:21.138 [info] > git config --get commit.template [2ms]
2024-07-23 13:57:21.165 [info] > git ls-files --stage -- /home/will/holbertonschool-web_back_end/ES6_classes/README.md [8ms]
2024-07-23 13:57:21.175 [info] > git for-each-ref --format=%(refname)%00%(upstream:short)%00%(objectname)%00%(upstream:track)%00%(upstream:remotename)%00%(upstream:remoteref) refs/heads/main refs/remotes/main [11ms]
2024-07-23 13:57:21.176 [info] > git cat-file -s 5dd2eac2e98505c80d262d40fb5ff2ecf24c774a [3ms]
2024-07-23 13:57:21.192 [info] > git status -z -uall [9ms]
2024-07-23 13:57:21.209 [info] > git show --textconv :ES6_classes/README.md [18ms]
2024-07-23 13:57:21.209 [info] > git merge-base refs/heads/main refs/remotes/origin/main [6ms]
2024-07-23 13:57:21.221 [info] > git rev-list --count --left-right refs/heads/main...refs/remotes/origin/main [5ms]
2024-07-23 13:57:21.233 [info] > git diff --name-status -z --diff-filter=ADMR d6e0b5fdb4feff5bb987e8edf5187700445dff69...refs/remotes/origin/main [4ms]
2024-07-23 13:58:50.134 [info] > git config --get commit.template [18ms]
2024-07-23 13:58:50.137 [info] > git for-each-ref --format=%(refname)%00%(upstream:short)%00%(objectname)%00%(upstream:track)%00%(upstream:remotename)%00%(upstream:remoteref) refs/heads/main refs/remotes/main [5ms]
2024-07-23 13:58:50.158 [info] > git status -z -uall [8ms]
2024-07-23 13:59:01.013 [info] > git config --get commit.template [3ms]
2024-07-23 13:59:01.028 [info] > git for-each-ref --format=%(refname)%00%(upstream:short)%00%(objectname)%00%(upstream:track)%00%(upstream:remotename)%00%(upstream:remoteref) refs/heads/main refs/remotes/main [5ms]
2024-07-23 13:59:01.042 [info] > git status -z -uall [5ms]
2024-07-23 13:59:06.354 [info] > git config --get commit.template [5ms]
2024-07-23 13:59:06.368 [info] > git for-each-ref --format=%(refname)%00%(upstream:short)%00%(objectname)%00%(upstream:track)%00%(upstream:remotename)%00%(upstream:remoteref) refs/heads/main refs/remotes/main [5ms]
2024-07-23 13:59:06.385 [info] > git status -z -uall [6ms]
2024-07-23 13:59:11.405 [info] > git config --get commit.template [6ms]
2024-07-23 13:59:11.406 [info] > git for-each-ref --format=%(refname)%00%(upstream:short)%00%(objectname)%00%(upstream:track)%00%(upstream:remotename)%00%(upstream:remoteref) refs/heads/main refs/remotes/main [2ms]
2024-07-23 13:59:11.415 [info] > git status -z -uall [3ms]
2024-07-23 14:00:43.037 [info] > git config --get commit.template [30ms]
2024-07-23 14:00:43.041 [info] > git for-each-ref --format=%(refname)%00%(upstream:short)%00%(objectname)%00%(upstream:track)%00%(upstream:remotename)%00%(upstream:remoteref) refs/heads/main refs/remotes/main [13ms]
2024-07-23 14:00:43.060 [info] > git status -z -uall [5ms]
2024-07-23 14:00:43.072 [info] > git merge-base refs/heads/main refs/remotes/origin/main [4ms]
2024-07-23 14:00:43.082 [info] > git rev-list --count --left-right refs/heads/main...refs/remotes/origin/main [4ms]
2024-07-23 14:00:43.093 [info] > git diff --name-status -z --diff-filter=ADMR d6e0b5fdb4feff5bb987e8edf5187700445dff69...refs/remotes/origin/main [3ms]
2024-07-23 14:00:43.107 [info] > git ls-files --stage -- /home/will/holbertonschool-web_back_end/ES6_classes/README.md [5ms]
2024-07-23 14:00:43.114 [info] > git cat-file -s 5dd2eac2e98505c80d262d40fb5ff2ecf24c774a [3ms]
2024-07-23 14:00:43.125 [info] > git show --textconv :ES6_classes/README.md [2ms]
2024-07-23 14:06:30.860 [info] > git config --get commit.template [4ms]
2024-07-23 14:06:30.872 [info] > git ls-files --stage -- /home/will/holbertonschool-web_back_end/ES6_classes/README.md [2ms]
2024-07-23 14:06:30.892 [info] > git cat-file -s 5dd2eac2e98505c80d262d40fb5ff2ecf24c774a [8ms]
2024-07-23 14:06:30.895 [info] > git for-each-ref --format=%(refname)%00%(upstream:short)%00%(objectname)%00%(upstream:track)%00%(upstream:remotename)%00%(upstream:remoteref) refs/heads/main refs/remotes/main [4ms]
2024-07-23 14:06:30.913 [info] > git show --textconv :ES6_classes/README.md [6ms]
2024-07-23 14:06:30.916 [info] > git status -z -uall [4ms]
2024-07-23 14:06:30.934 [info] > git merge-base refs/heads/main refs/remotes/origin/main [7ms]
2024-07-23 14:06:30.955 [info] > git rev-list --count --left-right refs/heads/main...refs/remotes/origin/main [8ms]
2024-07-23 14:06:30.966 [info] > git diff --name-status -z --diff-filter=ADMR 149f44f8725315c84f2c9f74f419b30faadd66c3...refs/remotes/origin/main [3ms]
2024-07-23 14:06:38.615 [info] > git config --get commit.template [18ms]
2024-07-23 14:06:38.621 [info] > git for-each-ref --format=%(refname)%00%(upstream:short)%00%(objectname)%00%(upstream:track)%00%(upstream:remotename)%00%(upstream:remoteref) refs/heads/main refs/remotes/main [9ms]
2024-07-23 14:06:38.647 [info] > git status -z -uall [11ms]
2024-07-23 14:06:43.693 [info] > git config --get commit.template [14ms]
2024-07-23 14:06:43.699 [info] > git for-each-ref --format=%(refname)%00%(upstream:short)%00%(objectname)%00%(upstream:track)%00%(upstream:remotename)%00%(upstream:remoteref) refs/heads/main refs/remotes/main [7ms]
2024-07-23 14:06:43.712 [info] > git status -z -uall [5ms]
2024-07-23 14:07:07.217 [info] > git config --get commit.template [5ms]
2024-07-23 14:07:07.238 [info] > git ls-files --stage -- /home/will/holbertonschool-web_back_end/ES6_classes/README.md [9ms]
2024-07-23 14:07:07.251 [info] > git for-each-ref --format=%(refname)%00%(upstream:short)%00%(objectname)%00%(upstream:track)%00%(upstream:remotename)%00%(upstream:remoteref) refs/heads/main refs/remotes/main [15ms]
2024-07-23 14:07:07.253 [info] > git cat-file -s 5dd2eac2e98505c80d262d40fb5ff2ecf24c774a [5ms]
2024-07-23 14:07:07.286 [info] > git status -z -uall [16ms]
2024-07-23 14:07:07.310 [info] > git show --textconv :ES6_classes/README.md [26ms]
2024-07-23 14:07:07.311 [info] > git merge-base refs/heads/main refs/remotes/origin/main [10ms]
2024-07-23 14:07:07.343 [info] > git rev-list --count --left-right refs/heads/main...refs/remotes/origin/main [12ms]
2024-07-23 14:07:07.364 [info] > git diff --name-status -z --diff-filter=ADMR c11d144beafd8243e7c592a87129935563950f9f...refs/remotes/origin/main [8ms]
2024-07-23 14:07:32.984 [info] > git for-each-ref --format=%(refname)%00%(upstream:short)%00%(objectname)%00%(upstream:track)%00%(upstream:remotename)%00%(upstream:remoteref) refs/heads/main refs/remotes/main [3ms]
2024-07-23 14:07:32.985 [info] > git config --get commit.template [21ms]
2024-07-23 14:07:33.000 [info] > git status -z -uall [4ms]
2024-07-23 14:07:38.039 [info] > git config --get commit.template [12ms]
2024-07-23 14:07:38.040 [info] > git for-each-ref --format=%(refname)%00%(upstream:short)%00%(objectname)%00%(upstream:track)%00%(upstream:remotename)%00%(upstream:remoteref) refs/heads/main refs/remotes/main [3ms]
2024-07-23 14:07:38.048 [info] > git status -z -uall [3ms]
2024-07-23 14:07:45.790 [info] > git config --get commit.template [17ms]
2024-07-23 14:07:45.794 [info] > git for-each-ref --format=%(refname)%00%(upstream:short)%00%(objectname)%00%(upstream:track)%00%(upstream:remotename)%00%(upstream:remoteref) refs/heads/main refs/remotes/main [6ms]
2024-07-23 14:07:45.808 [info] > git status -z -uall [6ms]
2024-07-23 14:07:52.290 [info] > git config --get commit.template [8ms]
2024-07-23 14:07:52.309 [info] > git for-each-ref --format=%(refname)%00%(upstream:short)%00%(objectname)%00%(upstream:track)%00%(upstream:remotename)%00%(upstream:remoteref) refs/heads/main refs/remotes/main [8ms]
2024-07-23 14:07:52.323 [info] > git status -z -uall [6ms]
2024-07-23 14:07:57.345 [info] > git config --get commit.template [4ms]
2024-07-23 14:07:57.352 [info] > git for-each-ref --format=%(refname)%00%(upstream:short)%00%(objectname)%00%(upstream:track)%00%(upstream:remotename)%00%(upstream:remoteref) refs/heads/main refs/remotes/main [3ms]
2024-07-23 14:07:57.360 [info] > git status -z -uall [4ms]
2024-07-23 14:08:02.393 [info] > git config --get commit.template [13ms]
2024-07-23 14:08:02.395 [info] > git for-each-ref --format=%(refname)%00%(upstream:short)%00%(objectname)%00%(upstream:track)%00%(upstream:remotename)%00%(upstream:remoteref) refs/heads/main refs/remotes/main [3ms]
2024-07-23 14:08:02.402 [info] > git status -z -uall [3ms]
2024-07-23 14:08:33.344 [info] > git ls-files --stage -- /home/will/holbertonschool-web_back_end/ES6_classes/README.md [11ms]
2024-07-23 14:08:33.354 [info] > git config --get commit.template [13ms]
2024-07-23 14:08:33.356 [info] > git cat-file -s 5dd2eac2e98505c80d262d40fb5ff2ecf24c774a [8ms]
2024-07-23 14:08:33.358 [info] > git for-each-ref --format=%(refname)%00%(upstream:short)%00%(objectname)%00%(upstream:track)%00%(upstream:remotename)%00%(upstream:remoteref) refs/heads/main refs/remotes/main [5ms]
2024-07-23 14:08:33.374 [info] > git status -z -uall [11ms]
2024-07-23 14:08:33.387 [info] > git show --textconv :ES6_classes/README.md [14ms]
2024-07-23 14:08:33.388 [info] > git merge-base refs/heads/main refs/remotes/origin/main [6ms]
2024-07-23 14:08:33.404 [info] > git rev-list --count --left-right refs/heads/main...refs/remotes/origin/main [7ms]
2024-07-23 14:08:33.417 [info] > git diff --name-status -z --diff-filter=ADMR 05237e493ef2a8bd889dde1799876db9da1a39b4...refs/remotes/origin/main [3ms]
2024-07-23 14:08:57.661 [info] > git config --get commit.template [12ms]
2024-07-23 14:08:57.670 [info] > git for-each-ref --format=%(refname)%00%(upstream:short)%00%(objectname)%00%(upstream:track)%00%(upstream:remotename)%00%(upstream:remoteref) refs/heads/main refs/remotes/main [11ms]
2024-07-23 14:08:57.685 [info] > git status -z -uall [6ms]
2024-07-23 14:09:05.978 [info] > git config --get commit.template [29ms]
2024-07-23 14:09:05.984 [info] > git for-each-ref --format=%(refname)%00%(upstream:short)%00%(objectname)%00%(upstream:track)%00%(upstream:remotename)%00%(upstream:remoteref) refs/heads/main refs/remotes/main [8ms]
2024-07-23 14:09:06.001 [info] > git status -z -uall [5ms]
2024-07-23 14:09:11.051 [info] > git config --get commit.template [19ms]
2024-07-23 14:09:11.056 [info] > git for-each-ref --format=%(refname)%00%(upstream:short)%00%(objectname)%00%(upstream:track)%00%(upstream:remotename)%00%(upstream:remoteref) refs/heads/main refs/remotes/main [8ms]
2024-07-23 14:09:11.078 [info] > git status -z -uall [9ms]
2024-07-23 14:09:16.102 [info] > git config --get commit.template [2ms]
2024-07-23 14:09:16.108 [info] > git for-each-ref --format=%(refname)%00%(upstream:short)%00%(objectname)%00%(upstream:track)%00%(upstream:remotename)%00%(upstream:remoteref) refs/heads/main refs/remotes/main [2ms]
2024-07-23 14:09:16.116 [info] > git status -z -uall [3ms]
2024-07-23 14:09:21.137 [info] > git config --get commit.template [6ms]
2024-07-23 14:09:21.140 [info] > git for-each-ref --format=%(refname)%00%(upstream:short)%00%(objectname)%00%(upstream:track)%00%(upstream:remotename)%00%(upstream:remoteref) refs/heads/main refs/remotes/main [3ms]
2024-07-23 14:09:21.148 [info] > git status -z -uall [4ms]
2024-07-23 14:09:24.818 [info] > git ls-files --stage -- /home/will/holbertonschool-web_back_end/ES6_classes/README.md [3ms]
2024-07-23 14:09:24.824 [info] > git cat-file -s 5dd2eac2e98505c80d262d40fb5ff2ecf24c774a [2ms]
2024-07-23 14:09:24.834 [info] > git show --textconv :ES6_classes/README.md [2ms]
2024-07-23 14:09:26.188 [info] > git config --get commit.template [20ms]
2024-07-23 14:09:26.195 [info] > git for-each-ref --format=%(refname)%00%(upstream:short)%00%(objectname)%00%(upstream:track)%00%(upstream:remotename)%00%(upstream:remoteref) refs/heads/main refs/remotes/main [9ms]
2024-07-23 14:09:26.219 [info] > git status -z -uall [10ms]
2024-07-23 14:09:26.246 [info] > git merge-base refs/heads/main refs/remotes/origin/main [8ms]
2024-07-23 14:09:26.268 [info] > git rev-list --count --left-right refs/heads/main...refs/remotes/origin/main [9ms]
2024-07-23 14:09:26.279 [info] > git diff --name-status -z --diff-filter=ADMR 72b3d521e4580ac70d2237933177e6236e04b0e8...refs/remotes/origin/main [4ms]
2024-07-23 14:09:26.959 [info] > git ls-files --stage -- /home/will/holbertonschool-web_back_end/ES6_classes/README.md [5ms]
2024-07-23 14:09:26.968 [info] > git cat-file -s 5dd2eac2e98505c80d262d40fb5ff2ecf24c774a [2ms]
2024-07-23 14:09:26.984 [info] > git show --textconv :ES6_classes/README.md [4ms]
2024-07-23 14:48:07.959 [info] > git config --get commit.template [15ms]
2024-07-23 14:48:07.962 [info] > git for-each-ref --format=%(refname)%00%(upstream:short)%00%(objectname)%00%(upstream:track)%00%(upstream:remotename)%00%(upstream:remoteref) refs/heads/main refs/remotes/main [4ms]
2024-07-23 14:48:07.975 [info] > git status -z -uall [7ms]
2024-07-23 14:48:31.625 [info] > git config --get commit.template [14ms]
2024-07-23 14:48:31.626 [info] > git for-each-ref --format=%(refname)%00%(upstream:short)%00%(objectname)%00%(upstream:track)%00%(upstream:remotename)%00%(upstream:remoteref) refs/heads/main refs/remotes/main [4ms]
2024-07-23 14:48:31.641 [info] > git status -z -uall [4ms]
2024-07-23 14:48:36.680 [info] > git config --get commit.template [15ms]
2024-07-23 14:48:36.682 [info] > git for-each-ref --format=%(refname)%00%(upstream:short)%00%(objectname)%00%(upstream:track)%00%(upstream:remotename)%00%(upstream:remoteref) refs/heads/main refs/remotes/main [3ms]
2024-07-23 14:48:36.691 [info] > git status -z -uall [4ms]
2024-07-23 14:48:47.282 [info] > git config --get commit.template [4ms]
2024-07-23 14:48:47.297 [info] > git for-each-ref --format=%(refname)%00%(upstream:short)%00%(objectname)%00%(upstream:track)%00%(upstream:remotename)%00%(upstream:remoteref) refs/heads/main refs/remotes/main [4ms]
2024-07-23 14:48:47.311 [info] > git status -z -uall [5ms]
2024-07-23 14:48:52.347 [info] > git config --get commit.template [13ms]
2024-07-23 14:48:52.349 [info] > git for-each-ref --format=%(refname)%00%(upstream:short)%00%(objectname)%00%(upstream:track)%00%(upstream:remotename)%00%(upstream:remoteref) refs/heads/main refs/remotes/main [3ms]
2024-07-23 14:48:52.357 [info] > git status -z -uall [3ms]
2024-07-23 14:48:57.383 [info] > git config --get commit.template [12ms]
2024-07-23 14:48:57.384 [info] > git for-each-ref --format=%(refname)%00%(upstream:short)%00%(objectname)%00%(upstream:track)%00%(upstream:remotename)%00%(upstream:remoteref) refs/heads/main refs/remotes/main [4ms]
2024-07-23 14:48:57.392 [info] > git status -z -uall [3ms]
2024-07-23 14:49:02.426 [info] > git config --get commit.template [11ms]
2024-07-23 14:49:02.428 [info] > git for-each-ref --format=%(refname)%00%(upstream:short)%00%(objectname)%00%(upstream:track)%00%(upstream:remotename)%00%(upstream:remoteref) refs/heads/main refs/remotes/main [5ms]
2024-07-23 14:49:02.440 [info] > git status -z -uall [4ms]
2024-07-23 14:49:05.123 [info] > git ls-files --stage -- /home/will/holbertonschool-web_back_end/ES6_classes/README.md [6ms]
2024-07-23 14:49:05.131 [info] > git cat-file -s 5dd2eac2e98505c80d262d40fb5ff2ecf24c774a [3ms]
2024-07-23 14:49:05.140 [info] > git show --textconv :ES6_classes/README.md [3ms]
2024-07-23 14:49:07.270 [info] > git ls-files --stage -- /home/will/holbertonschool-web_back_end/ES6_classes/README.md [7ms]
2024-07-23 14:49:07.288 [info] > git cat-file -s 5dd2eac2e98505c80d262d40fb5ff2ecf24c774a [6ms]
2024-07-23 14:49:07.316 [info] > git show --textconv :ES6_classes/README.md [8ms]
2024-07-23 14:49:07.475 [info] > git config --get commit.template [13ms]
2024-07-23 14:49:07.479 [info] > git for-each-ref --format=%(refname)%00%(upstream:short)%00%(objectname)%00%(upstream:track)%00%(upstream:remotename)%00%(upstream:remoteref) refs/heads/main refs/remotes/main [6ms]
2024-07-23 14:49:07.495 [info] > git status -z -uall [6ms]
2024-07-23 14:49:07.512 [info] > git merge-base refs/heads/main refs/remotes/origin/main [7ms]
2024-07-23 14:49:07.522 [info] > git rev-list --count --left-right refs/heads/main...refs/remotes/origin/main [3ms]
2024-07-23 14:49:07.535 [info] > git diff --name-status -z --diff-filter=ADMR 28ad9eae44a3d24807cd9872c9fb1a3c1edf3294...refs/remotes/origin/main [4ms]
2024-07-23 14:50:13.586 [info] > git config --get commit.template [4ms]
2024-07-23 14:50:13.599 [info] > git for-each-ref --format=%(refname)%00%(upstream:short)%00%(objectname)%00%(upstream:track)%00%(upstream:remotename)%00%(upstream:remoteref) refs/heads/main refs/remotes/main [4ms]
2024-07-23 14:50:13.610 [info] > git status -z -uall [5ms]
2024-07-23 14:50:18.658 [info] > git config --get commit.template [18ms]
2024-07-23 14:50:18.664 [info] > git for-each-ref --format=%(refname)%00%(upstream:short)%00%(objectname)%00%(upstream:track)%00%(upstream:remotename)%00%(upstream:remoteref) refs/heads/main refs/remotes/main [9ms]
2024-07-23 14:50:18.690 [info] > git status -z -uall [10ms]
2024-07-23 14:50:23.727 [info] > git config --get commit.template [6ms]
2024-07-23 14:50:23.728 [info] > git for-each-ref --format=%(refname)%00%(upstream:short)%00%(objectname)%00%(upstream:track)%00%(upstream:remotename)%00%(upstream:remoteref) refs/heads/main refs/remotes/main [2ms]
2024-07-23 14:50:23.736 [info] > git status -z -uall [3ms]
2024-07-23 14:50:28.755 [info] > git config --get commit.template [6ms]
2024-07-23 14:50:28.757 [info] > git for-each-ref --format=%(refname)%00%(upstream:short)%00%(objectname)%00%(upstream:track)%00%(upstream:remotename)%00%(upstream:remoteref) refs/heads/main refs/remotes/main [3ms]
2024-07-23 14:50:28.765 [info] > git status -z -uall [4ms]
2024-07-23 14:54:54.093 [info] > git config --get commit.template [7ms]
2024-07-23 14:54:54.115 [info] > git ls-files --stage -- /home/will/holbertonschool-web_back_end/ES6_classes/README.md [9ms]
2024-07-23 14:54:54.123 [info] > git for-each-ref --format=%(refname)%00%(upstream:short)%00%(objectname)%00%(upstream:track)%00%(upstream:remotename)%00%(upstream:remoteref) refs/heads/main refs/remotes/main [12ms]
2024-07-23 14:54:54.130 [info] > git cat-file -s 5dd2eac2e98505c80d262d40fb5ff2ecf24c774a [8ms]
2024-07-23 14:54:54.139 [info] > git status -z -uall [10ms]
2024-07-23 14:54:54.151 [info] > git show --textconv :ES6_classes/README.md [12ms]
2024-07-23 14:54:54.155 [info] > git merge-base refs/heads/main refs/remotes/origin/main [9ms]
2024-07-23 14:54:54.169 [info] > git rev-list --count --left-right refs/heads/main...refs/remotes/origin/main [4ms]
2024-07-23 14:54:54.185 [info] > git diff --name-status -z --diff-filter=ADMR 74970b935d02e326d68c59539dab3963c21b1d9f...refs/remotes/origin/main [6ms]
2024-07-23 14:56:06.901 [info] > git config --get commit.template [12ms]
2024-07-23 14:56:06.903 [info] > git for-each-ref --format=%(refname)%00%(upstream:short)%00%(objectname)%00%(upstream:track)%00%(upstream:remotename)%00%(upstream:remoteref) refs/heads/main refs/remotes/main [3ms]
2024-07-23 14:56:06.911 [info] > git status -z -uall [3ms]
2024-07-23 14:56:11.929 [info] > git config --get commit.template [6ms]
2024-07-23 14:56:11.931 [info] > git for-each-ref --format=%(refname)%00%(upstream:short)%00%(objectname)%00%(upstream:track)%00%(upstream:remotename)%00%(upstream:remoteref) refs/heads/main refs/remotes/main [4ms]
2024-07-23 14:56:11.939 [info] > git status -z -uall [3ms]
2024-07-23 14:56:13.499 [info] > git ls-files --stage -- /home/will/holbertonschool-web_back_end/ES6_classes/README.md [5ms]
2024-07-23 14:56:13.508 [info] > git cat-file -s 5dd2eac2e98505c80d262d40fb5ff2ecf24c774a [3ms]
2024-07-23 14:56:13.518 [info] > git show --textconv :ES6_classes/README.md [2ms]
2024-07-23 14:56:15.517 [info] > git ls-files --stage -- /home/will/holbertonschool-web_back_end/ES6_classes/README.md [8ms]
2024-07-23 14:56:15.539 [info] > git cat-file -s 5dd2eac2e98505c80d262d40fb5ff2ecf24c774a [8ms]
2024-07-23 14:56:15.570 [info] > git show --textconv :ES6_classes/README.md [10ms]
2024-07-23 14:56:16.957 [info] > git config --get commit.template [8ms]
2024-07-23 14:56:16.959 [info] > git for-each-ref --format=%(refname)%00%(upstream:short)%00%(objectname)%00%(upstream:track)%00%(upstream:remotename)%00%(upstream:remoteref) refs/heads/main refs/remotes/main [3ms]
2024-07-23 14:56:16.968 [info] > git status -z -uall [5ms]
2024-07-23 14:56:16.981 [info] > git merge-base refs/heads/main refs/remotes/origin/main [5ms]
2024-07-23 14:56:16.992 [info] > git rev-list --count --left-right refs/heads/main...refs/remotes/origin/main [5ms]
2024-07-23 14:56:17.002 [info] > git diff --name-status -z --diff-filter=ADMR cbf94714f6821a7a866bb3ffbf25ff4b71bf113c...refs/remotes/origin/main [4ms]
2024-07-23 14:58:42.371 [info] > git config --get commit.template [1ms]
2024-07-23 14:58:42.385 [info] > git for-each-ref --format=%(refname)%00%(upstream:short)%00%(objectname)%00%(upstream:track)%00%(upstream:remotename)%00%(upstream:remoteref) refs/heads/main refs/remotes/main [5ms]
2024-07-23 14:58:42.400 [info] > git status -z -uall [7ms]
2024-07-23 14:58:51.355 [info] > git config --get commit.template [4ms]
2024-07-23 14:58:51.371 [info] > git for-each-ref --format=%(refname)%00%(upstream:short)%00%(objectname)%00%(upstream:track)%00%(upstream:remotename)%00%(upstream:remoteref) refs/heads/main refs/remotes/main [3ms]
2024-07-23 14:58:51.382 [info] > git status -z -uall [3ms]
2024-07-23 14:58:56.419 [info] > git config --get commit.template [13ms]
2024-07-23 14:58:56.421 [info] > git for-each-ref --format=%(refname)%00%(upstream:short)%00%(objectname)%00%(upstream:track)%00%(upstream:remotename)%00%(upstream:remoteref) refs/heads/main refs/remotes/main [4ms]
2024-07-23 14:58:56.430 [info] > git status -z -uall [4ms]
2024-07-23 14:59:01.475 [info] > git config --get commit.template [17ms]
2024-07-23 14:59:01.479 [info] > git for-each-ref --format=%(refname)%00%(upstream:short)%00%(objectname)%00%(upstream:track)%00%(upstream:remotename)%00%(upstream:remoteref) refs/heads/main refs/remotes/main [5ms]
2024-07-23 14:59:01.492 [info] > git status -z -uall [5ms]
2024-07-23 14:59:06.539 [info] > git config --get commit.template [21ms]
2024-07-23 14:59:06.546 [info] > git for-each-ref --format=%(refname)%00%(upstream:short)%00%(objectname)%00%(upstream:track)%00%(upstream:remotename)%00%(upstream:remoteref) refs/heads/main refs/remotes/main [11ms]
2024-07-23 14:59:06.590 [info] > git status -z -uall [19ms]
2024-07-23 14:59:11.623 [info] > git config --get commit.template [15ms]
2024-07-23 14:59:11.626 [info] > git for-each-ref --format=%(refname)%00%(upstream:short)%00%(objectname)%00%(upstream:track)%00%(upstream:remotename)%00%(upstream:remoteref) refs/heads/main refs/remotes/main [4ms]
2024-07-23 14:59:11.634 [info] > git status -z -uall [3ms]
2024-07-23 14:59:17.085 [info] > git config --get commit.template [23ms]
2024-07-23 14:59:17.091 [info] > git for-each-ref --format=%(refname)%00%(upstream:short)%00%(objectname)%00%(upstream:track)%00%(upstream:remotename)%00%(upstream:remoteref) refs/heads/main refs/remotes/main [10ms]
2024-07-23 14:59:17.127 [info] > git status -z -uall [13ms]
2024-07-23 14:59:18.641 [info] > git ls-files --stage -- /home/will/holbertonschool-web_back_end/ES6_classes/README.md [5ms]
2024-07-23 14:59:18.651 [info] > git cat-file -s 5dd2eac2e98505c80d262d40fb5ff2ecf24c774a [3ms]
2024-07-23 14:59:18.660 [info] > git show --textconv :ES6_classes/README.md [3ms]
2024-07-23 14:59:20.833 [info] > git ls-files --stage -- /home/will/holbertonschool-web_back_end/ES6_classes/README.md [5ms]
2024-07-23 14:59:20.844 [info] > git cat-file -s 5dd2eac2e98505c80d262d40fb5ff2ecf24c774a [3ms]
2024-07-23 14:59:20.854 [info] > git show --textconv :ES6_classes/README.md [3ms]
2024-07-23 14:59:22.152 [info] > git config --get commit.template [6ms]
2024-07-23 14:59:22.153 [info] > git for-each-ref --format=%(refname)%00%(upstream:short)%00%(objectname)%00%(upstream:track)%00%(upstream:remotename)%00%(upstream:remoteref) refs/heads/main refs/remotes/main [3ms]
2024-07-23 14:59:22.161 [info] > git status -z -uall [3ms]
2024-07-23 14:59:22.171 [info] > git merge-base refs/heads/main refs/remotes/origin/main [4ms]
2024-07-23 14:59:22.180 [info] > git rev-list --count --left-right refs/heads/main...refs/remotes/origin/main [3ms]
2024-07-23 14:59:22.189 [info] > git diff --name-status -z --diff-filter=ADMR a7ec5a28131c6815ed2c2a1096b4c41d2faffb98...refs/remotes/origin/main [4ms]
2024-07-23 15:01:54.035 [info] > git config --get commit.template [4ms]
2024-07-23 15:01:54.048 [info] > git for-each-ref --format=%(refname)%00%(upstream:short)%00%(objectname)%00%(upstream:track)%00%(upstream:remotename)%00%(upstream:remoteref) refs/heads/main refs/remotes/main [5ms]
2024-07-23 15:01:54.064 [info] > git status -z -uall [4ms]
2024-07-23 15:01:59.102 [info] > git config --get commit.template [15ms]
2024-07-23 15:01:59.103 [info] > git for-each-ref --format=%(refname)%00%(upstream:short)%00%(objectname)%00%(upstream:track)%00%(upstream:remotename)%00%(upstream:remoteref) refs/heads/main refs/remotes/main [3ms]
2024-07-23 15:01:59.111 [info] > git status -z -uall [3ms]
2024-07-23 15:02:04.144 [info] > git config --get commit.template [11ms]
2024-07-23 15:02:04.146 [info] > git for-each-ref --format=%(refname)%00%(upstream:short)%00%(objectname)%00%(upstream:track)%00%(upstream:remotename)%00%(upstream:remoteref) refs/heads/main refs/remotes/main [3ms]
2024-07-23 15:02:04.154 [info] > git status -z -uall [3ms]
2024-07-23 15:02:11.424 [info] > git config --get commit.template [18ms]
2024-07-23 15:02:11.427 [info] > git for-each-ref --format=%(refname)%00%(upstream:short)%00%(objectname)%00%(upstream:track)%00%(upstream:remotename)%00%(upstream:remoteref) refs/heads/main refs/remotes/main [9ms]
2024-07-23 15:02:11.438 [info] > git status -z -uall [5ms]
2024-07-23 15:02:16.476 [info] > git config --get commit.template [17ms]
2024-07-23 15:02:16.479 [info] > git for-each-ref --format=%(refname)%00%(upstream:short)%00%(objectname)%00%(upstream:track)%00%(upstream:remotename)%00%(upstream:remoteref) refs/heads/main refs/remotes/main [5ms]
2024-07-23 15:02:16.487 [info] > git status -z -uall [3ms]
2024-07-23 15:02:22.415 [info] > git config --get commit.template [17ms]
2024-07-23 15:02:22.421 [info] > git for-each-ref --format=%(refname)%00%(upstream:short)%00%(objectname)%00%(upstream:track)%00%(upstream:remotename)%00%(upstream:remoteref) refs/heads/main refs/remotes/main [9ms]
2024-07-23 15:02:22.451 [info] > git status -z -uall [13ms]
2024-07-23 15:02:25.657 [info] > git ls-files --stage -- /home/will/holbertonschool-web_back_end/ES6_classes/README.md [3ms]
2024-07-23 15:02:25.663 [info] > git cat-file -s 5dd2eac2e98505c80d262d40fb5ff2ecf24c774a [2ms]
2024-07-23 15:02:25.672 [info] > git show --textconv :ES6_classes/README.md [3ms]
2024-07-23 15:02:27.478 [info] > git config --get commit.template [7ms]
2024-07-23 15:02:27.488 [info] > git for-each-ref --format=%(refname)%00%(upstream:short)%00%(objectname)%00%(upstream:track)%00%(upstream:remotename)%00%(upstream:remoteref) refs/heads/main refs/remotes/main [3ms]
2024-07-23 15:02:27.497 [info] > git status -z -uall [3ms]
2024-07-23 15:02:27.506 [info] > git merge-base refs/heads/main refs/remotes/origin/main [4ms]
2024-07-23 15:02:27.514 [info] > git rev-list --count --left-right refs/heads/main...refs/remotes/origin/main [2ms]
2024-07-23 15:02:27.530 [info] > git diff --name-status -z --diff-filter=ADMR 714c668e0f8e7b4ead65abefee08af280678ad49...refs/remotes/origin/main [4ms]
2024-07-23 15:02:27.623 [info] > git ls-files --stage -- /home/will/holbertonschool-web_back_end/ES6_classes/README.md [3ms]
2024-07-23 15:02:27.630 [info] > git cat-file -s 5dd2eac2e98505c80d262d40fb5ff2ecf24c774a [2ms]
2024-07-23 15:02:27.639 [info] > git show --textconv :ES6_classes/README.md [3ms]
2024-07-23 15:03:27.921 [info] > git config --get commit.template [3ms]
2024-07-23 15:03:27.939 [info] > git for-each-ref --format=%(refname)%00%(upstream:short)%00%(objectname)%00%(upstream:track)%00%(upstream:remotename)%00%(upstream:remoteref) refs/heads/main refs/remotes/main [8ms]
2024-07-23 15:03:27.955 [info] > git status -z -uall [8ms]
2024-07-23 15:03:35.333 [info] > git config --get commit.template [7ms]
2024-07-23 15:03:35.335 [info] > git for-each-ref --format=%(refname)%00%(upstream:short)%00%(objectname)%00%(upstream:track)%00%(upstream:remotename)%00%(upstream:remoteref) refs/heads/main refs/remotes/main [3ms]
2024-07-23 15:03:35.343 [info] > git status -z -uall [3ms]
2024-07-23 15:03:40.383 [info] > git config --get commit.template [14ms]
2024-07-23 15:03:40.385 [info] > git for-each-ref --format=%(refname)%00%(upstream:short)%00%(objectname)%00%(upstream:track)%00%(upstream:remotename)%00%(upstream:remoteref) refs/heads/main refs/remotes/main [4ms]
2024-07-23 15:03:40.393 [info] > git status -z -uall [3ms]
2024-07-23 15:03:45.435 [info] > git config --get commit.template [18ms]
2024-07-23 15:03:45.440 [info] > git for-each-ref --format=%(refname)%00%(upstream:short)%00%(objectname)%00%(upstream:track)%00%(upstream:remotename)%00%(upstream:remoteref) refs/heads/main refs/remotes/main [9ms]
2024-07-23 15:03:45.465 [info] > git status -z -uall [10ms]
2024-07-23 15:03:49.747 [info] > git ls-files --stage -- /home/will/holbertonschool-web_back_end/ES6_classes/README.md [8ms]
2024-07-23 15:03:49.762 [info] > git cat-file -s 5dd2eac2e98505c80d262d40fb5ff2ecf24c774a [5ms]
2024-07-23 15:03:49.777 [info] > git show --textconv :ES6_classes/README.md [3ms]
2024-07-23 15:03:50.506 [info] > git config --get commit.template [8ms]
2024-07-23 15:03:50.528 [info] > git for-each-ref --format=%(refname)%00%(upstream:short)%00%(objectname)%00%(upstream:track)%00%(upstream:remotename)%00%(upstream:remoteref) refs/heads/main refs/remotes/main [8ms]
2024-07-23 15:03:50.548 [info] > git status -z -uall [7ms]
2024-07-23 15:03:50.564 [info] > git merge-base refs/heads/main refs/remotes/origin/main [4ms]
2024-07-23 15:03:50.573 [info] > git rev-list --count --left-right refs/heads/main...refs/remotes/origin/main [3ms]
2024-07-23 15:03:50.582 [info] > git diff --name-status -z --diff-filter=ADMR 714c668e0f8e7b4ead65abefee08af280678ad49...refs/remotes/origin/main [3ms]
2024-07-23 15:04:48.529 [info] > git config --get commit.template [18ms]
2024-07-23 15:04:48.538 [info] > git ls-files --stage -- /home/will/holbertonschool-web_back_end/ES6_classes/README.md [11ms]
2024-07-23 15:04:48.550 [info] > git for-each-ref --format=%(refname)%00%(upstream:short)%00%(objectname)%00%(upstream:track)%00%(upstream:remotename)%00%(upstream:remoteref) refs/heads/main refs/remotes/main [13ms]
2024-07-23 15:04:48.551 [info] > git cat-file -s 5dd2eac2e98505c80d262d40fb5ff2ecf24c774a [5ms]
2024-07-23 15:04:48.571 [info] > git status -z -uall [9ms]
2024-07-23 15:04:48.586 [info] > git show --textconv :ES6_classes/README.md [16ms]
2024-07-23 15:04:48.586 [info] > git merge-base refs/heads/main refs/remotes/origin/main [4ms]
2024-07-23 15:04:48.601 [info] > git rev-list --count --left-right refs/heads/main...refs/remotes/origin/main [9ms]
2024-07-23 15:04:48.615 [info] > git diff --name-status -z --diff-filter=ADMR 144f71a954faabe76ffb930ccd19ae23ef6ae444...refs/remotes/origin/main [4ms]
2024-07-23 15:05:41.471 [info] > git config --get commit.template [7ms]
2024-07-23 15:05:41.472 [info] > git for-each-ref --format=%(refname)%00%(upstream:short)%00%(objectname)%00%(upstream:track)%00%(upstream:remotename)%00%(upstream:remoteref) refs/heads/main refs/remotes/main [3ms]
2024-07-23 15:05:41.480 [info] > git status -z -uall [4ms]
2024-07-23 15:05:46.499 [info] > git config --get commit.template [6ms]
2024-07-23 15:05:46.501 [info] > git for-each-ref --format=%(refname)%00%(upstream:short)%00%(objectname)%00%(upstream:track)%00%(upstream:remotename)%00%(upstream:remoteref) refs/heads/main refs/remotes/main [3ms]
2024-07-23 15:05:46.509 [info] > git status -z -uall [3ms]
2024-07-23 15:05:51.534 [info] > git config --get commit.template [9ms]
2024-07-23 15:05:51.537 [info] > git for-each-ref --format=%(refname)%00%(upstream:short)%00%(objectname)%00%(upstream:track)%00%(upstream:remotename)%00%(upstream:remoteref) refs/heads/main refs/remotes/main [4ms]
2024-07-23 15:05:51.552 [info] > git status -z -uall [6ms]
2024-07-24 17:03:12.625 [info] > git config --get commit.template [11ms]
2024-07-24 17:03:12.654 [info] > git ls-files --stage -- /home/will/holbertonschool-web_back_end/ES6_classes/README.md [14ms]
2024-07-24 17:03:12.662 [info] > git for-each-ref --format=%(refname)%00%(upstream:short)%00%(objectname)%00%(upstream:track)%00%(upstream:remotename)%00%(upstream:remoteref) refs/heads/main refs/remotes/main [9ms]
2024-07-24 17:03:12.668 [info] > git cat-file -s 5dd2eac2e98505c80d262d40fb5ff2ecf24c774a [7ms]
2024-07-24 17:03:12.671 [info] > git status -z -uall [4ms]
2024-07-24 17:03:12.684 [info] > git merge-base refs/heads/main refs/remotes/origin/main [5ms]
2024-07-24 17:03:12.699 [info] > git rev-list --count --left-right refs/heads/main...refs/remotes/origin/main [8ms]
2024-07-24 17:03:12.711 [info] > git show --textconv :ES6_classes/README.md [13ms]
2024-07-24 17:03:12.714 [info] > git diff --name-status -z --diff-filter=ADMR e311497cbbb48da4cca176a5a23a405caa901f95...refs/remotes/origin/main [5ms]
2024-07-24 17:03:20.269 [info] > git config --get commit.template [5ms]
2024-07-24 17:03:20.277 [info] > git for-each-ref --format=%(refname)%00%(upstream:short)%00%(objectname)%00%(upstream:track)%00%(upstream:remotename)%00%(upstream:remoteref) refs/heads/main refs/remotes/main [2ms]
2024-07-24 17:03:20.286 [info] > git status -z -uall [4ms]
2024-07-24 17:03:36.560 [info] > git config --get commit.template [7ms]
2024-07-24 17:03:36.562 [info] > git for-each-ref --format=%(refname)%00%(upstream:short)%00%(objectname)%00%(upstream:track)%00%(upstream:remotename)%00%(upstream:remoteref) refs/heads/main refs/remotes/main [3ms]
2024-07-24 17:03:36.571 [info] > git status -z -uall [3ms]
2024-07-24 17:03:46.213 [info] > git config --get commit.template [8ms]
2024-07-24 17:03:46.215 [info] > git for-each-ref --format=%(refname)%00%(upstream:short)%00%(objectname)%00%(upstream:track)%00%(upstream:remotename)%00%(upstream:remoteref) refs/heads/main refs/remotes/main [3ms]
2024-07-24 17:03:46.224 [info] > git status -z -uall [4ms]
2024-07-24 17:04:20.602 [info] > git config --get commit.template [11ms]
2024-07-24 17:04:20.615 [info] > git for-each-ref --format=%(refname)%00%(upstream:short)%00%(objectname)%00%(upstream:track)%00%(upstream:remotename)%00%(upstream:remoteref) refs/heads/main refs/remotes/main [4ms]
2024-07-24 17:04:20.632 [info] > git status -z -uall [3ms]
2024-07-24 17:04:25.675 [info] > git for-each-ref --format=%(refname)%00%(upstream:short)%00%(objectname)%00%(upstream:track)%00%(upstream:remotename)%00%(upstream:remoteref) refs/heads/main refs/remotes/main [1ms]
2024-07-24 17:04:25.676 [info] > git config --get commit.template [22ms]
2024-07-24 17:04:25.693 [info] > git status -z -uall [4ms]
2024-07-24 17:04:30.726 [info] > git config --get commit.template [14ms]
2024-07-24 17:04:30.729 [info] > git for-each-ref --format=%(refname)%00%(upstream:short)%00%(objectname)%00%(upstream:track)%00%(upstream:remotename)%00%(upstream:remoteref) refs/heads/main refs/remotes/main [3ms]
2024-07-24 17:04:30.738 [info] > git status -z -uall [4ms]
2024-07-24 17:04:40.092 [info] > git config --get commit.template [2ms]
2024-07-24 17:04:40.107 [info] > git for-each-ref --format=%(refname)%00%(upstream:short)%00%(objectname)%00%(upstream:track)%00%(upstream:remotename)%00%(upstream:remoteref) refs/heads/main refs/remotes/main [7ms]
2024-07-24 17:04:40.121 [info] > git status -z -uall [3ms]
2024-07-24 17:04:45.157 [info] > git config --get commit.template [13ms]
2024-07-24 17:04:45.158 [info] > git for-each-ref --format=%(refname)%00%(upstream:short)%00%(objectname)%00%(upstream:track)%00%(upstream:remotename)%00%(upstream:remoteref) refs/heads/main refs/remotes/main [4ms]
2024-07-24 17:04:45.167 [info] > git status -z -uall [3ms]
2024-07-24 17:04:51.848 [info] > git config --get commit.template [14ms]
2024-07-24 17:04:51.849 [info] > git for-each-ref --format=%(refname)%00%(upstream:short)%00%(objectname)%00%(upstream:track)%00%(upstream:remotename)%00%(upstream:remoteref) refs/heads/main refs/remotes/main [3ms]
2024-07-24 17:04:51.865 [info] > git status -z -uall [5ms]
2024-07-24 17:04:59.855 [info] > git config --get commit.template [7ms]
2024-07-24 17:04:59.868 [info] > git for-each-ref --format=%(refname)%00%(upstream:short)%00%(objectname)%00%(upstream:track)%00%(upstream:remotename)%00%(upstream:remoteref) refs/heads/main refs/remotes/main [5ms]
2024-07-24 17:04:59.883 [info] > git status -z -uall [4ms]
2024-07-24 17:05:04.935 [info] > git config --get commit.template [18ms]
2024-07-24 17:05:04.940 [info] > git for-each-ref --format=%(refname)%00%(upstream:short)%00%(objectname)%00%(upstream:track)%00%(upstream:remotename)%00%(upstream:remoteref) refs/heads/main refs/remotes/main [8ms]
2024-07-24 17:05:04.960 [info] > git status -z -uall [6ms]
2024-07-24 17:05:08.917 [info] > git ls-files --stage -- /home/will/holbertonschool-web_back_end/ES6_classes/README.md [7ms]
2024-07-24 17:05:08.927 [info] > git cat-file -s 5dd2eac2e98505c80d262d40fb5ff2ecf24c774a [3ms]
2024-07-24 17:05:08.936 [info] > git show --textconv :ES6_classes/README.md [3ms]
2024-07-24 17:05:10.007 [info] > git config --get commit.template [26ms]
2024-07-24 17:05:10.013 [info] > git for-each-ref --format=%(refname)%00%(upstream:short)%00%(objectname)%00%(upstream:track)%00%(upstream:remotename)%00%(upstream:remoteref) refs/heads/main refs/remotes/main [8ms]
2024-07-24 17:05:10.034 [info] > git status -z -uall [7ms]
2024-07-24 17:05:10.055 [info] > git merge-base refs/heads/main refs/remotes/origin/main [8ms]
2024-07-24 17:05:10.071 [info] > git rev-list --count --left-right refs/heads/main...refs/remotes/origin/main [6ms]
2024-07-24 17:05:10.083 [info] > git diff --name-status -z --diff-filter=ADMR 432af8f4a151021103d5a8c6b0f9a29919d241a4...refs/remotes/origin/main [5ms]
2024-07-24 17:05:11.036 [info] > git ls-files --stage -- /home/will/holbertonschool-web_back_end/ES6_classes/README.md [8ms]
2024-07-24 17:05:11.050 [info] > git cat-file -s 5dd2eac2e98505c80d262d40fb5ff2ecf24c774a [4ms]
2024-07-24 17:05:11.059 [info] > git show --textconv :ES6_classes/README.md [3ms]
2024-07-24 17:05:36.673 [info] > git config --get commit.template [18ms]
2024-07-24 17:05:36.684 [info] > git for-each-ref --format=%(refname)%00%(upstream:short)%00%(objectname)%00%(upstream:track)%00%(upstream:remotename)%00%(upstream:remoteref) refs/heads/main refs/remotes/main [12ms]
2024-07-24 17:05:36.701 [info] > git status -z -uall [3ms]
2024-07-24 17:05:41.735 [info] > git config --get commit.template [13ms]
2024-07-24 17:05:41.737 [info] > git for-each-ref --format=%(refname)%00%(upstream:short)%00%(objectname)%00%(upstream:track)%00%(upstream:remotename)%00%(upstream:remoteref) refs/heads/main refs/remotes/main [3ms]
2024-07-24 17:05:41.748 [info] > git status -z -uall [4ms]
2024-07-24 17:05:46.765 [info] > git config --get commit.template [5ms]
2024-07-24 17:05:46.766 [info] > git for-each-ref --format=%(refname)%00%(upstream:short)%00%(objectname)%00%(upstream:track)%00%(upstream:remotename)%00%(upstream:remoteref) refs/heads/main refs/remotes/main [2ms]
2024-07-24 17:05:46.774 [info] > git status -z -uall [3ms]
2024-07-24 17:06:14.156 [info] > git config --get commit.template [12ms]
2024-07-24 17:06:14.159 [info] > git for-each-ref --format=%(refname)%00%(upstream:short)%00%(objectname)%00%(upstream:track)%00%(upstream:remotename)%00%(upstream:remoteref) refs/heads/main refs/remotes/main [5ms]
2024-07-24 17:06:14.171 [info] > git status -z -uall [4ms]
2024-07-24 17:06:21.474 [info] > git config --get commit.template [13ms]
2024-07-24 17:06:21.475 [info] > git for-each-ref --format=%(refname)%00%(upstream:short)%00%(objectname)%00%(upstream:track)%00%(upstream:remotename)%00%(upstream:remoteref) refs/heads/main refs/remotes/main [3ms]
2024-07-24 17:06:21.484 [info] > git status -z -uall [3ms]
2024-07-24 17:06:26.505 [info] > git config --get commit.template [5ms]
2024-07-24 17:06:26.506 [info] > git for-each-ref --format=%(refname)%00%(upstream:short)%00%(objectname)%00%(upstream:track)%00%(upstream:remotename)%00%(upstream:remoteref) refs/heads/main refs/remotes/main [3ms]
2024-07-24 17:06:26.517 [info] > git status -z -uall [3ms]
2024-07-24 17:06:31.554 [info] > git config --get commit.template [11ms]
2024-07-24 17:06:31.557 [info] > git for-each-ref --format=%(refname)%00%(upstream:short)%00%(objectname)%00%(upstream:track)%00%(upstream:remotename)%00%(upstream:remoteref) refs/heads/main refs/remotes/main [6ms]
2024-07-24 17:06:31.567 [info] > git status -z -uall [3ms]
2024-07-24 17:06:36.590 [info] > git config --get commit.template [6ms]
2024-07-24 17:06:36.592 [info] > git for-each-ref --format=%(refname)%00%(upstream:short)%00%(objectname)%00%(upstream:track)%00%(upstream:remotename)%00%(upstream:remoteref) refs/heads/main refs/remotes/main [3ms]
2024-07-24 17:06:36.599 [info] > git status -z -uall [3ms]
2024-07-24 17:06:39.513 [info] > git ls-files --stage -- /home/will/holbertonschool-web_back_end/ES6_classes/README.md [7ms]
2024-07-24 17:06:39.531 [info] > git cat-file -s 5dd2eac2e98505c80d262d40fb5ff2ecf24c774a [6ms]
2024-07-24 17:06:39.543 [info] > git show --textconv :ES6_classes/README.md [3ms]
2024-07-24 17:07:00.264 [info] > git config --get commit.template [13ms]
2024-07-24 17:07:00.265 [info] > git ls-files --stage -- /home/will/holbertonschool-web_back_end/ES6_classes/README.md [3ms]
2024-07-24 17:07:00.281 [info] > git cat-file -s 5dd2eac2e98505c80d262d40fb5ff2ecf24c774a [9ms]
2024-07-24 17:07:00.283 [info] > git for-each-ref --format=%(refname)%00%(upstream:short)%00%(objectname)%00%(upstream:track)%00%(upstream:remotename)%00%(upstream:remoteref) refs/heads/main refs/remotes/main [3ms]
2024-07-24 17:07:00.302 [info] > git status -z -uall [12ms]
2024-07-24 17:07:00.315 [info] > git show --textconv :ES6_classes/README.md [13ms]
2024-07-24 17:07:00.315 [info] > git merge-base refs/heads/main refs/remotes/origin/main [6ms]
2024-07-24 17:07:00.332 [info] > git rev-list --count --left-right refs/heads/main...refs/remotes/origin/main [7ms]
2024-07-24 17:07:00.346 [info] > git diff --name-status -z --diff-filter=ADMR 31f2dcaec71f8e3609bcc6fef37aad8e262ff9a3...refs/remotes/origin/main [3ms]
2024-07-24 17:08:18.299 [info] > git config --get commit.template [5ms]
2024-07-24 17:08:18.311 [info] > git for-each-ref --format=%(refname)%00%(upstream:short)%00%(objectname)%00%(upstream:track)%00%(upstream:remotename)%00%(upstream:remoteref) refs/heads/main refs/remotes/main [5ms]
2024-07-24 17:08:18.326 [info] > git status -z -uall [9ms]
2024-07-24 17:08:23.375 [info] > git config --get commit.template [21ms]
2024-07-24 17:08:23.379 [info] > git for-each-ref --format=%(refname)%00%(upstream:short)%00%(objectname)%00%(upstream:track)%00%(upstream:remotename)%00%(upstream:remoteref) refs/heads/main refs/remotes/main [7ms]
2024-07-24 17:08:23.395 [info] > git status -z -uall [6ms]
2024-07-24 17:08:28.447 [info] > git config --get commit.template [18ms]
2024-07-24 17:08:28.452 [info] > git for-each-ref --format=%(refname)%00%(upstream:short)%00%(objectname)%00%(upstream:track)%00%(upstream:remotename)%00%(upstream:remoteref) refs/heads/main refs/remotes/main [8ms]
2024-07-24 17:08:28.470 [info] > git status -z -uall [7ms]
2024-07-24 17:08:33.494 [info] > git config --get commit.template [8ms]
2024-07-24 17:08:33.496 [info] > git for-each-ref --format=%(refname)%00%(upstream:short)%00%(objectname)%00%(upstream:track)%00%(upstream:remotename)%00%(upstream:remoteref) refs/heads/main refs/remotes/main [3ms]
2024-07-24 17:08:33.507 [info] > git status -z -uall [4ms]
2024-07-24 17:08:38.531 [info] > git config --get commit.template [6ms]
2024-07-24 17:08:38.533 [info] > git for-each-ref --format=%(refname)%00%(upstream:short)%00%(objectname)%00%(upstream:track)%00%(upstream:remotename)%00%(upstream:remoteref) refs/heads/main refs/remotes/main [3ms]
2024-07-24 17:08:38.541 [info] > git status -z -uall [3ms]
2024-07-24 17:08:43.572 [info] > git config --get commit.template [10ms]
2024-07-24 17:08:43.574 [info] > git for-each-ref --format=%(refname)%00%(upstream:short)%00%(objectname)%00%(upstream:track)%00%(upstream:remotename)%00%(upstream:remoteref) refs/heads/main refs/remotes/main [3ms]
2024-07-24 17:08:43.582 [info] > git status -z -uall [4ms]
2024-07-24 17:08:47.884 [info] > git ls-files --stage -- /home/will/holbertonschool-web_back_end/ES6_classes/README.md [3ms]
2024-07-24 17:08:47.892 [info] > git cat-file -s 5dd2eac2e98505c80d262d40fb5ff2ecf24c774a [3ms]
2024-07-24 17:08:47.903 [info] > git show --textconv :ES6_classes/README.md [3ms]
2024-07-24 17:08:48.622 [info] > git config --get commit.template [19ms]
2024-07-24 17:08:48.630 [info] > git for-each-ref --format=%(refname)%00%(upstream:short)%00%(objectname)%00%(upstream:track)%00%(upstream:remotename)%00%(upstream:remoteref) refs/heads/main refs/remotes/main [11ms]
2024-07-24 17:08:48.660 [info] > git status -z -uall [11ms]
2024-07-24 17:08:48.683 [info] > git merge-base refs/heads/main refs/remotes/origin/main [9ms]
2024-07-24 17:08:48.695 [info] > git rev-list --count --left-right refs/heads/main...refs/remotes/origin/main [4ms]
2024-07-24 17:08:48.705 [info] > git diff --name-status -z --diff-filter=ADMR b2ce188b4e5b5236a63ef20c9ec30c2a977aa886...refs/remotes/origin/main [3ms]
2024-07-24 17:08:49.555 [info] > git ls-files --stage -- /home/will/holbertonschool-web_back_end/ES6_classes/README.md [7ms]
2024-07-24 17:08:49.568 [info] > git cat-file -s 5dd2eac2e98505c80d262d40fb5ff2ecf24c774a [4ms]
2024-07-24 17:08:49.577 [info] > git show --textconv :ES6_classes/README.md [2ms]
2024-07-24 17:09:25.370 [info] > git config --get commit.template [6ms]
2024-07-24 17:09:25.386 [info] > git for-each-ref --format=%(refname)%00%(upstream:short)%00%(objectname)%00%(upstream:track)%00%(upstream:remotename)%00%(upstream:remoteref) refs/heads/main refs/remotes/main [5ms]
2024-07-24 17:09:25.404 [info] > git status -z -uall [7ms]
2024-07-24 17:11:20.807 [info] > git config --get commit.template [5ms]
2024-07-24 17:11:20.827 [info] > git for-each-ref --format=%(refname)%00%(upstream:short)%00%(objectname)%00%(upstream:track)%00%(upstream:remotename)%00%(upstream:remoteref) refs/heads/main refs/remotes/main [11ms]
2024-07-24 17:11:20.838 [info] > git status -z -uall [4ms]
2024-07-24 17:11:25.864 [info] > git config --get commit.template [7ms]
2024-07-24 17:11:25.866 [info] > git for-each-ref --format=%(refname)%00%(upstream:short)%00%(objectname)%00%(upstream:track)%00%(upstream:remotename)%00%(upstream:remoteref) refs/heads/main refs/remotes/main [3ms]
2024-07-24 17:11:25.876 [info] > git status -z -uall [4ms]
2024-07-24 17:11:32.465 [info] > git config --get commit.template [4ms]
2024-07-24 17:11:32.481 [info] > git for-each-ref --format=%(refname)%00%(upstream:short)%00%(objectname)%00%(upstream:track)%00%(upstream:remotename)%00%(upstream:remoteref) refs/heads/main refs/remotes/main [7ms]
2024-07-24 17:11:32.496 [info] > git status -z -uall [2ms]
2024-07-24 17:11:37.534 [info] > git config --get commit.template [13ms]
2024-07-24 17:11:37.536 [info] > git for-each-ref --format=%(refname)%00%(upstream:short)%00%(objectname)%00%(upstream:track)%00%(upstream:remotename)%00%(upstream:remoteref) refs/heads/main refs/remotes/main [4ms]
2024-07-24 17:11:37.544 [info] > git status -z -uall [3ms]
2024-07-24 17:11:42.562 [info] > git config --get commit.template [6ms]
2024-07-24 17:11:42.564 [info] > git for-each-ref --format=%(refname)%00%(upstream:short)%00%(objectname)%00%(upstream:track)%00%(upstream:remotename)%00%(upstream:remoteref) refs/heads/main refs/remotes/main [3ms]
2024-07-24 17:11:42.572 [info] > git status -z -uall [4ms]
2024-07-24 17:13:40.687 [info] > git config --get commit.template [15ms]
2024-07-24 17:13:40.692 [info] > git for-each-ref --format=%(refname)%00%(upstream:short)%00%(objectname)%00%(upstream:track)%00%(upstream:remotename)%00%(upstream:remoteref) refs/heads/main refs/remotes/main [7ms]
2024-07-24 17:13:40.705 [info] > git status -z -uall [4ms]
2024-07-24 17:13:40.719 [info] > git merge-base refs/heads/main refs/remotes/origin/main [4ms]
2024-07-24 17:13:40.730 [info] > git rev-list --count --left-right refs/heads/main...refs/remotes/origin/main [5ms]
2024-07-24 17:13:40.743 [info] > git diff --name-status -z --diff-filter=ADMR b2ce188b4e5b5236a63ef20c9ec30c2a977aa886...refs/remotes/origin/main [3ms]
2024-07-24 17:13:40.764 [info] > git ls-files --stage -- /home/will/holbertonschool-web_back_end/ES6_classes/README.md [3ms]
2024-07-24 17:13:40.771 [info] > git cat-file -s 5dd2eac2e98505c80d262d40fb5ff2ecf24c774a [3ms]
2024-07-24 17:13:40.786 [info] > git show --textconv :ES6_classes/README.md [3ms]
2024-07-24 17:13:42.408 [info] > git ls-files --stage -- /home/will/holbertonschool-web_back_end/ES6_classes/README.md [2ms]
2024-07-24 17:13:42.415 [info] > git cat-file -s 5dd2eac2e98505c80d262d40fb5ff2ecf24c774a [2ms]
2024-07-24 17:13:42.423 [info] > git show --textconv :ES6_classes/README.md [2ms]
2024-07-24 17:13:45.731 [info] > git config --get commit.template [2ms]
2024-07-24 17:13:45.737 [info] > git for-each-ref --format=%(refname)%00%(upstream:short)%00%(objectname)%00%(upstream:track)%00%(upstream:remotename)%00%(upstream:remoteref) refs/heads/main refs/remotes/main [2ms]
2024-07-24 17:13:45.745 [info] > git status -z -uall [3ms]
2024-07-24 17:13:45.756 [info] > git merge-base refs/heads/main refs/remotes/origin/main [5ms]
2024-07-24 17:13:45.766 [info] > git rev-list --count --left-right refs/heads/main...refs/remotes/origin/main [4ms]
2024-07-24 17:13:45.776 [info] > git diff --name-status -z --diff-filter=ADMR bef7ecde65b669e3757f3fd944cf0769e7ae4f13...refs/remotes/origin/main [3ms]
2024-07-24 17:14:57.712 [info] > git config --get commit.template [3ms]
2024-07-24 17:14:57.724 [info] > git for-each-ref --format=%(refname)%00%(upstream:short)%00%(objectname)%00%(upstream:track)%00%(upstream:remotename)%00%(upstream:remoteref) refs/heads/main refs/remotes/main [3ms]
2024-07-24 17:14:57.743 [info] > git status -z -uall [7ms]
2024-07-24 17:15:03.850 [info] > git config --get commit.template [6ms]
2024-07-24 17:15:03.863 [info] > git for-each-ref --format=%(refname)%00%(upstream:short)%00%(objectname)%00%(upstream:track)%00%(upstream:remotename)%00%(upstream:remoteref) refs/heads/main refs/remotes/main [6ms]
2024-07-24 17:15:03.873 [info] > git status -z -uall [4ms]
2024-07-24 17:15:08.909 [info] > git config --get commit.template [15ms]
2024-07-24 17:15:08.913 [info] > git for-each-ref --format=%(refname)%00%(upstream:short)%00%(objectname)%00%(upstream:track)%00%(upstream:remotename)%00%(upstream:remoteref) refs/heads/main refs/remotes/main [6ms]
2024-07-24 17:15:08.922 [info] > git status -z -uall [3ms]
2024-07-24 17:15:22.795 [info] > git config --get commit.template [20ms]
2024-07-24 17:15:22.798 [info] > git for-each-ref --format=%(refname)%00%(upstream:short)%00%(objectname)%00%(upstream:track)%00%(upstream:remotename)%00%(upstream:remoteref) refs/heads/main refs/remotes/main [5ms]
2024-07-24 17:15:22.817 [info] > git status -z -uall [4ms]
2024-07-24 17:15:27.849 [info] > git config --get commit.template [12ms]
2024-07-24 17:15:27.851 [info] > git for-each-ref --format=%(refname)%00%(upstream:short)%00%(objectname)%00%(upstream:track)%00%(upstream:remotename)%00%(upstream:remoteref) refs/heads/main refs/remotes/main [4ms]
2024-07-24 17:15:27.858 [info] > git status -z -uall [3ms]
2024-07-24 17:15:32.908 [info] > git config --get commit.template [22ms]
2024-07-24 17:15:32.913 [info] > git for-each-ref --format=%(refname)%00%(upstream:short)%00%(objectname)%00%(upstream:track)%00%(upstream:remotename)%00%(upstream:remoteref) refs/heads/main refs/remotes/main [9ms]
2024-07-24 17:15:32.936 [info] > git status -z -uall [8ms]
2024-07-24 17:15:40.728 [info] > git config --get commit.template [3ms]
2024-07-24 17:15:40.740 [info] > git for-each-ref --format=%(refname)%00%(upstream:short)%00%(objectname)%00%(upstream:track)%00%(upstream:remotename)%00%(upstream:remoteref) refs/heads/main refs/remotes/main [6ms]
2024-07-24 17:15:40.755 [info] > git status -z -uall [4ms]
2024-07-24 17:15:45.792 [info] > git config --get commit.template [13ms]
2024-07-24 17:15:45.795 [info] > git for-each-ref --format=%(refname)%00%(upstream:short)%00%(objectname)%00%(upstream:track)%00%(upstream:remotename)%00%(upstream:remoteref) refs/heads/main refs/remotes/main [5ms]
2024-07-24 17:15:45.805 [info] > git status -z -uall [4ms]
2024-07-24 17:15:54.346 [info] > git config --get commit.template [17ms]
2024-07-24 17:15:54.349 [info] > git for-each-ref --format=%(refname)%00%(upstream:short)%00%(objectname)%00%(upstream:track)%00%(upstream:remotename)%00%(upstream:remoteref) refs/heads/main refs/remotes/main [4ms]
2024-07-24 17:15:54.362 [info] > git status -z -uall [5ms]
2024-07-24 17:15:59.378 [info] > git config --get commit.template [6ms]
2024-07-24 17:15:59.380 [info] > git for-each-ref --format=%(refname)%00%(upstream:short)%00%(objectname)%00%(upstream:track)%00%(upstream:remotename)%00%(upstream:remoteref) refs/heads/main refs/remotes/main [3ms]
2024-07-24 17:15:59.389 [info] > git status -z -uall [3ms]
2024-07-24 17:19:24.750 [info] > git config --get commit.template [14ms]
2024-07-24 17:19:24.752 [info] > git for-each-ref --format=%(refname)%00%(upstream:short)%00%(objectname)%00%(upstream:track)%00%(upstream:remotename)%00%(upstream:remoteref) refs/heads/main refs/remotes/main [4ms]
2024-07-24 17:19:24.761 [info] > git status -z -uall [3ms]
2024-07-24 17:19:24.771 [info] > git merge-base refs/heads/main refs/remotes/origin/main [4ms]
2024-07-24 17:19:24.780 [info] > git rev-list --count --left-right refs/heads/main...refs/remotes/origin/main [4ms]
2024-07-24 17:19:24.791 [info] > git diff --name-status -z --diff-filter=ADMR bef7ecde65b669e3757f3fd944cf0769e7ae4f13...refs/remotes/origin/main [4ms]
2024-07-24 17:19:24.827 [info] > git ls-files --stage -- /home/will/holbertonschool-web_back_end/ES6_classes/README.md [3ms]
2024-07-24 17:19:24.834 [info] > git cat-file -s 5dd2eac2e98505c80d262d40fb5ff2ecf24c774a [2ms]
2024-07-24 17:19:24.843 [info] > git show --textconv :ES6_classes/README.md [2ms]
2024-07-24 17:19:26.735 [info] > git ls-files --stage -- /home/will/holbertonschool-web_back_end/ES6_classes/README.md [10ms]
2024-07-24 17:19:26.758 [info] > git cat-file -s 5dd2eac2e98505c80d262d40fb5ff2ecf24c774a [9ms]
2024-07-24 17:19:26.786 [info] > git show --textconv :ES6_classes/README.md [6ms]
2024-07-24 17:19:29.796 [info] > git config --get commit.template [5ms]
2024-07-24 17:19:29.805 [info] > git for-each-ref --format=%(refname)%00%(upstream:short)%00%(objectname)%00%(upstream:track)%00%(upstream:remotename)%00%(upstream:remoteref) refs/heads/main refs/remotes/main [2ms]
2024-07-24 17:19:29.813 [info] > git status -z -uall [3ms]
2024-07-24 17:19:29.823 [info] > git merge-base refs/heads/main refs/remotes/origin/main [4ms]
2024-07-24 17:19:29.832 [info] > git rev-list --count --left-right refs/heads/main...refs/remotes/origin/main [3ms]
2024-07-24 17:19:29.841 [info] > git diff --name-status -z --diff-filter=ADMR e6ec36276ad5d6f4d33dbac5382ab38b57c0ebaf...refs/remotes/origin/main [3ms]
2024-07-24 17:20:22.019 [info] > git config --get commit.template [4ms]
2024-07-24 17:20:22.030 [info] > git for-each-ref --format=%(refname)%00%(upstream:short)%00%(objectname)%00%(upstream:track)%00%(upstream:remotename)%00%(upstream:remoteref) refs/heads/main refs/remotes/main [4ms]
2024-07-24 17:20:22.046 [info] > git status -z -uall [7ms]
2024-07-24 17:20:27.073 [info] > git config --get commit.template [8ms]
2024-07-24 17:20:27.075 [info] > git for-each-ref --format=%(refname)%00%(upstream:short)%00%(objectname)%00%(upstream:track)%00%(upstream:remotename)%00%(upstream:remoteref) refs/heads/main refs/remotes/main [3ms]
2024-07-24 17:20:27.083 [info] > git status -z -uall [3ms]
2024-07-24 17:20:32.101 [info] > git config --get commit.template [7ms]
2024-07-24 17:20:32.102 [info] > git for-each-ref --format=%(refname)%00%(upstream:short)%00%(objectname)%00%(upstream:track)%00%(upstream:remotename)%00%(upstream:remoteref) refs/heads/main refs/remotes/main [3ms]
2024-07-24 17:20:32.110 [info] > git status -z -uall [3ms]
2024-07-24 17:20:40.331 [info] > git config --get commit.template [10ms]
2024-07-24 17:20:40.332 [info] > git for-each-ref --format=%(refname)%00%(upstream:short)%00%(objectname)%00%(upstream:track)%00%(upstream:remotename)%00%(upstream:remoteref) refs/heads/main refs/remotes/main [2ms]
2024-07-24 17:20:40.342 [info] > git status -z -uall [4ms]
2024-07-24 17:20:45.370 [info] > git config --get commit.template [7ms]
2024-07-24 17:20:45.372 [info] > git for-each-ref --format=%(refname)%00%(upstream:short)%00%(objectname)%00%(upstream:track)%00%(upstream:remotename)%00%(upstream:remoteref) refs/heads/main refs/remotes/main [3ms]
2024-07-24 17:20:45.380 [info] > git status -z -uall [3ms]
2024-07-24 17:21:11.217 [info] > git config --get commit.template [10ms]
2024-07-24 17:21:11.220 [info] > git ls-files --stage -- /home/will/holbertonschool-web_back_end/ES6_classes/README.md [5ms]
2024-07-24 17:21:11.238 [info] > git cat-file -s 5dd2eac2e98505c80d262d40fb5ff2ecf24c774a [11ms]
2024-07-24 17:21:11.239 [info] > git for-each-ref --format=%(refname)%00%(upstream:short)%00%(objectname)%00%(upstream:track)%00%(upstream:remotename)%00%(upstream:remoteref) refs/heads/main refs/remotes/main [3ms]
2024-07-24 17:21:11.254 [info] > git show --textconv :ES6_classes/README.md [7ms]
2024-07-24 17:21:11.258 [info] > git status -z -uall [4ms]
2024-07-24 17:21:11.272 [info] > git merge-base refs/heads/main refs/remotes/origin/main [6ms]
2024-07-24 17:21:11.285 [info] > git rev-list --count --left-right refs/heads/main...refs/remotes/origin/main [6ms]
2024-07-24 17:21:11.295 [info] > git diff --name-status -z --diff-filter=ADMR e223b01cacdafcdc4d47945a730f828c10f7e91a...refs/remotes/origin/main [3ms]
2024-07-24 17:22:12.295 [info] > git config --get commit.template [9ms]
2024-07-24 17:22:12.307 [info] > git for-each-ref --format=%(refname)%00%(upstream:short)%00%(objectname)%00%(upstream:track)%00%(upstream:remotename)%00%(upstream:remoteref) refs/heads/main refs/remotes/main [3ms]
2024-07-24 17:22:12.336 [info] > git status -z -uall [7ms]
2024-07-24 17:22:20.210 [info] > git config --get commit.template [16ms]
2024-07-24 17:22:20.211 [info] > git for-each-ref --format=%(refname)%00%(upstream:short)%00%(objectname)%00%(upstream:track)%00%(upstream:remotename)%00%(upstream:remoteref) refs/heads/main refs/remotes/main [2ms]
2024-07-24 17:22:20.234 [info] > git status -z -uall [8ms]
2024-07-24 17:22:25.251 [info] > git config --get commit.template [4ms]
2024-07-24 17:22:25.260 [info] > git for-each-ref --format=%(refname)%00%(upstream:short)%00%(objectname)%00%(upstream:track)%00%(upstream:remotename)%00%(upstream:remoteref) refs/heads/main refs/remotes/main [3ms]
2024-07-24 17:22:25.268 [info] > git status -z -uall [3ms]
2024-07-24 17:22:34.811 [info] > git config --get commit.template [2ms]
2024-07-24 17:22:34.828 [info] > git for-each-ref --format=%(refname)%00%(upstream:short)%00%(objectname)%00%(upstream:track)%00%(upstream:remotename)%00%(upstream:remoteref) refs/heads/main refs/remotes/main [6ms]
2024-07-24 17:22:34.841 [info] > git status -z -uall [5ms]
2024-07-24 17:22:41.288 [info] > git config --get commit.template [13ms]
2024-07-24 17:22:41.290 [info] > git for-each-ref --format=%(refname)%00%(upstream:short)%00%(objectname)%00%(upstream:track)%00%(upstream:remotename)%00%(upstream:remoteref) refs/heads/main refs/remotes/main [3ms]
2024-07-24 17:22:41.298 [info] > git status -z -uall [3ms]
2024-07-24 17:22:48.389 [info] > git config --get commit.template [11ms]
2024-07-24 17:22:48.391 [info] > git for-each-ref --format=%(refname)%00%(upstream:short)%00%(objectname)%00%(upstream:track)%00%(upstream:remotename)%00%(upstream:remoteref) refs/heads/main refs/remotes/main [4ms]
2024-07-24 17:22:48.406 [info] > git status -z -uall [5ms]
2024-07-24 17:23:16.888 [info] > git config --get commit.template [4ms]
2024-07-24 17:23:16.911 [info] > git ls-files --stage -- /home/will/holbertonschool-web_back_end/ES6_classes/README.md [9ms]
2024-07-24 17:23:16.921 [info] > git for-each-ref --format=%(refname)%00%(upstream:short)%00%(objectname)%00%(upstream:track)%00%(upstream:remotename)%00%(upstream:remoteref) refs/heads/main refs/remotes/main [12ms]
2024-07-24 17:23:16.922 [info] > git cat-file -s 5dd2eac2e98505c80d262d40fb5ff2ecf24c774a [3ms]
2024-07-24 17:23:16.938 [info] > git status -z -uall [8ms]
2024-07-24 17:23:16.962 [info] > git show --textconv :ES6_classes/README.md [25ms]
2024-07-24 17:23:16.962 [info] > git merge-base refs/heads/main refs/remotes/origin/main [13ms]
2024-07-24 17:23:16.979 [info] > git rev-list --count --left-right refs/heads/main...refs/remotes/origin/main [5ms]
2024-07-24 17:23:16.994 [info] > git diff --name-status -z --diff-filter=ADMR 980885481433b91c4ce0e7f4f538fac945f97097...refs/remotes/origin/main [5ms]
2024-07-24 17:24:10.414 [info] > git config --get commit.template [5ms]
2024-07-24 17:24:10.433 [info] > git for-each-ref --format=%(refname)%00%(upstream:short)%00%(objectname)%00%(upstream:track)%00%(upstream:remotename)%00%(upstream:remoteref) refs/heads/main refs/remotes/main [12ms]
2024-07-24 17:24:10.451 [info] > git status -z -uall [8ms]
2024-07-24 17:24:15.491 [info] > git config --get commit.template [7ms]
2024-07-24 17:24:15.510 [info] > git for-each-ref --format=%(refname)%00%(upstream:short)%00%(objectname)%00%(upstream:track)%00%(upstream:remotename)%00%(upstream:remoteref) refs/heads/main refs/remotes/main [6ms]
2024-07-24 17:24:15.524 [info] > git status -z -uall [4ms]
2024-07-24 17:24:20.558 [info] > git config --get commit.template [10ms]
2024-07-24 17:24:20.561 [info] > git for-each-ref --format=%(refname)%00%(upstream:short)%00%(objectname)%00%(upstream:track)%00%(upstream:remotename)%00%(upstream:remoteref) refs/heads/main refs/remotes/main [5ms]
2024-07-24 17:24:20.569 [info] > git status -z -uall [3ms]
2024-07-24 17:24:25.608 [info] > git config --get commit.template [7ms]
2024-07-24 17:24:25.622 [info] > git for-each-ref --format=%(refname)%00%(upstream:short)%00%(objectname)%00%(upstream:track)%00%(upstream:remotename)%00%(upstream:remoteref) refs/heads/main refs/remotes/main [5ms]
2024-07-24 17:24:25.634 [info] > git status -z -uall [4ms]
2024-07-24 17:24:33.266 [info] > git config --get commit.template [14ms]
2024-07-24 17:24:33.269 [info] > git for-each-ref --format=%(refname)%00%(upstream:short)%00%(objectname)%00%(upstream:track)%00%(upstream:remotename)%00%(upstream:remoteref) refs/heads/main refs/remotes/main [5ms]
2024-07-24 17:24:33.284 [info] > git status -z -uall [4ms]
2024-07-24 17:24:38.313 [info] > git config --get commit.template [8ms]
2024-07-24 17:24:38.336 [info] > git for-each-ref --format=%(refname)%00%(upstream:short)%00%(objectname)%00%(upstream:track)%00%(upstream:remotename)%00%(upstream:remoteref) refs/heads/main refs/remotes/main [8ms]
2024-07-24 17:24:38.355 [info] > git status -z -uall [7ms]
2024-07-24 17:24:43.382 [info] > git config --get commit.template [8ms]
2024-07-24 17:24:43.383 [info] > git for-each-ref --format=%(refname)%00%(upstream:short)%00%(objectname)%00%(upstream:track)%00%(upstream:remotename)%00%(upstream:remoteref) refs/heads/main refs/remotes/main [2ms]
2024-07-24 17:24:43.391 [info] > git status -z -uall [3ms]
2024-07-24 17:32:20.991 [info] > git ls-files --stage -- /home/will/holbertonschool-web_back_end/ES6_classes/README.md [2ms]
2024-07-24 17:32:21.000 [info] > git config --get commit.template [23ms]
2024-07-24 17:32:21.015 [info] > git cat-file -s 5dd2eac2e98505c80d262d40fb5ff2ecf24c774a [16ms]
2024-07-24 17:32:21.021 [info] > git for-each-ref --format=%(refname)%00%(upstream:short)%00%(objectname)%00%(upstream:track)%00%(upstream:remotename)%00%(upstream:remoteref) refs/heads/main refs/remotes/main [9ms]
2024-07-24 17:32:21.036 [info] > git status -z -uall [4ms]
2024-07-24 17:32:21.054 [info] > git merge-base refs/heads/main refs/remotes/origin/main [8ms]
2024-07-24 17:32:21.071 [info] > git rev-list --count --left-right refs/heads/main...refs/remotes/origin/main [11ms]
2024-07-24 17:32:21.086 [info] > git show --textconv :ES6_classes/README.md [16ms]
2024-07-24 17:32:21.087 [info] > git diff --name-status -z --diff-filter=ADMR a8f20cac338bd350775fd2b7adb98904963e5b1c...refs/remotes/origin/main [8ms]
2024-07-24 17:32:26.084 [info] > git config --get commit.template [12ms]
2024-07-24 17:32:26.086 [info] > git for-each-ref --format=%(refname)%00%(upstream:short)%00%(objectname)%00%(upstream:track)%00%(upstream:remotename)%00%(upstream:remoteref) refs/heads/main refs/remotes/main [2ms]
2024-07-24 17:32:26.094 [info] > git status -z -uall [4ms]
2024-07-24 17:32:31.111 [info] > git config --get commit.template [7ms]
2024-07-24 17:32:31.113 [info] > git for-each-ref --format=%(refname)%00%(upstream:short)%00%(objectname)%00%(upstream:track)%00%(upstream:remotename)%00%(upstream:remoteref) refs/heads/main refs/remotes/main [3ms]
2024-07-24 17:32:31.121 [info] > git status -z -uall [3ms]
2024-07-24 17:32:36.160 [info] > git config --get commit.template [11ms]
2024-07-24 17:32:36.162 [info] > git for-each-ref --format=%(refname)%00%(upstream:short)%00%(objectname)%00%(upstream:track)%00%(upstream:remotename)%00%(upstream:remoteref) refs/heads/main refs/remotes/main [3ms]
2024-07-24 17:32:36.170 [info] > git status -z -uall [4ms]
2024-07-24 17:32:41.208 [info] > git config --get commit.template [15ms]
2024-07-24 17:32:41.209 [info] > git for-each-ref --format=%(refname)%00%(upstream:short)%00%(objectname)%00%(upstream:track)%00%(upstream:remotename)%00%(upstream:remoteref) refs/heads/main refs/remotes/main [4ms]
2024-07-24 17:32:41.217 [info] > git status -z -uall [4ms]
2024-07-24 17:32:46.241 [info] > git config --get commit.template [11ms]
2024-07-24 17:32:46.243 [info] > git for-each-ref --format=%(refname)%00%(upstream:short)%00%(objectname)%00%(upstream:track)%00%(upstream:remotename)%00%(upstream:remoteref) refs/heads/main refs/remotes/main [4ms]
2024-07-24 17:32:46.253 [info] > git status -z -uall [3ms]
2024-07-24 17:33:22.200 [info] > git config --get commit.template [8ms]
2024-07-24 17:33:22.217 [info] > git for-each-ref --format=%(refname)%00%(upstream:short)%00%(objectname)%00%(upstream:track)%00%(upstream:remotename)%00%(upstream:remoteref) refs/heads/main refs/remotes/main [5ms]
2024-07-24 17:33:22.229 [info] > git status -z -uall [5ms]
2024-07-24 17:33:27.272 [info] > git config --get commit.template [19ms]
2024-07-24 17:33:27.277 [info] > git for-each-ref --format=%(refname)%00%(upstream:short)%00%(objectname)%00%(upstream:track)%00%(upstream:remotename)%00%(upstream:remoteref) refs/heads/main refs/remotes/main [8ms]
2024-07-24 17:33:27.302 [info] > git status -z -uall [9ms]
2024-07-24 17:33:32.347 [info] > git for-each-ref --format=%(refname)%00%(upstream:short)%00%(objectname)%00%(upstream:track)%00%(upstream:remotename)%00%(upstream:remoteref) refs/heads/main refs/remotes/main [2ms]
2024-07-24 17:33:32.347 [info] > git config --get commit.template [19ms]
2024-07-24 17:33:32.356 [info] > git status -z -uall [4ms]
2024-07-24 17:33:37.377 [info] > git config --get commit.template [6ms]
2024-07-24 17:33:37.378 [info] > git for-each-ref --format=%(refname)%00%(upstream:short)%00%(objectname)%00%(upstream:track)%00%(upstream:remotename)%00%(upstream:remoteref) refs/heads/main refs/remotes/main [2ms]
2024-07-24 17:33:37.386 [info] > git status -z -uall [3ms]
2024-07-24 17:33:58.207 [info] > git config --get commit.template [6ms]
2024-07-24 17:33:58.208 [info] > git for-each-ref --format=%(refname)%00%(upstream:short)%00%(objectname)%00%(upstream:track)%00%(upstream:remotename)%00%(upstream:remoteref) refs/heads/main refs/remotes/main [3ms]
2024-07-24 17:33:58.217 [info] > git status -z -uall [3ms]
2024-07-24 17:34:42.998 [info] > git config --get commit.template [9ms]
2024-07-24 17:34:42.998 [info] > git ls-files --stage -- /home/will/holbertonschool-web_back_end/ES6_classes/README.md [26ms]
2024-07-24 17:34:43.021 [info] > git cat-file -s 5dd2eac2e98505c80d262d40fb5ff2ecf24c774a [15ms]
2024-07-24 17:34:43.032 [info] > git for-each-ref --format=%(refname)%00%(upstream:short)%00%(objectname)%00%(upstream:track)%00%(upstream:remotename)%00%(upstream:remoteref) refs/heads/main refs/remotes/main [12ms]
2024-07-24 17:34:43.061 [info] > git show --textconv :ES6_classes/README.md [21ms]
2024-07-24 17:34:43.066 [info] > git status -z -uall [6ms]
2024-07-24 17:34:43.100 [info] > git merge-base refs/heads/main refs/remotes/origin/main [19ms]
2024-07-24 17:34:43.133 [info] > git rev-list --count --left-right refs/heads/main...refs/remotes/origin/main [13ms]
2024-07-24 17:34:43.149 [info] > git diff --name-status -z --diff-filter=ADMR a61dcd91e515c6bb0a3fd1acea805b91d2d055da...refs/remotes/origin/main [1ms]
2024-07-24 17:44:08.022 [info] > git config --get commit.template [5ms]
2024-07-24 17:44:08.032 [info] > git for-each-ref --format=%(refname)%00%(upstream:short)%00%(objectname)%00%(upstream:track)%00%(upstream:remotename)%00%(upstream:remoteref) refs/heads/main refs/remotes/main [3ms]
2024-07-24 17:44:08.041 [info] > git status -z -uall [3ms]
2024-07-24 17:44:13.080 [info] > git config --get commit.template [15ms]
2024-07-24 17:44:13.082 [info] > git for-each-ref --format=%(refname)%00%(upstream:short)%00%(objectname)%00%(upstream:track)%00%(upstream:remotename)%00%(upstream:remoteref) refs/heads/main refs/remotes/main [4ms]
2024-07-24 17:44:13.090 [info] > git status -z -uall [3ms]
2024-07-24 17:44:18.127 [info] > git config --get commit.template [13ms]
2024-07-24 17:44:18.128 [info] > git for-each-ref --format=%(refname)%00%(upstream:short)%00%(objectname)%00%(upstream:track)%00%(upstream:remotename)%00%(upstream:remoteref) refs/heads/main refs/remotes/main [3ms]
2024-07-24 17:44:18.136 [info] > git status -z -uall [3ms]
2024-07-24 17:44:23.158 [info] > git config --get commit.template [5ms]
2024-07-24 17:44:23.159 [info] > git for-each-ref --format=%(refname)%00%(upstream:short)%00%(objectname)%00%(upstream:track)%00%(upstream:remotename)%00%(upstream:remoteref) refs/heads/main refs/remotes/main [2ms]
2024-07-24 17:44:23.167 [info] > git status -z -uall [3ms]
2024-07-24 17:44:28.203 [info] > git config --get commit.template [9ms]
2024-07-24 17:44:28.230 [info] > git for-each-ref --format=%(refname)%00%(upstream:short)%00%(objectname)%00%(upstream:track)%00%(upstream:remotename)%00%(upstream:remoteref) refs/heads/main refs/remotes/main [10ms]
2024-07-24 17:44:28.247 [info] > git status -z -uall [7ms]
2024-07-24 17:44:29.896 [info] > git ls-files --stage -- /home/will/holbertonschool-web_back_end/ES6_classes/README.md [3ms]
2024-07-24 17:44:29.906 [info] > git cat-file -s 5dd2eac2e98505c80d262d40fb5ff2ecf24c774a [4ms]
2024-07-24 17:44:29.921 [info] > git show --textconv :ES6_classes/README.md [3ms]
2024-07-24 17:44:31.512 [info] > git ls-files --stage -- /home/will/holbertonschool-web_back_end/ES6_classes/README.md [3ms]
2024-07-24 17:44:31.521 [info] > git cat-file -s 5dd2eac2e98505c80d262d40fb5ff2ecf24c774a [3ms]
2024-07-24 17:44:31.534 [info] > git show --textconv :ES6_classes/README.md [4ms]
2024-07-24 17:44:33.313 [info] > git config --get commit.template [36ms]
2024-07-24 17:44:33.320 [info] > git for-each-ref --format=%(refname)%00%(upstream:short)%00%(objectname)%00%(upstream:track)%00%(upstream:remotename)%00%(upstream:remoteref) refs/heads/main refs/remotes/main [13ms]
2024-07-24 17:44:33.333 [info] > git status -z -uall [4ms]
2024-07-24 17:44:33.344 [info] > git merge-base refs/heads/main refs/remotes/origin/main [4ms]
2024-07-24 17:44:33.353 [info] > git rev-list --count --left-right refs/heads/main...refs/remotes/origin/main [3ms]
2024-07-24 17:44:33.361 [info] > git diff --name-status -z --diff-filter=ADMR eb41ad4b89c5eaa5edec62b5ea218eca8fbb5b1b...refs/remotes/origin/main [3ms]
2024-07-24 17:46:47.455 [info] > git config --get commit.template [6ms]
2024-07-24 17:46:47.456 [info] > git for-each-ref --format=%(refname)%00%(upstream:short)%00%(objectname)%00%(upstream:track)%00%(upstream:remotename)%00%(upstream:remoteref) refs/heads/main refs/remotes/main [2ms]
2024-07-24 17:46:47.464 [info] > git status -z -uall [3ms]
2024-07-24 17:46:56.482 [info] > git config --get commit.template [9ms]
2024-07-24 17:46:56.484 [info] > git for-each-ref --format=%(refname)%00%(upstream:short)%00%(objectname)%00%(upstream:track)%00%(upstream:remotename)%00%(upstream:remoteref) refs/heads/main refs/remotes/main [3ms]
2024-07-24 17:46:56.494 [info] > git status -z -uall [4ms]
2024-07-24 17:47:44.111 [info] > git config --get commit.template [11ms]
2024-07-24 17:47:44.112 [info] > git for-each-ref --format=%(refname)%00%(upstream:short)%00%(objectname)%00%(upstream:track)%00%(upstream:remotename)%00%(upstream:remoteref) refs/heads/main refs/remotes/main [3ms]
2024-07-24 17:47:44.120 [info] > git status -z -uall [3ms]
