2024-07-31 23:23:58.007 [info] Log level: Info
2024-07-31 23:23:58.007 [info] Validating found git in: "git"
2024-07-31 23:23:58.007 [info] Using git "2.39.2" from "git"
2024-07-31 23:23:58.007 [info] > git rev-parse --show-toplevel [8ms]
2024-07-31 23:23:58.007 [info] > git rev-parse --git-dir --git-common-dir [6ms]
2024-07-31 23:23:58.007 [info] Open repository: /home/will/holbertonschool-web_back_end
2024-07-31 23:23:58.007 [info] > git config --get commit.template [12ms]
2024-07-31 23:23:58.007 [info] > git rev-parse --show-toplevel [8ms]
2024-07-31 23:23:58.007 [info] > git for-each-ref --format=%(refname)%00%(upstream:short)%00%(objectname)%00%(upstream:track)%00%(upstream:remotename)%00%(upstream:remoteref) refs/heads/main refs/remotes/main [13ms]
2024-07-31 23:23:58.007 [info] > git status -z -uall [36ms]
2024-07-31 23:23:58.007 [info] > git merge-base refs/heads/main refs/remotes/origin/main [27ms]
2024-07-31 23:23:58.007 [info] > git rev-list --count --left-right refs/heads/main...refs/remotes/origin/main [26ms]
2024-07-31 23:23:58.007 [info] > git config --get commit.template [50ms]
2024-07-31 23:23:58.007 [info] > git diff --name-status -z --diff-filter=ADMR eb41ad4b89c5eaa5edec62b5ea218eca8fbb5b1b...refs/remotes/origin/main [20ms]
2024-07-31 23:23:58.009 [info] > git for-each-ref --format=%(refname)%00%(upstream:short)%00%(objectname)%00%(upstream:track)%00%(upstream:remotename)%00%(upstream:remoteref) refs/heads/main refs/remotes/main [5ms]
2024-07-31 23:23:58.024 [info] > git status -z -uall [7ms]
2024-07-31 23:23:58.846 [info] > git check-ignore -v -z --stdin [7ms]
2024-07-31 23:24:03.622 [info] > git show --textconv :ES6_classes/README.md [21ms]
2024-07-31 23:24:03.639 [info] > git ls-files --stage -- /home/will/holbertonschool-web_back_end/ES6_classes/README.md [19ms]
2024-07-31 23:24:03.686 [info] > git cat-file -s 5dd2eac2e98505c80d262d40fb5ff2ecf24c774a [18ms]
