2024-07-19 09:22:50.471 [info] Log level: Info
2024-07-19 09:22:50.471 [info] Validating found git in: "git"
2024-07-19 09:22:50.471 [info] Using git "2.39.2" from "git"
2024-07-19 09:22:50.471 [info] > git rev-parse --show-toplevel [37ms]
2024-07-19 09:22:50.471 [info] > git rev-parse --git-dir --git-common-dir [28ms]
2024-07-19 09:22:50.471 [info] Open repository: /home/will/holbertonschool-web_back_end
2024-07-19 09:22:50.565 [info] > git rev-parse --show-toplevel [48ms]
2024-07-19 09:22:50.582 [info] > git config --get commit.template [85ms]
2024-07-19 09:22:50.642 [info] > git for-each-ref --format=%(refname)%00%(upstream:short)%00%(objectname)%00%(upstream:track)%00%(upstream:remotename)%00%(upstream:remoteref) refs/heads/main refs/remotes/main [36ms]
2024-07-19 09:22:50.711 [info] > git status -z -uall [39ms]
2024-07-19 09:22:50.799 [info] > git merge-base refs/heads/main refs/remotes/origin/main [51ms]
2024-07-19 09:22:50.925 [info] > git rev-list --count --left-right refs/heads/main...refs/remotes/origin/main [81ms]
2024-07-19 09:22:50.958 [info] > git config --get commit.template [156ms]
2024-07-19 09:22:51.351 [info] > git diff --name-status -z --diff-filter=ADMR 3edb9200c52f16a4fc8d74cfd5dcd24ec05b045c...refs/remotes/origin/main [398ms]
2024-07-19 09:22:51.411 [info] > git for-each-ref --format=%(refname)%00%(upstream:short)%00%(objectname)%00%(upstream:track)%00%(upstream:remotename)%00%(upstream:remoteref) refs/heads/main refs/remotes/main [4ms]
2024-07-19 09:22:51.428 [info] > git status -z -uall [1ms]
2024-07-19 09:22:51.950 [info] > git check-ignore -v -z --stdin [17ms]
2024-07-19 09:22:56.377 [info] > git show --textconv :ES6_classes/README.md [15ms]
2024-07-19 09:22:56.378 [info] > git ls-files --stage -- /home/will/holbertonschool-web_back_end/ES6_classes/README.md [3ms]
2024-07-19 09:22:56.391 [info] > git cat-file -s 5dd2eac2e98505c80d262d40fb5ff2ecf24c774a [6ms]
2024-07-19 09:25:15.500 [info] > git config --get commit.template [17ms]
2024-07-19 09:25:15.501 [info] > git for-each-ref --format=%(refname)%00%(upstream:short)%00%(objectname)%00%(upstream:track)%00%(upstream:remotename)%00%(upstream:remoteref) refs/heads/main refs/remotes/main [7ms]
2024-07-19 09:25:15.522 [info] > git status -z -uall [11ms]
2024-07-19 09:25:20.562 [info] > git config --get commit.template [7ms]
2024-07-19 09:25:20.580 [info] > git for-each-ref --format=%(refname)%00%(upstream:short)%00%(objectname)%00%(upstream:track)%00%(upstream:remotename)%00%(upstream:remoteref) refs/heads/main refs/remotes/main [6ms]
2024-07-19 09:25:20.592 [info] > git status -z -uall [4ms]
2024-07-19 09:25:51.181 [info] > git config --get commit.template [10ms]
2024-07-19 09:25:51.182 [info] > git for-each-ref --format=%(refname)%00%(upstream:short)%00%(objectname)%00%(upstream:track)%00%(upstream:remotename)%00%(upstream:remoteref) refs/heads/main refs/remotes/main [3ms]
2024-07-19 09:25:51.194 [info] > git status -z -uall [4ms]
2024-07-19 09:25:51.210 [info] > git merge-base refs/heads/main refs/remotes/origin/main [9ms]
2024-07-19 09:25:51.218 [info] > git rev-list --count --left-right refs/heads/main...refs/remotes/origin/main [3ms]
2024-07-19 09:25:51.235 [info] > git diff --name-status -z --diff-filter=ADMR c12c6fb94b3afeb49f4aac190a2bcd5887bc0d6f...refs/remotes/origin/main [9ms]
2024-07-19 09:25:51.239 [info] > git ls-files --stage -- /home/will/holbertonschool-web_back_end/ES6_classes/README.md [6ms]
2024-07-19 09:25:51.250 [info] > git cat-file -s 5dd2eac2e98505c80d262d40fb5ff2ecf24c774a [2ms]
2024-07-19 09:25:51.277 [info] > git show --textconv :ES6_classes/README.md [7ms]
2024-07-19 09:26:04.966 [info] > git config --get commit.template [5ms]
2024-07-19 09:26:04.978 [info] > git for-each-ref --format=%(refname)%00%(upstream:short)%00%(objectname)%00%(upstream:track)%00%(upstream:remotename)%00%(upstream:remoteref) refs/heads/main refs/remotes/main [4ms]
2024-07-19 09:26:04.993 [info] > git status -z -uall [4ms]
2024-07-19 09:26:32.613 [info] > git config --get commit.template [26ms]
2024-07-19 09:26:32.622 [info] > git for-each-ref --format=%(refname)%00%(upstream:short)%00%(objectname)%00%(upstream:track)%00%(upstream:remotename)%00%(upstream:remoteref) refs/heads/main refs/remotes/main [10ms]
2024-07-19 09:26:32.635 [info] > git status -z -uall [4ms]
2024-07-19 09:26:37.674 [info] > git config --get commit.template [11ms]
2024-07-19 09:26:37.676 [info] > git for-each-ref --format=%(refname)%00%(upstream:short)%00%(objectname)%00%(upstream:track)%00%(upstream:remotename)%00%(upstream:remoteref) refs/heads/main refs/remotes/main [4ms]
2024-07-19 09:26:37.684 [info] > git status -z -uall [3ms]
2024-07-19 09:26:42.701 [info] > git config --get commit.template [2ms]
2024-07-19 09:26:42.708 [info] > git for-each-ref --format=%(refname)%00%(upstream:short)%00%(objectname)%00%(upstream:track)%00%(upstream:remotename)%00%(upstream:remoteref) refs/heads/main refs/remotes/main [2ms]
2024-07-19 09:26:42.715 [info] > git status -z -uall [3ms]
2024-07-19 09:27:06.788 [info] > git config --get commit.template [16ms]
2024-07-19 09:27:06.802 [info] > git ls-files --stage -- /home/will/holbertonschool-web_back_end/ES6_classes/README.md [16ms]
2024-07-19 09:27:06.811 [info] > git for-each-ref --format=%(refname)%00%(upstream:short)%00%(objectname)%00%(upstream:track)%00%(upstream:remotename)%00%(upstream:remoteref) refs/heads/main refs/remotes/main [10ms]
2024-07-19 09:27:06.818 [info] > git cat-file -s 5dd2eac2e98505c80d262d40fb5ff2ecf24c774a [8ms]
2024-07-19 09:27:06.820 [info] > git status -z -uall [3ms]
2024-07-19 09:27:06.842 [info] > git merge-base refs/heads/main refs/remotes/origin/main [15ms]
2024-07-19 09:27:06.855 [info] > git show --textconv :ES6_classes/README.md [15ms]
2024-07-19 09:27:06.857 [info] > git rev-list --count --left-right refs/heads/main...refs/remotes/origin/main [5ms]
2024-07-19 09:27:06.870 [info] > git diff --name-status -z --diff-filter=ADMR a83a27bb39a8356f8e6289f3edefd0741ba44e5b...refs/remotes/origin/main [3ms]
2024-07-19 09:27:11.863 [info] > git config --get commit.template [13ms]
2024-07-19 09:27:11.865 [info] > git for-each-ref --format=%(refname)%00%(upstream:short)%00%(objectname)%00%(upstream:track)%00%(upstream:remotename)%00%(upstream:remoteref) refs/heads/main refs/remotes/main [4ms]
2024-07-19 09:27:11.873 [info] > git status -z -uall [3ms]
2024-07-19 09:27:16.902 [info] > git config --get commit.template [10ms]
2024-07-19 09:27:16.904 [info] > git for-each-ref --format=%(refname)%00%(upstream:short)%00%(objectname)%00%(upstream:track)%00%(upstream:remotename)%00%(upstream:remoteref) refs/heads/main refs/remotes/main [3ms]
2024-07-19 09:27:16.913 [info] > git status -z -uall [3ms]
2024-07-19 09:27:21.340 [info] > git ls-files --stage -- /home/will/holbertonschool-web_back_end/ES6_classes/README.md [3ms]
2024-07-19 09:27:21.356 [info] > git cat-file -s 5dd2eac2e98505c80d262d40fb5ff2ecf24c774a [5ms]
2024-07-19 09:27:21.395 [info] > git show --textconv :ES6_classes/README.md [6ms]
2024-07-19 09:27:21.952 [info] > git config --get commit.template [16ms]
2024-07-19 09:27:21.953 [info] > git for-each-ref --format=%(refname)%00%(upstream:short)%00%(objectname)%00%(upstream:track)%00%(upstream:remotename)%00%(upstream:remoteref) refs/heads/main refs/remotes/main [5ms]
2024-07-19 09:27:21.961 [info] > git status -z -uall [3ms]
2024-07-19 09:27:21.971 [info] > git merge-base refs/heads/main refs/remotes/origin/main [4ms]
2024-07-19 09:27:21.979 [info] > git rev-list --count --left-right refs/heads/main...refs/remotes/origin/main [3ms]
2024-07-19 09:27:21.987 [info] > git diff --name-status -z --diff-filter=ADMR a83a27bb39a8356f8e6289f3edefd0741ba44e5b...refs/remotes/origin/main [3ms]
2024-07-19 09:27:44.831 [info] > git for-each-ref --format=%(refname)%00%(upstream:short)%00%(objectname)%00%(upstream:track)%00%(upstream:remotename)%00%(upstream:remoteref) refs/heads/main refs/remotes/main [20ms]
2024-07-19 09:27:44.831 [info] > git config --get commit.template [38ms]
2024-07-19 09:27:44.833 [info] > git ls-files --stage -- /home/will/holbertonschool-web_back_end/ES6_classes/README.md [5ms]
2024-07-19 09:27:44.851 [info] > git cat-file -s 5dd2eac2e98505c80d262d40fb5ff2ecf24c774a [10ms]
2024-07-19 09:27:44.853 [info] > git status -z -uall [5ms]
2024-07-19 09:27:44.867 [info] > git merge-base refs/heads/main refs/remotes/origin/main [7ms]
2024-07-19 09:27:44.888 [info] > git show --textconv :ES6_classes/README.md [6ms]
2024-07-19 09:27:44.888 [info] > git rev-list --count --left-right refs/heads/main...refs/remotes/origin/main [14ms]
2024-07-19 09:27:44.902 [info] > git diff --name-status -z --diff-filter=ADMR 384936eebb950713e6c3e6270519e983cc2534c1...refs/remotes/origin/main [4ms]
2024-07-19 09:28:33.159 [info] > git config --get commit.template [23ms]
2024-07-19 09:28:33.161 [info] > git for-each-ref --format=%(refname)%00%(upstream:short)%00%(objectname)%00%(upstream:track)%00%(upstream:remotename)%00%(upstream:remoteref) refs/heads/main refs/remotes/main [5ms]
2024-07-19 09:28:33.176 [info] > git status -z -uall [6ms]
2024-07-19 09:28:38.213 [info] > git config --get commit.template [9ms]
2024-07-19 09:28:38.214 [info] > git for-each-ref --format=%(refname)%00%(upstream:short)%00%(objectname)%00%(upstream:track)%00%(upstream:remotename)%00%(upstream:remoteref) refs/heads/main refs/remotes/main [3ms]
2024-07-19 09:28:38.223 [info] > git status -z -uall [3ms]
2024-07-19 09:28:43.243 [info] > git config --get commit.template [3ms]
2024-07-19 09:28:43.251 [info] > git for-each-ref --format=%(refname)%00%(upstream:short)%00%(objectname)%00%(upstream:track)%00%(upstream:remotename)%00%(upstream:remoteref) refs/heads/main refs/remotes/main [3ms]
2024-07-19 09:28:43.259 [info] > git status -z -uall [3ms]
2024-07-19 09:28:52.240 [info] > git config --get commit.template [9ms]
2024-07-19 09:28:52.242 [info] > git for-each-ref --format=%(refname)%00%(upstream:short)%00%(objectname)%00%(upstream:track)%00%(upstream:remotename)%00%(upstream:remoteref) refs/heads/main refs/remotes/main [4ms]
2024-07-19 09:28:52.250 [info] > git status -z -uall [3ms]
2024-07-19 09:29:08.127 [info] > git config --get commit.template [14ms]
2024-07-19 09:29:08.130 [info] > git for-each-ref --format=%(refname)%00%(upstream:short)%00%(objectname)%00%(upstream:track)%00%(upstream:remotename)%00%(upstream:remoteref) refs/heads/main refs/remotes/main [5ms]
2024-07-19 09:29:08.138 [info] > git status -z -uall [3ms]
2024-07-19 09:29:08.149 [info] > git merge-base refs/heads/main refs/remotes/origin/main [4ms]
2024-07-19 09:29:08.159 [info] > git rev-list --count --left-right refs/heads/main...refs/remotes/origin/main [3ms]
2024-07-19 09:29:08.169 [info] > git diff --name-status -z --diff-filter=ADMR 384936eebb950713e6c3e6270519e983cc2534c1...refs/remotes/origin/main [4ms]
2024-07-19 09:29:08.205 [info] > git ls-files --stage -- /home/will/holbertonschool-web_back_end/ES6_classes/README.md [2ms]
2024-07-19 09:29:08.212 [info] > git cat-file -s 5dd2eac2e98505c80d262d40fb5ff2ecf24c774a [2ms]
2024-07-19 09:29:08.222 [info] > git show --textconv :ES6_classes/README.md [3ms]
2024-07-19 09:29:12.932 [info] > git ls-files --stage -- /home/will/holbertonschool-web_back_end/ES6_classes/README.md [9ms]
2024-07-19 09:29:12.957 [info] > git cat-file -s 5dd2eac2e98505c80d262d40fb5ff2ecf24c774a [10ms]
2024-07-19 09:29:13.005 [info] > git show --textconv :ES6_classes/README.md [6ms]
2024-07-19 09:29:13.178 [info] > git config --get commit.template [14ms]
2024-07-19 09:29:13.181 [info] > git for-each-ref --format=%(refname)%00%(upstream:short)%00%(objectname)%00%(upstream:track)%00%(upstream:remotename)%00%(upstream:remoteref) refs/heads/main refs/remotes/main [6ms]
2024-07-19 09:29:13.196 [info] > git status -z -uall [5ms]
2024-07-19 09:29:13.216 [info] > git merge-base refs/heads/main refs/remotes/origin/main [9ms]
2024-07-19 09:29:13.224 [info] > git rev-list --count --left-right refs/heads/main...refs/remotes/origin/main [3ms]
2024-07-19 09:29:13.233 [info] > git diff --name-status -z --diff-filter=ADMR a504a24193f5126321c43b48798425e247098dc8...refs/remotes/origin/main [2ms]
2024-07-19 09:29:38.302 [info] > git config --get commit.template [14ms]
2024-07-19 09:29:38.304 [info] > git for-each-ref --format=%(refname)%00%(upstream:short)%00%(objectname)%00%(upstream:track)%00%(upstream:remotename)%00%(upstream:remoteref) refs/heads/main refs/remotes/main [3ms]
2024-07-19 09:29:38.312 [info] > git status -z -uall [3ms]
2024-07-19 09:29:43.340 [info] > git config --get commit.template [4ms]
2024-07-19 09:29:43.349 [info] > git for-each-ref --format=%(refname)%00%(upstream:short)%00%(objectname)%00%(upstream:track)%00%(upstream:remotename)%00%(upstream:remoteref) refs/heads/main refs/remotes/main [3ms]
2024-07-19 09:29:43.357 [info] > git status -z -uall [2ms]
2024-07-19 09:32:37.114 [info] > git config --get commit.template [7ms]
2024-07-19 09:32:37.115 [info] > git for-each-ref --format=%(refname)%00%(upstream:short)%00%(objectname)%00%(upstream:track)%00%(upstream:remotename)%00%(upstream:remoteref) refs/heads/main refs/remotes/main [3ms]
2024-07-19 09:32:37.124 [info] > git status -z -uall [2ms]
2024-07-19 09:32:42.167 [info] > git config --get commit.template [17ms]
2024-07-19 09:32:42.169 [info] > git for-each-ref --format=%(refname)%00%(upstream:short)%00%(objectname)%00%(upstream:track)%00%(upstream:remotename)%00%(upstream:remoteref) refs/heads/main refs/remotes/main [6ms]
2024-07-19 09:32:42.182 [info] > git status -z -uall [4ms]
2024-07-19 09:32:46.856 [info] > git ls-files --stage -- /home/will/holbertonschool-web_back_end/ES6_classes/README.md [3ms]
2024-07-19 09:32:46.866 [info] > git cat-file -s 5dd2eac2e98505c80d262d40fb5ff2ecf24c774a [1ms]
2024-07-19 09:32:46.893 [info] > git show --textconv :ES6_classes/README.md [7ms]
2024-07-19 09:32:47.219 [info] > git config --get commit.template [11ms]
2024-07-19 09:32:47.223 [info] > git for-each-ref --format=%(refname)%00%(upstream:short)%00%(objectname)%00%(upstream:track)%00%(upstream:remotename)%00%(upstream:remoteref) refs/heads/main refs/remotes/main [4ms]
2024-07-19 09:32:47.235 [info] > git status -z -uall [3ms]
2024-07-19 09:32:47.248 [info] > git merge-base refs/heads/main refs/remotes/origin/main [6ms]
2024-07-19 09:32:47.259 [info] > git rev-list --count --left-right refs/heads/main...refs/remotes/origin/main [4ms]
2024-07-19 09:32:47.269 [info] > git diff --name-status -z --diff-filter=ADMR a504a24193f5126321c43b48798425e247098dc8...refs/remotes/origin/main [3ms]
2024-07-19 09:32:50.126 [info] > git ls-files --stage -- /home/will/holbertonschool-web_back_end/ES6_classes/README.md [6ms]
2024-07-19 09:32:50.136 [info] > git cat-file -s 5dd2eac2e98505c80d262d40fb5ff2ecf24c774a [3ms]
2024-07-19 09:32:50.146 [info] > git show --textconv :ES6_classes/README.md [3ms]
2024-07-19 09:32:52.286 [info] > git config --get commit.template [19ms]
2024-07-19 09:32:52.294 [info] > git for-each-ref --format=%(refname)%00%(upstream:short)%00%(objectname)%00%(upstream:track)%00%(upstream:remotename)%00%(upstream:remoteref) refs/heads/main refs/remotes/main [11ms]
2024-07-19 09:32:52.320 [info] > git status -z -uall [9ms]
2024-07-19 09:32:52.345 [info] > git merge-base refs/heads/main refs/remotes/origin/main [10ms]
2024-07-19 09:32:52.354 [info] > git rev-list --count --left-right refs/heads/main...refs/remotes/origin/main [4ms]
2024-07-19 09:32:52.365 [info] > git diff --name-status -z --diff-filter=ADMR 39dc408cc3ecebee19d9ae83eafbe04ae05f7647...refs/remotes/origin/main [4ms]
2024-07-19 09:33:40.568 [info] > git config --get commit.template [5ms]
2024-07-19 09:33:40.580 [info] > git for-each-ref --format=%(refname)%00%(upstream:short)%00%(objectname)%00%(upstream:track)%00%(upstream:remotename)%00%(upstream:remoteref) refs/heads/main refs/remotes/main [5ms]
2024-07-19 09:33:40.592 [info] > git status -z -uall [4ms]
2024-07-19 09:34:00.269 [info] > git config --get commit.template [2ms]
2024-07-19 09:34:00.285 [info] > git for-each-ref --format=%(refname)%00%(upstream:short)%00%(objectname)%00%(upstream:track)%00%(upstream:remotename)%00%(upstream:remoteref) refs/heads/main refs/remotes/main [7ms]
2024-07-19 09:34:00.296 [info] > git status -z -uall [4ms]
2024-07-19 09:34:05.319 [info] > git config --get commit.template [5ms]
2024-07-19 09:34:05.320 [info] > git for-each-ref --format=%(refname)%00%(upstream:short)%00%(objectname)%00%(upstream:track)%00%(upstream:remotename)%00%(upstream:remoteref) refs/heads/main refs/remotes/main [2ms]
2024-07-19 09:34:05.327 [info] > git status -z -uall [3ms]
2024-07-19 09:34:12.654 [info] > git config --get commit.template [7ms]
2024-07-19 09:34:12.675 [info] > git for-each-ref --format=%(refname)%00%(upstream:short)%00%(objectname)%00%(upstream:track)%00%(upstream:remotename)%00%(upstream:remoteref) refs/heads/main refs/remotes/main [8ms]
2024-07-19 09:34:12.690 [info] > git status -z -uall [5ms]
2024-07-19 09:34:14.446 [info] > git ls-files --stage -- /home/will/holbertonschool-web_back_end/ES6_classes/README.md [3ms]
2024-07-19 09:34:14.453 [info] > git cat-file -s 5dd2eac2e98505c80d262d40fb5ff2ecf24c774a [2ms]
2024-07-19 09:34:14.463 [info] > git show --textconv :ES6_classes/README.md [3ms]
2024-07-19 09:34:17.706 [info] > git config --get commit.template [3ms]
2024-07-19 09:34:17.719 [info] > git for-each-ref --format=%(refname)%00%(upstream:short)%00%(objectname)%00%(upstream:track)%00%(upstream:remotename)%00%(upstream:remoteref) refs/heads/main refs/remotes/main [4ms]
2024-07-19 09:34:17.729 [info] > git status -z -uall [4ms]
2024-07-19 09:34:17.749 [info] > git merge-base refs/heads/main refs/remotes/origin/main [12ms]
2024-07-19 09:34:17.758 [info] > git rev-list --count --left-right refs/heads/main...refs/remotes/origin/main [3ms]
2024-07-19 09:34:17.767 [info] > git diff --name-status -z --diff-filter=ADMR 6bc87104ac7d6384cc1405b4ceb961f5be2b3dfe...refs/remotes/origin/main [3ms]
2024-07-19 09:34:18.893 [info] > git ls-files --stage -- /home/will/holbertonschool-web_back_end/ES6_classes/README.md [5ms]
2024-07-19 09:34:18.903 [info] > git cat-file -s 5dd2eac2e98505c80d262d40fb5ff2ecf24c774a [4ms]
2024-07-19 09:34:18.912 [info] > git show --textconv :ES6_classes/README.md [2ms]
2024-07-19 09:34:22.773 [info] > git config --get commit.template [5ms]
2024-07-19 09:34:22.781 [info] > git for-each-ref --format=%(refname)%00%(upstream:short)%00%(objectname)%00%(upstream:track)%00%(upstream:remotename)%00%(upstream:remoteref) refs/heads/main refs/remotes/main [2ms]
2024-07-19 09:34:22.789 [info] > git status -z -uall [3ms]
2024-07-19 09:34:57.773 [info] > git config --get commit.template [5ms]
2024-07-19 09:34:57.781 [info] > git for-each-ref --format=%(refname)%00%(upstream:short)%00%(objectname)%00%(upstream:track)%00%(upstream:remotename)%00%(upstream:remoteref) refs/heads/main refs/remotes/main [2ms]
2024-07-19 09:34:57.789 [info] > git status -z -uall [3ms]
2024-07-19 09:35:04.108 [info] > git config --get commit.template [12ms]
2024-07-19 09:35:04.110 [info] > git for-each-ref --format=%(refname)%00%(upstream:short)%00%(objectname)%00%(upstream:track)%00%(upstream:remotename)%00%(upstream:remoteref) refs/heads/main refs/remotes/main [3ms]
2024-07-19 09:35:04.118 [info] > git status -z -uall [3ms]
2024-07-19 09:35:57.275 [info] > git config --get commit.template [3ms]
2024-07-19 09:35:57.275 [info] > git ls-files --stage -- /home/will/holbertonschool-web_back_end/ES6_classes/README.md [16ms]
2024-07-19 09:35:57.296 [info] > git cat-file -s 5dd2eac2e98505c80d262d40fb5ff2ecf24c774a [10ms]
2024-07-19 09:35:57.298 [info] > git for-each-ref --format=%(refname)%00%(upstream:short)%00%(objectname)%00%(upstream:track)%00%(upstream:remotename)%00%(upstream:remoteref) refs/heads/main refs/remotes/main [4ms]
2024-07-19 09:35:57.313 [info] > git status -z -uall [10ms]
2024-07-19 09:35:57.314 [info] > git show --textconv :ES6_classes/README.md [0ms]
2024-07-19 09:35:57.332 [info] > git merge-base refs/heads/main refs/remotes/origin/main [9ms]
2024-07-19 09:35:57.342 [info] > git rev-list --count --left-right refs/heads/main...refs/remotes/origin/main [4ms]
2024-07-19 09:35:57.354 [info] > git diff --name-status -z --diff-filter=ADMR 369be3d42520b8b54ba7e8afccddd9d95d729186...refs/remotes/origin/main [5ms]
2024-07-19 09:36:11.258 [info] > git config --get commit.template [17ms]
2024-07-19 09:36:11.259 [info] > git for-each-ref --format=%(refname)%00%(upstream:short)%00%(objectname)%00%(upstream:track)%00%(upstream:remotename)%00%(upstream:remoteref) refs/heads/main refs/remotes/main [3ms]
2024-07-19 09:36:11.270 [info] > git status -z -uall [4ms]
2024-07-19 09:36:16.306 [info] > git config --get commit.template [14ms]
2024-07-19 09:36:16.308 [info] > git for-each-ref --format=%(refname)%00%(upstream:short)%00%(objectname)%00%(upstream:track)%00%(upstream:remotename)%00%(upstream:remoteref) refs/heads/main refs/remotes/main [4ms]
2024-07-19 09:36:16.317 [info] > git status -z -uall [3ms]
2024-07-19 09:36:30.413 [info] > git config --get commit.template [21ms]
2024-07-19 09:36:30.423 [info] > git for-each-ref --format=%(refname)%00%(upstream:short)%00%(objectname)%00%(upstream:track)%00%(upstream:remotename)%00%(upstream:remoteref) refs/heads/main refs/remotes/main [13ms]
2024-07-19 09:36:30.450 [info] > git status -z -uall [8ms]
2024-07-19 09:36:35.478 [info] > git config --get commit.template [6ms]
2024-07-19 09:36:35.490 [info] > git for-each-ref --format=%(refname)%00%(upstream:short)%00%(objectname)%00%(upstream:track)%00%(upstream:remotename)%00%(upstream:remoteref) refs/heads/main refs/remotes/main [5ms]
2024-07-19 09:36:35.499 [info] > git status -z -uall [3ms]
2024-07-19 09:38:02.510 [info] > git config --get commit.template [14ms]
2024-07-19 09:38:02.513 [info] > git ls-files --stage -- /home/will/holbertonschool-web_back_end/ES6_classes/README.md [6ms]
2024-07-19 09:38:02.530 [info] > git cat-file -s 5dd2eac2e98505c80d262d40fb5ff2ecf24c774a [11ms]
2024-07-19 09:38:02.532 [info] > git for-each-ref --format=%(refname)%00%(upstream:short)%00%(objectname)%00%(upstream:track)%00%(upstream:remotename)%00%(upstream:remoteref) refs/heads/main refs/remotes/main [5ms]
2024-07-19 09:38:02.554 [info] > git show --textconv :ES6_classes/README.md [10ms]
2024-07-19 09:38:02.556 [info] > git status -z -uall [3ms]
2024-07-19 09:38:02.574 [info] > git merge-base refs/heads/main refs/remotes/origin/main [7ms]
2024-07-19 09:38:02.585 [info] > git rev-list --count --left-right refs/heads/main...refs/remotes/origin/main [5ms]
2024-07-19 09:38:02.601 [info] > git diff --name-status -z --diff-filter=ADMR cbda0f050979806cdafd5eeef1d4e2e4cdfe86a4...refs/remotes/origin/main [6ms]
2024-07-19 09:38:33.940 [info] > git config --get commit.template [6ms]
2024-07-19 09:38:33.969 [info] > git for-each-ref --format=%(refname)%00%(upstream:short)%00%(objectname)%00%(upstream:track)%00%(upstream:remotename)%00%(upstream:remoteref) refs/heads/main refs/remotes/main [9ms]
2024-07-19 09:38:33.986 [info] > git status -z -uall [3ms]
2024-07-19 09:38:39.024 [info] > git config --get commit.template [14ms]
2024-07-19 09:38:39.025 [info] > git for-each-ref --format=%(refname)%00%(upstream:short)%00%(objectname)%00%(upstream:track)%00%(upstream:remotename)%00%(upstream:remoteref) refs/heads/main refs/remotes/main [3ms]
2024-07-19 09:38:39.033 [info] > git status -z -uall [3ms]
2024-07-19 09:38:45.250 [info] > git config --get commit.template [12ms]
2024-07-19 09:38:45.251 [info] > git for-each-ref --format=%(refname)%00%(upstream:short)%00%(objectname)%00%(upstream:track)%00%(upstream:remotename)%00%(upstream:remoteref) refs/heads/main refs/remotes/main [3ms]
2024-07-19 09:38:45.260 [info] > git status -z -uall [3ms]
2024-07-19 09:38:50.304 [info] > git config --get commit.template [19ms]
2024-07-19 09:38:50.307 [info] > git for-each-ref --format=%(refname)%00%(upstream:short)%00%(objectname)%00%(upstream:track)%00%(upstream:remotename)%00%(upstream:remoteref) refs/heads/main refs/remotes/main [6ms]
2024-07-19 09:38:50.326 [info] > git status -z -uall [7ms]
2024-07-19 09:38:55.375 [info] > git config --get commit.template [18ms]
2024-07-19 09:38:55.377 [info] > git for-each-ref --format=%(refname)%00%(upstream:short)%00%(objectname)%00%(upstream:track)%00%(upstream:remotename)%00%(upstream:remoteref) refs/heads/main refs/remotes/main [5ms]
2024-07-19 09:38:55.390 [info] > git status -z -uall [4ms]
2024-07-19 09:39:00.423 [info] > git config --get commit.template [12ms]
2024-07-19 09:39:00.425 [info] > git for-each-ref --format=%(refname)%00%(upstream:short)%00%(objectname)%00%(upstream:track)%00%(upstream:remotename)%00%(upstream:remoteref) refs/heads/main refs/remotes/main [4ms]
2024-07-19 09:39:00.435 [info] > git status -z -uall [4ms]
2024-07-19 09:39:04.448 [info] > git ls-files --stage -- /home/will/holbertonschool-web_back_end/ES6_classes/README.md [7ms]
2024-07-19 09:39:04.460 [info] > git cat-file -s 5dd2eac2e98505c80d262d40fb5ff2ecf24c774a [4ms]
2024-07-19 09:39:04.469 [info] > git show --textconv :ES6_classes/README.md [3ms]
2024-07-19 09:39:05.468 [info] > git config --get commit.template [8ms]
2024-07-19 09:39:05.492 [info] > git for-each-ref --format=%(refname)%00%(upstream:short)%00%(objectname)%00%(upstream:track)%00%(upstream:remotename)%00%(upstream:remoteref) refs/heads/main refs/remotes/main [10ms]
2024-07-19 09:39:05.500 [info] > git status -z -uall [3ms]
2024-07-19 09:39:05.510 [info] > git merge-base refs/heads/main refs/remotes/origin/main [4ms]
2024-07-19 09:39:05.521 [info] > git rev-list --count --left-right refs/heads/main...refs/remotes/origin/main [4ms]
2024-07-19 09:39:05.535 [info] > git diff --name-status -z --diff-filter=ADMR 16095d7eadfe6f160dcd4a3a9e9b72216fd30e74...refs/remotes/origin/main [5ms]
2024-07-19 09:39:06.428 [info] > git ls-files --stage -- /home/will/holbertonschool-web_back_end/ES6_classes/README.md [8ms]
2024-07-19 09:39:06.445 [info] > git cat-file -s 5dd2eac2e98505c80d262d40fb5ff2ecf24c774a [7ms]
2024-07-19 09:39:06.460 [info] > git show --textconv :ES6_classes/README.md [4ms]
2024-07-19 09:39:10.536 [info] > git config --get commit.template [5ms]
2024-07-19 09:39:10.547 [info] > git for-each-ref --format=%(refname)%00%(upstream:short)%00%(objectname)%00%(upstream:track)%00%(upstream:remotename)%00%(upstream:remoteref) refs/heads/main refs/remotes/main [3ms]
2024-07-19 09:39:10.554 [info] > git status -z -uall [3ms]
2024-07-19 09:39:54.641 [info] > git config --get commit.template [3ms]
2024-07-19 09:39:54.662 [info] > git for-each-ref --format=%(refname)%00%(upstream:short)%00%(objectname)%00%(upstream:track)%00%(upstream:remotename)%00%(upstream:remoteref) refs/heads/main refs/remotes/main [3ms]
2024-07-19 09:39:54.673 [info] > git status -z -uall [0ms]
2024-07-19 09:40:00.394 [info] > git config --get commit.template [5ms]
2024-07-19 09:40:00.405 [info] > git for-each-ref --format=%(refname)%00%(upstream:short)%00%(objectname)%00%(upstream:track)%00%(upstream:remotename)%00%(upstream:remoteref) refs/heads/main refs/remotes/main [3ms]
2024-07-19 09:40:00.416 [info] > git status -z -uall [4ms]
2024-07-19 09:40:05.454 [info] > git config --get commit.template [13ms]
2024-07-19 09:40:05.456 [info] > git for-each-ref --format=%(refname)%00%(upstream:short)%00%(objectname)%00%(upstream:track)%00%(upstream:remotename)%00%(upstream:remoteref) refs/heads/main refs/remotes/main [5ms]
2024-07-19 09:40:05.463 [info] > git status -z -uall [3ms]
2024-07-19 09:40:10.511 [info] > git config --get commit.template [23ms]
2024-07-19 09:40:10.516 [info] > git for-each-ref --format=%(refname)%00%(upstream:short)%00%(objectname)%00%(upstream:track)%00%(upstream:remotename)%00%(upstream:remoteref) refs/heads/main refs/remotes/main [10ms]
2024-07-19 09:40:10.539 [info] > git status -z -uall [8ms]
2024-07-19 09:40:13.419 [info] > git ls-files --stage -- /home/will/holbertonschool-web_back_end/ES6_classes/README.md [2ms]
2024-07-19 09:40:13.425 [info] > git cat-file -s 5dd2eac2e98505c80d262d40fb5ff2ecf24c774a [2ms]
2024-07-19 09:40:13.436 [info] > git show --textconv :ES6_classes/README.md [3ms]
2024-07-19 09:40:36.972 [info] > git config --get commit.template [24ms]
2024-07-19 09:40:36.981 [info] > git ls-files --stage -- /home/will/holbertonschool-web_back_end/ES6_classes/README.md [14ms]
2024-07-19 09:40:36.987 [info] > git for-each-ref --format=%(refname)%00%(upstream:short)%00%(objectname)%00%(upstream:track)%00%(upstream:remotename)%00%(upstream:remoteref) refs/heads/main refs/remotes/main [8ms]
2024-07-19 09:40:36.994 [info] > git cat-file -s 5dd2eac2e98505c80d262d40fb5ff2ecf24c774a [8ms]
2024-07-19 09:40:36.996 [info] > git status -z -uall [3ms]
2024-07-19 09:40:37.006 [info] > git merge-base refs/heads/main refs/remotes/origin/main [4ms]
2024-07-19 09:40:37.014 [info] > git rev-list --count --left-right refs/heads/main...refs/remotes/origin/main [3ms]
2024-07-19 09:40:37.025 [info] > git diff --name-status -z --diff-filter=ADMR 5a537b1aa96ea6fcc00524fcdd891f23655ebe5f...refs/remotes/origin/main [3ms]
2024-07-19 09:40:37.055 [info] > git show --textconv :ES6_classes/README.md [4ms]
2024-07-19 09:41:06.133 [info] > git config --get commit.template [3ms]
2024-07-19 09:41:06.149 [info] > git for-each-ref --format=%(refname)%00%(upstream:short)%00%(objectname)%00%(upstream:track)%00%(upstream:remotename)%00%(upstream:remoteref) refs/heads/main refs/remotes/main [9ms]
2024-07-19 09:41:06.168 [info] > git status -z -uall [6ms]
2024-07-19 09:41:11.199 [info] > git config --get commit.template [4ms]
2024-07-19 09:41:11.211 [info] > git for-each-ref --format=%(refname)%00%(upstream:short)%00%(objectname)%00%(upstream:track)%00%(upstream:remotename)%00%(upstream:remoteref) refs/heads/main refs/remotes/main [4ms]
2024-07-19 09:41:11.222 [info] > git status -z -uall [4ms]
2024-07-19 09:41:13.036 [info] > git ls-files --stage -- /home/will/holbertonschool-web_back_end/ES6_classes/README.md [3ms]
2024-07-19 09:41:13.043 [info] > git cat-file -s 5dd2eac2e98505c80d262d40fb5ff2ecf24c774a [1ms]
2024-07-19 09:41:13.054 [info] > git show --textconv :ES6_classes/README.md [2ms]
2024-07-19 09:42:05.766 [info] > git config --get commit.template [6ms]
2024-07-19 09:42:05.789 [info] > git ls-files --stage -- /home/will/holbertonschool-web_back_end/ES6_classes/README.md [13ms]
2024-07-19 09:42:05.801 [info] > git for-each-ref --format=%(refname)%00%(upstream:short)%00%(objectname)%00%(upstream:track)%00%(upstream:remotename)%00%(upstream:remoteref) refs/heads/main refs/remotes/main [18ms]
2024-07-19 09:42:05.805 [info] > git cat-file -s 5dd2eac2e98505c80d262d40fb5ff2ecf24c774a [5ms]
2024-07-19 09:42:05.826 [info] > git show --textconv :ES6_classes/README.md [8ms]
2024-07-19 09:42:05.828 [info] > git status -z -uall [4ms]
2024-07-19 09:42:05.841 [info] > git merge-base refs/heads/main refs/remotes/origin/main [4ms]
2024-07-19 09:42:05.854 [info] > git rev-list --count --left-right refs/heads/main...refs/remotes/origin/main [7ms]
2024-07-19 09:42:05.866 [info] > git diff --name-status -z --diff-filter=ADMR af1487905228d9b1ab232ce77fa69534b57d7e34...refs/remotes/origin/main [5ms]
2024-07-19 09:42:12.847 [info] > git config --get commit.template [6ms]
2024-07-19 09:42:12.849 [info] > git for-each-ref --format=%(refname)%00%(upstream:short)%00%(objectname)%00%(upstream:track)%00%(upstream:remotename)%00%(upstream:remoteref) refs/heads/main refs/remotes/main [3ms]
2024-07-19 09:42:12.857 [info] > git status -z -uall [3ms]
2024-07-19 09:42:17.889 [info] > git config --get commit.template [10ms]
2024-07-19 09:42:17.891 [info] > git for-each-ref --format=%(refname)%00%(upstream:short)%00%(objectname)%00%(upstream:track)%00%(upstream:remotename)%00%(upstream:remoteref) refs/heads/main refs/remotes/main [3ms]
2024-07-19 09:42:17.898 [info] > git status -z -uall [3ms]
2024-07-19 09:42:22.949 [info] > git for-each-ref --format=%(refname)%00%(upstream:short)%00%(objectname)%00%(upstream:track)%00%(upstream:remotename)%00%(upstream:remoteref) refs/heads/main refs/remotes/main [12ms]
2024-07-19 09:42:22.950 [info] > git config --get commit.template [29ms]
2024-07-19 09:42:22.975 [info] > git status -z -uall [8ms]
2024-07-19 09:42:25.533 [info] > git ls-files --stage -- /home/will/holbertonschool-web_back_end/ES6_classes/README.md [7ms]
2024-07-19 09:42:25.546 [info] > git cat-file -s 5dd2eac2e98505c80d262d40fb5ff2ecf24c774a [4ms]
2024-07-19 09:42:25.554 [info] > git show --textconv :ES6_classes/README.md [2ms]
2024-07-19 09:42:27.864 [info] > git ls-files --stage -- /home/will/holbertonschool-web_back_end/ES6_classes/README.md [2ms]
2024-07-19 09:42:27.872 [info] > git cat-file -s 5dd2eac2e98505c80d262d40fb5ff2ecf24c774a [2ms]
2024-07-19 09:42:27.880 [info] > git show --textconv :ES6_classes/README.md [2ms]
2024-07-19 09:42:28.027 [info] > git config --get commit.template [27ms]
2024-07-19 09:42:28.028 [info] > git for-each-ref --format=%(refname)%00%(upstream:short)%00%(objectname)%00%(upstream:track)%00%(upstream:remotename)%00%(upstream:remoteref) refs/heads/main refs/remotes/main [11ms]
2024-07-19 09:42:28.049 [info] > git status -z -uall [8ms]
2024-07-19 09:42:28.077 [info] > git merge-base refs/heads/main refs/remotes/origin/main [10ms]
2024-07-19 09:42:28.097 [info] > git rev-list --count --left-right refs/heads/main...refs/remotes/origin/main [9ms]
2024-07-19 09:42:28.109 [info] > git diff --name-status -z --diff-filter=ADMR 79a714bb0ae89b10dd84ebeee87f5090766a8b38...refs/remotes/origin/main [4ms]
