2024-08-12 08:13:00.621 [info] Log level: Info
2024-08-12 08:13:00.621 [info] Validating found git in: "git"
2024-08-12 08:13:00.621 [info] Using git "2.39.2" from "git"
2024-08-12 08:13:00.621 [info] > git rev-parse --show-toplevel [26ms]
2024-08-12 08:13:00.621 [info] > git rev-parse --git-dir --git-common-dir [39ms]
2024-08-12 08:13:00.621 [info] Open repository: /home/will/holbertonschool-web_back_end
2024-08-12 08:13:00.621 [info] > git rev-parse --show-toplevel [331ms]
2024-08-12 08:13:00.621 [info] > git config --get commit.template [347ms]
2024-08-12 08:13:00.749 [info] > git for-each-ref --format=%(refname)%00%(upstream:short)%00%(objectname)%00%(upstream:track)%00%(upstream:remotename)%00%(upstream:remoteref) refs/heads/main refs/remotes/main [22ms]
2024-08-12 08:13:00.795 [info] > git status -z -uall [26ms]
2024-08-12 08:13:00.849 [info] > git merge-base refs/heads/main refs/remotes/origin/main [38ms]
2024-08-12 08:13:00.868 [info] > git config --get commit.template [18ms]
2024-08-12 08:13:00.883 [info] > git rev-list --count --left-right refs/heads/main...refs/remotes/origin/main [23ms]
2024-08-12 08:13:00.899 [info] > git for-each-ref --format=%(refname)%00%(upstream:short)%00%(objectname)%00%(upstream:track)%00%(upstream:remotename)%00%(upstream:remoteref) refs/heads/main refs/remotes/main [19ms]
2024-08-12 08:13:00.902 [info] > git diff --name-status -z --diff-filter=ADMR eb41ad4b89c5eaa5edec62b5ea218eca8fbb5b1b...refs/remotes/origin/main [5ms]
2024-08-12 08:13:00.916 [info] > git status -z -uall [5ms]
2024-08-12 08:13:01.180 [info] > git check-ignore -v -z --stdin [14ms]
2024-08-12 08:13:03.947 [info] > git show --textconv :ES6_classes/README.md [17ms]
2024-08-12 08:13:03.956 [info] > git ls-files --stage -- /home/will/holbertonschool-web_back_end/ES6_classes/README.md [10ms]
2024-08-12 08:13:03.972 [info] > git cat-file -s 5dd2eac2e98505c80d262d40fb5ff2ecf24c774a [5ms]
