2024-07-18 15:17:01.032 [warning] [cmake-tools]: Couldn't find message for key cmake-tools.configuration.cmake.deleteBuildDirOnCleanCconfigure.description.
2024-07-18 15:17:01.078 [warning] [cmake-tools]: Couldn't find message for key cmake-tools.configuration.cmake.deleteBuildDirOnCleanCconfigure.description.
2024-07-18 15:17:01.615 [warning] [cmake-tools]: Couldn't find message for key cmake-tools.configuration.cmake.deleteBuildDirOnCleanCconfigure.description.
2024-07-18 15:17:01.696 [warning] [cmake-tools]: Couldn't find message for key cmake-tools.configuration.cmake.deleteBuildDirOnCleanCconfigure.description.
2024-07-18 15:17:01.793 [warning] [cmake-tools]: Couldn't find message for key cmake-tools.configuration.cmake.deleteBuildDirOnCleanCconfigure.description.
2024-07-18 15:17:01.949 [warning] [cmake-tools]: Couldn't find message for key cmake-tools.configuration.cmake.deleteBuildDirOnCleanCconfigure.description.
2024-07-18 15:17:02.088 [warning] [cmake-tools]: Couldn't find message for key cmake-tools.configuration.cmake.deleteBuildDirOnCleanCconfigure.description.
2024-07-18 15:17:03.525 [warning] [cmake-tools]: Couldn't find message for key cmake-tools.configuration.cmake.deleteBuildDirOnCleanCconfigure.description.
2024-07-18 15:17:05.749 [warning] [cmake-tools]: Couldn't find message for key cmake-tools.configuration.cmake.deleteBuildDirOnCleanCconfigure.description.
2024-07-18 15:17:06.207 [warning] [cmake-tools]: Couldn't find message for key cmake-tools.configuration.cmake.deleteBuildDirOnCleanCconfigure.description.
2024-07-18 15:17:06.298 [warning] [cmake-tools]: Couldn't find message for key cmake-tools.configuration.cmake.deleteBuildDirOnCleanCconfigure.description.
2024-07-18 15:17:06.358 [warning] [cmake-tools]: Couldn't find message for key cmake-tools.configuration.cmake.deleteBuildDirOnCleanCconfigure.description.
2024-07-18 15:17:06.471 [warning] [cmake-tools]: Couldn't find message for key cmake-tools.configuration.cmake.deleteBuildDirOnCleanCconfigure.description.
2024-07-18 15:17:06.553 [warning] [cmake-tools]: Couldn't find message for key cmake-tools.configuration.cmake.deleteBuildDirOnCleanCconfigure.description.
2024-07-18 15:17:07.182 [warning] [cmake-tools]: Couldn't find message for key cmake-tools.configuration.cmake.deleteBuildDirOnCleanCconfigure.description.
2024-07-18 15:17:07.783 [warning] [cmake-tools]: Couldn't find message for key cmake-tools.configuration.cmake.deleteBuildDirOnCleanCconfigure.description.
2024-07-18 15:17:08.123 [warning] [cmake-tools]: Couldn't find message for key cmake-tools.configuration.cmake.deleteBuildDirOnCleanCconfigure.description.
2024-07-18 15:17:08.394 [warning] [cmake-tools]: Couldn't find message for key cmake-tools.configuration.cmake.deleteBuildDirOnCleanCconfigure.description.
2024-07-18 15:17:08.438 [warning] [cmake-tools]: Couldn't find message for key cmake-tools.configuration.cmake.deleteBuildDirOnCleanCconfigure.description.
2024-07-18 15:17:08.969 [warning] [cmake-tools]: Couldn't find message for key cmake-tools.configuration.cmake.deleteBuildDirOnCleanCconfigure.description.
2024-07-18 15:22:08.747 [warning] [cmake-tools]: Couldn't find message for key cmake-tools.configuration.cmake.deleteBuildDirOnCleanCconfigure.description.
2024-07-18 15:27:08.826 [warning] [cmake-tools]: Couldn't find message for key cmake-tools.configuration.cmake.deleteBuildDirOnCleanCconfigure.description.
2024-07-18 15:32:08.906 [warning] [cmake-tools]: Couldn't find message for key cmake-tools.configuration.cmake.deleteBuildDirOnCleanCconfigure.description.
2024-07-18 15:37:08.999 [warning] [cmake-tools]: Couldn't find message for key cmake-tools.configuration.cmake.deleteBuildDirOnCleanCconfigure.description.
2024-07-18 15:42:09.112 [warning] [cmake-tools]: Couldn't find message for key cmake-tools.configuration.cmake.deleteBuildDirOnCleanCconfigure.description.
2024-07-18 15:48:34.226 [warning] [cmake-tools]: Couldn't find message for key cmake-tools.configuration.cmake.deleteBuildDirOnCleanCconfigure.description.
2024-07-18 15:53:34.311 [warning] [cmake-tools]: Couldn't find message for key cmake-tools.configuration.cmake.deleteBuildDirOnCleanCconfigure.description.
2024-07-18 15:58:34.862 [warning] [cmake-tools]: Couldn't find message for key cmake-tools.configuration.cmake.deleteBuildDirOnCleanCconfigure.description.
2024-07-18 16:03:34.942 [warning] [cmake-tools]: Couldn't find message for key cmake-tools.configuration.cmake.deleteBuildDirOnCleanCconfigure.description.
2024-07-18 16:08:35.038 [warning] [cmake-tools]: Couldn't find message for key cmake-tools.configuration.cmake.deleteBuildDirOnCleanCconfigure.description.
2024-07-18 16:13:35.155 [warning] [cmake-tools]: Couldn't find message for key cmake-tools.configuration.cmake.deleteBuildDirOnCleanCconfigure.description.
2024-07-18 16:18:35.226 [warning] [cmake-tools]: Couldn't find message for key cmake-tools.configuration.cmake.deleteBuildDirOnCleanCconfigure.description.
2024-07-18 16:23:35.347 [warning] [cmake-tools]: Couldn't find message for key cmake-tools.configuration.cmake.deleteBuildDirOnCleanCconfigure.description.
2024-07-18 16:28:35.458 [warning] [cmake-tools]: Couldn't find message for key cmake-tools.configuration.cmake.deleteBuildDirOnCleanCconfigure.description.
2024-07-18 16:33:35.555 [warning] [cmake-tools]: Couldn't find message for key cmake-tools.configuration.cmake.deleteBuildDirOnCleanCconfigure.description.
2024-07-18 16:43:14.117 [warning] [cmake-tools]: Couldn't find message for key cmake-tools.configuration.cmake.deleteBuildDirOnCleanCconfigure.description.
2024-07-18 16:48:14.171 [warning] [cmake-tools]: Couldn't find message for key cmake-tools.configuration.cmake.deleteBuildDirOnCleanCconfigure.description.
2024-07-18 16:53:14.346 [warning] [cmake-tools]: Couldn't find message for key cmake-tools.configuration.cmake.deleteBuildDirOnCleanCconfigure.description.
2024-07-18 16:58:15.141 [warning] [cmake-tools]: Couldn't find message for key cmake-tools.configuration.cmake.deleteBuildDirOnCleanCconfigure.description.
2024-07-18 17:03:15.273 [warning] [cmake-tools]: Couldn't find message for key cmake-tools.configuration.cmake.deleteBuildDirOnCleanCconfigure.description.
2024-07-18 17:08:15.385 [warning] [cmake-tools]: Couldn't find message for key cmake-tools.configuration.cmake.deleteBuildDirOnCleanCconfigure.description.
2024-07-18 18:51:15.013 [warning] [cmake-tools]: Couldn't find message for key cmake-tools.configuration.cmake.deleteBuildDirOnCleanCconfigure.description.
2024-07-18 18:56:15.086 [warning] [cmake-tools]: Couldn't find message for key cmake-tools.configuration.cmake.deleteBuildDirOnCleanCconfigure.description.
2024-07-18 19:01:15.643 [warning] [cmake-tools]: Couldn't find message for key cmake-tools.configuration.cmake.deleteBuildDirOnCleanCconfigure.description.
2024-07-18 19:06:15.717 [warning] [cmake-tools]: Couldn't find message for key cmake-tools.configuration.cmake.deleteBuildDirOnCleanCconfigure.description.
2024-07-18 19:09:50.503 [warning] [cmake-tools]: Couldn't find message for key cmake-tools.configuration.cmake.deleteBuildDirOnCleanCconfigure.description.
2024-07-18 19:09:50.507 [warning] [cmake-tools]: Couldn't find message for key cmake-tools.configuration.cmake.deleteBuildDirOnCleanCconfigure.description.
2024-07-18 19:09:50.519 [warning] [cmake-tools]: Couldn't find message for key cmake-tools.configuration.cmake.deleteBuildDirOnCleanCconfigure.description.
2024-07-18 19:11:14.911 [info] Getting Manifest... elltg.elltg-npm-script-run
2024-07-18 19:11:14.934 [info] Installing extension: elltg.elltg-npm-script-run vscode-userdata:/home/will/.vscode/extensions/extensions.json
2024-07-18 19:11:15.141 [warning] [cmake-tools]: Couldn't find message for key cmake-tools.configuration.cmake.deleteBuildDirOnCleanCconfigure.description.
2024-07-18 19:11:15.323 [warning] [cmake-tools]: Couldn't find message for key cmake-tools.configuration.cmake.deleteBuildDirOnCleanCconfigure.description.
2024-07-18 19:11:15.485 [warning] [cmake-tools]: Couldn't find message for key cmake-tools.configuration.cmake.deleteBuildDirOnCleanCconfigure.description.
2024-07-18 19:11:15.807 [warning] [cmake-tools]: Couldn't find message for key cmake-tools.configuration.cmake.deleteBuildDirOnCleanCconfigure.description.
2024-07-18 19:11:26.096 [info] Extension signature verification result for elltg.elltg-npm-script-run: Success. Executed: true. Duration: 1702ms.
2024-07-18 19:11:26.139 [info] Extracted extension to file:///home/will/.vscode/extensions/elltg.elltg-npm-script-run-1.0.7: elltg.elltg-npm-script-run
2024-07-18 19:11:26.152 [info] Renamed to /home/will/.vscode/extensions/elltg.elltg-npm-script-run-1.0.7
2024-07-18 19:11:26.281 [error] [uncaught exception in sharedProcess]: Error: ENOENT: no such file or directory, stat '/home/will/.vscode/extensions/extensions.json.vsctmp': EntryNotFound (FileSystemError): Error: ENOENT: no such file or directory, stat '/home/will/.vscode/extensions/extensions.json.vsctmp'
    at c.create (/usr/share/code/resources/app/out/vs/code/node/sharedProcess/sharedProcessMain.js:53:19235)
    at m (/usr/share/code/resources/app/out/vs/code/node/sharedProcess/sharedProcessMain.js:53:19345)
    at t.hb (/usr/share/code/resources/app/out/vs/code/node/sharedProcess/sharedProcessMain.js:58:36685)
    at t.stat (/usr/share/code/resources/app/out/vs/code/node/sharedProcess/sharedProcessMain.js:58:29033)
    at async b.stat (/usr/share/code/resources/app/out/vs/code/node/sharedProcess/sharedProcessMain.js:58:14899)
    at async H.vb (/usr/share/code/resources/app/out/vs/code/node/sharedProcess/sharedProcessMain.js:104:117665)
2024-07-18 19:11:26.299 [warning] [cmake-tools]: Couldn't find message for key cmake-tools.configuration.cmake.deleteBuildDirOnCleanCconfigure.description.
2024-07-18 19:11:26.349 [info] Extension installed successfully: elltg.elltg-npm-script-run vscode-userdata:/home/will/.vscode/extensions/extensions.json
2024-07-18 19:16:15.868 [warning] [cmake-tools]: Couldn't find message for key cmake-tools.configuration.cmake.deleteBuildDirOnCleanCconfigure.description.
2024-07-18 19:21:15.955 [warning] [cmake-tools]: Couldn't find message for key cmake-tools.configuration.cmake.deleteBuildDirOnCleanCconfigure.description.
2024-07-18 19:26:16.071 [warning] [cmake-tools]: Couldn't find message for key cmake-tools.configuration.cmake.deleteBuildDirOnCleanCconfigure.description.
2024-07-18 19:31:16.260 [warning] [cmake-tools]: Couldn't find message for key cmake-tools.configuration.cmake.deleteBuildDirOnCleanCconfigure.description.
2024-07-18 19:37:53.470 [warning] [cmake-tools]: Couldn't find message for key cmake-tools.configuration.cmake.deleteBuildDirOnCleanCconfigure.description.
2024-07-18 19:42:53.691 [warning] [cmake-tools]: Couldn't find message for key cmake-tools.configuration.cmake.deleteBuildDirOnCleanCconfigure.description.
2024-07-18 19:47:53.815 [warning] [cmake-tools]: Couldn't find message for key cmake-tools.configuration.cmake.deleteBuildDirOnCleanCconfigure.description.
2024-07-18 20:09:06.893 [warning] [cmake-tools]: Couldn't find message for key cmake-tools.configuration.cmake.deleteBuildDirOnCleanCconfigure.description.
2024-07-18 20:14:07.545 [warning] [cmake-tools]: Couldn't find message for key cmake-tools.configuration.cmake.deleteBuildDirOnCleanCconfigure.description.
2024-07-18 20:19:07.609 [warning] [cmake-tools]: Couldn't find message for key cmake-tools.configuration.cmake.deleteBuildDirOnCleanCconfigure.description.
2024-07-18 20:24:07.678 [warning] [cmake-tools]: Couldn't find message for key cmake-tools.configuration.cmake.deleteBuildDirOnCleanCconfigure.description.
2024-07-18 20:29:07.784 [warning] [cmake-tools]: Couldn't find message for key cmake-tools.configuration.cmake.deleteBuildDirOnCleanCconfigure.description.
2024-07-18 20:34:07.893 [warning] [cmake-tools]: Couldn't find message for key cmake-tools.configuration.cmake.deleteBuildDirOnCleanCconfigure.description.
2024-07-18 20:39:07.991 [warning] [cmake-tools]: Couldn't find message for key cmake-tools.configuration.cmake.deleteBuildDirOnCleanCconfigure.description.
2024-07-18 20:44:08.097 [warning] [cmake-tools]: Couldn't find message for key cmake-tools.configuration.cmake.deleteBuildDirOnCleanCconfigure.description.
2024-07-18 20:49:08.149 [warning] [cmake-tools]: Couldn't find message for key cmake-tools.configuration.cmake.deleteBuildDirOnCleanCconfigure.description.
2024-07-18 20:54:08.198 [warning] [cmake-tools]: Couldn't find message for key cmake-tools.configuration.cmake.deleteBuildDirOnCleanCconfigure.description.
2024-07-18 20:59:08.759 [warning] [cmake-tools]: Couldn't find message for key cmake-tools.configuration.cmake.deleteBuildDirOnCleanCconfigure.description.
2024-07-18 21:04:08.840 [warning] [cmake-tools]: Couldn't find message for key cmake-tools.configuration.cmake.deleteBuildDirOnCleanCconfigure.description.
2024-07-18 21:09:08.904 [warning] [cmake-tools]: Couldn't find message for key cmake-tools.configuration.cmake.deleteBuildDirOnCleanCconfigure.description.
2024-07-18 21:14:08.971 [warning] [cmake-tools]: Couldn't find message for key cmake-tools.configuration.cmake.deleteBuildDirOnCleanCconfigure.description.
2024-07-18 21:19:09.062 [warning] [cmake-tools]: Couldn't find message for key cmake-tools.configuration.cmake.deleteBuildDirOnCleanCconfigure.description.
2024-07-18 21:45:52.028 [warning] [cmake-tools]: Couldn't find message for key cmake-tools.configuration.cmake.deleteBuildDirOnCleanCconfigure.description.
2024-07-18 21:50:52.125 [warning] [cmake-tools]: Couldn't find message for key cmake-tools.configuration.cmake.deleteBuildDirOnCleanCconfigure.description.
2024-07-18 21:55:52.201 [warning] [cmake-tools]: Couldn't find message for key cmake-tools.configuration.cmake.deleteBuildDirOnCleanCconfigure.description.
2024-07-18 22:00:52.978 [warning] [cmake-tools]: Couldn't find message for key cmake-tools.configuration.cmake.deleteBuildDirOnCleanCconfigure.description.
2024-07-18 22:05:53.034 [warning] [cmake-tools]: Couldn't find message for key cmake-tools.configuration.cmake.deleteBuildDirOnCleanCconfigure.description.
2024-07-18 22:10:53.101 [warning] [cmake-tools]: Couldn't find message for key cmake-tools.configuration.cmake.deleteBuildDirOnCleanCconfigure.description.
2024-07-18 22:15:53.156 [warning] [cmake-tools]: Couldn't find message for key cmake-tools.configuration.cmake.deleteBuildDirOnCleanCconfigure.description.
2024-07-18 22:20:53.241 [warning] [cmake-tools]: Couldn't find message for key cmake-tools.configuration.cmake.deleteBuildDirOnCleanCconfigure.description.
2024-07-18 23:09:36.366 [warning] [cmake-tools]: Couldn't find message for key cmake-tools.configuration.cmake.deleteBuildDirOnCleanCconfigure.description.
2024-07-18 23:14:36.962 [warning] [cmake-tools]: Couldn't find message for key cmake-tools.configuration.cmake.deleteBuildDirOnCleanCconfigure.description.
2024-07-18 23:19:37.065 [warning] [cmake-tools]: Couldn't find message for key cmake-tools.configuration.cmake.deleteBuildDirOnCleanCconfigure.description.
2024-07-18 23:24:37.160 [warning] [cmake-tools]: Couldn't find message for key cmake-tools.configuration.cmake.deleteBuildDirOnCleanCconfigure.description.
2024-07-18 23:29:37.253 [warning] [cmake-tools]: Couldn't find message for key cmake-tools.configuration.cmake.deleteBuildDirOnCleanCconfigure.description.
